Log file open, 04/27/22 13:21:35
LogWindows: Failed to load 'aqProf.dll' (GetLastError=126)
LogWindows: File 'aqProf.dll' does not exist
LogWindows: Failed to load 'VtuneApi.dll' (GetLastError=126)
LogWindows: File 'VtuneApi.dll' does not exist
LogWindows: Failed to load 'VtuneApi32e.dll' (GetLastError=126)
LogWindows: File 'VtuneApi32e.dll' does not exist
LogConsoleResponse: Display: Failed to find resolution value strings in scalability ini. Falling back to default.
LogConsoleResponse: Display: Failed to find resolution value strings in scalability ini. Falling back to default.
LogInit: Display: Running engine for game: Shooter
LogPlatformFile: Not using cached read wrapper
LogTaskGraph: Started task graph with 5 named threads and 35 total threads with 3 sets of task threads.
LogStats: Stats thread started at 0.210744
LogICUInternationalization: ICU TimeZone Detection - Raw Offset: -3:00, Platform Override: ''
LogInit: Display: Loading text-based GConfig....
LogPluginManager: Mounting plugin MeshPainting
LogPluginManager: Mounting plugin XGEController
LogPluginManager: Mounting plugin Paper2D
LogPluginManager: Mounting plugin AISupport
LogPluginManager: Mounting plugin EnvironmentQueryEditor
LogPluginManager: Mounting plugin LightPropagationVolume
LogPluginManager: Mounting plugin LiveLink
LogPluginManager: Mounting plugin OodleData
LogPluginManager: Mounting plugin GameplayCameras
LogPluginManager: Mounting plugin OodleNetwork
LogPluginManager: Mounting plugin AnimationSharing
LogPluginManager: Mounting plugin CameraShakePreviewer
LogPluginManager: Mounting plugin GitSourceControl
LogPluginManager: Mounting plugin KDevelopSourceCodeAccess
LogPluginManager: Mounting plugin CLionSourceCodeAccess
LogPluginManager: Mounting plugin NullSourceCodeAccess
LogPluginManager: Mounting plugin CodeLiteSourceCodeAccess
LogPluginManager: Mounting plugin PixWinPlugin
LogPluginManager: Mounting plugin PlasticSourceControl
LogPluginManager: Mounting plugin PluginUtils
LogPluginManager: Mounting plugin PropertyAccessNode
LogPluginManager: Mounting plugin PerforceSourceControl
LogPluginManager: Mounting plugin RiderLink
LogPluginManager: Mounting plugin RiderSourceCodeAccess
LogPluginManager: Mounting plugin AssetManagerEditor
LogPluginManager: Mounting plugin TextureFormatOodle
LogPluginManager: Mounting plugin SubversionSourceControl
LogPluginManager: Mounting plugin CryptoKeys
LogPluginManager: Mounting plugin CurveEditorTools
LogPluginManager: Mounting plugin DataValidation
LogPluginManager: Mounting plugin FacialAnimation
LogPluginManager: Mounting plugin GameplayTagsEditor
LogPluginManager: Mounting plugin GeometryMode
LogPluginManager: Mounting plugin MacGraphicsSwitching
LogPluginManager: Mounting plugin UObjectPlugin
LogPluginManager: Mounting plugin MaterialAnalyzer
LogPluginManager: Mounting plugin MobileLauncherProfileWizard
LogPluginManager: Mounting plugin VisualStudioCodeSourceCodeAccess
LogPluginManager: Mounting plugin XCodeSourceCodeAccess
LogPluginManager: Mounting plugin PluginBrowser
LogPluginManager: Mounting plugin VisualStudioSourceCodeAccess
LogPluginManager: Mounting plugin SpeedTreeImporter
LogPluginManager: Mounting plugin DatasmithContent
LogPluginManager: Mounting plugin VariantManagerContent
LogPluginManager: Mounting plugin Niagara
LogPluginManager: Mounting plugin AlembicImporter
LogPluginManager: Mounting plugin AutomationUtils
LogPluginManager: Mounting plugin BackChannel
LogPluginManager: Mounting plugin ChaosCloth
LogPluginManager: Mounting plugin ChaosEditor
LogPluginManager: Mounting plugin ChaosClothEditor
LogPluginManager: Mounting plugin ChaosNiagara
LogPluginManager: Mounting plugin ChaosSolverPlugin
LogPluginManager: Mounting plugin CharacterAI
LogPluginManager: Mounting plugin GeometryCache
LogPluginManager: Mounting plugin GeometryCollectionPlugin
LogPluginManager: Mounting plugin GeometryProcessing
LogPluginManager: Mounting plugin LuminPlatformFeatures
LogPluginManager: Mounting plugin OpenImageDenoise
LogPluginManager: Mounting plugin MotoSynth
LogPluginManager: Mounting plugin PlatformCrypto
LogPluginManager: Mounting plugin PlanarCut
LogPluginManager: Mounting plugin ProxyLODPlugin
LogPluginManager: Mounting plugin PythonScriptPlugin
LogPluginManager: Mounting plugin MagicLeap
LogPluginManager: Mounting plugin MagicLeapLightEstimation
LogPluginManager: Mounting plugin MagicLeapMedia
LogPluginManager: Mounting plugin MagicLeapPassableWorld
LogPluginManager: Mounting plugin MLSDK
LogPluginManager: Mounting plugin SkeletalReduction
LogPluginManager: Mounting plugin ActorSequence
LogPluginManager: Mounting plugin MatineeToLevelSequence
LogPluginManager: Mounting plugin LevelSequenceEditor
LogPluginManager: Mounting plugin TemplateSequence
LogPluginManager: Mounting plugin TcpMessaging
LogPluginManager: Mounting plugin AndroidMedia
LogPluginManager: Mounting plugin AvfMedia
LogPluginManager: Mounting plugin UdpMessaging
LogPluginManager: Mounting plugin ImgMedia
LogPluginManager: Mounting plugin MediaCompositing
LogPluginManager: Mounting plugin MediaPlayerEditor
LogPluginManager: Mounting plugin WmfMedia
LogPluginManager: Mounting plugin WebMMedia
LogPluginManager: Mounting plugin OnlineSubsystem
LogPluginManager: Mounting plugin OnlineSubsystemNull
LogPluginManager: Mounting plugin OnlineSubsystemUtils
LogPluginManager: Mounting plugin LauncherChunkInstaller
LogPluginManager: Mounting plugin ScreenshotTools
LogPluginManager: Mounting plugin AndroidDeviceProfileSelector
LogPluginManager: Mounting plugin AndroidMoviePlayer
LogPluginManager: Mounting plugin ActorLayerUtilities
LogPluginManager: Mounting plugin AndroidPermission
LogPluginManager: Mounting plugin AppleImageUtils
LogPluginManager: Mounting plugin AppleMoviePlayer
LogPluginManager: Mounting plugin ArchVisCharacter
LogPluginManager: Mounting plugin AssetTags
LogPluginManager: Mounting plugin AudioCapture
LogPluginManager: Mounting plugin AudioSynesthesia
LogPluginManager: Mounting plugin CableComponent
LogPluginManager: Mounting plugin ChunkDownloader
LogPluginManager: Mounting plugin CustomMeshComponent
LogPluginManager: Mounting plugin EditableMesh
LogPluginManager: Mounting plugin ExampleDeviceProfileSelector
LogPluginManager: Mounting plugin GoogleCloudMessaging
LogPluginManager: Mounting plugin GooglePAD
LogPluginManager: Mounting plugin Takes
LogPluginManager: Mounting plugin IOSDeviceProfileSelector
LogPluginManager: Mounting plugin LinuxDeviceProfileSelector
LogPluginManager: Mounting plugin LocationServicesBPLibrary
LogPluginManager: Mounting plugin MobilePatchingUtils
LogPluginManager: Mounting plugin OpenXR
LogPluginManager: Mounting plugin OpenXREyeTracker
LogPluginManager: Mounting plugin OpenXRHandTracking
LogPluginManager: Mounting plugin PhysXVehicles
LogPluginManager: Mounting plugin PostSplashScreen
LogPluginManager: Mounting plugin ProceduralMeshComponent
LogPluginManager: Mounting plugin SignificanceManager
LogPluginManager: Mounting plugin PropertyAccessEditor
LogPluginManager: Mounting plugin SoundFields
LogPluginManager: Mounting plugin Synthesis
LogPluginManager: Mounting plugin WebMMoviePlayer
LogPluginManager: Mounting plugin RuntimePhysXCooking
LogPluginManager: Mounting plugin WindowsMoviePlayer
LogPluginManager: Mounting plugin ContentBrowserClassDataSource
LogPluginManager: Mounting plugin ContentBrowserAssetDataSource
LogPluginManager: Mounting plugin ContentBrowserFileDataSource
LogPluginManager: Mounting plugin OnlineSubsystemGooglePlay
LogPluginManager: Mounting plugin OnlineSubsystemIOS
LogPluginManager: Mounting plugin OculusVR
LogPluginManager: Mounting plugin SteamVR
PixWinPlugin: PIX capture plugin failed to initialize! Check that the process is launched from PIX.
LogInit: Using libcurl 7.55.1-DEV
LogInit:  - built for x86_64-pc-win32
LogInit:  - supports SSL with OpenSSL/1.1.1
LogInit:  - supports HTTP deflate (compression) using libz 1.2.8
LogInit:  - other features:
LogInit:      CURL_VERSION_SSL
LogInit:      CURL_VERSION_LIBZ
LogInit:      CURL_VERSION_IPV6
LogInit:      CURL_VERSION_ASYNCHDNS
LogInit:      CURL_VERSION_LARGEFILE
LogInit:      CURL_VERSION_IDN
LogInit:  CurlRequestOptions (configurable via config and command line):
LogInit:  - bVerifyPeer = true  - Libcurl will verify peer certificate
LogInit:  - bUseHttpProxy = false  - Libcurl will NOT use HTTP proxy
LogInit:  - bDontReuseConnections = false  - Libcurl will reuse connections
LogInit:  - MaxHostConnections = 16  - Libcurl will limit the number of connections to a host
LogInit:  - LocalHostAddr = Default
LogInit:  - BufferSize = 65536
LogOnline: OSS: Creating online subsystem instance for: NULL
LogInit: WinSock: version 1.1 (2.2), MaxSocks=32767, MaxUdp=65467
LogOnline: OSS: TryLoadSubsystemAndSetDefault: Loaded subsystem for module [NULL]
LogOculusPluginWrapper: OculusPlugin initialized successfully
LogHMD: Failed initializing OVRPlugin 1.59.0
LogInit: Build: ++UE4+Release-4.27-CL-18319896
LogInit: Engine Version: 4.27.2-18319896+++UE4+Release-4.27
LogInit: Compatible Engine Version: 4.27.0-17155196+++UE4+Release-4.27
LogInit: Net CL: 17155196
LogInit: OS: Windows 10 (Release 2009) (), CPU: Intel(R) Core(TM) i7-8700 CPU @ 3.20GHz, GPU: NVIDIA GeForce GTX 1070 Ti
LogInit: Compiled (64-bit): Nov 30 2021 07:12:08
LogInit: Compiled with Visual C++: 19.24.28315.00
LogInit: Build Configuration: Development
LogInit: Branch Name: ++UE4+Release-4.27
LogInit: Command Line:  -skipcompile
LogInit: Base Directory: E:/Unreal/UE_4.27/Engine/Binaries/Win64/
LogInit: Allocator: TBB
LogInit: Installed Engine Build: 1
LogDevObjectVersion: Number of dev versions registered: 29
LogDevObjectVersion:   Dev-Blueprints (B0D832E4-1F89-4F0D-ACCF-7EB736FD4AA2): 10
LogDevObjectVersion:   Dev-Build (E1C64328-A22C-4D53-A36C-8E866417BD8C): 0
LogDevObjectVersion:   Dev-Core (375EC13C-06E4-48FB-B500-84F0262A717E): 4
LogDevObjectVersion:   Dev-Editor (E4B068ED-F494-42E9-A231-DA0B2E46BB41): 40
LogDevObjectVersion:   Dev-Framework (CFFC743F-43B0-4480-9391-14DF171D2073): 37
LogDevObjectVersion:   Dev-Mobile (B02B49B5-BB20-44E9-A304-32B752E40360): 3
LogDevObjectVersion:   Dev-Networking (A4E4105C-59A1-49B5-A7C5-40C4547EDFEE): 0
LogDevObjectVersion:   Dev-Online (39C831C9-5AE6-47DC-9A44-9C173E1C8E7C): 0
LogDevObjectVersion:   Dev-Physics (78F01B33-EBEA-4F98-B9B4-84EACCB95AA2): 14
LogDevObjectVersion:   Dev-Platform (6631380F-2D4D-43E0-8009-CF276956A95A): 0
LogDevObjectVersion:   Dev-Rendering (12F88B9F-8875-4AFC-A67C-D90C383ABD29): 45
LogDevObjectVersion:   Dev-Sequencer (7B5AE74C-D270-4C10-A958-57980B212A5A): 13
LogDevObjectVersion:   Dev-VR (D7296918-1DD6-4BDD-9DE2-64A83CC13884): 3
LogDevObjectVersion:   Dev-LoadTimes (C2A15278-BFE7-4AFE-6C17-90FF531DF755): 1
LogDevObjectVersion:   Private-Geometry (6EACA3D4-40EC-4CC1-B786-8BED09428FC5): 3
LogDevObjectVersion:   Dev-AnimPhys (29E575DD-E0A3-4627-9D10-D276232CDCEA): 17
LogDevObjectVersion:   Dev-Anim (AF43A65D-7FD3-4947-9873-3E8ED9C1BB05): 15
LogDevObjectVersion:   Dev-ReflectionCapture (6B266CEC-1EC7-4B8F-A30B-E4D90942FC07): 1
LogDevObjectVersion:   Dev-Automation (0DF73D61-A23F-47EA-B727-89E90C41499A): 1
LogDevObjectVersion:   FortniteMain (601D1886-AC64-4F84-AA16-D3DE0DEAC7D6): 47
LogDevObjectVersion:   FortniteRelease (E7086368-6B23-4C58-8439-1B7016265E91): 1
LogDevObjectVersion:   Dev-Enterprise (9DFFBCD6-494F-0158-E221-12823C92A888): 10
LogDevObjectVersion:   Dev-Niagara (F2AED0AC-9AFE-416F-8664-AA7FFA26D6FC): 1
LogDevObjectVersion:   Dev-Destruction (174F1F0B-B4C6-45A5-B13F-2EE8D0FB917D): 10
LogDevObjectVersion:   Dev-Physics-Ext (35F94A83-E258-406C-A318-09F59610247C): 41
LogDevObjectVersion:   Dev-PhysicsMaterial-Chaos (B68FC16E-8B1B-42E2-B453-215C058844FE): 1
LogDevObjectVersion:   Dev-CineCamera (B2E18506-4273-CFC2-A54E-F4BB758BBA07): 1
LogDevObjectVersion:   Dev-VirtualProduction (64F58936-FD1B-42BA-BA96-7289D5D0FA4E): 1
LogDevObjectVersion:   Dev-MediaFramework (6F0ED827-A609-4895-9C91-998D90180EA4): 2
LogInit: Presizing for max 25165824 objects, including 0 objects not considered by GC, pre-allocating 0 bytes for permanent pool.
LogConfig: Applying CVar settings from Section [/Script/Engine.StreamingSettings] File [E:/DEV Unreal/ShooterGame/ShooterGame/Shooter/Saved/Config/Windows/Engine.ini]
LogConfig: Setting CVar [[s.MinBulkDataSizeForAsyncLoading:131072]]
LogConfig: Setting CVar [[s.AsyncLoadingThreadEnabled:0]]
LogConfig: Setting CVar [[s.EventDrivenLoaderEnabled:1]]
LogConfig: Setting CVar [[s.WarnIfTimeLimitExceeded:0]]
LogConfig: Setting CVar [[s.TimeLimitExceededMultiplier:1.5]]
LogConfig: Setting CVar [[s.TimeLimitExceededMinTime:0.005]]
LogConfig: Setting CVar [[s.UseBackgroundLevelStreaming:1]]
LogConfig: Setting CVar [[s.PriorityAsyncLoadingExtraTime:15.0]]
LogConfig: Setting CVar [[s.LevelStreamingActorsUpdateTimeLimit:5.0]]
LogConfig: Setting CVar [[s.PriorityLevelStreamingActorsUpdateExtraTime:5.0]]
LogConfig: Setting CVar [[s.LevelStreamingComponentsRegistrationGranularity:10]]
LogConfig: Setting CVar [[s.UnregisterComponentsTimeLimit:1.0]]
LogConfig: Setting CVar [[s.LevelStreamingComponentsUnregistrationGranularity:5]]
LogConfig: Setting CVar [[s.FlushStreamingOnExit:1]]
LogInit: Object subsystem initialized
LogConfig: Setting CVar [[con.DebugEarlyDefault:1]]
LogConfig: Setting CVar [[r.setres:1280x720]]
[2022.04.27-16.21.36:199][  0]LogConfig: Setting CVar [[r.VSync:0]]
[2022.04.27-16.21.36:199][  0]LogConfig: Setting CVar [[r.RHICmdBypass:0]]
[2022.04.27-16.21.36:199][  0]LogConfig: Applying CVar settings from Section [/Script/Engine.RendererSettings] File [E:/DEV Unreal/ShooterGame/ShooterGame/Shooter/Saved/Config/Windows/Engine.ini]
[2022.04.27-16.21.36:199][  0]LogConfig: Setting CVar [[r.GPUCrashDebugging:0]]
[2022.04.27-16.21.36:199][  0]LogConfig: Applying CVar settings from Section [/Script/Engine.RendererOverrideSettings] File [E:/DEV Unreal/ShooterGame/ShooterGame/Shooter/Saved/Config/Windows/Engine.ini]
[2022.04.27-16.21.36:199][  0]LogConfig: Applying CVar settings from Section [/Script/Engine.StreamingSettings] File [E:/DEV Unreal/ShooterGame/ShooterGame/Shooter/Saved/Config/Windows/Engine.ini]
[2022.04.27-16.21.36:199][  0]LogConfig: Setting CVar [[s.MinBulkDataSizeForAsyncLoading:131072]]
[2022.04.27-16.21.36:199][  0]LogConfig: Setting CVar [[s.AsyncLoadingThreadEnabled:0]]
[2022.04.27-16.21.36:199][  0]LogConfig: Setting CVar [[s.EventDrivenLoaderEnabled:1]]
[2022.04.27-16.21.36:199][  0]LogConfig: Setting CVar [[s.WarnIfTimeLimitExceeded:0]]
[2022.04.27-16.21.36:199][  0]LogConfig: Setting CVar [[s.TimeLimitExceededMultiplier:1.5]]
[2022.04.27-16.21.36:199][  0]LogConfig: Setting CVar [[s.TimeLimitExceededMinTime:0.005]]
[2022.04.27-16.21.36:199][  0]LogConfig: Setting CVar [[s.UseBackgroundLevelStreaming:1]]
[2022.04.27-16.21.36:199][  0]LogConfig: Setting CVar [[s.PriorityAsyncLoadingExtraTime:15.0]]
[2022.04.27-16.21.36:199][  0]LogConfig: Setting CVar [[s.LevelStreamingActorsUpdateTimeLimit:5.0]]
[2022.04.27-16.21.36:199][  0]LogConfig: Setting CVar [[s.PriorityLevelStreamingActorsUpdateExtraTime:5.0]]
[2022.04.27-16.21.36:199][  0]LogConfig: Setting CVar [[s.LevelStreamingComponentsRegistrationGranularity:10]]
[2022.04.27-16.21.36:199][  0]LogConfig: Setting CVar [[s.UnregisterComponentsTimeLimit:1.0]]
[2022.04.27-16.21.36:199][  0]LogConfig: Setting CVar [[s.LevelStreamingComponentsUnregistrationGranularity:5]]
[2022.04.27-16.21.36:199][  0]LogConfig: Setting CVar [[s.FlushStreamingOnExit:1]]
[2022.04.27-16.21.36:199][  0]LogConfig: Applying CVar settings from Section [/Script/Engine.GarbageCollectionSettings] File [E:/DEV Unreal/ShooterGame/ShooterGame/Shooter/Saved/Config/Windows/Engine.ini]
[2022.04.27-16.21.36:199][  0]LogConfig: Setting CVar [[gc.MaxObjectsNotConsideredByGC:1]]
[2022.04.27-16.21.36:199][  0]LogConfig: Setting CVar [[gc.SizeOfPermanentObjectPool:0]]
[2022.04.27-16.21.36:199][  0]LogConfig: Setting CVar [[gc.FlushStreamingOnGC:0]]
[2022.04.27-16.21.36:199][  0]LogConfig: Setting CVar [[gc.NumRetriesBeforeForcingGC:10]]
[2022.04.27-16.21.36:199][  0]LogConfig: Setting CVar [[gc.AllowParallelGC:1]]
[2022.04.27-16.21.36:199][  0]LogConfig: Setting CVar [[gc.TimeBetweenPurgingPendingKillObjects:61.1]]
[2022.04.27-16.21.36:199][  0]LogConfig: Setting CVar [[gc.MaxObjectsInEditor:25165824]]
[2022.04.27-16.21.36:199][  0]LogConfig: Setting CVar [[gc.IncrementalBeginDestroyEnabled:1]]
[2022.04.27-16.21.36:199][  0]LogConfig: Setting CVar [[gc.CreateGCClusters:1]]
[2022.04.27-16.21.36:199][  0]LogConfig: Setting CVar [[gc.MinGCClusterSize:5]]
[2022.04.27-16.21.36:199][  0]LogConfig: Setting CVar [[gc.ActorClusteringEnabled:0]]
[2022.04.27-16.21.36:199][  0]LogConfig: Setting CVar [[gc.BlueprintClusteringEnabled:0]]
[2022.04.27-16.21.36:199][  0]LogConfig: Setting CVar [[gc.UseDisregardForGCOnDedicatedServers:0]]
[2022.04.27-16.21.36:199][  0]LogConfig: Setting CVar [[gc.MultithreadedDestructionEnabled:1]]
[2022.04.27-16.21.36:199][  0]LogConfig: Applying CVar settings from Section [/Script/Engine.NetworkSettings] File [E:/DEV Unreal/ShooterGame/ShooterGame/Shooter/Saved/Config/Windows/Engine.ini]
[2022.04.27-16.21.36:199][  0]LogConfig: Applying CVar settings from Section [/Script/UnrealEd.CookerSettings] File [E:/DEV Unreal/ShooterGame/ShooterGame/Shooter/Saved/Config/Windows/Engine.ini]
[2022.04.27-16.21.36:223][  0]LogConfig: Applying CVar settings from Section [ViewDistanceQuality@3] File [E:/DEV Unreal/ShooterGame/ShooterGame/Shooter/Saved/Config/Windows/Scalability.ini]
[2022.04.27-16.21.36:223][  0]LogConfig: Setting CVar [[r.SkeletalMeshLODBias:0]]
[2022.04.27-16.21.36:223][  0]LogConfig: Setting CVar [[r.ViewDistanceScale:1.0]]
[2022.04.27-16.21.36:223][  0]LogConfig: Applying CVar settings from Section [AntiAliasingQuality@3] File [E:/DEV Unreal/ShooterGame/ShooterGame/Shooter/Saved/Config/Windows/Scalability.ini]
[2022.04.27-16.21.36:223][  0]LogConfig: Setting CVar [[r.PostProcessAAQuality:4]]
[2022.04.27-16.21.36:223][  0]LogConfig: Applying CVar settings from Section [ShadowQuality@3] File [E:/DEV Unreal/ShooterGame/ShooterGame/Shooter/Saved/Config/Windows/Scalability.ini]
[2022.04.27-16.21.36:223][  0]LogConfig: Setting CVar [[r.LightFunctionQuality:1]]
[2022.04.27-16.21.36:223][  0]LogConfig: Setting CVar [[r.ShadowQuality:5]]
[2022.04.27-16.21.36:223][  0]LogConfig: Setting CVar [[r.Shadow.CSM.MaxCascades:10]]
[2022.04.27-16.21.36:223][  0]LogConfig: Setting CVar [[r.Shadow.MaxResolution:2048]]
[2022.04.27-16.21.36:223][  0]LogConfig: Setting CVar [[r.Shadow.MaxCSMResolution:2048]]
[2022.04.27-16.21.36:223][  0]LogConfig: Setting CVar [[r.Shadow.RadiusThreshold:0.01]]
[2022.04.27-16.21.36:223][  0]LogConfig: Setting CVar [[r.Shadow.DistanceScale:1.0]]
[2022.04.27-16.21.36:223][  0]LogConfig: Setting CVar [[r.Shadow.CSM.TransitionScale:1.0]]
[2022.04.27-16.21.36:223][  0]LogConfig: Setting CVar [[r.Shadow.PreShadowResolutionFactor:1.0]]
[2022.04.27-16.21.36:223][  0]LogConfig: Setting CVar [[r.DistanceFieldShadowing:1]]
[2022.04.27-16.21.36:223][  0]LogConfig: Setting CVar [[r.DistanceFieldAO:1]]
[2022.04.27-16.21.36:223][  0]LogConfig: Setting CVar [[r.AOQuality:2]]
[2022.04.27-16.21.36:223][  0]LogConfig: Setting CVar [[r.VolumetricFog:1]]
[2022.04.27-16.21.36:223][  0]LogConfig: Setting CVar [[r.VolumetricFog.GridPixelSize:8]]
[2022.04.27-16.21.36:223][  0]LogConfig: Setting CVar [[r.VolumetricFog.GridSizeZ:128]]
[2022.04.27-16.21.36:223][  0]LogConfig: Setting CVar [[r.VolumetricFog.HistoryMissSupersampleCount:4]]
[2022.04.27-16.21.36:223][  0]LogConfig: Setting CVar [[r.LightMaxDrawDistanceScale:1]]
[2022.04.27-16.21.36:223][  0]LogConfig: Setting CVar [[r.CapsuleShadows:1]]
[2022.04.27-16.21.36:223][  0]LogConfig: Applying CVar settings from Section [PostProcessQuality@3] File [E:/DEV Unreal/ShooterGame/ShooterGame/Shooter/Saved/Config/Windows/Scalability.ini]
[2022.04.27-16.21.36:223][  0]LogConfig: Setting CVar [[r.MotionBlurQuality:4]]
[2022.04.27-16.21.36:223][  0]LogConfig: Setting CVar [[r.AmbientOcclusionMipLevelFactor:0.4]]
[2022.04.27-16.21.36:223][  0]LogConfig: Setting CVar [[r.AmbientOcclusionMaxQuality:100]]
[2022.04.27-16.21.36:223][  0]LogConfig: Setting CVar [[r.AmbientOcclusionLevels:-1]]
[2022.04.27-16.21.36:223][  0]LogConfig: Setting CVar [[r.AmbientOcclusionRadiusScale:1.0]]
[2022.04.27-16.21.36:223][  0]LogConfig: Setting CVar [[r.DepthOfFieldQuality:2]]
[2022.04.27-16.21.36:223][  0]LogConfig: Setting CVar [[r.RenderTargetPoolMin:400]]
[2022.04.27-16.21.36:223][  0]LogConfig: Setting CVar [[r.LensFlareQuality:2]]
[2022.04.27-16.21.36:223][  0]LogConfig: Setting CVar [[r.SceneColorFringeQuality:1]]
[2022.04.27-16.21.36:224][  0]LogConfig: Setting CVar [[r.EyeAdaptationQuality:2]]
[2022.04.27-16.21.36:224][  0]LogConfig: Setting CVar [[r.BloomQuality:5]]
[2022.04.27-16.21.36:224][  0]LogConfig: Setting CVar [[r.FastBlurThreshold:100]]
[2022.04.27-16.21.36:224][  0]LogConfig: Setting CVar [[r.Upscale.Quality:3]]
[2022.04.27-16.21.36:224][  0]LogConfig: Setting CVar [[r.Tonemapper.GrainQuantization:1]]
[2022.04.27-16.21.36:224][  0]LogConfig: Setting CVar [[r.LightShaftQuality:1]]
[2022.04.27-16.21.36:224][  0]LogConfig: Setting CVar [[r.Filter.SizeScale:1]]
[2022.04.27-16.21.36:224][  0]LogConfig: Setting CVar [[r.Tonemapper.Quality:5]]
[2022.04.27-16.21.36:224][  0]LogConfig: Setting CVar [[r.DOF.Gather.AccumulatorQuality:1        ; higher gathering accumulator quality]]
[2022.04.27-16.21.36:224][  0]LogConfig: Setting CVar [[r.DOF.Gather.PostfilterMethod:1          ; Median3x3 postfilering method]]
[2022.04.27-16.21.36:224][  0]LogConfig: Setting CVar [[r.DOF.Gather.EnableBokehSettings:0       ; no bokeh simulation when gathering]]
[2022.04.27-16.21.36:224][  0]LogConfig: Setting CVar [[r.DOF.Gather.RingCount:4                 ; medium number of samples when gathering]]
[2022.04.27-16.21.36:224][  0]LogConfig: Setting CVar [[r.DOF.Scatter.ForegroundCompositing:1    ; additive foreground scattering]]
[2022.04.27-16.21.36:224][  0]LogConfig: Setting CVar [[r.DOF.Scatter.BackgroundCompositing:2    ; additive background scattering]]
[2022.04.27-16.21.36:224][  0]LogConfig: Setting CVar [[r.DOF.Scatter.EnableBokehSettings:1      ; bokeh simulation when scattering]]
[2022.04.27-16.21.36:224][  0]LogConfig: Setting CVar [[r.DOF.Scatter.MaxSpriteRatio:0.1         ; only a maximum of 10% of scattered bokeh]]
[2022.04.27-16.21.36:224][  0]LogConfig: Setting CVar [[r.DOF.Recombine.Quality:1                ; cheap slight out of focus]]
[2022.04.27-16.21.36:224][  0]LogConfig: Setting CVar [[r.DOF.Recombine.EnableBokehSettings:0    ; no bokeh simulation on slight out of focus]]
[2022.04.27-16.21.36:224][  0]LogConfig: Setting CVar [[r.DOF.TemporalAAQuality:1                ; more stable temporal accumulation]]
[2022.04.27-16.21.36:224][  0]LogConfig: Setting CVar [[r.DOF.Kernel.MaxForegroundRadius:0.025]]
[2022.04.27-16.21.36:224][  0]LogConfig: Setting CVar [[r.DOF.Kernel.MaxBackgroundRadius:0.025]]
[2022.04.27-16.21.36:224][  0]LogConfig: Applying CVar settings from Section [TextureQuality@3] File [E:/DEV Unreal/ShooterGame/ShooterGame/Shooter/Saved/Config/Windows/Scalability.ini]
[2022.04.27-16.21.36:224][  0]LogConfig: Setting CVar [[r.Streaming.MipBias:0]]
[2022.04.27-16.21.36:224][  0]LogConfig: Setting CVar [[r.Streaming.AmortizeCPUToGPUCopy:0]]
[2022.04.27-16.21.36:224][  0]LogConfig: Setting CVar [[r.Streaming.MaxNumTexturesToStreamPerFrame:0]]
[2022.04.27-16.21.36:224][  0]LogConfig: Setting CVar [[r.Streaming.Boost:1]]
[2022.04.27-16.21.36:224][  0]LogConfig: Setting CVar [[r.MaxAnisotropy:8]]
[2022.04.27-16.21.36:224][  0]LogConfig: Setting CVar [[r.VT.MaxAnisotropy:8]]
[2022.04.27-16.21.36:224][  0]LogConfig: Setting CVar [[r.Streaming.LimitPoolSizeToVRAM:0]]
[2022.04.27-16.21.36:224][  0]LogConfig: Setting CVar [[r.Streaming.PoolSize:1000]]
[2022.04.27-16.21.36:224][  0]LogConfig: Setting CVar [[r.Streaming.MaxEffectiveScreenSize:0]]
[2022.04.27-16.21.36:224][  0]LogConfig: Applying CVar settings from Section [EffectsQuality@3] File [E:/DEV Unreal/ShooterGame/ShooterGame/Shooter/Saved/Config/Windows/Scalability.ini]
[2022.04.27-16.21.36:224][  0]LogConfig: Setting CVar [[r.TranslucencyLightingVolumeDim:64]]
[2022.04.27-16.21.36:224][  0]LogConfig: Setting CVar [[r.RefractionQuality:2]]
[2022.04.27-16.21.36:224][  0]LogConfig: Setting CVar [[r.SSR.Quality:3]]
[2022.04.27-16.21.36:224][  0]LogConfig: Setting CVar [[r.SSR.HalfResSceneColor:0]]
[2022.04.27-16.21.36:224][  0]LogConfig: Setting CVar [[r.SceneColorFormat:4]]
[2022.04.27-16.21.36:224][  0]LogConfig: Setting CVar [[r.DetailMode:2]]
[2022.04.27-16.21.36:224][  0]LogConfig: Setting CVar [[r.TranslucencyVolumeBlur:1]]
[2022.04.27-16.21.36:224][  0]LogConfig: Setting CVar [[r.MaterialQualityLevel:1 ; High quality]]
[2022.04.27-16.21.36:224][  0]LogConfig: Setting CVar [[r.AnisotropicMaterials:1]]
[2022.04.27-16.21.36:224][  0]LogConfig: Setting CVar [[r.SSS.Scale:1]]
[2022.04.27-16.21.36:224][  0]LogConfig: Setting CVar [[r.SSS.SampleSet:2]]
[2022.04.27-16.21.36:224][  0]LogConfig: Setting CVar [[r.SSS.Quality:1]]
[2022.04.27-16.21.36:224][  0]LogConfig: Setting CVar [[r.SSS.HalfRes:0]]
[2022.04.27-16.21.36:224][  0]LogConfig: Setting CVar [[r.SSGI.Quality:3]]
[2022.04.27-16.21.36:224][  0]LogConfig: Setting CVar [[r.EmitterSpawnRateScale:1.0]]
[2022.04.27-16.21.36:224][  0]LogConfig: Setting CVar [[r.ParticleLightQuality:2]]
[2022.04.27-16.21.36:224][  0]LogConfig: Setting CVar [[r.SkyAtmosphere.AerialPerspectiveLUT.FastApplyOnOpaque:1 ; Always have FastSkyLUT 1 in this case to avoid wrong sky]]
[2022.04.27-16.21.36:224][  0]LogConfig: Setting CVar [[r.SkyAtmosphere.AerialPerspectiveLUT.SampleCountMaxPerSlice:4]]
[2022.04.27-16.21.36:224][  0]LogConfig: Setting CVar [[r.SkyAtmosphere.AerialPerspectiveLUT.DepthResolution:16.0]]
[2022.04.27-16.21.36:224][  0]LogConfig: Setting CVar [[r.SkyAtmosphere.FastSkyLUT:1]]
[2022.04.27-16.21.36:224][  0]LogConfig: Setting CVar [[r.SkyAtmosphere.FastSkyLUT.SampleCountMin:4.0]]
[2022.04.27-16.21.36:224][  0]LogConfig: Setting CVar [[r.SkyAtmosphere.FastSkyLUT.SampleCountMax:128.0]]
[2022.04.27-16.21.36:224][  0]LogConfig: Setting CVar [[r.SkyAtmosphere.SampleCountMin:4.0]]
[2022.04.27-16.21.36:224][  0]LogConfig: Setting CVar [[r.SkyAtmosphere.SampleCountMax:128.0]]
[2022.04.27-16.21.36:224][  0]LogConfig: Setting CVar [[r.SkyAtmosphere.TransmittanceLUT.UseSmallFormat:0]]
[2022.04.27-16.21.36:224][  0]LogConfig: Setting CVar [[r.SkyAtmosphere.TransmittanceLUT.SampleCount:10.0]]
[2022.04.27-16.21.36:224][  0]LogConfig: Setting CVar [[r.SkyAtmosphere.MultiScatteringLUT.SampleCount:15.0]]
[2022.04.27-16.21.36:224][  0]LogConfig: Setting CVar [[r.SkyLight.RealTimeReflectionCapture:1]]
[2022.04.27-16.21.36:224][  0]LogConfig: Applying CVar settings from Section [FoliageQuality@3] File [E:/DEV Unreal/ShooterGame/ShooterGame/Shooter/Saved/Config/Windows/Scalability.ini]
[2022.04.27-16.21.36:224][  0]LogConfig: Setting CVar [[foliage.DensityScale:1.0]]
[2022.04.27-16.21.36:224][  0]LogConfig: Setting CVar [[grass.DensityScale:1.0]]
[2022.04.27-16.21.36:224][  0]LogConfig: Applying CVar settings from Section [ShadingQuality@3] File [E:/DEV Unreal/ShooterGame/ShooterGame/Shooter/Saved/Config/Windows/Scalability.ini]
[2022.04.27-16.21.36:224][  0]LogConfig: Setting CVar [[r.HairStrands.SkyLighting.IntegrationType:2]]
[2022.04.27-16.21.36:224][  0]LogConfig: Setting CVar [[r.HairStrands.SkyAO.SampleCount:4]]
[2022.04.27-16.21.36:224][  0]LogConfig: Setting CVar [[r.HairStrands.Visibility.MSAA.SamplePerPixel:4]]
[2022.04.27-16.21.36:224][  0]LogInit: Selected Device Profile: [Windows]
[2022.04.27-16.21.36:224][  0]LogInit: Applying CVar settings loaded from the selected device profile: [Windows]
[2022.04.27-16.21.36:225][  0]LogHAL: Display: Platform has ~ 32 GB [34282221568 / 34359738368 / 32], which maps to Largest [LargestMinGB=32, LargerMinGB=12, DefaultMinGB=8, SmallerMinGB=6, SmallestMinGB=0)
[2022.04.27-16.21.36:225][  0]LogInit: Going up to parent DeviceProfile []
[2022.04.27-16.21.36:225][  0]LogConfig: Applying CVar settings from Section [ViewDistanceQuality@3] File [E:/DEV Unreal/ShooterGame/ShooterGame/Shooter/Saved/Config/Windows/Scalability.ini]
[2022.04.27-16.21.36:225][  0]LogConfig: Setting CVar [[r.SkeletalMeshLODBias:0]]
[2022.04.27-16.21.36:225][  0]LogConfig: Setting CVar [[r.ViewDistanceScale:1.0]]
[2022.04.27-16.21.36:225][  0]LogConfig: Applying CVar settings from Section [AntiAliasingQuality@3] File [E:/DEV Unreal/ShooterGame/ShooterGame/Shooter/Saved/Config/Windows/Scalability.ini]
[2022.04.27-16.21.36:225][  0]LogConfig: Setting CVar [[r.PostProcessAAQuality:4]]
[2022.04.27-16.21.36:225][  0]LogConfig: Applying CVar settings from Section [ShadowQuality@3] File [E:/DEV Unreal/ShooterGame/ShooterGame/Shooter/Saved/Config/Windows/Scalability.ini]
[2022.04.27-16.21.36:225][  0]LogConfig: Setting CVar [[r.LightFunctionQuality:1]]
[2022.04.27-16.21.36:225][  0]LogConfig: Setting CVar [[r.ShadowQuality:5]]
[2022.04.27-16.21.36:225][  0]LogConfig: Setting CVar [[r.Shadow.CSM.MaxCascades:10]]
[2022.04.27-16.21.36:225][  0]LogConfig: Setting CVar [[r.Shadow.MaxResolution:2048]]
[2022.04.27-16.21.36:225][  0]LogConfig: Setting CVar [[r.Shadow.MaxCSMResolution:2048]]
[2022.04.27-16.21.36:225][  0]LogConfig: Setting CVar [[r.Shadow.RadiusThreshold:0.01]]
[2022.04.27-16.21.36:225][  0]LogConfig: Setting CVar [[r.Shadow.DistanceScale:1.0]]
[2022.04.27-16.21.36:225][  0]LogConfig: Setting CVar [[r.Shadow.CSM.TransitionScale:1.0]]
[2022.04.27-16.21.36:225][  0]LogConfig: Setting CVar [[r.Shadow.PreShadowResolutionFactor:1.0]]
[2022.04.27-16.21.36:225][  0]LogConfig: Setting CVar [[r.DistanceFieldShadowing:1]]
[2022.04.27-16.21.36:225][  0]LogConfig: Setting CVar [[r.DistanceFieldAO:1]]
[2022.04.27-16.21.36:225][  0]LogConfig: Setting CVar [[r.AOQuality:2]]
[2022.04.27-16.21.36:225][  0]LogConfig: Setting CVar [[r.VolumetricFog:1]]
[2022.04.27-16.21.36:225][  0]LogConfig: Setting CVar [[r.VolumetricFog.GridPixelSize:8]]
[2022.04.27-16.21.36:225][  0]LogConfig: Setting CVar [[r.VolumetricFog.GridSizeZ:128]]
[2022.04.27-16.21.36:225][  0]LogConfig: Setting CVar [[r.VolumetricFog.HistoryMissSupersampleCount:4]]
[2022.04.27-16.21.36:225][  0]LogConfig: Setting CVar [[r.LightMaxDrawDistanceScale:1]]
[2022.04.27-16.21.36:225][  0]LogConfig: Setting CVar [[r.CapsuleShadows:1]]
[2022.04.27-16.21.36:225][  0]LogConfig: Applying CVar settings from Section [PostProcessQuality@3] File [E:/DEV Unreal/ShooterGame/ShooterGame/Shooter/Saved/Config/Windows/Scalability.ini]
[2022.04.27-16.21.36:225][  0]LogConfig: Setting CVar [[r.MotionBlurQuality:4]]
[2022.04.27-16.21.36:225][  0]LogConfig: Setting CVar [[r.AmbientOcclusionMipLevelFactor:0.4]]
[2022.04.27-16.21.36:225][  0]LogConfig: Setting CVar [[r.AmbientOcclusionMaxQuality:100]]
[2022.04.27-16.21.36:225][  0]LogConfig: Setting CVar [[r.AmbientOcclusionLevels:-1]]
[2022.04.27-16.21.36:225][  0]LogConfig: Setting CVar [[r.AmbientOcclusionRadiusScale:1.0]]
[2022.04.27-16.21.36:225][  0]LogConfig: Setting CVar [[r.DepthOfFieldQuality:2]]
[2022.04.27-16.21.36:225][  0]LogConfig: Setting CVar [[r.RenderTargetPoolMin:400]]
[2022.04.27-16.21.36:225][  0]LogConfig: Setting CVar [[r.LensFlareQuality:2]]
[2022.04.27-16.21.36:225][  0]LogConfig: Setting CVar [[r.SceneColorFringeQuality:1]]
[2022.04.27-16.21.36:225][  0]LogConfig: Setting CVar [[r.EyeAdaptationQuality:2]]
[2022.04.27-16.21.36:225][  0]LogConfig: Setting CVar [[r.BloomQuality:5]]
[2022.04.27-16.21.36:225][  0]LogConfig: Setting CVar [[r.FastBlurThreshold:100]]
[2022.04.27-16.21.36:225][  0]LogConfig: Setting CVar [[r.Upscale.Quality:3]]
[2022.04.27-16.21.36:225][  0]LogConfig: Setting CVar [[r.Tonemapper.GrainQuantization:1]]
[2022.04.27-16.21.36:225][  0]LogConfig: Setting CVar [[r.LightShaftQuality:1]]
[2022.04.27-16.21.36:225][  0]LogConfig: Setting CVar [[r.Filter.SizeScale:1]]
[2022.04.27-16.21.36:225][  0]LogConfig: Setting CVar [[r.Tonemapper.Quality:5]]
[2022.04.27-16.21.36:225][  0]LogConfig: Setting CVar [[r.DOF.Gather.AccumulatorQuality:1        ; higher gathering accumulator quality]]
[2022.04.27-16.21.36:225][  0]LogConfig: Setting CVar [[r.DOF.Gather.PostfilterMethod:1          ; Median3x3 postfilering method]]
[2022.04.27-16.21.36:225][  0]LogConfig: Setting CVar [[r.DOF.Gather.EnableBokehSettings:0       ; no bokeh simulation when gathering]]
[2022.04.27-16.21.36:225][  0]LogConfig: Setting CVar [[r.DOF.Gather.RingCount:4                 ; medium number of samples when gathering]]
[2022.04.27-16.21.36:225][  0]LogConfig: Setting CVar [[r.DOF.Scatter.ForegroundCompositing:1    ; additive foreground scattering]]
[2022.04.27-16.21.36:225][  0]LogConfig: Setting CVar [[r.DOF.Scatter.BackgroundCompositing:2    ; additive background scattering]]
[2022.04.27-16.21.36:225][  0]LogConfig: Setting CVar [[r.DOF.Scatter.EnableBokehSettings:1      ; bokeh simulation when scattering]]
[2022.04.27-16.21.36:225][  0]LogConfig: Setting CVar [[r.DOF.Scatter.MaxSpriteRatio:0.1         ; only a maximum of 10% of scattered bokeh]]
[2022.04.27-16.21.36:225][  0]LogConfig: Setting CVar [[r.DOF.Recombine.Quality:1                ; cheap slight out of focus]]
[2022.04.27-16.21.36:225][  0]LogConfig: Setting CVar [[r.DOF.Recombine.EnableBokehSettings:0    ; no bokeh simulation on slight out of focus]]
[2022.04.27-16.21.36:225][  0]LogConfig: Setting CVar [[r.DOF.TemporalAAQuality:1                ; more stable temporal accumulation]]
[2022.04.27-16.21.36:225][  0]LogConfig: Setting CVar [[r.DOF.Kernel.MaxForegroundRadius:0.025]]
[2022.04.27-16.21.36:225][  0]LogConfig: Setting CVar [[r.DOF.Kernel.MaxBackgroundRadius:0.025]]
[2022.04.27-16.21.36:225][  0]LogConfig: Applying CVar settings from Section [TextureQuality@3] File [E:/DEV Unreal/ShooterGame/ShooterGame/Shooter/Saved/Config/Windows/Scalability.ini]
[2022.04.27-16.21.36:225][  0]LogConfig: Setting CVar [[r.Streaming.MipBias:0]]
[2022.04.27-16.21.36:225][  0]LogConfig: Setting CVar [[r.Streaming.AmortizeCPUToGPUCopy:0]]
[2022.04.27-16.21.36:225][  0]LogConfig: Setting CVar [[r.Streaming.MaxNumTexturesToStreamPerFrame:0]]
[2022.04.27-16.21.36:225][  0]LogConfig: Setting CVar [[r.Streaming.Boost:1]]
[2022.04.27-16.21.36:225][  0]LogConfig: Setting CVar [[r.MaxAnisotropy:8]]
[2022.04.27-16.21.36:225][  0]LogConfig: Setting CVar [[r.VT.MaxAnisotropy:8]]
[2022.04.27-16.21.36:225][  0]LogConfig: Setting CVar [[r.Streaming.LimitPoolSizeToVRAM:0]]
[2022.04.27-16.21.36:225][  0]LogConfig: Setting CVar [[r.Streaming.PoolSize:1000]]
[2022.04.27-16.21.36:225][  0]LogConfig: Setting CVar [[r.Streaming.MaxEffectiveScreenSize:0]]
[2022.04.27-16.21.36:225][  0]LogConfig: Applying CVar settings from Section [EffectsQuality@3] File [E:/DEV Unreal/ShooterGame/ShooterGame/Shooter/Saved/Config/Windows/Scalability.ini]
[2022.04.27-16.21.36:226][  0]LogConfig: Setting CVar [[r.TranslucencyLightingVolumeDim:64]]
[2022.04.27-16.21.36:226][  0]LogConfig: Setting CVar [[r.RefractionQuality:2]]
[2022.04.27-16.21.36:226][  0]LogConfig: Setting CVar [[r.SSR.Quality:3]]
[2022.04.27-16.21.36:226][  0]LogConfig: Setting CVar [[r.SSR.HalfResSceneColor:0]]
[2022.04.27-16.21.36:226][  0]LogConfig: Setting CVar [[r.SceneColorFormat:4]]
[2022.04.27-16.21.36:226][  0]LogConfig: Setting CVar [[r.DetailMode:2]]
[2022.04.27-16.21.36:226][  0]LogConfig: Setting CVar [[r.TranslucencyVolumeBlur:1]]
[2022.04.27-16.21.36:226][  0]LogConfig: Setting CVar [[r.MaterialQualityLevel:1 ; High quality]]
[2022.04.27-16.21.36:226][  0]LogConfig: Setting CVar [[r.AnisotropicMaterials:1]]
[2022.04.27-16.21.36:226][  0]LogConfig: Setting CVar [[r.SSS.Scale:1]]
[2022.04.27-16.21.36:226][  0]LogConfig: Setting CVar [[r.SSS.SampleSet:2]]
[2022.04.27-16.21.36:226][  0]LogConfig: Setting CVar [[r.SSS.Quality:1]]
[2022.04.27-16.21.36:226][  0]LogConfig: Setting CVar [[r.SSS.HalfRes:0]]
[2022.04.27-16.21.36:226][  0]LogConfig: Setting CVar [[r.SSGI.Quality:3]]
[2022.04.27-16.21.36:226][  0]LogConfig: Setting CVar [[r.EmitterSpawnRateScale:1.0]]
[2022.04.27-16.21.36:226][  0]LogConfig: Setting CVar [[r.ParticleLightQuality:2]]
[2022.04.27-16.21.36:226][  0]LogConfig: Setting CVar [[r.SkyAtmosphere.AerialPerspectiveLUT.FastApplyOnOpaque:1 ; Always have FastSkyLUT 1 in this case to avoid wrong sky]]
[2022.04.27-16.21.36:226][  0]LogConfig: Setting CVar [[r.SkyAtmosphere.AerialPerspectiveLUT.SampleCountMaxPerSlice:4]]
[2022.04.27-16.21.36:226][  0]LogConfig: Setting CVar [[r.SkyAtmosphere.AerialPerspectiveLUT.DepthResolution:16.0]]
[2022.04.27-16.21.36:226][  0]LogConfig: Setting CVar [[r.SkyAtmosphere.FastSkyLUT:1]]
[2022.04.27-16.21.36:226][  0]LogConfig: Setting CVar [[r.SkyAtmosphere.FastSkyLUT.SampleCountMin:4.0]]
[2022.04.27-16.21.36:226][  0]LogConfig: Setting CVar [[r.SkyAtmosphere.FastSkyLUT.SampleCountMax:128.0]]
[2022.04.27-16.21.36:226][  0]LogConfig: Setting CVar [[r.SkyAtmosphere.SampleCountMin:4.0]]
[2022.04.27-16.21.36:226][  0]LogConfig: Setting CVar [[r.SkyAtmosphere.SampleCountMax:128.0]]
[2022.04.27-16.21.36:226][  0]LogConfig: Setting CVar [[r.SkyAtmosphere.TransmittanceLUT.UseSmallFormat:0]]
[2022.04.27-16.21.36:226][  0]LogConfig: Setting CVar [[r.SkyAtmosphere.TransmittanceLUT.SampleCount:10.0]]
[2022.04.27-16.21.36:226][  0]LogConfig: Setting CVar [[r.SkyAtmosphere.MultiScatteringLUT.SampleCount:15.0]]
[2022.04.27-16.21.36:226][  0]LogConfig: Setting CVar [[r.SkyLight.RealTimeReflectionCapture:1]]
[2022.04.27-16.21.36:226][  0]LogConfig: Applying CVar settings from Section [FoliageQuality@3] File [E:/DEV Unreal/ShooterGame/ShooterGame/Shooter/Saved/Config/Windows/Scalability.ini]
[2022.04.27-16.21.36:226][  0]LogConfig: Setting CVar [[foliage.DensityScale:1.0]]
[2022.04.27-16.21.36:226][  0]LogConfig: Setting CVar [[grass.DensityScale:1.0]]
[2022.04.27-16.21.36:226][  0]LogConfig: Applying CVar settings from Section [ShadingQuality@3] File [E:/DEV Unreal/ShooterGame/ShooterGame/Shooter/Saved/Config/Windows/Scalability.ini]
[2022.04.27-16.21.36:226][  0]LogConfig: Setting CVar [[r.HairStrands.SkyLighting.IntegrationType:2]]
[2022.04.27-16.21.36:226][  0]LogConfig: Setting CVar [[r.HairStrands.SkyAO.SampleCount:4]]
[2022.04.27-16.21.36:226][  0]LogConfig: Setting CVar [[r.HairStrands.Visibility.MSAA.SamplePerPixel:4]]
[2022.04.27-16.21.36:226][  0]LogConfig: Applying CVar settings from Section [Startup] File [../../../Engine/Config/ConsoleVariables.ini]
[2022.04.27-16.21.36:226][  0]LogConfig: Setting CVar [[net.UseAdaptiveNetUpdateFrequency:0]]
[2022.04.27-16.21.36:226][  0]LogConfig: Setting CVar [[p.chaos.AllowCreatePhysxBodies:1]]
[2022.04.27-16.21.36:226][  0]LogConfig: Setting CVar [[fx.SkipVectorVMBackendOptimizations:1]]
[2022.04.27-16.21.36:226][  0]LogConfig: Applying CVar settings from Section [ConsoleVariables] File [E:/DEV Unreal/ShooterGame/ShooterGame/Shooter/Saved/Config/Windows/Engine.ini]
[2022.04.27-16.21.36:226][  0]LogConfig: Applying CVar settings from Section [ConsoleVariables] File [E:/DEV Unreal/ShooterGame/ShooterGame/Shooter/Saved/Config/Windows/Editor.ini]
[2022.04.27-16.21.36:226][  0]LogInit: Computer: DESKTOP-PATULNA
[2022.04.27-16.21.36:226][  0]LogInit: User: Pablo
[2022.04.27-16.21.36:226][  0]LogInit: CPU Page size=4096, Cores=6
[2022.04.27-16.21.36:226][  0]LogInit: High frequency timer resolution =10.000000 MHz
[2022.04.27-16.21.36:226][  0]LogMemory: Memory total: Physical=31.9GB (32GB approx)
[2022.04.27-16.21.36:226][  0]LogMemory: Platform Memory Stats for Windows
[2022.04.27-16.21.36:226][  0]LogMemory: Process Physical Memory: 144.84 MB used, 144.85 MB peak
[2022.04.27-16.21.36:226][  0]LogMemory: Process Virtual Memory: 128.17 MB used, 128.17 MB peak
[2022.04.27-16.21.36:226][  0]LogMemory: Physical Memory: 14622.71 MB used,  18071.37 MB free, 32694.07 MB total
[2022.04.27-16.21.36:226][  0]LogMemory: Virtual Memory: 134198160.00 MB used,  19566.46 MB free, 134217728.00 MB total
[2022.04.27-16.21.36:233][  0]LogWindows: WindowsPlatformFeatures enabled
[2022.04.27-16.21.36:278][  0]LogInit: Physics initialised using underlying interface: PhysX
[2022.04.27-16.21.36:278][  0]LogInit: Overriding language with editor language configuration option (en-US).
[2022.04.27-16.21.36:278][  0]LogInit: Overriding language with editor locale configuration option (en).
[2022.04.27-16.21.36:279][  0]LogTextLocalizationManager: No specific localization for 'en-US' exists, so the 'en' localization will be used.
[2022.04.27-16.21.36:431][  0]LogInit: Setting process to per monitor DPI aware
[2022.04.27-16.21.36:444][  0]LogWindowsTextInputMethodSystem: Display: IME system deactivated.
[2022.04.27-16.21.36:457][  0]LogSlate: New Slate User Created.  User Index 0, Is Virtual User: 0
[2022.04.27-16.21.36:457][  0]LogSlate: Slate User Registered.  User Index 0, Is Virtual User: 0
[2022.04.27-16.21.36:569][  0]LogD3D11RHI: Loaded GFSDK_Aftermath_Lib.x64.dll
[2022.04.27-16.21.36:572][  0]LogHMD: Failed to initialize OpenVR with code 110
[2022.04.27-16.21.36:572][  0]LogD3D11RHI: D3D11 min allowed feature level: 11_0
[2022.04.27-16.21.36:572][  0]LogD3D11RHI: D3D11 max allowed feature level: 11_0
[2022.04.27-16.21.36:572][  0]LogD3D11RHI: D3D11 adapters:
[2022.04.27-16.21.36:665][  0]LogD3D11RHI:    0. 'NVIDIA GeForce GTX 1070 Ti' (Feature Level 11_0)
[2022.04.27-16.21.36:665][  0]LogD3D11RHI:       8079/0/16347 MB DedicatedVideo/DedicatedSystem/SharedSystem, Outputs:2, VendorId:0x10de
[2022.04.27-16.21.36:667][  0]LogD3D11RHI:    1. 'Microsoft Basic Render Driver' (Feature Level 11_0)
[2022.04.27-16.21.36:667][  0]LogD3D11RHI:       0/0/16347 MB DedicatedVideo/DedicatedSystem/SharedSystem, Outputs:0, VendorId:0x1414
[2022.04.27-16.21.36:667][  0]LogD3D11RHI: Chosen D3D11 Adapter:
[2022.04.27-16.21.36:667][  0]LogD3D11RHI:     Description : NVIDIA GeForce GTX 1070 Ti
[2022.04.27-16.21.36:667][  0]LogD3D11RHI:     VendorId    : 10de
[2022.04.27-16.21.36:667][  0]LogD3D11RHI:     DeviceId    : 1b82
[2022.04.27-16.21.36:667][  0]LogD3D11RHI:     SubSysId    : c3041462
[2022.04.27-16.21.36:667][  0]LogD3D11RHI:     Revision    : 00a1
[2022.04.27-16.21.36:667][  0]LogD3D11RHI:     DedicatedVideoMemory : 8471445504 bytes
[2022.04.27-16.21.36:667][  0]LogD3D11RHI:     DedicatedSystemMemory : 0 bytes
[2022.04.27-16.21.36:667][  0]LogD3D11RHI:     SharedSystemMemory : 17141110784 bytes
[2022.04.27-16.21.36:667][  0]LogD3D11RHI:     AdapterLuid : 0 53904
[2022.04.27-16.21.36:672][  0]LogD3D11RHI: Creating new Direct3DDevice
[2022.04.27-16.21.36:672][  0]LogD3D11RHI:     GPU DeviceId: 0x1b82 (for the marketing name, search the web for "GPU Device Id")
[2022.04.27-16.21.36:672][  0]LogWindows: EnumDisplayDevices:
[2022.04.27-16.21.36:672][  0]LogWindows:    0. 'NVIDIA GeForce GTX 1070 Ti' (P:0 D:1)
[2022.04.27-16.21.36:673][  0]LogWindows:    1. 'NVIDIA GeForce GTX 1070 Ti' (P:1 D:1)
[2022.04.27-16.21.36:673][  0]LogWindows:    2. 'NVIDIA GeForce GTX 1070 Ti' (P:0 D:0)
[2022.04.27-16.21.36:673][  0]LogWindows:    3. 'NVIDIA GeForce GTX 1070 Ti' (P:0 D:0)
[2022.04.27-16.21.36:673][  0]LogWindows: DebugString: FoundDriverCount:4 
[2022.04.27-16.21.36:673][  0]LogD3D11RHI:     Adapter Name: NVIDIA GeForce GTX 1070 Ti
[2022.04.27-16.21.36:673][  0]LogD3D11RHI:   Driver Version: 472.12 (internal:30.0.14.7212, unified:472.12)
[2022.04.27-16.21.36:673][  0]LogD3D11RHI:      Driver Date: 9-13-2021
[2022.04.27-16.21.36:673][  0]LogRHI: Texture pool is 5655 MB (70% of 8079 MB)
[2022.04.27-16.21.36:673][  0]LogD3D11RHI: Creating D3DDevice using adapter:
[2022.04.27-16.21.36:673][  0]LogD3D11RHI:     Description : NVIDIA GeForce GTX 1070 Ti
[2022.04.27-16.21.36:673][  0]LogD3D11RHI:     VendorId    : 10de
[2022.04.27-16.21.36:673][  0]LogD3D11RHI:     DeviceId    : 1b82
[2022.04.27-16.21.36:673][  0]LogD3D11RHI:     SubSysId    : c3041462
[2022.04.27-16.21.36:673][  0]LogD3D11RHI:     Revision    : 00a1
[2022.04.27-16.21.36:673][  0]LogD3D11RHI:     DedicatedVideoMemory : 8471445504 bytes
[2022.04.27-16.21.36:673][  0]LogD3D11RHI:     DedicatedSystemMemory : 0 bytes
[2022.04.27-16.21.36:674][  0]LogD3D11RHI:     SharedSystemMemory : 17141110784 bytes
[2022.04.27-16.21.36:674][  0]LogD3D11RHI:     AdapterLuid : 0 53904
[2022.04.27-16.21.36:740][  0]LogD3D11RHI: RHI has support for 64 bit atomics
[2022.04.27-16.21.36:740][  0]LogD3D11RHI: Async texture creation enabled
[2022.04.27-16.21.36:740][  0]LogD3D11RHI: Array index from any shader is supported
[2022.04.27-16.21.36:761][  0]LogD3D11RHI: GPU Timing Frequency: 1000.000000 (Debug: 2 1)
[2022.04.27-16.21.36:812][  0]LogRHI: GeForceNow SDK initialized: 1
[2022.04.27-16.21.37:071][  0]LogTargetPlatformManager: Display: Loaded TargetPlatform 'AllDesktop'
[2022.04.27-16.21.37:087][  0]LogTargetPlatformManager: Display: Loaded TargetPlatform 'Android'
[2022.04.27-16.21.37:087][  0]LogTargetPlatformManager: Display: Loaded TargetPlatform 'Android_ASTC'
[2022.04.27-16.21.37:087][  0]LogTargetPlatformManager: Display: Loaded TargetPlatform 'Android_DXT'
[2022.04.27-16.21.37:087][  0]LogTargetPlatformManager: Display: Loaded TargetPlatform 'Android_ETC2'
[2022.04.27-16.21.37:088][  0]LogTargetPlatformManager: Display: Loaded TargetPlatform 'AndroidClient'
[2022.04.27-16.21.37:088][  0]LogTargetPlatformManager: Display: Loaded TargetPlatform 'Android_ASTCClient'
[2022.04.27-16.21.37:088][  0]LogTargetPlatformManager: Display: Loaded TargetPlatform 'Android_DXTClient'
[2022.04.27-16.21.37:088][  0]LogTargetPlatformManager: Display: Loaded TargetPlatform 'Android_ETC2Client'
[2022.04.27-16.21.37:088][  0]LogTargetPlatformManager: Display: Loaded TargetPlatform 'Android_Multi'
[2022.04.27-16.21.37:088][  0]LogTargetPlatformManager: Display: Loaded TargetPlatform 'Android_MultiClient'
[2022.04.27-16.21.37:102][  0]LogTargetPlatformManager: Display: Loaded TargetPlatform 'IOSClient'
[2022.04.27-16.21.37:102][  0]LogTargetPlatformManager: Display: Loaded TargetPlatform 'IOS'
[2022.04.27-16.21.37:109][  0]LogTargetPlatformManager: Display: Loaded TargetPlatform 'Linux'
[2022.04.27-16.21.37:113][  0]LogTargetPlatformManager: Display: Loaded TargetPlatform 'LinuxNoEditor'
[2022.04.27-16.21.37:116][  0]LogTargetPlatformManager: Display: Loaded TargetPlatform 'LinuxClient'
[2022.04.27-16.21.37:120][  0]LogTargetPlatformManager: Display: Loaded TargetPlatform 'LinuxServer'
[2022.04.27-16.21.37:126][  0]LogTargetPlatformManager: Display: Loaded TargetPlatform 'LinuxAArch64NoEditor'
[2022.04.27-16.21.37:130][  0]LogTargetPlatformManager: Display: Loaded TargetPlatform 'LinuxAArch64Client'
[2022.04.27-16.21.37:134][  0]LogTargetPlatformManager: Display: Loaded TargetPlatform 'LinuxAArch64Server'
[2022.04.27-16.21.37:151][  0]LogTargetPlatformManager: Display: Loaded TargetPlatform 'Lumin'
[2022.04.27-16.21.37:151][  0]LogTargetPlatformManager: Display: Loaded TargetPlatform 'LuminClient'
[2022.04.27-16.21.37:157][  0]LogTargetPlatformManager: Display: Loaded TargetPlatform 'MacNoEditor'
[2022.04.27-16.21.37:161][  0]LogTargetPlatformManager: Display: Loaded TargetPlatform 'Mac'
[2022.04.27-16.21.37:164][  0]LogTargetPlatformManager: Display: Loaded TargetPlatform 'MacClient'
[2022.04.27-16.21.37:167][  0]LogTargetPlatformManager: Display: Loaded TargetPlatform 'MacServer'
[2022.04.27-16.21.37:175][  0]LogTargetPlatformManager: Display: Loaded TargetPlatform 'TVOSClient'
[2022.04.27-16.21.37:175][  0]LogTargetPlatformManager: Display: Loaded TargetPlatform 'TVOS'
[2022.04.27-16.21.37:182][  0]LogTargetPlatformManager: Display: Loaded TargetPlatform 'WindowsNoEditor'
[2022.04.27-16.21.37:186][  0]LogTargetPlatformManager: Display: Loaded TargetPlatform 'Windows'
[2022.04.27-16.21.37:190][  0]LogTargetPlatformManager: Display: Loaded TargetPlatform 'WindowsClient'
[2022.04.27-16.21.37:194][  0]LogTargetPlatformManager: Display: Loaded TargetPlatform 'WindowsServer'
[2022.04.27-16.21.37:194][  0]LogTargetPlatformManager: Display: Building Assets For Windows
[2022.04.27-16.21.37:200][  0]LogAudioDebug: Display: Lib vorbis DLL was dynamically loaded.
[2022.04.27-16.21.37:223][  0]LogTextureFormatOodle: Display: Oodle Texture 2.9.0 init RDO Off
[2022.04.27-16.21.37:250][  0]LogRendererCore: Ray tracing is disabled. Reason: r.RayTracing=0.
[2022.04.27-16.21.37:250][  0]LogShaderCompilers: Guid format shader working directory is -12 characters bigger than the processId version (../../../../../DEV Unreal/ShooterGame/ShooterGame/Shooter/Intermediate/Shaders/WorkingDirectory/22220/).
[2022.04.27-16.21.37:250][  0]LogShaderCompilers: Cleaned the shader compiler working directory 'C:/Users/Pablo/AppData/Local/Temp/UnrealShaderWorkingDir/3CEEC3D64CF5B53BCABC17B346F4FF79/'.
[2022.04.27-16.21.37:250][  0]LogXGEController: Cannot use XGE Controller as Incredibuild is not installed on this machine.
[2022.04.27-16.21.37:250][  0]LogShaderCompilers: Cannot use XGE Shader Compiler as Incredibuild is not installed on this machine.
[2022.04.27-16.21.37:250][  0]LogShaderCompilers: Display: Using Local Shader Compiler.
[2022.04.27-16.21.37:870][  0]LogDerivedDataCache: Display: Max Cache Size: 512 MB
[2022.04.27-16.21.37:916][  0]LogDerivedDataCache: Loaded boot cache 0.05s 94MB C:/Users/Pablo/AppData/Local/UnrealEngine/4.27/DerivedDataCache/Boot.ddc.
[2022.04.27-16.21.37:917][  0]LogDerivedDataCache: Display: Loaded Boot cache: C:/Users/Pablo/AppData/Local/UnrealEngine/4.27/DerivedDataCache/Boot.ddc
[2022.04.27-16.21.37:917][  0]LogDerivedDataCache: FDerivedDataBackendGraph:  Pak pak cache file ../../../../../DEV Unreal/ShooterGame/ShooterGame/Shooter/DerivedDataCache/DDC.ddp not found, will not use a pak cache.
[2022.04.27-16.21.37:917][  0]LogDerivedDataCache: Unable to find inner node Pak for hierarchical cache Hierarchy.
[2022.04.27-16.21.37:917][  0]LogDerivedDataCache: FDerivedDataBackendGraph:  CompressedPak pak cache file ../../../../../DEV Unreal/ShooterGame/ShooterGame/Shooter/DerivedDataCache/Compressed.ddp not found, will not use a pak cache.
[2022.04.27-16.21.37:917][  0]LogDerivedDataCache: Unable to find inner node CompressedPak for hierarchical cache Hierarchy.
[2022.04.27-16.21.37:931][  0]LogDerivedDataCache: Display: Pak cache opened for reading ../../../Engine/DerivedDataCache/Compressed.ddp.
[2022.04.27-16.21.37:931][  0]LogDerivedDataCache: FDerivedDataBackendGraph:  EnterprisePak pak cache file ../../../Enterprise/DerivedDataCache/Compressed.ddp not found, will not use a pak cache.
[2022.04.27-16.21.37:931][  0]LogDerivedDataCache: Unable to find inner node EnterprisePak for hierarchical cache Hierarchy.
[2022.04.27-16.21.37:939][  0]LogDerivedDataCache: Speed tests for C:/Users/Pablo/AppData/Local/UnrealEngine/Common/DerivedDataCache took 0.01 seconds
[2022.04.27-16.21.37:939][  0]LogDerivedDataCache: Display: Performance to C:/Users/Pablo/AppData/Local/UnrealEngine/Common/DerivedDataCache: Latency=0.03ms. RandomReadSpeed=1232.84MBs, RandomWriteSpeed=123.20MBs. Assigned SpeedClass 'Local'
[2022.04.27-16.21.37:940][  0]LogDerivedDataCache: Using Local data cache path C:/Users/Pablo/AppData/Local/UnrealEngine/Common/DerivedDataCache: Writable
[2022.04.27-16.21.37:940][  0]LogDerivedDataCache: Shared data cache path not found in *engine.ini, will not use an Shared cache.
[2022.04.27-16.21.37:940][  0]LogDerivedDataCache: Unable to find inner node Shared for hierarchical cache Hierarchy.
[2022.04.27-16.21.37:979][  0]LogSlate: Using FreeType 2.10.0
[2022.04.27-16.21.37:980][  0]LogSlate: SlateFontServices - WITH_FREETYPE: 1, WITH_HARFBUZZ: 1
[2022.04.27-16.21.38:001][  0]LogAssetRegistry: FAssetRegistry took 0.0027 seconds to start up
[2022.04.27-16.21.38:186][  0]LogInit: Selected Device Profile: [Windows]
[2022.04.27-16.21.38:186][  0]LogInit: Active device profile: [000002AF2E360900][000002AF2E0D96C0 49] Windows
[2022.04.27-16.21.38:186][  0]LogInit: Profiles: [000002AF2E360900][000002AF2E0D96C0 49] Windows, [000002AF2E32F700][000002AF2E0F7840 49] WindowsNoEditor, [000002AF2E363500][000002AF2E0FB9C0 49] WindowsServer, [000002AF2E32CE00][000002AF2E0FFB40 49] WindowsClient, [000002AF2E363800][000002AF2E106140 49] IOS, [000002AF2E32E700][000002AF2E1222C0 49] iPadAir, [000002AF2E362000][000002AF2E126440 49] iPadAir2, [000002AF2ED0CA00][000002AF2E136700 49] IPadPro, [000002AF2ED0CB00][000002AF2E12E740 49] iPadAir3, [000002AF2E32D800][000002AF2E0DC880 49] iPadAir4, [000002AF2ED0F400][000002AF2ACCE9C0 49] iPadMini2, [000002AF2E32E900][000002AF2ACD6B00 49] iPadMini3, [000002AF2ED0D700][000002AF2ACDEC80 49] iPadMini4, [000002AF2E361100][000002AF2ACEEE00 49] iPadMini5, [000002AF2ED1C300][000002AF2AD070C0 49] iPhone6, [000002AF2ED1C400][000002AF2ACFB100 49] iPodTouch6, [000002AF2ED03F00][000002AF2F4FB3C0 49] iPhone7, [000002AF2ED03E00][000002AF2F4F7400 49] iPodTouch7, [000002AF2E32E400][000002AF2F937580 49] iPhone5S, [000002AF2ED01A00][000002AF2F93B700 49] iPhone6Plus, [000002AF2ED1C200][000002AF2F93F880 49] iPhone6S, [000002AF2ED00600][000002AF2F94BA00 49] iPhone6SPlus, [000002AF2ED1E900][000002AF2F94FB80 49] iPhone7Plus, [000002AF2ED03100][000002AF2F952180 49] iPhoneSE, [000002AF2ED1E200][000002AF2F956300 49] iPhone8, [000002AF2ED03B00][000002AF2F95A480 49] iPhone8Plus, [000002AF2ED1C800][000002AF2F4BE600 49] iPhoneX, [000002AF2ED01600][000002AF2F4CE780 49] iPhoneXS, [000002AF2ED1FC00][000002AF2F4D2900 49] iPhoneXSMax, [000002AF2ED00700][000002AF2ACDAA40 49] iPhoneXR, [000002AF2ED1D300][000002AF2F4B6B80 49] iPhone11, [000002AF2ED02700][000002AF2F5F6CC0 49] iPhone11Pro, [000002AF2ED1D000][000002AF2F61EE40 49] iPhone11ProMax, [000002AF2ED02A00][000002AF2F622FC0 49] iPhoneSE2, [000002AF2ED1D400][000002AF2F627140 49] iPhone12Mini, [000002AF2ED02400][000002AF2F62B2C0 49] iPhone12, [000002AF2ED1CD00][000002AF2F1BF440 49] iPhone12Pro, [000002AF2ED02B00][000002AF2F1C35C0 49] iPhone12ProMax, [000002AF2ED1F000][000002AF2F1F7740 49] iPadPro105, [000002AF2ED00200][000002AF2F1FB8C0 49] iPadPro129, [000002AF2ED1EB00][000002AF2F1FFA40 49] iPadPro97, [000002AF2ED02600][000002AF2F203BC0 49] iPadPro2_129, [000002AF2ED1FB00][000002AF2F2061C0 49] iPad5, [000002AF2ED02200][000002AF2F20A340 49] iPad6, [000002AF2ED1CF00][000002AF2F20E4C0 49] iPad7, [000002AF2ED01D00][000002AF2F216640 49] iPad8, [000002AF2ED1C900][000002AF2F21E7C0 49] iPadPro11, [000002AF2ED00F00][000002AF2F222940 49] iPadPro2_11, [000002AF2ED1F200][000002AF2F226AC0 49] iPadPro3_129, [000002AF2ED03C00][000002AF2F61AC00 49] iPadPro4_129, [000002AF2ED1CC00][000002AF2F22AD40 49] AppleTV, [000002AF2ED02100][000002AF2F91EE80 49] AppleTV4K, [000002AF2ED1F100][000002AF2F922FC0 49] TVOS, [000002AF2ED03400][000002AF2F92B140 49] Mac, [000002AF2ED1F800][000002AF2F92F2C0 49] MacClient, [000002AF2ED01E00][000002AF2F933440 49] MacNoEditor, [000002AF2ED1FF00][000002AF2F5A75C0 49] MacServer, [000002AF2ED02E00][000002AF2F5AB740 49] Linux, [000002AF2ED1CB00][000002AF2F5AF8C0 49] LinuxAArch64, [000002AF2ED01F00][000002AF2F5B3A40 49] LinuxNoEditor, [000002AF2ED1DB00][000002AF2F151BC0 49] LinuxAArch64NoEditor, [000002AF2ED03900][000002AF2F5F01C0 49] LinuxClient, [000002AF2ED1F500][000002AF2F16A340 49] LinuxAArch64Client, [000002AF2ED02300][000002AF2F16E4C0 49] LinuxServer, [000002AF2ED1C500][000002AF2F172640 49] LinuxAArch64Server, [000002AF2ED00D00][000002AF2F1767C0 49] Android, [000002AF2ED1D900][000002AF2F4BA940 49] Android_Low, [000002AF2ED03600][000002AF2F5FAAC0 49] Android_Mid, [000002AF2ED1ED00][000002AF2F5FEC40 49] Android_High, [000002AF2ED03800][000002AF2F926D80 49] Android_Default, [000002AF2ED1E100][000002AF2F300EC0 49] Android_Adreno4xx, [000002AF2ED00900][000002AF2F603000 49] Android_Adreno5xx_Low, [000002AF2ED0F600][000002AF2F607140 49] Android_Adreno5xx, [000002AF2E32C900][000002AF2F60F2C0 49] Android_Adreno6xx, [000002AF2ED0D800][000002AF2F613440 49] Android_Adreno6xx_Vulkan, [000002AF2E32CF00][000002AF2F6175C0 49] Android_Mali_T6xx, [000002AF2ED0D200][000002AF2F197740 49] Android_Mali_T7xx, [000002AF2E32F800][000002AF27C738C0 49] Android_Mali_T8xx, [000002AF2ED0DE00][000002AF27C77A40 49] Android_Mali_G71, [000002AF2E32C500][000002AF27C7BBC0 49] Android_Mali_G72, [000002AF2ED0C600][000002AF2F21A1C0 49] Android_Mali_G72_Vulkan, [000002AF2E32D100][000002AF27C7E340 49] Android_Mali_G76, [000002AF2ED0C100][000002AF27C864C0 49] Android_Mali_G76_Vulkan, [000002AF2E32DE00][000002AF27C8A640 49] Android_Mali_G77, [000002AF2ED0CC00][000002AF2F89C7C0 49] Android_Mali_G77_Vulkan, [000002AF2E32CA00][000002AF2F8A0940 49] Android_Mali_G78, [000002AF2ED0EC00][000002AF27C82AC0 49] Android_Mali_G78_Vulkan, [000002AF2E32F500][000002AF2F212C40 49] Android_Mali_G710, [000002AF2ED0E400][000002AF2F19ADC0 49] Android_Mali_G710_Vulkan, [000002AF2E32E600][000002AF2F19EF40 49] Android_Vulkan_SM5, [000002AF2ED0FB00][000002AF2F60B080 49] Android_PowerVR_G6xxx, [000002AF2E32F300][000002AF2F1BB1C0 49] Android_PowerVR_GT7xxx, [000002AF2ED0E300][000002AF30021300 49] Android_PowerVR_GE8xxx, [000002AF2E32ED00][000002AF30029480 49] Android_PowerVR_GM9xxx, [000002AF2ED0FF00][000002AF3002D600 49] Android_PowerVR_GM9xxx_Vulkan, [000002AF2E32D500][000002AF30031780 49] Android_TegraK1, [000002AF2ED0C400][000002AF30035900 49] Android_Unknown_Vulkan, [000002AF2E32EC00][000002AF2F4C3A80 49] Lumin, [000002AF2ED0C500][000002AF30039C00 49] Lumin_Desktop, [000002AF2E32CD00][000002AF3003C200 49] HoloLens, 
[2022.04.27-16.21.38:287][  0]LogMeshReduction: Using QuadricMeshReduction for automatic static mesh reduction
[2022.04.27-16.21.38:287][  0]LogMeshReduction: Using SimplygonMeshReduction for automatic skeletal mesh reduction
[2022.04.27-16.21.38:287][  0]LogMeshReduction: Using ProxyLODMeshReduction for automatic mesh merging
[2022.04.27-16.21.38:287][  0]LogMeshReduction: No distributed automatic mesh merging module available
[2022.04.27-16.21.38:287][  0]LogMeshMerging: No distributed automatic mesh merging module available
[2022.04.27-16.21.38:301][  0]LogNetVersion: Shooter 1.0.0, NetCL: 17155196, EngineNetVer: 17, GameNetVer: 0 (Checksum: 1849318458)
[2022.04.27-16.21.38:604][  0]LogTexture: Default maximum texture size for cubemaps generated from long-lat sources has been changed from 512 to unlimited. In order to preserve old behaiour for '/Engine/MapTemplates/Sky/DaylightAmbientCubemap.DaylightAmbientCubemap', its maximum texture size has been explicitly set to 512.
[2022.04.27-16.21.38:646][  0]LogHMD: PokeAHoleMaterial loaded successfully
[2022.04.27-16.21.38:651][  0]LogUObjectArray: 17178 objects as part of root set at end of initial load.
[2022.04.27-16.21.38:651][  0]LogUObjectAllocator: 4302048 out of 0 bytes used by permanent object pool.
[2022.04.27-16.21.38:651][  0]LogUObjectArray: CloseDisregardForGC: 0/0 objects in disregard for GC pool
[2022.04.27-16.21.38:869][  0]LogNiagaraDebuggerClient: Niagara Debugger Client Initialized | Session: ACFE3C52496AA4BEBF671FBA190EB2F6 | Instance: DCAEE3964B6A8B217CE9C5A5B04419B7 (DESKTOP-PATULNA-22220).
[2022.04.27-16.21.38:895][  0]LogPython: Using Python 3.7.7
[2022.04.27-16.21.39:379][  0]LogTcpMessaging: Initializing TcpMessaging bridge
[2022.04.27-16.21.39:383][  0]LogUdpMessaging: Initializing bridge on interface 0.0.0.0:0 to multicast group 230.0.0.1:6666.
[2022.04.27-16.21.39:510][  0]SourceControl: Source control is disabled
[2022.04.27-16.21.39:510][  0]SourceControl: Source control is disabled
[2022.04.27-16.21.39:515][  0]SourceControl: Source control is disabled
[2022.04.27-16.21.39:519][  0]SourceControl: Source control is disabled
[2022.04.27-16.21.39:527][  0]SourceControl: Source control is disabled
[2022.04.27-16.21.39:546][  0]LogUProjectInfo: Found projects:
[2022.04.27-16.21.39:685][  0]LogOpenImageDenoise: OIDN starting up
[2022.04.27-16.21.39:728][  0]LogAndroidPermission: UAndroidPermissionCallbackProxy::GetInstance
[2022.04.27-16.21.39:746][  0]LogAudioCaptureCore: Display: No Audio Capture implementations found. Audio input will be silent.
[2022.04.27-16.21.39:746][  0]LogAudioCaptureCore: Display: No Audio Capture implementations found. Audio input will be silent.
[2022.04.27-16.21.39:838][  0]LogCollectionManager: Loaded 0 collections in 0.000568 seconds
[2022.04.27-16.21.39:856][  0]LogFileCache: Scanning file cache for directory 'E:/DEV Unreal/ShooterGame/ShooterGame/Shooter/Saved/Collections/' took 0.00s
[2022.04.27-16.21.39:856][  0]LogFileCache: Scanning file cache for directory 'E:/DEV Unreal/ShooterGame/ShooterGame/Shooter/Content/Developers/Pablo/Collections/' took 0.00s
[2022.04.27-16.21.39:856][  0]LogFileCache: Scanning file cache for directory 'E:/DEV Unreal/ShooterGame/ShooterGame/Shooter/Content/Collections/' took 0.00s
[2022.04.27-16.21.39:856][  0]LogOcInput: OculusInput pre-init called
[2022.04.27-16.21.40:054][  0]LogEngine: Initializing Engine...
[2022.04.27-16.21.40:056][  0]LogHMD: Failed to enumerate extensions. Please check that you have a valid OpenXR runtime installed.
[2022.04.27-16.21.40:056][  0]LogHMD: Failed to initialize OpenVR with code 110
[2022.04.27-16.21.40:056][  0]LogMagicLeap: Warning: VR disabled because ZI is not enabled.  To enable, in the editor, Edit -> Project Settings -> Plugins -> Magic Leap Plugin -> Enable Zero Iteration
[2022.04.27-16.21.40:057][  0]LogStats: UGameplayTagsManager::InitializeManager -  0.000 s
[2022.04.27-16.21.40:147][  0]LogInit: Initializing FReadOnlyCVARCache
[2022.04.27-16.21.40:153][  0]LogAIModule: Creating AISystem for world Untitled
[2022.04.27-16.21.40:163][  0]LogAudio: Display: Initializing Audio Device Manager...
[2022.04.27-16.21.40:166][  0]LogAudio: Display: Loading Default Audio Settings Objects...
[2022.04.27-16.21.40:167][  0]LogAudio: Display: No default SoundConcurrencyObject specified (or failed to load).
[2022.04.27-16.21.40:167][  0]LogAudio: Display: Audio Device Manager Initialized
[2022.04.27-16.21.40:167][  0]LogAudio: Display: Creating Audio Device:                 Id: 1, Scope: Shared, Realtime: True
[2022.04.27-16.21.40:167][  0]LogAudioMixer: Display: Audio Mixer Platform Settings:
[2022.04.27-16.21.40:167][  0]LogAudioMixer: Display: 	Sample Rate:						  48000
[2022.04.27-16.21.40:167][  0]LogAudioMixer: Display: 	Callback Buffer Frame Size Requested: 1024
[2022.04.27-16.21.40:167][  0]LogAudioMixer: Display: 	Callback Buffer Frame Size To Use:	  1024
[2022.04.27-16.21.40:167][  0]LogAudioMixer: Display: 	Number of buffers to queue:			  2
[2022.04.27-16.21.40:167][  0]LogAudioMixer: Display: 	Max Channels (voices):				  32
[2022.04.27-16.21.40:167][  0]LogAudioMixer: Display: 	Number of Async Source Workers:		  0
[2022.04.27-16.21.40:167][  0]LogAudio: Display: AudioDevice MaxSources: 32
[2022.04.27-16.21.40:168][  0]LogAudio: Display: Audio Spatialization Plugin: None (built-in).
[2022.04.27-16.21.40:168][  0]LogAudio: Display: Audio Reverb Plugin: None (built-in).
[2022.04.27-16.21.40:168][  0]LogAudio: Display: Audio Occlusion Plugin: None (built-in).
[2022.04.27-16.21.40:168][  0]LogAudioMixer: Display: Initializing audio mixer.
[2022.04.27-16.21.40:179][  0]LogAudioMixer: Display: 0: FrontLeft
[2022.04.27-16.21.40:180][  0]LogAudioMixer: Display: 1: FrontRight
[2022.04.27-16.21.40:193][  0]LogAudioMixer: Display: Using Audio Device Altavoces (Realtek High Definition Audio)
[2022.04.27-16.21.40:195][  0]LogAudioMixer: Display: Initializing Sound Submixes...
[2022.04.27-16.21.40:197][  0]LogAudioMixer: Display: Creating Master Submix 'MasterSubmixDefault'
[2022.04.27-16.21.40:197][  0]LogAudioMixer: Display: Creating Master Submix 'MasterReverbSubmixDefault'
[2022.04.27-16.21.40:198][  0]LogAudioMixer: Display: Creating Master Submix 'MasterEQSubmixDefault'
[2022.04.27-16.21.40:198][  0]LogAudioMixer: FMixerPlatformXAudio2::StartAudioStream() called
[2022.04.27-16.21.40:198][  0]LogAudioMixer: Display: Output buffers initialized: Frames=1024, Channels=2, Samples=2048
[2022.04.27-16.21.40:199][  0]LogAudioMixer: Display: Starting AudioMixerPlatformInterface::RunInternal()
[2022.04.27-16.21.40:199][  0]LogAudioMixer: Display: FMixerPlatformXAudio2::SubmitBuffer() called for the first time
[2022.04.27-16.21.40:199][  0]LogInit: FAudioDevice initialized.
[2022.04.27-16.21.40:199][  0]LogAudio: Display: Audio Device (ID: 1) registered with world 'Untitled'.
[2022.04.27-16.21.40:199][  0]LogNetVersion: Set ProjectVersion to 1.0.0.0. Version Checksum will be recalculated on next use.
[2022.04.27-16.21.40:267][  0]LogDerivedDataCache: Saved boot cache 0.07s 94MB C:/Users/Pablo/AppData/Local/UnrealEngine/4.27/DerivedDataCache/Boot.ddc.
[2022.04.27-16.21.40:269][  0]LogInit: Texture streaming: Enabled
[2022.04.27-16.21.40:279][  0]LogAnalytics: Display: [UEEditor.Rocket.Release] APIServer = https://datarouter.ol.epicgames.com/. AppVersion = 4.27.2-18319896+++UE4+Release-4.27
[2022.04.27-16.21.40:286][  0]LogEngineSessionManager: EngineSessionManager initialized
[2022.04.27-16.21.40:286][  0]LogEngineSessionManager: EngineSessionManager sent abnormal shutdown report. Type=AbnormalShutdown, SessionId={2604C147-40B4-8ECF-C5E5-8CB6F031EBC8}
[2022.04.27-16.21.40:286][  0]LogEditorSessionSummary: Verbose: Initializing EditorSessionSummaryWriter for editor session tracking
[2022.04.27-16.21.40:296][  0]LogEditorSessionSummary: EditorSessionSummaryWriter initialized
[2022.04.27-16.21.40:318][  0]LogInit: Transaction tracking system initialized
[2022.04.27-16.21.40:335][  0]BlueprintLog: New page: Editor Load
[2022.04.27-16.21.40:380][  0]LocalizationService: Localization service is disabled
[2022.04.27-16.21.40:430][  0]TimingProfiler: Initialize
[2022.04.27-16.21.40:430][  0]TimingProfiler: OnSessionChanged
[2022.04.27-16.21.40:430][  0]LoadingProfiler: Initialize
[2022.04.27-16.21.40:430][  0]LoadingProfiler: OnSessionChanged
[2022.04.27-16.21.40:430][  0]NetworkingProfiler: Initialize
[2022.04.27-16.21.40:430][  0]NetworkingProfiler: OnSessionChanged
[2022.04.27-16.21.40:430][  0]MemoryProfiler: Initialize
[2022.04.27-16.21.40:430][  0]MemoryProfiler: OnSessionChanged
[2022.04.27-16.21.40:536][  0]LogCook: Display: CookSettings for Memory: MemoryMaxUsedVirtual 0MiB, MemoryMaxUsedPhysical 16384MiB, MemoryMinFreeVirtual 0MiB, MemoryMinFreePhysical 1024MiB
[2022.04.27-16.21.40:537][  0]LogCook: Display: Mobile HDR setting 1
[2022.04.27-16.21.40:681][  0]LogFileCache: Scanning file cache for directory 'E:/DEV Unreal/ShooterGame/ShooterGame/Shooter/Content/' took 0.01s
[2022.04.27-16.21.40:838][  0]LogInit: Display: Engine is initialized. Leaving FEngineLoop::Init()
[2022.04.27-16.21.40:844][  0]SourceControl: Source control is disabled
[2022.04.27-16.21.40:845][  0]LogUnrealEdMisc: Loading editor; pre map load, took 5.370
[2022.04.27-16.21.40:845][  0]Cmd: MAP LOAD FILE="../../../../../DEV Unreal/ShooterGame/ShooterGame/Shooter/Content/_Game/Maps/DefaultMap.umap" TEMPLATE=0 SHOWPROGRESS=1 FEATURELEVEL=3
[2022.04.27-16.21.40:845][  0]LightingResults: New page: Lighting Build
[2022.04.27-16.21.40:846][  0]LogWorld: UWorld::CleanupWorld for Untitled, bSessionEnded=true, bCleanupResources=true
[2022.04.27-16.21.40:846][  0]LogSlate: InvalidateAllWidgets triggered.  All widgets were invalidated
[2022.04.27-16.21.40:847][  0]MapCheck: New page: Map Check
[2022.04.27-16.21.40:847][  0]LightingResults: New page: Lighting Build
[2022.04.27-16.21.40:851][  0]LogAudio: Display: Audio Device unregistered from world 'None'.
[2022.04.27-16.21.40:853][  0]LogUObjectHash: Compacting FUObjectHashTables data took   0.61ms
[2022.04.27-16.21.41:027][  0]LogTexture: Default maximum texture size for cubemaps generated from long-lat sources has been changed from 512 to unlimited. In order to preserve old behaiour for '/Game/ParagonLtBelica/Characters/Global/Eyes/Textures/T_EpicQuadPanorama_CC.T_EpicQuadPanorama_CC', its maximum texture size has been explicitly set to 512.
[2022.04.27-16.21.41:217][  0]LogSkeletalMesh: Display: [AssetLog] E:\DEV Unreal\ShooterGame\ShooterGame\Shooter\Content\ParagonLtBelica\Characters\Heroes\Belica\Meshes\Belica.uasset: Find and fix some bad tangent! please re-import this skeletal mesh asset to fix the issue. The shading of the skeletal mesh will be bad and faceted.
[2022.04.27-16.21.41:263][  0]LogAudio: Display: Audio Device (ID: 1) registered with world 'DefaultMap'.
[2022.04.27-16.21.41:263][  0]LogAIModule: Creating AISystem for world DefaultMap
[2022.04.27-16.21.41:266][  0]LogEditorServer: Finished looking for orphan Actors (0.000 secs)
[2022.04.27-16.21.41:273][  0]LogUObjectHash: Compacting FUObjectHashTables data took   0.80ms
[2022.04.27-16.21.41:274][  0]Cmd: MAP CHECKDEP NOCLEARLOG
[2022.04.27-16.21.41:275][  0]MapCheck: Map check complete: 0 Error(s), 0 Warning(s), took 0.08ms to complete.
[2022.04.27-16.21.41:275][  0]LogFileHelpers: Loading map 'DefaultMap' took 0.430
[2022.04.27-16.21.41:276][  0]LogUnrealEdMisc: Total Editor Startup Time, took 5.801
[2022.04.27-16.21.41:414][  0]LogSlate: Updating window title bar state: overlay mode, drag disabled, window buttons hidden, title bar hidden
[2022.04.27-16.21.41:422][  0]LogSlate: Updating window title bar state: overlay mode, drag disabled, window buttons hidden, title bar hidden
[2022.04.27-16.21.41:429][  0]LogSlate: Updating window title bar state: overlay mode, drag disabled, window buttons hidden, title bar hidden
[2022.04.27-16.21.41:434][  0]LogSlate: Updating window title bar state: overlay mode, drag disabled, window buttons hidden, title bar hidden
[2022.04.27-16.21.41:450][  0]LogNativeClassHierarchy: Verbose: Native class hierarchy populated in 0.0080 seconds. Added 3825 classes and 930 folders.
[2022.04.27-16.21.41:452][  0]LogNativeClassHierarchy: Verbose: Native class hierarchy updated for 'WidgetCarousel' in 0.0002 seconds. Added 0 classes and 0 folders.
[2022.04.27-16.21.41:453][  0]LogPakFile: PakFile PrimaryIndexSize=187
[2022.04.27-16.21.41:453][  0]LogPakFile: PakFile PathHashIndexSize=101
[2022.04.27-16.21.41:453][  0]LogPakFile: PakFile FullDirectoryIndexSize=148
[2022.04.27-16.21.41:453][  0]LogShaderLibrary: Display: ShaderCodeLibraryPakFileMountedCallback: PakFile 'E:/Unreal/UE_4.27/FeaturePacks/FP_FirstPerson.upack' (chunk index -1, root 'root:/') mounted
[2022.04.27-16.21.41:453][  0]LogShaderLibrary: Display: ShaderCodeLibraryPakFileMountedCallback: pending pak file info (ChunkID:-1 Root:root:/ File:E:/Unreal/UE_4.27/FeaturePacks/FP_FirstPerson.upack)
[2022.04.27-16.21.41:453][  0]LogPakFile: OnPakFileMounted2Time == 0.000061
[2022.04.27-16.21.41:454][  0]LogPakFile: PakFile PrimaryIndexSize=189
[2022.04.27-16.21.41:454][  0]LogPakFile: PakFile PathHashIndexSize=101
[2022.04.27-16.21.41:454][  0]LogPakFile: PakFile FullDirectoryIndexSize=152
[2022.04.27-16.21.41:454][  0]LogShaderLibrary: Display: ShaderCodeLibraryPakFileMountedCallback: PakFile 'E:/Unreal/UE_4.27/FeaturePacks/FP_FirstPersonBP.upack' (chunk index -1, root 'root:/') mounted
[2022.04.27-16.21.41:454][  0]LogShaderLibrary: Display: ShaderCodeLibraryPakFileMountedCallback: pending pak file info (ChunkID:-1 Root:root:/ File:E:/Unreal/UE_4.27/FeaturePacks/FP_FirstPersonBP.upack)
[2022.04.27-16.21.41:454][  0]LogPakFile: OnPakFileMounted2Time == 0.000046
[2022.04.27-16.21.41:454][  0]LogPakFile: PakFile PrimaryIndexSize=191
[2022.04.27-16.21.41:454][  0]LogPakFile: PakFile PathHashIndexSize=101
[2022.04.27-16.21.41:454][  0]LogPakFile: PakFile FullDirectoryIndexSize=160
[2022.04.27-16.21.41:454][  0]LogShaderLibrary: Display: ShaderCodeLibraryPakFileMountedCallback: PakFile 'E:/Unreal/UE_4.27/FeaturePacks/MobileStarterContent.upack' (chunk index -1, root 'root:/') mounted
[2022.04.27-16.21.41:454][  0]LogShaderLibrary: Display: ShaderCodeLibraryPakFileMountedCallback: pending pak file info (ChunkID:-1 Root:root:/ File:E:/Unreal/UE_4.27/FeaturePacks/MobileStarterContent.upack)
[2022.04.27-16.21.41:455][  0]LogPakFile: OnPakFileMounted2Time == 0.000040
[2022.04.27-16.21.41:455][  0]LogPakFile: PakFile PrimaryIndexSize=185
[2022.04.27-16.21.41:455][  0]LogPakFile: PakFile PathHashIndexSize=101
[2022.04.27-16.21.41:455][  0]LogPakFile: PakFile FullDirectoryIndexSize=148
[2022.04.27-16.21.41:455][  0]LogShaderLibrary: Display: ShaderCodeLibraryPakFileMountedCallback: PakFile 'E:/Unreal/UE_4.27/FeaturePacks/StarterContent.upack' (chunk index -1, root 'root:/') mounted
[2022.04.27-16.21.41:455][  0]LogShaderLibrary: Display: ShaderCodeLibraryPakFileMountedCallback: pending pak file info (ChunkID:-1 Root:root:/ File:E:/Unreal/UE_4.27/FeaturePacks/StarterContent.upack)
[2022.04.27-16.21.41:455][  0]LogPakFile: OnPakFileMounted2Time == 0.000047
[2022.04.27-16.21.41:456][  0]LogPakFile: PakFile PrimaryIndexSize=190
[2022.04.27-16.21.41:456][  0]LogPakFile: PakFile PathHashIndexSize=101
[2022.04.27-16.21.41:456][  0]LogPakFile: PakFile FullDirectoryIndexSize=154
[2022.04.27-16.21.41:456][  0]LogShaderLibrary: Display: ShaderCodeLibraryPakFileMountedCallback: PakFile 'E:/Unreal/UE_4.27/FeaturePacks/TP_2DSideScroller.upack' (chunk index -1, root 'root:/') mounted
[2022.04.27-16.21.41:456][  0]LogShaderLibrary: Display: ShaderCodeLibraryPakFileMountedCallback: pending pak file info (ChunkID:-1 Root:root:/ File:E:/Unreal/UE_4.27/FeaturePacks/TP_2DSideScroller.upack)
[2022.04.27-16.21.41:456][  0]LogPakFile: OnPakFileMounted2Time == 0.000040
[2022.04.27-16.21.41:456][  0]LogPakFile: PakFile PrimaryIndexSize=192
[2022.04.27-16.21.41:456][  0]LogPakFile: PakFile PathHashIndexSize=101
[2022.04.27-16.21.41:456][  0]LogPakFile: PakFile FullDirectoryIndexSize=158
[2022.04.27-16.21.41:456][  0]LogShaderLibrary: Display: ShaderCodeLibraryPakFileMountedCallback: PakFile 'E:/Unreal/UE_4.27/FeaturePacks/TP_2DSideScrollerBP.upack' (chunk index -1, root 'root:/') mounted
[2022.04.27-16.21.41:456][  0]LogShaderLibrary: Display: ShaderCodeLibraryPakFileMountedCallback: pending pak file info (ChunkID:-1 Root:root:/ File:E:/Unreal/UE_4.27/FeaturePacks/TP_2DSideScrollerBP.upack)
[2022.04.27-16.21.41:456][  0]LogPakFile: OnPakFileMounted2Time == 0.000039
[2022.04.27-16.21.41:457][  0]LogPakFile: PakFile PrimaryIndexSize=182
[2022.04.27-16.21.41:457][  0]LogPakFile: PakFile PathHashIndexSize=101
[2022.04.27-16.21.41:457][  0]LogPakFile: PakFile FullDirectoryIndexSize=138
[2022.04.27-16.21.41:457][  0]LogShaderLibrary: Display: ShaderCodeLibraryPakFileMountedCallback: PakFile 'E:/Unreal/UE_4.27/FeaturePacks/TP_Flying.upack' (chunk index -1, root 'root:/') mounted
[2022.04.27-16.21.41:457][  0]LogShaderLibrary: Display: ShaderCodeLibraryPakFileMountedCallback: pending pak file info (ChunkID:-1 Root:root:/ File:E:/Unreal/UE_4.27/FeaturePacks/TP_Flying.upack)
[2022.04.27-16.21.41:457][  0]LogPakFile: OnPakFileMounted2Time == 0.000065
[2022.04.27-16.21.41:457][  0]LogPakFile: PakFile PrimaryIndexSize=184
[2022.04.27-16.21.41:457][  0]LogPakFile: PakFile PathHashIndexSize=101
[2022.04.27-16.21.41:457][  0]LogPakFile: PakFile FullDirectoryIndexSize=142
[2022.04.27-16.21.41:457][  0]LogShaderLibrary: Display: ShaderCodeLibraryPakFileMountedCallback: PakFile 'E:/Unreal/UE_4.27/FeaturePacks/TP_FlyingBP.upack' (chunk index -1, root 'root:/') mounted
[2022.04.27-16.21.41:457][  0]LogShaderLibrary: Display: ShaderCodeLibraryPakFileMountedCallback: pending pak file info (ChunkID:-1 Root:root:/ File:E:/Unreal/UE_4.27/FeaturePacks/TP_FlyingBP.upack)
[2022.04.27-16.21.41:457][  0]LogPakFile: OnPakFileMounted2Time == 0.000039
[2022.04.27-16.21.41:458][  0]LogPakFile: PakFile PrimaryIndexSize=188
[2022.04.27-16.21.41:458][  0]LogPakFile: PakFile PathHashIndexSize=101
[2022.04.27-16.21.41:458][  0]LogPakFile: PakFile FullDirectoryIndexSize=150
[2022.04.27-16.21.41:458][  0]LogShaderLibrary: Display: ShaderCodeLibraryPakFileMountedCallback: PakFile 'E:/Unreal/UE_4.27/FeaturePacks/TP_HandheldARBP.upack' (chunk index -1, root 'root:/') mounted
[2022.04.27-16.21.41:458][  0]LogShaderLibrary: Display: ShaderCodeLibraryPakFileMountedCallback: pending pak file info (ChunkID:-1 Root:root:/ File:E:/Unreal/UE_4.27/FeaturePacks/TP_HandheldARBP.upack)
[2022.04.27-16.21.41:458][  0]LogPakFile: OnPakFileMounted2Time == 0.000078
[2022.04.27-16.21.41:459][  0]LogPakFile: PakFile PrimaryIndexSize=182
[2022.04.27-16.21.41:459][  0]LogPakFile: PakFile PathHashIndexSize=101
[2022.04.27-16.21.41:459][  0]LogPakFile: PakFile FullDirectoryIndexSize=138
[2022.04.27-16.21.41:459][  0]LogShaderLibrary: Display: ShaderCodeLibraryPakFileMountedCallback: PakFile 'E:/Unreal/UE_4.27/FeaturePacks/TP_Puzzle.upack' (chunk index -1, root 'root:/') mounted
[2022.04.27-16.21.41:459][  0]LogShaderLibrary: Display: ShaderCodeLibraryPakFileMountedCallback: pending pak file info (ChunkID:-1 Root:root:/ File:E:/Unreal/UE_4.27/FeaturePacks/TP_Puzzle.upack)
[2022.04.27-16.21.41:459][  0]LogPakFile: OnPakFileMounted2Time == 0.000041
[2022.04.27-16.21.41:460][  0]LogPakFile: PakFile PrimaryIndexSize=184
[2022.04.27-16.21.41:460][  0]LogPakFile: PakFile PathHashIndexSize=101
[2022.04.27-16.21.41:460][  0]LogPakFile: PakFile FullDirectoryIndexSize=142
[2022.04.27-16.21.41:460][  0]LogShaderLibrary: Display: ShaderCodeLibraryPakFileMountedCallback: PakFile 'E:/Unreal/UE_4.27/FeaturePacks/TP_PuzzleBP.upack' (chunk index -1, root 'root:/') mounted
[2022.04.27-16.21.41:460][  0]LogShaderLibrary: Display: ShaderCodeLibraryPakFileMountedCallback: pending pak file info (ChunkID:-1 Root:root:/ File:E:/Unreal/UE_4.27/FeaturePacks/TP_PuzzleBP.upack)
[2022.04.27-16.21.41:460][  0]LogPakFile: OnPakFileMounted2Time == 0.000086
[2022.04.27-16.21.41:460][  0]LogPakFile: PakFile PrimaryIndexSize=183
[2022.04.27-16.21.41:460][  0]LogPakFile: PakFile PathHashIndexSize=101
[2022.04.27-16.21.41:460][  0]LogPakFile: PakFile FullDirectoryIndexSize=140
[2022.04.27-16.21.41:460][  0]LogShaderLibrary: Display: ShaderCodeLibraryPakFileMountedCallback: PakFile 'E:/Unreal/UE_4.27/FeaturePacks/TP_Rolling.upack' (chunk index -1, root 'root:/') mounted
[2022.04.27-16.21.41:460][  0]LogShaderLibrary: Display: ShaderCodeLibraryPakFileMountedCallback: pending pak file info (ChunkID:-1 Root:root:/ File:E:/Unreal/UE_4.27/FeaturePacks/TP_Rolling.upack)
[2022.04.27-16.21.41:460][  0]LogPakFile: OnPakFileMounted2Time == 0.000040
[2022.04.27-16.21.41:461][  0]LogPakFile: PakFile PrimaryIndexSize=185
[2022.04.27-16.21.41:461][  0]LogPakFile: PakFile PathHashIndexSize=101
[2022.04.27-16.21.41:461][  0]LogPakFile: PakFile FullDirectoryIndexSize=144
[2022.04.27-16.21.41:461][  0]LogShaderLibrary: Display: ShaderCodeLibraryPakFileMountedCallback: PakFile 'E:/Unreal/UE_4.27/FeaturePacks/TP_RollingBP.upack' (chunk index -1, root 'root:/') mounted
[2022.04.27-16.21.41:461][  0]LogShaderLibrary: Display: ShaderCodeLibraryPakFileMountedCallback: pending pak file info (ChunkID:-1 Root:root:/ File:E:/Unreal/UE_4.27/FeaturePacks/TP_RollingBP.upack)
[2022.04.27-16.21.41:461][  0]LogPakFile: OnPakFileMounted2Time == 0.000060
[2022.04.27-16.21.41:462][  0]LogPakFile: PakFile PrimaryIndexSize=188
[2022.04.27-16.21.41:462][  0]LogPakFile: PakFile PathHashIndexSize=101
[2022.04.27-16.21.41:462][  0]LogPakFile: PakFile FullDirectoryIndexSize=150
[2022.04.27-16.21.41:462][  0]LogShaderLibrary: Display: ShaderCodeLibraryPakFileMountedCallback: PakFile 'E:/Unreal/UE_4.27/FeaturePacks/TP_SideScroller.upack' (chunk index -1, root 'root:/') mounted
[2022.04.27-16.21.41:462][  0]LogShaderLibrary: Display: ShaderCodeLibraryPakFileMountedCallback: pending pak file info (ChunkID:-1 Root:root:/ File:E:/Unreal/UE_4.27/FeaturePacks/TP_SideScroller.upack)
[2022.04.27-16.21.41:462][  0]LogPakFile: OnPakFileMounted2Time == 0.000041
[2022.04.27-16.21.41:462][  0]LogPakFile: PakFile PrimaryIndexSize=190
[2022.04.27-16.21.41:462][  0]LogPakFile: PakFile PathHashIndexSize=101
[2022.04.27-16.21.41:462][  0]LogPakFile: PakFile FullDirectoryIndexSize=154
[2022.04.27-16.21.41:462][  0]LogShaderLibrary: Display: ShaderCodeLibraryPakFileMountedCallback: PakFile 'E:/Unreal/UE_4.27/FeaturePacks/TP_SideScrollerBP.upack' (chunk index -1, root 'root:/') mounted
[2022.04.27-16.21.41:462][  0]LogShaderLibrary: Display: ShaderCodeLibraryPakFileMountedCallback: pending pak file info (ChunkID:-1 Root:root:/ File:E:/Unreal/UE_4.27/FeaturePacks/TP_SideScrollerBP.upack)
[2022.04.27-16.21.41:462][  0]LogPakFile: OnPakFileMounted2Time == 0.000061
[2022.04.27-16.21.41:463][  0]LogPakFile: PakFile PrimaryIndexSize=187
[2022.04.27-16.21.41:463][  0]LogPakFile: PakFile PathHashIndexSize=101
[2022.04.27-16.21.41:463][  0]LogPakFile: PakFile FullDirectoryIndexSize=148
[2022.04.27-16.21.41:463][  0]LogShaderLibrary: Display: ShaderCodeLibraryPakFileMountedCallback: PakFile 'E:/Unreal/UE_4.27/FeaturePacks/TP_ThirdPerson.upack' (chunk index -1, root 'root:/') mounted
[2022.04.27-16.21.41:463][  0]LogShaderLibrary: Display: ShaderCodeLibraryPakFileMountedCallback: pending pak file info (ChunkID:-1 Root:root:/ File:E:/Unreal/UE_4.27/FeaturePacks/TP_ThirdPerson.upack)
[2022.04.27-16.21.41:463][  0]LogPakFile: OnPakFileMounted2Time == 0.000039
[2022.04.27-16.21.41:464][  0]LogPakFile: PakFile PrimaryIndexSize=189
[2022.04.27-16.21.41:464][  0]LogPakFile: PakFile PathHashIndexSize=101
[2022.04.27-16.21.41:464][  0]LogPakFile: PakFile FullDirectoryIndexSize=152
[2022.04.27-16.21.41:464][  0]LogShaderLibrary: Display: ShaderCodeLibraryPakFileMountedCallback: PakFile 'E:/Unreal/UE_4.27/FeaturePacks/TP_ThirdPersonBP.upack' (chunk index -1, root 'root:/') mounted
[2022.04.27-16.21.41:464][  0]LogShaderLibrary: Display: ShaderCodeLibraryPakFileMountedCallback: pending pak file info (ChunkID:-1 Root:root:/ File:E:/Unreal/UE_4.27/FeaturePacks/TP_ThirdPersonBP.upack)
[2022.04.27-16.21.41:464][  0]LogPakFile: OnPakFileMounted2Time == 0.000083
[2022.04.27-16.21.41:464][  0]LogPakFile: PakFile PrimaryIndexSize=183
[2022.04.27-16.21.41:464][  0]LogPakFile: PakFile PathHashIndexSize=101
[2022.04.27-16.21.41:465][  0]LogPakFile: PakFile FullDirectoryIndexSize=140
[2022.04.27-16.21.41:465][  0]LogShaderLibrary: Display: ShaderCodeLibraryPakFileMountedCallback: PakFile 'E:/Unreal/UE_4.27/FeaturePacks/TP_TopDown.upack' (chunk index -1, root 'root:/') mounted
[2022.04.27-16.21.41:465][  0]LogShaderLibrary: Display: ShaderCodeLibraryPakFileMountedCallback: pending pak file info (ChunkID:-1 Root:root:/ File:E:/Unreal/UE_4.27/FeaturePacks/TP_TopDown.upack)
[2022.04.27-16.21.41:465][  0]LogPakFile: OnPakFileMounted2Time == 0.000045
[2022.04.27-16.21.41:465][  0]LogPakFile: PakFile PrimaryIndexSize=185
[2022.04.27-16.21.41:465][  0]LogPakFile: PakFile PathHashIndexSize=101
[2022.04.27-16.21.41:465][  0]LogPakFile: PakFile FullDirectoryIndexSize=144
[2022.04.27-16.21.41:465][  0]LogShaderLibrary: Display: ShaderCodeLibraryPakFileMountedCallback: PakFile 'E:/Unreal/UE_4.27/FeaturePacks/TP_TopDownBP.upack' (chunk index -1, root 'root:/') mounted
[2022.04.27-16.21.41:465][  0]LogShaderLibrary: Display: ShaderCodeLibraryPakFileMountedCallback: pending pak file info (ChunkID:-1 Root:root:/ File:E:/Unreal/UE_4.27/FeaturePacks/TP_TopDownBP.upack)
[2022.04.27-16.21.41:465][  0]LogPakFile: OnPakFileMounted2Time == 0.000054
[2022.04.27-16.21.41:466][  0]LogPakFile: PakFile PrimaryIndexSize=185
[2022.04.27-16.21.41:466][  0]LogPakFile: PakFile PathHashIndexSize=101
[2022.04.27-16.21.41:466][  0]LogPakFile: PakFile FullDirectoryIndexSize=144
[2022.04.27-16.21.41:466][  0]LogShaderLibrary: Display: ShaderCodeLibraryPakFileMountedCallback: PakFile 'E:/Unreal/UE_4.27/FeaturePacks/TP_TwinStick.upack' (chunk index -1, root 'root:/') mounted
[2022.04.27-16.21.41:466][  0]LogShaderLibrary: Display: ShaderCodeLibraryPakFileMountedCallback: pending pak file info (ChunkID:-1 Root:root:/ File:E:/Unreal/UE_4.27/FeaturePacks/TP_TwinStick.upack)
[2022.04.27-16.21.41:466][  0]LogPakFile: OnPakFileMounted2Time == 0.000055
[2022.04.27-16.21.41:466][  0]LogPakFile: PakFile PrimaryIndexSize=187
[2022.04.27-16.21.41:467][  0]LogPakFile: PakFile PathHashIndexSize=101
[2022.04.27-16.21.41:467][  0]LogPakFile: PakFile FullDirectoryIndexSize=148
[2022.04.27-16.21.41:467][  0]LogShaderLibrary: Display: ShaderCodeLibraryPakFileMountedCallback: PakFile 'E:/Unreal/UE_4.27/FeaturePacks/TP_TwinStickBP.upack' (chunk index -1, root 'root:/') mounted
[2022.04.27-16.21.41:467][  0]LogShaderLibrary: Display: ShaderCodeLibraryPakFileMountedCallback: pending pak file info (ChunkID:-1 Root:root:/ File:E:/Unreal/UE_4.27/FeaturePacks/TP_TwinStickBP.upack)
[2022.04.27-16.21.41:467][  0]LogPakFile: OnPakFileMounted2Time == 0.000043
[2022.04.27-16.21.41:467][  0]LogPakFile: PakFile PrimaryIndexSize=183
[2022.04.27-16.21.41:467][  0]LogPakFile: PakFile PathHashIndexSize=101
[2022.04.27-16.21.41:467][  0]LogPakFile: PakFile FullDirectoryIndexSize=140
[2022.04.27-16.21.41:467][  0]LogShaderLibrary: Display: ShaderCodeLibraryPakFileMountedCallback: PakFile 'E:/Unreal/UE_4.27/FeaturePacks/TP_Vehicle.upack' (chunk index -1, root 'root:/') mounted
[2022.04.27-16.21.41:467][  0]LogShaderLibrary: Display: ShaderCodeLibraryPakFileMountedCallback: pending pak file info (ChunkID:-1 Root:root:/ File:E:/Unreal/UE_4.27/FeaturePacks/TP_Vehicle.upack)
[2022.04.27-16.21.41:467][  0]LogPakFile: OnPakFileMounted2Time == 0.000074
[2022.04.27-16.21.41:468][  0]LogPakFile: PakFile PrimaryIndexSize=186
[2022.04.27-16.21.41:468][  0]LogPakFile: PakFile PathHashIndexSize=101
[2022.04.27-16.21.41:468][  0]LogPakFile: PakFile FullDirectoryIndexSize=146
[2022.04.27-16.21.41:468][  0]LogShaderLibrary: Display: ShaderCodeLibraryPakFileMountedCallback: PakFile 'E:/Unreal/UE_4.27/FeaturePacks/TP_VehicleAdv.upack' (chunk index -1, root 'root:/') mounted
[2022.04.27-16.21.41:468][  0]LogShaderLibrary: Display: ShaderCodeLibraryPakFileMountedCallback: pending pak file info (ChunkID:-1 Root:root:/ File:E:/Unreal/UE_4.27/FeaturePacks/TP_VehicleAdv.upack)
[2022.04.27-16.21.41:468][  0]LogPakFile: OnPakFileMounted2Time == 0.000041
[2022.04.27-16.21.41:469][  0]LogPakFile: PakFile PrimaryIndexSize=188
[2022.04.27-16.21.41:469][  0]LogPakFile: PakFile PathHashIndexSize=101
[2022.04.27-16.21.41:469][  0]LogPakFile: PakFile FullDirectoryIndexSize=150
[2022.04.27-16.21.41:469][  0]LogShaderLibrary: Display: ShaderCodeLibraryPakFileMountedCallback: PakFile 'E:/Unreal/UE_4.27/FeaturePacks/TP_VehicleAdvBP.upack' (chunk index -1, root 'root:/') mounted
[2022.04.27-16.21.41:469][  0]LogShaderLibrary: Display: ShaderCodeLibraryPakFileMountedCallback: pending pak file info (ChunkID:-1 Root:root:/ File:E:/Unreal/UE_4.27/FeaturePacks/TP_VehicleAdvBP.upack)
[2022.04.27-16.21.41:469][  0]LogPakFile: OnPakFileMounted2Time == 0.000040
[2022.04.27-16.21.41:469][  0]LogPakFile: PakFile PrimaryIndexSize=185
[2022.04.27-16.21.41:469][  0]LogPakFile: PakFile PathHashIndexSize=101
[2022.04.27-16.21.41:469][  0]LogPakFile: PakFile FullDirectoryIndexSize=144
[2022.04.27-16.21.41:469][  0]LogShaderLibrary: Display: ShaderCodeLibraryPakFileMountedCallback: PakFile 'E:/Unreal/UE_4.27/FeaturePacks/TP_VehicleBP.upack' (chunk index -1, root 'root:/') mounted
[2022.04.27-16.21.41:469][  0]LogShaderLibrary: Display: ShaderCodeLibraryPakFileMountedCallback: pending pak file info (ChunkID:-1 Root:root:/ File:E:/Unreal/UE_4.27/FeaturePacks/TP_VehicleBP.upack)
[2022.04.27-16.21.41:469][  0]LogPakFile: OnPakFileMounted2Time == 0.000048
[2022.04.27-16.21.41:470][  0]LogPakFile: PakFile PrimaryIndexSize=192
[2022.04.27-16.21.41:470][  0]LogPakFile: PakFile PathHashIndexSize=101
[2022.04.27-16.21.41:470][  0]LogPakFile: PakFile FullDirectoryIndexSize=158
[2022.04.27-16.21.41:470][  0]LogShaderLibrary: Display: ShaderCodeLibraryPakFileMountedCallback: PakFile 'E:/Unreal/UE_4.27/FeaturePacks/TP_VirtualRealityBP.upack' (chunk index -1, root 'root:/') mounted
[2022.04.27-16.21.41:470][  0]LogShaderLibrary: Display: ShaderCodeLibraryPakFileMountedCallback: pending pak file info (ChunkID:-1 Root:root:/ File:E:/Unreal/UE_4.27/FeaturePacks/TP_VirtualRealityBP.upack)
[2022.04.27-16.21.41:470][  0]LogPakFile: OnPakFileMounted2Time == 0.000041
[2022.04.27-16.21.41:502][  0]LogNativeClassHierarchy: Verbose: Native class hierarchy updated for 'AddContentDialog' in 0.0002 seconds. Added 0 classes and 0 folders.
[2022.04.27-16.21.41:506][  0]LogNativeClassHierarchy: Verbose: Native class hierarchy updated for 'SceneOutliner' in 0.0002 seconds. Added 2 classes and 0 folders.
[2022.04.27-16.21.41:829][  0]LogSlate: Only BGRA pngs, bmps or icos are supported in by External Image Picker
[2022.04.27-16.21.41:900][  0]LogSlate: Took 0.000169 seconds to synchronously load lazily loaded font '../../../Engine/Content/Slate/Fonts/Roboto-Regular.ttf' (155K)
[2022.04.27-16.21.41:901][  0]LogSlate: Took 0.000119 seconds to synchronously load lazily loaded font '../../../Engine/Content/Editor/Slate/Fonts/FontAwesome.ttf' (139K)
[2022.04.27-16.21.41:902][  0]LogSlate: Took 0.000097 seconds to synchronously load lazily loaded font '../../../Engine/Content/Slate/Fonts/Roboto-Bold.ttf' (160K)
[2022.04.27-16.21.41:975][  0]LogRenderer: Reallocating scene render targets to support 1124x500 Format 10 NumSamples 1 (Frame:1).
[2022.04.27-16.21.42:010][  0]LogSlate: Took 0.000114 seconds to synchronously load lazily loaded font '../../../Engine/Content/Slate/Fonts/Roboto-Light.ttf' (167K)
[2022.04.27-16.21.42:052][  0]LogNativeClassHierarchy: Verbose: Native class hierarchy updated for 'HierarchicalLODOutliner' in 0.0002 seconds. Added 0 classes and 0 folders.
[2022.04.27-16.21.42:053][  0]LogLoad: (Engine Initialization) Total time: 6.58 seconds
[2022.04.27-16.21.42:053][  0]LogLoad: (Engine Initialization) Total Blueprint compile time: 0.00 seconds
[2022.04.27-16.21.42:121][  0]LogAssetRegistry: Asset discovery search completed in 4.1218 seconds
[2022.04.27-16.21.42:125][  0]LogCollectionManager: Fixed up redirectors for 0 collections in 0.000003 seconds (updated 0 objects)
[2022.04.27-16.21.42:127][  0]LogContentStreaming: Texture pool size now 1000 MB
[2022.04.27-16.21.43:262][123]LogTemp: Repeating last play command: Selected Viewport
[2022.04.27-16.21.43:270][123]LogPlayLevel: PlayLevel: No blueprints needed recompiling
[2022.04.27-16.21.43:271][123]PIE: New page: PIE session: DefaultMap (Apr 27, 2022, 10:21:43 AM)
[2022.04.27-16.21.43:272][123]LogOnline: OSS: Creating online subsystem instance for: NULL
[2022.04.27-16.21.43:273][123]LogOnline: OSS: TryLoadSubsystemAndSetDefault: Loaded subsystem for module [NULL]
[2022.04.27-16.21.43:273][123]LogPlayLevel: Creating play world package: /Game/_Game/Maps/UEDPIE_0_DefaultMap
[2022.04.27-16.21.43:275][123]LogPlayLevel: PIE: StaticDuplicateObject took: (0.001842s)
[2022.04.27-16.21.43:276][123]LogAIModule: Creating AISystem for world DefaultMap
[2022.04.27-16.21.43:276][123]LogPlayLevel: PIE: World Init took: (0.000967s)
[2022.04.27-16.21.43:276][123]LogPlayLevel: PIE: Created PIE world by copying editor world from /Game/_Game/Maps/DefaultMap.DefaultMap to /Game/_Game/Maps/UEDPIE_0_DefaultMap.DefaultMap (0.002943s)
[2022.04.27-16.21.43:281][123]LogUObjectHash: Compacting FUObjectHashTables data took   0.58ms
[2022.04.27-16.21.43:284][123]LogAudio: Display: Creating Audio Device:                 Id: 2, Scope: Unique, Realtime: True
[2022.04.27-16.21.43:284][123]LogAudioMixer: Display: Audio Mixer Platform Settings:
[2022.04.27-16.21.43:284][123]LogAudioMixer: Display: 	Sample Rate:						  48000
[2022.04.27-16.21.43:284][123]LogAudioMixer: Display: 	Callback Buffer Frame Size Requested: 1024
[2022.04.27-16.21.43:284][123]LogAudioMixer: Display: 	Callback Buffer Frame Size To Use:	  1024
[2022.04.27-16.21.43:284][123]LogAudioMixer: Display: 	Number of buffers to queue:			  2
[2022.04.27-16.21.43:284][123]LogAudioMixer: Display: 	Max Channels (voices):				  32
[2022.04.27-16.21.43:284][123]LogAudioMixer: Display: 	Number of Async Source Workers:		  0
[2022.04.27-16.21.43:284][123]LogAudio: Display: AudioDevice MaxSources: 32
[2022.04.27-16.21.43:285][123]LogAudio: Display: Audio Spatialization Plugin: None (built-in).
[2022.04.27-16.21.43:285][123]LogAudio: Display: Audio Reverb Plugin: None (built-in).
[2022.04.27-16.21.43:285][123]LogAudio: Display: Audio Occlusion Plugin: None (built-in).
[2022.04.27-16.21.43:285][123]LogAudioMixer: Display: Initializing audio mixer.
[2022.04.27-16.21.43:290][123]LogAudioMixer: Display: 0: FrontLeft
[2022.04.27-16.21.43:290][123]LogAudioMixer: Display: 1: FrontRight
[2022.04.27-16.21.43:295][123]LogAudioMixer: Display: Using Audio Device Altavoces (Realtek High Definition Audio)
[2022.04.27-16.21.43:295][123]LogAudioMixer: Display: Initializing Sound Submixes...
[2022.04.27-16.21.43:295][123]LogAudioMixer: Display: Creating Master Submix 'MasterSubmixDefault'
[2022.04.27-16.21.43:295][123]LogAudioMixer: Display: Creating Master Submix 'MasterReverbSubmixDefault'
[2022.04.27-16.21.43:295][123]LogAudioMixer: Display: Creating Master Submix 'MasterEQSubmixDefault'
[2022.04.27-16.21.43:295][123]LogAudioMixer: FMixerPlatformXAudio2::StartAudioStream() called
[2022.04.27-16.21.43:295][123]LogAudioMixer: Display: Output buffers initialized: Frames=1024, Channels=2, Samples=2048
[2022.04.27-16.21.43:297][123]LogAudioMixer: Display: Starting AudioMixerPlatformInterface::RunInternal()
[2022.04.27-16.21.43:297][123]LogAudioMixer: Display: FMixerPlatformXAudio2::SubmitBuffer() called for the first time
[2022.04.27-16.21.43:297][123]LogInit: FAudioDevice initialized.
[2022.04.27-16.21.43:297][123]LogAudio: Display: Audio Device (ID: 2) registered with world 'DefaultMap'.
[2022.04.27-16.21.43:309][123]LogLoad: Game class is 'BP_ShooterGameModeBase_C'
[2022.04.27-16.21.43:311][123]LogWorld: Bringing World /Game/_Game/Maps/UEDPIE_0_DefaultMap.DefaultMap up for play (max tick rate 0) at 2022.04.27-13.21.43
[2022.04.27-16.21.43:311][123]LogWorld: Bringing up level for play took: 0.000419
[2022.04.27-16.21.43:311][123]LogOnline: OSS: Creating online subsystem instance for: :Context_2
[2022.04.27-16.21.43:314][123]LogNativeClassHierarchy: Verbose: Native class hierarchy updated for 'MovieSceneCapture' in 0.0003 seconds. Added 20 classes and 0 folders.
[2022.04.27-16.21.43:316][123]PIE: Server logged in
[2022.04.27-16.21.43:317][123]PIE: Play in editor total start time 0.051 seconds.
[2022.04.27-16.21.51:665][118]LogSlate: Updating window title bar state: overlay mode, drag disabled, window buttons hidden, title bar hidden
[2022.04.27-16.21.51:665][118]LogWorld: BeginTearingDown for /Game/_Game/Maps/UEDPIE_0_DefaultMap
[2022.04.27-16.21.51:665][118]LogWorld: UWorld::CleanupWorld for DefaultMap, bSessionEnded=true, bCleanupResources=true
[2022.04.27-16.21.51:666][118]LogSlate: InvalidateAllWidgets triggered.  All widgets were invalidated
[2022.04.27-16.21.51:673][118]LogPlayLevel: Display: Shutting down PIE online subsystems
[2022.04.27-16.21.51:674][118]LogSlate: InvalidateAllWidgets triggered.  All widgets were invalidated
[2022.04.27-16.21.51:679][118]LogAudio: Display: Audio Device unregistered from world 'None'.
[2022.04.27-16.21.51:679][118]LogAudioMixer: FMixerPlatformXAudio2::StopAudioStream() called
[2022.04.27-16.21.51:680][118]LogAudioMixer: FMixerPlatformXAudio2::StopAudioStream() called
[2022.04.27-16.21.51:682][118]LogSlate: Updating window title bar state: overlay mode, drag disabled, window buttons hidden, title bar hidden
[2022.04.27-16.21.51:683][118]LogUObjectHash: Compacting FUObjectHashTables data took   0.64ms
[2022.04.27-16.21.51:738][124]LogPlayLevel: Display: Destroying online subsystem :Context_2
