Log file open, 04/26/22 14:42:31
LogWindows: Failed to load 'aqProf.dll' (GetLastError=126)
LogWindows: File 'aqProf.dll' does not exist
LogWindows: Failed to load 'VtuneApi.dll' (GetLastError=126)
LogWindows: File 'VtuneApi.dll' does not exist
LogWindows: Failed to load 'VtuneApi32e.dll' (GetLastError=126)
LogWindows: File 'VtuneApi32e.dll' does not exist
LogConsoleResponse: Display: Failed to find resolution value strings in scalability ini. Falling back to default.
LogConsoleResponse: Display: Failed to find resolution value strings in scalability ini. Falling back to default.
LogInit: Display: Running engine for game: Shooter
LogPlatformFile: Not using cached read wrapper
LogTaskGraph: Started task graph with 5 named threads and 35 total threads with 3 sets of task threads.
LogStats: Stats thread started at 0.221093
LogICUInternationalization: ICU TimeZone Detection - Raw Offset: -3:00, Platform Override: ''
LogInit: Display: Loading text-based GConfig....
LogPluginManager: Mounting plugin MeshPainting
LogPluginManager: Mounting plugin XGEController
LogPluginManager: Mounting plugin Paper2D
LogPluginManager: Mounting plugin AISupport
LogPluginManager: Mounting plugin EnvironmentQueryEditor
LogPluginManager: Mounting plugin LightPropagationVolume
LogPluginManager: Mounting plugin LiveLink
LogPluginManager: Mounting plugin CameraShakePreviewer
LogPluginManager: Mounting plugin GameplayCameras
LogPluginManager: Mounting plugin OodleData
LogPluginManager: Mounting plugin OodleNetwork
LogPluginManager: Mounting plugin AnimationSharing
LogPluginManager: Mounting plugin CLionSourceCodeAccess
LogPluginManager: Mounting plugin CodeLiteSourceCodeAccess
LogPluginManager: Mounting plugin GitSourceControl
LogPluginManager: Mounting plugin KDevelopSourceCodeAccess
LogPluginManager: Mounting plugin PerforceSourceControl
LogPluginManager: Mounting plugin PixWinPlugin
LogPluginManager: Mounting plugin PropertyAccessNode
LogPluginManager: Mounting plugin PluginUtils
LogPluginManager: Mounting plugin PlasticSourceControl
LogPluginManager: Mounting plugin NullSourceCodeAccess
LogPluginManager: Mounting plugin RiderLink
LogPluginManager: Mounting plugin SubversionSourceControl
LogPluginManager: Mounting plugin TextureFormatOodle
LogPluginManager: Mounting plugin UObjectPlugin
LogPluginManager: Mounting plugin VisualStudioCodeSourceCodeAccess
LogPluginManager: Mounting plugin VisualStudioSourceCodeAccess
LogPluginManager: Mounting plugin XCodeSourceCodeAccess
LogPluginManager: Mounting plugin AssetManagerEditor
LogPluginManager: Mounting plugin RiderSourceCodeAccess
LogPluginManager: Mounting plugin DatasmithContent
LogPluginManager: Mounting plugin VariantManagerContent
LogPluginManager: Mounting plugin Niagara
LogPluginManager: Mounting plugin CurveEditorTools
LogPluginManager: Mounting plugin DataValidation
LogPluginManager: Mounting plugin CryptoKeys
LogPluginManager: Mounting plugin FacialAnimation
LogPluginManager: Mounting plugin GeometryMode
LogPluginManager: Mounting plugin GameplayTagsEditor
LogPluginManager: Mounting plugin MacGraphicsSwitching
LogPluginManager: Mounting plugin MaterialAnalyzer
LogPluginManager: Mounting plugin SpeedTreeImporter
LogPluginManager: Mounting plugin MobileLauncherProfileWizard
LogPluginManager: Mounting plugin AndroidMedia
LogPluginManager: Mounting plugin AvfMedia
LogPluginManager: Mounting plugin PluginBrowser
LogPluginManager: Mounting plugin ImgMedia
LogPluginManager: Mounting plugin MediaCompositing
LogPluginManager: Mounting plugin MediaPlayerEditor
LogPluginManager: Mounting plugin WmfMedia
LogPluginManager: Mounting plugin TcpMessaging
LogPluginManager: Mounting plugin WebMMedia
LogPluginManager: Mounting plugin UdpMessaging
LogPluginManager: Mounting plugin ActorSequence
LogPluginManager: Mounting plugin LevelSequenceEditor
LogPluginManager: Mounting plugin MatineeToLevelSequence
LogPluginManager: Mounting plugin TemplateSequence
LogPluginManager: Mounting plugin OnlineSubsystem
LogPluginManager: Mounting plugin LauncherChunkInstaller
LogPluginManager: Mounting plugin OnlineSubsystemNull
LogPluginManager: Mounting plugin OnlineSubsystemUtils
LogPluginManager: Mounting plugin ActorLayerUtilities
LogPluginManager: Mounting plugin AndroidDeviceProfileSelector
LogPluginManager: Mounting plugin AndroidMoviePlayer
LogPluginManager: Mounting plugin AndroidPermission
LogPluginManager: Mounting plugin AppleImageUtils
LogPluginManager: Mounting plugin AppleMoviePlayer
LogPluginManager: Mounting plugin ArchVisCharacter
LogPluginManager: Mounting plugin AssetTags
LogPluginManager: Mounting plugin AudioSynesthesia
LogPluginManager: Mounting plugin ChunkDownloader
LogPluginManager: Mounting plugin EditableMesh
LogPluginManager: Mounting plugin ExampleDeviceProfileSelector
LogPluginManager: Mounting plugin CustomMeshComponent
LogPluginManager: Mounting plugin GooglePAD
LogPluginManager: Mounting plugin IOSDeviceProfileSelector
LogPluginManager: Mounting plugin LinuxDeviceProfileSelector
LogPluginManager: Mounting plugin LocationServicesBPLibrary
LogPluginManager: Mounting plugin AudioCapture
LogPluginManager: Mounting plugin MobilePatchingUtils
LogPluginManager: Mounting plugin OpenXR
LogPluginManager: Mounting plugin OpenXREyeTracker
LogPluginManager: Mounting plugin CableComponent
LogPluginManager: Mounting plugin OpenXRHandTracking
LogPluginManager: Mounting plugin PhysXVehicles
LogPluginManager: Mounting plugin PostSplashScreen
LogPluginManager: Mounting plugin ProceduralMeshComponent
LogPluginManager: Mounting plugin PropertyAccessEditor
LogPluginManager: Mounting plugin RuntimePhysXCooking
LogPluginManager: Mounting plugin SignificanceManager
LogPluginManager: Mounting plugin SoundFields
LogPluginManager: Mounting plugin GoogleCloudMessaging
LogPluginManager: Mounting plugin Synthesis
LogPluginManager: Mounting plugin WebMMoviePlayer
LogPluginManager: Mounting plugin WindowsMoviePlayer
LogPluginManager: Mounting plugin ScreenshotTools
LogPluginManager: Mounting plugin Takes
LogPluginManager: Mounting plugin AutomationUtils
LogPluginManager: Mounting plugin BackChannel
LogPluginManager: Mounting plugin ChaosClothEditor
LogPluginManager: Mounting plugin AlembicImporter
LogPluginManager: Mounting plugin ChaosNiagara
LogPluginManager: Mounting plugin CharacterAI
LogPluginManager: Mounting plugin ChaosSolverPlugin
LogPluginManager: Mounting plugin ChaosEditor
LogPluginManager: Mounting plugin GeometryCache
LogPluginManager: Mounting plugin GeometryCollectionPlugin
LogPluginManager: Mounting plugin GeometryProcessing
LogPluginManager: Mounting plugin LuminPlatformFeatures
LogPluginManager: Mounting plugin MagicLeap
LogPluginManager: Mounting plugin OpenImageDenoise
LogPluginManager: Mounting plugin PlatformCrypto
LogPluginManager: Mounting plugin ProxyLODPlugin
LogPluginManager: Mounting plugin PythonScriptPlugin
LogPluginManager: Mounting plugin MagicLeapLightEstimation
LogPluginManager: Mounting plugin MagicLeapMedia
LogPluginManager: Mounting plugin MagicLeapPassableWorld
LogPluginManager: Mounting plugin PlanarCut
LogPluginManager: Mounting plugin MLSDK
LogPluginManager: Mounting plugin ChaosCloth
LogPluginManager: Mounting plugin SkeletalReduction
LogPluginManager: Mounting plugin MotoSynth
LogPluginManager: Mounting plugin ContentBrowserAssetDataSource
LogPluginManager: Mounting plugin ContentBrowserClassDataSource
LogPluginManager: Mounting plugin ContentBrowserFileDataSource
LogPluginManager: Mounting plugin OnlineSubsystemIOS
LogPluginManager: Mounting plugin OnlineSubsystemGooglePlay
LogPluginManager: Mounting plugin OculusVR
LogPluginManager: Mounting plugin SteamVR
PixWinPlugin: PIX capture plugin failed to initialize! Check that the process is launched from PIX.
LogInit: Using libcurl 7.55.1-DEV
LogInit:  - built for x86_64-pc-win32
LogInit:  - supports SSL with OpenSSL/1.1.1
LogInit:  - supports HTTP deflate (compression) using libz 1.2.8
LogInit:  - other features:
LogInit:      CURL_VERSION_SSL
LogInit:      CURL_VERSION_LIBZ
LogInit:      CURL_VERSION_IPV6
LogInit:      CURL_VERSION_ASYNCHDNS
LogInit:      CURL_VERSION_LARGEFILE
LogInit:      CURL_VERSION_IDN
LogInit:  CurlRequestOptions (configurable via config and command line):
LogInit:  - bVerifyPeer = true  - Libcurl will verify peer certificate
LogInit:  - bUseHttpProxy = false  - Libcurl will NOT use HTTP proxy
LogInit:  - bDontReuseConnections = false  - Libcurl will reuse connections
LogInit:  - MaxHostConnections = 16  - Libcurl will limit the number of connections to a host
LogInit:  - LocalHostAddr = Default
LogInit:  - BufferSize = 65536
LogOnline: OSS: Creating online subsystem instance for: NULL
LogInit: WinSock: version 1.1 (2.2), MaxSocks=32767, MaxUdp=65467
LogOnline: OSS: TryLoadSubsystemAndSetDefault: Loaded subsystem for module [NULL]
LogOculusPluginWrapper: OculusPlugin initialized successfully
LogHMD: Failed initializing OVRPlugin 1.59.0
LogInit: Build: ++UE4+Release-4.27-CL-18319896
LogInit: Engine Version: 4.27.2-18319896+++UE4+Release-4.27
LogInit: Compatible Engine Version: 4.27.0-17155196+++UE4+Release-4.27
LogInit: Net CL: 17155196
LogInit: OS: Windows 10 (Release 2009) (), CPU: Intel(R) Core(TM) i7-8700 CPU @ 3.20GHz, GPU: NVIDIA GeForce GTX 1070 Ti
LogInit: Compiled (64-bit): Nov 30 2021 07:12:08
LogInit: Compiled with Visual C++: 19.24.28315.00
LogInit: Build Configuration: Development
LogInit: Branch Name: ++UE4+Release-4.27
LogInit: Command Line:  -skipcompile
LogInit: Base Directory: E:/Unreal/UE_4.27/Engine/Binaries/Win64/
LogInit: Allocator: TBB
LogInit: Installed Engine Build: 1
LogDevObjectVersion: Number of dev versions registered: 29
LogDevObjectVersion:   Dev-Blueprints (B0D832E4-1F89-4F0D-ACCF-7EB736FD4AA2): 10
LogDevObjectVersion:   Dev-Build (E1C64328-A22C-4D53-A36C-8E866417BD8C): 0
LogDevObjectVersion:   Dev-Core (375EC13C-06E4-48FB-B500-84F0262A717E): 4
LogDevObjectVersion:   Dev-Editor (E4B068ED-F494-42E9-A231-DA0B2E46BB41): 40
LogDevObjectVersion:   Dev-Framework (CFFC743F-43B0-4480-9391-14DF171D2073): 37
LogDevObjectVersion:   Dev-Mobile (B02B49B5-BB20-44E9-A304-32B752E40360): 3
LogDevObjectVersion:   Dev-Networking (A4E4105C-59A1-49B5-A7C5-40C4547EDFEE): 0
LogDevObjectVersion:   Dev-Online (39C831C9-5AE6-47DC-9A44-9C173E1C8E7C): 0
LogDevObjectVersion:   Dev-Physics (78F01B33-EBEA-4F98-B9B4-84EACCB95AA2): 14
LogDevObjectVersion:   Dev-Platform (6631380F-2D4D-43E0-8009-CF276956A95A): 0
LogDevObjectVersion:   Dev-Rendering (12F88B9F-8875-4AFC-A67C-D90C383ABD29): 45
LogDevObjectVersion:   Dev-Sequencer (7B5AE74C-D270-4C10-A958-57980B212A5A): 13
LogDevObjectVersion:   Dev-VR (D7296918-1DD6-4BDD-9DE2-64A83CC13884): 3
LogDevObjectVersion:   Dev-LoadTimes (C2A15278-BFE7-4AFE-6C17-90FF531DF755): 1
LogDevObjectVersion:   Private-Geometry (6EACA3D4-40EC-4CC1-B786-8BED09428FC5): 3
LogDevObjectVersion:   Dev-AnimPhys (29E575DD-E0A3-4627-9D10-D276232CDCEA): 17
LogDevObjectVersion:   Dev-Anim (AF43A65D-7FD3-4947-9873-3E8ED9C1BB05): 15
LogDevObjectVersion:   Dev-ReflectionCapture (6B266CEC-1EC7-4B8F-A30B-E4D90942FC07): 1
LogDevObjectVersion:   Dev-Automation (0DF73D61-A23F-47EA-B727-89E90C41499A): 1
LogDevObjectVersion:   FortniteMain (601D1886-AC64-4F84-AA16-D3DE0DEAC7D6): 47
LogDevObjectVersion:   FortniteRelease (E7086368-6B23-4C58-8439-1B7016265E91): 1
LogDevObjectVersion:   Dev-Enterprise (9DFFBCD6-494F-0158-E221-12823C92A888): 10
LogDevObjectVersion:   Dev-Niagara (F2AED0AC-9AFE-416F-8664-AA7FFA26D6FC): 1
LogDevObjectVersion:   Dev-Destruction (174F1F0B-B4C6-45A5-B13F-2EE8D0FB917D): 10
LogDevObjectVersion:   Dev-Physics-Ext (35F94A83-E258-406C-A318-09F59610247C): 41
LogDevObjectVersion:   Dev-PhysicsMaterial-Chaos (B68FC16E-8B1B-42E2-B453-215C058844FE): 1
LogDevObjectVersion:   Dev-CineCamera (B2E18506-4273-CFC2-A54E-F4BB758BBA07): 1
LogDevObjectVersion:   Dev-VirtualProduction (64F58936-FD1B-42BA-BA96-7289D5D0FA4E): 1
LogDevObjectVersion:   Dev-MediaFramework (6F0ED827-A609-4895-9C91-998D90180EA4): 2
LogInit: Presizing for max 25165824 objects, including 0 objects not considered by GC, pre-allocating 0 bytes for permanent pool.
LogConfig: Applying CVar settings from Section [/Script/Engine.StreamingSettings] File [E:/DEV Unreal/ShooterGame/ShooterGame/Shooter/Saved/Config/Windows/Engine.ini]
LogConfig: Setting CVar [[s.MinBulkDataSizeForAsyncLoading:131072]]
LogConfig: Setting CVar [[s.AsyncLoadingThreadEnabled:0]]
LogConfig: Setting CVar [[s.EventDrivenLoaderEnabled:1]]
LogConfig: Setting CVar [[s.WarnIfTimeLimitExceeded:0]]
LogConfig: Setting CVar [[s.TimeLimitExceededMultiplier:1.5]]
LogConfig: Setting CVar [[s.TimeLimitExceededMinTime:0.005]]
LogConfig: Setting CVar [[s.UseBackgroundLevelStreaming:1]]
LogConfig: Setting CVar [[s.PriorityAsyncLoadingExtraTime:15.0]]
LogConfig: Setting CVar [[s.LevelStreamingActorsUpdateTimeLimit:5.0]]
LogConfig: Setting CVar [[s.PriorityLevelStreamingActorsUpdateExtraTime:5.0]]
LogConfig: Setting CVar [[s.LevelStreamingComponentsRegistrationGranularity:10]]
LogConfig: Setting CVar [[s.UnregisterComponentsTimeLimit:1.0]]
LogConfig: Setting CVar [[s.LevelStreamingComponentsUnregistrationGranularity:5]]
LogConfig: Setting CVar [[s.FlushStreamingOnExit:1]]
LogInit: Object subsystem initialized
LogConfig: Setting CVar [[con.DebugEarlyDefault:1]]
LogConfig: Setting CVar [[r.setres:1280x720]]
[2022.04.26-17.42.31:567][  0]LogConfig: Setting CVar [[r.VSync:0]]
[2022.04.26-17.42.31:567][  0]LogConfig: Setting CVar [[r.RHICmdBypass:0]]
[2022.04.26-17.42.31:567][  0]LogConfig: Applying CVar settings from Section [/Script/Engine.RendererSettings] File [E:/DEV Unreal/ShooterGame/ShooterGame/Shooter/Saved/Config/Windows/Engine.ini]
[2022.04.26-17.42.31:567][  0]LogConfig: Setting CVar [[r.GPUCrashDebugging:0]]
[2022.04.26-17.42.31:567][  0]LogConfig: Applying CVar settings from Section [/Script/Engine.RendererOverrideSettings] File [E:/DEV Unreal/ShooterGame/ShooterGame/Shooter/Saved/Config/Windows/Engine.ini]
[2022.04.26-17.42.31:567][  0]LogConfig: Applying CVar settings from Section [/Script/Engine.StreamingSettings] File [E:/DEV Unreal/ShooterGame/ShooterGame/Shooter/Saved/Config/Windows/Engine.ini]
[2022.04.26-17.42.31:567][  0]LogConfig: Setting CVar [[s.MinBulkDataSizeForAsyncLoading:131072]]
[2022.04.26-17.42.31:567][  0]LogConfig: Setting CVar [[s.AsyncLoadingThreadEnabled:0]]
[2022.04.26-17.42.31:567][  0]LogConfig: Setting CVar [[s.EventDrivenLoaderEnabled:1]]
[2022.04.26-17.42.31:567][  0]LogConfig: Setting CVar [[s.WarnIfTimeLimitExceeded:0]]
[2022.04.26-17.42.31:567][  0]LogConfig: Setting CVar [[s.TimeLimitExceededMultiplier:1.5]]
[2022.04.26-17.42.31:567][  0]LogConfig: Setting CVar [[s.TimeLimitExceededMinTime:0.005]]
[2022.04.26-17.42.31:567][  0]LogConfig: Setting CVar [[s.UseBackgroundLevelStreaming:1]]
[2022.04.26-17.42.31:567][  0]LogConfig: Setting CVar [[s.PriorityAsyncLoadingExtraTime:15.0]]
[2022.04.26-17.42.31:567][  0]LogConfig: Setting CVar [[s.LevelStreamingActorsUpdateTimeLimit:5.0]]
[2022.04.26-17.42.31:567][  0]LogConfig: Setting CVar [[s.PriorityLevelStreamingActorsUpdateExtraTime:5.0]]
[2022.04.26-17.42.31:567][  0]LogConfig: Setting CVar [[s.LevelStreamingComponentsRegistrationGranularity:10]]
[2022.04.26-17.42.31:567][  0]LogConfig: Setting CVar [[s.UnregisterComponentsTimeLimit:1.0]]
[2022.04.26-17.42.31:567][  0]LogConfig: Setting CVar [[s.LevelStreamingComponentsUnregistrationGranularity:5]]
[2022.04.26-17.42.31:567][  0]LogConfig: Setting CVar [[s.FlushStreamingOnExit:1]]
[2022.04.26-17.42.31:567][  0]LogConfig: Applying CVar settings from Section [/Script/Engine.GarbageCollectionSettings] File [E:/DEV Unreal/ShooterGame/ShooterGame/Shooter/Saved/Config/Windows/Engine.ini]
[2022.04.26-17.42.31:567][  0]LogConfig: Setting CVar [[gc.MaxObjectsNotConsideredByGC:1]]
[2022.04.26-17.42.31:567][  0]LogConfig: Setting CVar [[gc.SizeOfPermanentObjectPool:0]]
[2022.04.26-17.42.31:567][  0]LogConfig: Setting CVar [[gc.FlushStreamingOnGC:0]]
[2022.04.26-17.42.31:567][  0]LogConfig: Setting CVar [[gc.NumRetriesBeforeForcingGC:10]]
[2022.04.26-17.42.31:567][  0]LogConfig: Setting CVar [[gc.AllowParallelGC:1]]
[2022.04.26-17.42.31:567][  0]LogConfig: Setting CVar [[gc.TimeBetweenPurgingPendingKillObjects:61.1]]
[2022.04.26-17.42.31:567][  0]LogConfig: Setting CVar [[gc.MaxObjectsInEditor:25165824]]
[2022.04.26-17.42.31:567][  0]LogConfig: Setting CVar [[gc.IncrementalBeginDestroyEnabled:1]]
[2022.04.26-17.42.31:567][  0]LogConfig: Setting CVar [[gc.CreateGCClusters:1]]
[2022.04.26-17.42.31:567][  0]LogConfig: Setting CVar [[gc.MinGCClusterSize:5]]
[2022.04.26-17.42.31:567][  0]LogConfig: Setting CVar [[gc.ActorClusteringEnabled:0]]
[2022.04.26-17.42.31:567][  0]LogConfig: Setting CVar [[gc.BlueprintClusteringEnabled:0]]
[2022.04.26-17.42.31:567][  0]LogConfig: Setting CVar [[gc.UseDisregardForGCOnDedicatedServers:0]]
[2022.04.26-17.42.31:567][  0]LogConfig: Setting CVar [[gc.MultithreadedDestructionEnabled:1]]
[2022.04.26-17.42.31:567][  0]LogConfig: Applying CVar settings from Section [/Script/Engine.NetworkSettings] File [E:/DEV Unreal/ShooterGame/ShooterGame/Shooter/Saved/Config/Windows/Engine.ini]
[2022.04.26-17.42.31:567][  0]LogConfig: Applying CVar settings from Section [/Script/UnrealEd.CookerSettings] File [E:/DEV Unreal/ShooterGame/ShooterGame/Shooter/Saved/Config/Windows/Engine.ini]
[2022.04.26-17.42.31:592][  0]LogConfig: Applying CVar settings from Section [ViewDistanceQuality@3] File [E:/DEV Unreal/ShooterGame/ShooterGame/Shooter/Saved/Config/Windows/Scalability.ini]
[2022.04.26-17.42.31:592][  0]LogConfig: Setting CVar [[r.SkeletalMeshLODBias:0]]
[2022.04.26-17.42.31:592][  0]LogConfig: Setting CVar [[r.ViewDistanceScale:1.0]]
[2022.04.26-17.42.31:592][  0]LogConfig: Applying CVar settings from Section [AntiAliasingQuality@3] File [E:/DEV Unreal/ShooterGame/ShooterGame/Shooter/Saved/Config/Windows/Scalability.ini]
[2022.04.26-17.42.31:592][  0]LogConfig: Setting CVar [[r.PostProcessAAQuality:4]]
[2022.04.26-17.42.31:592][  0]LogConfig: Applying CVar settings from Section [ShadowQuality@3] File [E:/DEV Unreal/ShooterGame/ShooterGame/Shooter/Saved/Config/Windows/Scalability.ini]
[2022.04.26-17.42.31:592][  0]LogConfig: Setting CVar [[r.LightFunctionQuality:1]]
[2022.04.26-17.42.31:592][  0]LogConfig: Setting CVar [[r.ShadowQuality:5]]
[2022.04.26-17.42.31:592][  0]LogConfig: Setting CVar [[r.Shadow.CSM.MaxCascades:10]]
[2022.04.26-17.42.31:592][  0]LogConfig: Setting CVar [[r.Shadow.MaxResolution:2048]]
[2022.04.26-17.42.31:592][  0]LogConfig: Setting CVar [[r.Shadow.MaxCSMResolution:2048]]
[2022.04.26-17.42.31:592][  0]LogConfig: Setting CVar [[r.Shadow.RadiusThreshold:0.01]]
[2022.04.26-17.42.31:592][  0]LogConfig: Setting CVar [[r.Shadow.DistanceScale:1.0]]
[2022.04.26-17.42.31:592][  0]LogConfig: Setting CVar [[r.Shadow.CSM.TransitionScale:1.0]]
[2022.04.26-17.42.31:592][  0]LogConfig: Setting CVar [[r.Shadow.PreShadowResolutionFactor:1.0]]
[2022.04.26-17.42.31:592][  0]LogConfig: Setting CVar [[r.DistanceFieldShadowing:1]]
[2022.04.26-17.42.31:592][  0]LogConfig: Setting CVar [[r.DistanceFieldAO:1]]
[2022.04.26-17.42.31:592][  0]LogConfig: Setting CVar [[r.AOQuality:2]]
[2022.04.26-17.42.31:592][  0]LogConfig: Setting CVar [[r.VolumetricFog:1]]
[2022.04.26-17.42.31:592][  0]LogConfig: Setting CVar [[r.VolumetricFog.GridPixelSize:8]]
[2022.04.26-17.42.31:592][  0]LogConfig: Setting CVar [[r.VolumetricFog.GridSizeZ:128]]
[2022.04.26-17.42.31:592][  0]LogConfig: Setting CVar [[r.VolumetricFog.HistoryMissSupersampleCount:4]]
[2022.04.26-17.42.31:592][  0]LogConfig: Setting CVar [[r.LightMaxDrawDistanceScale:1]]
[2022.04.26-17.42.31:592][  0]LogConfig: Setting CVar [[r.CapsuleShadows:1]]
[2022.04.26-17.42.31:592][  0]LogConfig: Applying CVar settings from Section [PostProcessQuality@3] File [E:/DEV Unreal/ShooterGame/ShooterGame/Shooter/Saved/Config/Windows/Scalability.ini]
[2022.04.26-17.42.31:592][  0]LogConfig: Setting CVar [[r.MotionBlurQuality:4]]
[2022.04.26-17.42.31:592][  0]LogConfig: Setting CVar [[r.AmbientOcclusionMipLevelFactor:0.4]]
[2022.04.26-17.42.31:592][  0]LogConfig: Setting CVar [[r.AmbientOcclusionMaxQuality:100]]
[2022.04.26-17.42.31:592][  0]LogConfig: Setting CVar [[r.AmbientOcclusionLevels:-1]]
[2022.04.26-17.42.31:592][  0]LogConfig: Setting CVar [[r.AmbientOcclusionRadiusScale:1.0]]
[2022.04.26-17.42.31:592][  0]LogConfig: Setting CVar [[r.DepthOfFieldQuality:2]]
[2022.04.26-17.42.31:592][  0]LogConfig: Setting CVar [[r.RenderTargetPoolMin:400]]
[2022.04.26-17.42.31:592][  0]LogConfig: Setting CVar [[r.LensFlareQuality:2]]
[2022.04.26-17.42.31:592][  0]LogConfig: Setting CVar [[r.SceneColorFringeQuality:1]]
[2022.04.26-17.42.31:592][  0]LogConfig: Setting CVar [[r.EyeAdaptationQuality:2]]
[2022.04.26-17.42.31:592][  0]LogConfig: Setting CVar [[r.BloomQuality:5]]
[2022.04.26-17.42.31:592][  0]LogConfig: Setting CVar [[r.FastBlurThreshold:100]]
[2022.04.26-17.42.31:592][  0]LogConfig: Setting CVar [[r.Upscale.Quality:3]]
[2022.04.26-17.42.31:592][  0]LogConfig: Setting CVar [[r.Tonemapper.GrainQuantization:1]]
[2022.04.26-17.42.31:592][  0]LogConfig: Setting CVar [[r.LightShaftQuality:1]]
[2022.04.26-17.42.31:592][  0]LogConfig: Setting CVar [[r.Filter.SizeScale:1]]
[2022.04.26-17.42.31:592][  0]LogConfig: Setting CVar [[r.Tonemapper.Quality:5]]
[2022.04.26-17.42.31:592][  0]LogConfig: Setting CVar [[r.DOF.Gather.AccumulatorQuality:1        ; higher gathering accumulator quality]]
[2022.04.26-17.42.31:592][  0]LogConfig: Setting CVar [[r.DOF.Gather.PostfilterMethod:1          ; Median3x3 postfilering method]]
[2022.04.26-17.42.31:592][  0]LogConfig: Setting CVar [[r.DOF.Gather.EnableBokehSettings:0       ; no bokeh simulation when gathering]]
[2022.04.26-17.42.31:592][  0]LogConfig: Setting CVar [[r.DOF.Gather.RingCount:4                 ; medium number of samples when gathering]]
[2022.04.26-17.42.31:592][  0]LogConfig: Setting CVar [[r.DOF.Scatter.ForegroundCompositing:1    ; additive foreground scattering]]
[2022.04.26-17.42.31:592][  0]LogConfig: Setting CVar [[r.DOF.Scatter.BackgroundCompositing:2    ; additive background scattering]]
[2022.04.26-17.42.31:592][  0]LogConfig: Setting CVar [[r.DOF.Scatter.EnableBokehSettings:1      ; bokeh simulation when scattering]]
[2022.04.26-17.42.31:592][  0]LogConfig: Setting CVar [[r.DOF.Scatter.MaxSpriteRatio:0.1         ; only a maximum of 10% of scattered bokeh]]
[2022.04.26-17.42.31:592][  0]LogConfig: Setting CVar [[r.DOF.Recombine.Quality:1                ; cheap slight out of focus]]
[2022.04.26-17.42.31:592][  0]LogConfig: Setting CVar [[r.DOF.Recombine.EnableBokehSettings:0    ; no bokeh simulation on slight out of focus]]
[2022.04.26-17.42.31:592][  0]LogConfig: Setting CVar [[r.DOF.TemporalAAQuality:1                ; more stable temporal accumulation]]
[2022.04.26-17.42.31:592][  0]LogConfig: Setting CVar [[r.DOF.Kernel.MaxForegroundRadius:0.025]]
[2022.04.26-17.42.31:593][  0]LogConfig: Setting CVar [[r.DOF.Kernel.MaxBackgroundRadius:0.025]]
[2022.04.26-17.42.31:593][  0]LogConfig: Applying CVar settings from Section [TextureQuality@3] File [E:/DEV Unreal/ShooterGame/ShooterGame/Shooter/Saved/Config/Windows/Scalability.ini]
[2022.04.26-17.42.31:593][  0]LogConfig: Setting CVar [[r.Streaming.MipBias:0]]
[2022.04.26-17.42.31:593][  0]LogConfig: Setting CVar [[r.Streaming.AmortizeCPUToGPUCopy:0]]
[2022.04.26-17.42.31:593][  0]LogConfig: Setting CVar [[r.Streaming.MaxNumTexturesToStreamPerFrame:0]]
[2022.04.26-17.42.31:593][  0]LogConfig: Setting CVar [[r.Streaming.Boost:1]]
[2022.04.26-17.42.31:593][  0]LogConfig: Setting CVar [[r.MaxAnisotropy:8]]
[2022.04.26-17.42.31:593][  0]LogConfig: Setting CVar [[r.VT.MaxAnisotropy:8]]
[2022.04.26-17.42.31:593][  0]LogConfig: Setting CVar [[r.Streaming.LimitPoolSizeToVRAM:0]]
[2022.04.26-17.42.31:593][  0]LogConfig: Setting CVar [[r.Streaming.PoolSize:1000]]
[2022.04.26-17.42.31:593][  0]LogConfig: Setting CVar [[r.Streaming.MaxEffectiveScreenSize:0]]
[2022.04.26-17.42.31:593][  0]LogConfig: Applying CVar settings from Section [EffectsQuality@3] File [E:/DEV Unreal/ShooterGame/ShooterGame/Shooter/Saved/Config/Windows/Scalability.ini]
[2022.04.26-17.42.31:593][  0]LogConfig: Setting CVar [[r.TranslucencyLightingVolumeDim:64]]
[2022.04.26-17.42.31:593][  0]LogConfig: Setting CVar [[r.RefractionQuality:2]]
[2022.04.26-17.42.31:593][  0]LogConfig: Setting CVar [[r.SSR.Quality:3]]
[2022.04.26-17.42.31:593][  0]LogConfig: Setting CVar [[r.SSR.HalfResSceneColor:0]]
[2022.04.26-17.42.31:593][  0]LogConfig: Setting CVar [[r.SceneColorFormat:4]]
[2022.04.26-17.42.31:593][  0]LogConfig: Setting CVar [[r.DetailMode:2]]
[2022.04.26-17.42.31:593][  0]LogConfig: Setting CVar [[r.TranslucencyVolumeBlur:1]]
[2022.04.26-17.42.31:593][  0]LogConfig: Setting CVar [[r.MaterialQualityLevel:1 ; High quality]]
[2022.04.26-17.42.31:593][  0]LogConfig: Setting CVar [[r.AnisotropicMaterials:1]]
[2022.04.26-17.42.31:593][  0]LogConfig: Setting CVar [[r.SSS.Scale:1]]
[2022.04.26-17.42.31:593][  0]LogConfig: Setting CVar [[r.SSS.SampleSet:2]]
[2022.04.26-17.42.31:593][  0]LogConfig: Setting CVar [[r.SSS.Quality:1]]
[2022.04.26-17.42.31:593][  0]LogConfig: Setting CVar [[r.SSS.HalfRes:0]]
[2022.04.26-17.42.31:593][  0]LogConfig: Setting CVar [[r.SSGI.Quality:3]]
[2022.04.26-17.42.31:593][  0]LogConfig: Setting CVar [[r.EmitterSpawnRateScale:1.0]]
[2022.04.26-17.42.31:593][  0]LogConfig: Setting CVar [[r.ParticleLightQuality:2]]
[2022.04.26-17.42.31:593][  0]LogConfig: Setting CVar [[r.SkyAtmosphere.AerialPerspectiveLUT.FastApplyOnOpaque:1 ; Always have FastSkyLUT 1 in this case to avoid wrong sky]]
[2022.04.26-17.42.31:593][  0]LogConfig: Setting CVar [[r.SkyAtmosphere.AerialPerspectiveLUT.SampleCountMaxPerSlice:4]]
[2022.04.26-17.42.31:593][  0]LogConfig: Setting CVar [[r.SkyAtmosphere.AerialPerspectiveLUT.DepthResolution:16.0]]
[2022.04.26-17.42.31:593][  0]LogConfig: Setting CVar [[r.SkyAtmosphere.FastSkyLUT:1]]
[2022.04.26-17.42.31:593][  0]LogConfig: Setting CVar [[r.SkyAtmosphere.FastSkyLUT.SampleCountMin:4.0]]
[2022.04.26-17.42.31:593][  0]LogConfig: Setting CVar [[r.SkyAtmosphere.FastSkyLUT.SampleCountMax:128.0]]
[2022.04.26-17.42.31:593][  0]LogConfig: Setting CVar [[r.SkyAtmosphere.SampleCountMin:4.0]]
[2022.04.26-17.42.31:593][  0]LogConfig: Setting CVar [[r.SkyAtmosphere.SampleCountMax:128.0]]
[2022.04.26-17.42.31:593][  0]LogConfig: Setting CVar [[r.SkyAtmosphere.TransmittanceLUT.UseSmallFormat:0]]
[2022.04.26-17.42.31:593][  0]LogConfig: Setting CVar [[r.SkyAtmosphere.TransmittanceLUT.SampleCount:10.0]]
[2022.04.26-17.42.31:593][  0]LogConfig: Setting CVar [[r.SkyAtmosphere.MultiScatteringLUT.SampleCount:15.0]]
[2022.04.26-17.42.31:593][  0]LogConfig: Setting CVar [[r.SkyLight.RealTimeReflectionCapture:1]]
[2022.04.26-17.42.31:593][  0]LogConfig: Applying CVar settings from Section [FoliageQuality@3] File [E:/DEV Unreal/ShooterGame/ShooterGame/Shooter/Saved/Config/Windows/Scalability.ini]
[2022.04.26-17.42.31:593][  0]LogConfig: Setting CVar [[foliage.DensityScale:1.0]]
[2022.04.26-17.42.31:593][  0]LogConfig: Setting CVar [[grass.DensityScale:1.0]]
[2022.04.26-17.42.31:593][  0]LogConfig: Applying CVar settings from Section [ShadingQuality@3] File [E:/DEV Unreal/ShooterGame/ShooterGame/Shooter/Saved/Config/Windows/Scalability.ini]
[2022.04.26-17.42.31:593][  0]LogConfig: Setting CVar [[r.HairStrands.SkyLighting.IntegrationType:2]]
[2022.04.26-17.42.31:593][  0]LogConfig: Setting CVar [[r.HairStrands.SkyAO.SampleCount:4]]
[2022.04.26-17.42.31:593][  0]LogConfig: Setting CVar [[r.HairStrands.Visibility.MSAA.SamplePerPixel:4]]
[2022.04.26-17.42.31:593][  0]LogInit: Selected Device Profile: [Windows]
[2022.04.26-17.42.31:593][  0]LogInit: Applying CVar settings loaded from the selected device profile: [Windows]
[2022.04.26-17.42.31:593][  0]LogHAL: Display: Platform has ~ 32 GB [34282221568 / 34359738368 / 32], which maps to Largest [LargestMinGB=32, LargerMinGB=12, DefaultMinGB=8, SmallerMinGB=6, SmallestMinGB=0)
[2022.04.26-17.42.31:593][  0]LogInit: Going up to parent DeviceProfile []
[2022.04.26-17.42.31:593][  0]LogConfig: Applying CVar settings from Section [ViewDistanceQuality@3] File [E:/DEV Unreal/ShooterGame/ShooterGame/Shooter/Saved/Config/Windows/Scalability.ini]
[2022.04.26-17.42.31:593][  0]LogConfig: Setting CVar [[r.SkeletalMeshLODBias:0]]
[2022.04.26-17.42.31:593][  0]LogConfig: Setting CVar [[r.ViewDistanceScale:1.0]]
[2022.04.26-17.42.31:593][  0]LogConfig: Applying CVar settings from Section [AntiAliasingQuality@3] File [E:/DEV Unreal/ShooterGame/ShooterGame/Shooter/Saved/Config/Windows/Scalability.ini]
[2022.04.26-17.42.31:593][  0]LogConfig: Setting CVar [[r.PostProcessAAQuality:4]]
[2022.04.26-17.42.31:593][  0]LogConfig: Applying CVar settings from Section [ShadowQuality@3] File [E:/DEV Unreal/ShooterGame/ShooterGame/Shooter/Saved/Config/Windows/Scalability.ini]
[2022.04.26-17.42.31:593][  0]LogConfig: Setting CVar [[r.LightFunctionQuality:1]]
[2022.04.26-17.42.31:593][  0]LogConfig: Setting CVar [[r.ShadowQuality:5]]
[2022.04.26-17.42.31:593][  0]LogConfig: Setting CVar [[r.Shadow.CSM.MaxCascades:10]]
[2022.04.26-17.42.31:593][  0]LogConfig: Setting CVar [[r.Shadow.MaxResolution:2048]]
[2022.04.26-17.42.31:593][  0]LogConfig: Setting CVar [[r.Shadow.MaxCSMResolution:2048]]
[2022.04.26-17.42.31:593][  0]LogConfig: Setting CVar [[r.Shadow.RadiusThreshold:0.01]]
[2022.04.26-17.42.31:593][  0]LogConfig: Setting CVar [[r.Shadow.DistanceScale:1.0]]
[2022.04.26-17.42.31:593][  0]LogConfig: Setting CVar [[r.Shadow.CSM.TransitionScale:1.0]]
[2022.04.26-17.42.31:593][  0]LogConfig: Setting CVar [[r.Shadow.PreShadowResolutionFactor:1.0]]
[2022.04.26-17.42.31:594][  0]LogConfig: Setting CVar [[r.DistanceFieldShadowing:1]]
[2022.04.26-17.42.31:594][  0]LogConfig: Setting CVar [[r.DistanceFieldAO:1]]
[2022.04.26-17.42.31:594][  0]LogConfig: Setting CVar [[r.AOQuality:2]]
[2022.04.26-17.42.31:594][  0]LogConfig: Setting CVar [[r.VolumetricFog:1]]
[2022.04.26-17.42.31:594][  0]LogConfig: Setting CVar [[r.VolumetricFog.GridPixelSize:8]]
[2022.04.26-17.42.31:594][  0]LogConfig: Setting CVar [[r.VolumetricFog.GridSizeZ:128]]
[2022.04.26-17.42.31:594][  0]LogConfig: Setting CVar [[r.VolumetricFog.HistoryMissSupersampleCount:4]]
[2022.04.26-17.42.31:594][  0]LogConfig: Setting CVar [[r.LightMaxDrawDistanceScale:1]]
[2022.04.26-17.42.31:594][  0]LogConfig: Setting CVar [[r.CapsuleShadows:1]]
[2022.04.26-17.42.31:594][  0]LogConfig: Applying CVar settings from Section [PostProcessQuality@3] File [E:/DEV Unreal/ShooterGame/ShooterGame/Shooter/Saved/Config/Windows/Scalability.ini]
[2022.04.26-17.42.31:594][  0]LogConfig: Setting CVar [[r.MotionBlurQuality:4]]
[2022.04.26-17.42.31:594][  0]LogConfig: Setting CVar [[r.AmbientOcclusionMipLevelFactor:0.4]]
[2022.04.26-17.42.31:594][  0]LogConfig: Setting CVar [[r.AmbientOcclusionMaxQuality:100]]
[2022.04.26-17.42.31:594][  0]LogConfig: Setting CVar [[r.AmbientOcclusionLevels:-1]]
[2022.04.26-17.42.31:594][  0]LogConfig: Setting CVar [[r.AmbientOcclusionRadiusScale:1.0]]
[2022.04.26-17.42.31:594][  0]LogConfig: Setting CVar [[r.DepthOfFieldQuality:2]]
[2022.04.26-17.42.31:594][  0]LogConfig: Setting CVar [[r.RenderTargetPoolMin:400]]
[2022.04.26-17.42.31:594][  0]LogConfig: Setting CVar [[r.LensFlareQuality:2]]
[2022.04.26-17.42.31:594][  0]LogConfig: Setting CVar [[r.SceneColorFringeQuality:1]]
[2022.04.26-17.42.31:594][  0]LogConfig: Setting CVar [[r.EyeAdaptationQuality:2]]
[2022.04.26-17.42.31:594][  0]LogConfig: Setting CVar [[r.BloomQuality:5]]
[2022.04.26-17.42.31:594][  0]LogConfig: Setting CVar [[r.FastBlurThreshold:100]]
[2022.04.26-17.42.31:594][  0]LogConfig: Setting CVar [[r.Upscale.Quality:3]]
[2022.04.26-17.42.31:594][  0]LogConfig: Setting CVar [[r.Tonemapper.GrainQuantization:1]]
[2022.04.26-17.42.31:594][  0]LogConfig: Setting CVar [[r.LightShaftQuality:1]]
[2022.04.26-17.42.31:594][  0]LogConfig: Setting CVar [[r.Filter.SizeScale:1]]
[2022.04.26-17.42.31:594][  0]LogConfig: Setting CVar [[r.Tonemapper.Quality:5]]
[2022.04.26-17.42.31:594][  0]LogConfig: Setting CVar [[r.DOF.Gather.AccumulatorQuality:1        ; higher gathering accumulator quality]]
[2022.04.26-17.42.31:594][  0]LogConfig: Setting CVar [[r.DOF.Gather.PostfilterMethod:1          ; Median3x3 postfilering method]]
[2022.04.26-17.42.31:594][  0]LogConfig: Setting CVar [[r.DOF.Gather.EnableBokehSettings:0       ; no bokeh simulation when gathering]]
[2022.04.26-17.42.31:594][  0]LogConfig: Setting CVar [[r.DOF.Gather.RingCount:4                 ; medium number of samples when gathering]]
[2022.04.26-17.42.31:594][  0]LogConfig: Setting CVar [[r.DOF.Scatter.ForegroundCompositing:1    ; additive foreground scattering]]
[2022.04.26-17.42.31:594][  0]LogConfig: Setting CVar [[r.DOF.Scatter.BackgroundCompositing:2    ; additive background scattering]]
[2022.04.26-17.42.31:594][  0]LogConfig: Setting CVar [[r.DOF.Scatter.EnableBokehSettings:1      ; bokeh simulation when scattering]]
[2022.04.26-17.42.31:594][  0]LogConfig: Setting CVar [[r.DOF.Scatter.MaxSpriteRatio:0.1         ; only a maximum of 10% of scattered bokeh]]
[2022.04.26-17.42.31:594][  0]LogConfig: Setting CVar [[r.DOF.Recombine.Quality:1                ; cheap slight out of focus]]
[2022.04.26-17.42.31:594][  0]LogConfig: Setting CVar [[r.DOF.Recombine.EnableBokehSettings:0    ; no bokeh simulation on slight out of focus]]
[2022.04.26-17.42.31:594][  0]LogConfig: Setting CVar [[r.DOF.TemporalAAQuality:1                ; more stable temporal accumulation]]
[2022.04.26-17.42.31:594][  0]LogConfig: Setting CVar [[r.DOF.Kernel.MaxForegroundRadius:0.025]]
[2022.04.26-17.42.31:594][  0]LogConfig: Setting CVar [[r.DOF.Kernel.MaxBackgroundRadius:0.025]]
[2022.04.26-17.42.31:594][  0]LogConfig: Applying CVar settings from Section [TextureQuality@3] File [E:/DEV Unreal/ShooterGame/ShooterGame/Shooter/Saved/Config/Windows/Scalability.ini]
[2022.04.26-17.42.31:594][  0]LogConfig: Setting CVar [[r.Streaming.MipBias:0]]
[2022.04.26-17.42.31:594][  0]LogConfig: Setting CVar [[r.Streaming.AmortizeCPUToGPUCopy:0]]
[2022.04.26-17.42.31:594][  0]LogConfig: Setting CVar [[r.Streaming.MaxNumTexturesToStreamPerFrame:0]]
[2022.04.26-17.42.31:594][  0]LogConfig: Setting CVar [[r.Streaming.Boost:1]]
[2022.04.26-17.42.31:594][  0]LogConfig: Setting CVar [[r.MaxAnisotropy:8]]
[2022.04.26-17.42.31:594][  0]LogConfig: Setting CVar [[r.VT.MaxAnisotropy:8]]
[2022.04.26-17.42.31:594][  0]LogConfig: Setting CVar [[r.Streaming.LimitPoolSizeToVRAM:0]]
[2022.04.26-17.42.31:594][  0]LogConfig: Setting CVar [[r.Streaming.PoolSize:1000]]
[2022.04.26-17.42.31:594][  0]LogConfig: Setting CVar [[r.Streaming.MaxEffectiveScreenSize:0]]
[2022.04.26-17.42.31:594][  0]LogConfig: Applying CVar settings from Section [EffectsQuality@3] File [E:/DEV Unreal/ShooterGame/ShooterGame/Shooter/Saved/Config/Windows/Scalability.ini]
[2022.04.26-17.42.31:594][  0]LogConfig: Setting CVar [[r.TranslucencyLightingVolumeDim:64]]
[2022.04.26-17.42.31:594][  0]LogConfig: Setting CVar [[r.RefractionQuality:2]]
[2022.04.26-17.42.31:594][  0]LogConfig: Setting CVar [[r.SSR.Quality:3]]
[2022.04.26-17.42.31:594][  0]LogConfig: Setting CVar [[r.SSR.HalfResSceneColor:0]]
[2022.04.26-17.42.31:594][  0]LogConfig: Setting CVar [[r.SceneColorFormat:4]]
[2022.04.26-17.42.31:594][  0]LogConfig: Setting CVar [[r.DetailMode:2]]
[2022.04.26-17.42.31:594][  0]LogConfig: Setting CVar [[r.TranslucencyVolumeBlur:1]]
[2022.04.26-17.42.31:594][  0]LogConfig: Setting CVar [[r.MaterialQualityLevel:1 ; High quality]]
[2022.04.26-17.42.31:594][  0]LogConfig: Setting CVar [[r.AnisotropicMaterials:1]]
[2022.04.26-17.42.31:594][  0]LogConfig: Setting CVar [[r.SSS.Scale:1]]
[2022.04.26-17.42.31:594][  0]LogConfig: Setting CVar [[r.SSS.SampleSet:2]]
[2022.04.26-17.42.31:594][  0]LogConfig: Setting CVar [[r.SSS.Quality:1]]
[2022.04.26-17.42.31:594][  0]LogConfig: Setting CVar [[r.SSS.HalfRes:0]]
[2022.04.26-17.42.31:594][  0]LogConfig: Setting CVar [[r.SSGI.Quality:3]]
[2022.04.26-17.42.31:594][  0]LogConfig: Setting CVar [[r.EmitterSpawnRateScale:1.0]]
[2022.04.26-17.42.31:594][  0]LogConfig: Setting CVar [[r.ParticleLightQuality:2]]
[2022.04.26-17.42.31:594][  0]LogConfig: Setting CVar [[r.SkyAtmosphere.AerialPerspectiveLUT.FastApplyOnOpaque:1 ; Always have FastSkyLUT 1 in this case to avoid wrong sky]]
[2022.04.26-17.42.31:594][  0]LogConfig: Setting CVar [[r.SkyAtmosphere.AerialPerspectiveLUT.SampleCountMaxPerSlice:4]]
[2022.04.26-17.42.31:594][  0]LogConfig: Setting CVar [[r.SkyAtmosphere.AerialPerspectiveLUT.DepthResolution:16.0]]
[2022.04.26-17.42.31:594][  0]LogConfig: Setting CVar [[r.SkyAtmosphere.FastSkyLUT:1]]
[2022.04.26-17.42.31:594][  0]LogConfig: Setting CVar [[r.SkyAtmosphere.FastSkyLUT.SampleCountMin:4.0]]
[2022.04.26-17.42.31:594][  0]LogConfig: Setting CVar [[r.SkyAtmosphere.FastSkyLUT.SampleCountMax:128.0]]
[2022.04.26-17.42.31:594][  0]LogConfig: Setting CVar [[r.SkyAtmosphere.SampleCountMin:4.0]]
[2022.04.26-17.42.31:594][  0]LogConfig: Setting CVar [[r.SkyAtmosphere.SampleCountMax:128.0]]
[2022.04.26-17.42.31:594][  0]LogConfig: Setting CVar [[r.SkyAtmosphere.TransmittanceLUT.UseSmallFormat:0]]
[2022.04.26-17.42.31:595][  0]LogConfig: Setting CVar [[r.SkyAtmosphere.TransmittanceLUT.SampleCount:10.0]]
[2022.04.26-17.42.31:595][  0]LogConfig: Setting CVar [[r.SkyAtmosphere.MultiScatteringLUT.SampleCount:15.0]]
[2022.04.26-17.42.31:595][  0]LogConfig: Setting CVar [[r.SkyLight.RealTimeReflectionCapture:1]]
[2022.04.26-17.42.31:595][  0]LogConfig: Applying CVar settings from Section [FoliageQuality@3] File [E:/DEV Unreal/ShooterGame/ShooterGame/Shooter/Saved/Config/Windows/Scalability.ini]
[2022.04.26-17.42.31:595][  0]LogConfig: Setting CVar [[foliage.DensityScale:1.0]]
[2022.04.26-17.42.31:595][  0]LogConfig: Setting CVar [[grass.DensityScale:1.0]]
[2022.04.26-17.42.31:595][  0]LogConfig: Applying CVar settings from Section [ShadingQuality@3] File [E:/DEV Unreal/ShooterGame/ShooterGame/Shooter/Saved/Config/Windows/Scalability.ini]
[2022.04.26-17.42.31:595][  0]LogConfig: Setting CVar [[r.HairStrands.SkyLighting.IntegrationType:2]]
[2022.04.26-17.42.31:595][  0]LogConfig: Setting CVar [[r.HairStrands.SkyAO.SampleCount:4]]
[2022.04.26-17.42.31:595][  0]LogConfig: Setting CVar [[r.HairStrands.Visibility.MSAA.SamplePerPixel:4]]
[2022.04.26-17.42.31:595][  0]LogConfig: Applying CVar settings from Section [Startup] File [../../../Engine/Config/ConsoleVariables.ini]
[2022.04.26-17.42.31:595][  0]LogConfig: Setting CVar [[net.UseAdaptiveNetUpdateFrequency:0]]
[2022.04.26-17.42.31:595][  0]LogConfig: Setting CVar [[p.chaos.AllowCreatePhysxBodies:1]]
[2022.04.26-17.42.31:595][  0]LogConfig: Setting CVar [[fx.SkipVectorVMBackendOptimizations:1]]
[2022.04.26-17.42.31:595][  0]LogConfig: Applying CVar settings from Section [ConsoleVariables] File [E:/DEV Unreal/ShooterGame/ShooterGame/Shooter/Saved/Config/Windows/Engine.ini]
[2022.04.26-17.42.31:595][  0]LogConfig: Applying CVar settings from Section [ConsoleVariables] File [E:/DEV Unreal/ShooterGame/ShooterGame/Shooter/Saved/Config/Windows/Editor.ini]
[2022.04.26-17.42.31:595][  0]LogInit: Computer: DESKTOP-PATULNA
[2022.04.26-17.42.31:595][  0]LogInit: User: Pablo
[2022.04.26-17.42.31:595][  0]LogInit: CPU Page size=4096, Cores=6
[2022.04.26-17.42.31:595][  0]LogInit: High frequency timer resolution =10.000000 MHz
[2022.04.26-17.42.31:595][  0]LogMemory: Memory total: Physical=31.9GB (32GB approx)
[2022.04.26-17.42.31:595][  0]LogMemory: Platform Memory Stats for Windows
[2022.04.26-17.42.31:595][  0]LogMemory: Process Physical Memory: 143.30 MB used, 143.30 MB peak
[2022.04.26-17.42.31:595][  0]LogMemory: Process Virtual Memory: 121.57 MB used, 121.57 MB peak
[2022.04.26-17.42.31:595][  0]LogMemory: Physical Memory: 13580.52 MB used,  19113.55 MB free, 32694.07 MB total
[2022.04.26-17.42.31:595][  0]LogMemory: Virtual Memory: 134198728.00 MB used,  18999.12 MB free, 134217728.00 MB total
[2022.04.26-17.42.31:602][  0]LogWindows: WindowsPlatformFeatures enabled
[2022.04.26-17.42.31:649][  0]LogInit: Physics initialised using underlying interface: PhysX
[2022.04.26-17.42.31:650][  0]LogInit: Overriding language with editor language configuration option (en-US).
[2022.04.26-17.42.31:650][  0]LogInit: Overriding language with editor locale configuration option (en).
[2022.04.26-17.42.31:651][  0]LogTextLocalizationManager: No specific localization for 'en-US' exists, so the 'en' localization will be used.
[2022.04.26-17.42.31:806][  0]LogInit: Setting process to per monitor DPI aware
[2022.04.26-17.42.31:821][  0]LogWindowsTextInputMethodSystem: Display: IME system deactivated.
[2022.04.26-17.42.31:838][  0]LogSlate: New Slate User Created.  User Index 0, Is Virtual User: 0
[2022.04.26-17.42.31:838][  0]LogSlate: Slate User Registered.  User Index 0, Is Virtual User: 0
[2022.04.26-17.42.31:965][  0]LogD3D11RHI: Loaded GFSDK_Aftermath_Lib.x64.dll
[2022.04.26-17.42.31:968][  0]LogHMD: Failed to initialize OpenVR with code 110
[2022.04.26-17.42.31:968][  0]LogD3D11RHI: D3D11 min allowed feature level: 11_0
[2022.04.26-17.42.31:968][  0]LogD3D11RHI: D3D11 max allowed feature level: 11_0
[2022.04.26-17.42.31:968][  0]LogD3D11RHI: D3D11 adapters:
[2022.04.26-17.42.32:065][  0]LogD3D11RHI:    0. 'NVIDIA GeForce GTX 1070 Ti' (Feature Level 11_0)
[2022.04.26-17.42.32:065][  0]LogD3D11RHI:       8079/0/16347 MB DedicatedVideo/DedicatedSystem/SharedSystem, Outputs:2, VendorId:0x10de
[2022.04.26-17.42.32:067][  0]LogD3D11RHI:    1. 'Microsoft Basic Render Driver' (Feature Level 11_0)
[2022.04.26-17.42.32:067][  0]LogD3D11RHI:       0/0/16347 MB DedicatedVideo/DedicatedSystem/SharedSystem, Outputs:0, VendorId:0x1414
[2022.04.26-17.42.32:067][  0]LogD3D11RHI: Chosen D3D11 Adapter:
[2022.04.26-17.42.32:067][  0]LogD3D11RHI:     Description : NVIDIA GeForce GTX 1070 Ti
[2022.04.26-17.42.32:067][  0]LogD3D11RHI:     VendorId    : 10de
[2022.04.26-17.42.32:067][  0]LogD3D11RHI:     DeviceId    : 1b82
[2022.04.26-17.42.32:067][  0]LogD3D11RHI:     SubSysId    : c3041462
[2022.04.26-17.42.32:067][  0]LogD3D11RHI:     Revision    : 00a1
[2022.04.26-17.42.32:067][  0]LogD3D11RHI:     DedicatedVideoMemory : 8471445504 bytes
[2022.04.26-17.42.32:067][  0]LogD3D11RHI:     DedicatedSystemMemory : 0 bytes
[2022.04.26-17.42.32:067][  0]LogD3D11RHI:     SharedSystemMemory : 17141110784 bytes
[2022.04.26-17.42.32:067][  0]LogD3D11RHI:     AdapterLuid : 0 55462
[2022.04.26-17.42.32:073][  0]LogD3D11RHI: Creating new Direct3DDevice
[2022.04.26-17.42.32:074][  0]LogD3D11RHI:     GPU DeviceId: 0x1b82 (for the marketing name, search the web for "GPU Device Id")
[2022.04.26-17.42.32:074][  0]LogWindows: EnumDisplayDevices:
[2022.04.26-17.42.32:074][  0]LogWindows:    0. 'NVIDIA GeForce GTX 1070 Ti' (P:0 D:1)
[2022.04.26-17.42.32:074][  0]LogWindows:    1. 'NVIDIA GeForce GTX 1070 Ti' (P:1 D:1)
[2022.04.26-17.42.32:074][  0]LogWindows:    2. 'NVIDIA GeForce GTX 1070 Ti' (P:0 D:0)
[2022.04.26-17.42.32:075][  0]LogWindows:    3. 'NVIDIA GeForce GTX 1070 Ti' (P:0 D:0)
[2022.04.26-17.42.32:075][  0]LogWindows: DebugString: FoundDriverCount:4 
[2022.04.26-17.42.32:075][  0]LogD3D11RHI:     Adapter Name: NVIDIA GeForce GTX 1070 Ti
[2022.04.26-17.42.32:075][  0]LogD3D11RHI:   Driver Version: 472.12 (internal:30.0.14.7212, unified:472.12)
[2022.04.26-17.42.32:075][  0]LogD3D11RHI:      Driver Date: 9-13-2021
[2022.04.26-17.42.32:075][  0]LogRHI: Texture pool is 5655 MB (70% of 8079 MB)
[2022.04.26-17.42.32:075][  0]LogD3D11RHI: Creating D3DDevice using adapter:
[2022.04.26-17.42.32:075][  0]LogD3D11RHI:     Description : NVIDIA GeForce GTX 1070 Ti
[2022.04.26-17.42.32:075][  0]LogD3D11RHI:     VendorId    : 10de
[2022.04.26-17.42.32:075][  0]LogD3D11RHI:     DeviceId    : 1b82
[2022.04.26-17.42.32:075][  0]LogD3D11RHI:     SubSysId    : c3041462
[2022.04.26-17.42.32:075][  0]LogD3D11RHI:     Revision    : 00a1
[2022.04.26-17.42.32:075][  0]LogD3D11RHI:     DedicatedVideoMemory : 8471445504 bytes
[2022.04.26-17.42.32:075][  0]LogD3D11RHI:     DedicatedSystemMemory : 0 bytes
[2022.04.26-17.42.32:075][  0]LogD3D11RHI:     SharedSystemMemory : 17141110784 bytes
[2022.04.26-17.42.32:075][  0]LogD3D11RHI:     AdapterLuid : 0 55462
[2022.04.26-17.42.32:143][  0]LogD3D11RHI: RHI has support for 64 bit atomics
[2022.04.26-17.42.32:144][  0]LogD3D11RHI: Async texture creation enabled
[2022.04.26-17.42.32:144][  0]LogD3D11RHI: Array index from any shader is supported
[2022.04.26-17.42.32:168][  0]LogD3D11RHI: GPU Timing Frequency: 1000.000000 (Debug: 2 1)
[2022.04.26-17.42.32:216][  0]LogRHI: GeForceNow SDK initialized: 1
[2022.04.26-17.42.32:489][  0]LogTargetPlatformManager: Display: Loaded TargetPlatform 'AllDesktop'
[2022.04.26-17.42.32:506][  0]LogTargetPlatformManager: Display: Loaded TargetPlatform 'Android'
[2022.04.26-17.42.32:506][  0]LogTargetPlatformManager: Display: Loaded TargetPlatform 'Android_ASTC'
[2022.04.26-17.42.32:506][  0]LogTargetPlatformManager: Display: Loaded TargetPlatform 'Android_DXT'
[2022.04.26-17.42.32:506][  0]LogTargetPlatformManager: Display: Loaded TargetPlatform 'Android_ETC2'
[2022.04.26-17.42.32:506][  0]LogTargetPlatformManager: Display: Loaded TargetPlatform 'AndroidClient'
[2022.04.26-17.42.32:506][  0]LogTargetPlatformManager: Display: Loaded TargetPlatform 'Android_ASTCClient'
[2022.04.26-17.42.32:506][  0]LogTargetPlatformManager: Display: Loaded TargetPlatform 'Android_DXTClient'
[2022.04.26-17.42.32:506][  0]LogTargetPlatformManager: Display: Loaded TargetPlatform 'Android_ETC2Client'
[2022.04.26-17.42.32:506][  0]LogTargetPlatformManager: Display: Loaded TargetPlatform 'Android_Multi'
[2022.04.26-17.42.32:506][  0]LogTargetPlatformManager: Display: Loaded TargetPlatform 'Android_MultiClient'
[2022.04.26-17.42.32:521][  0]LogTargetPlatformManager: Display: Loaded TargetPlatform 'IOSClient'
[2022.04.26-17.42.32:521][  0]LogTargetPlatformManager: Display: Loaded TargetPlatform 'IOS'
[2022.04.26-17.42.32:528][  0]LogTargetPlatformManager: Display: Loaded TargetPlatform 'Linux'
[2022.04.26-17.42.32:532][  0]LogTargetPlatformManager: Display: Loaded TargetPlatform 'LinuxNoEditor'
[2022.04.26-17.42.32:536][  0]LogTargetPlatformManager: Display: Loaded TargetPlatform 'LinuxClient'
[2022.04.26-17.42.32:540][  0]LogTargetPlatformManager: Display: Loaded TargetPlatform 'LinuxServer'
[2022.04.26-17.42.32:547][  0]LogTargetPlatformManager: Display: Loaded TargetPlatform 'LinuxAArch64NoEditor'
[2022.04.26-17.42.32:550][  0]LogTargetPlatformManager: Display: Loaded TargetPlatform 'LinuxAArch64Client'
[2022.04.26-17.42.32:554][  0]LogTargetPlatformManager: Display: Loaded TargetPlatform 'LinuxAArch64Server'
[2022.04.26-17.42.32:573][  0]LogTargetPlatformManager: Display: Loaded TargetPlatform 'Lumin'
[2022.04.26-17.42.32:573][  0]LogTargetPlatformManager: Display: Loaded TargetPlatform 'LuminClient'
[2022.04.26-17.42.32:580][  0]LogTargetPlatformManager: Display: Loaded TargetPlatform 'MacNoEditor'
[2022.04.26-17.42.32:583][  0]LogTargetPlatformManager: Display: Loaded TargetPlatform 'Mac'
[2022.04.26-17.42.32:587][  0]LogTargetPlatformManager: Display: Loaded TargetPlatform 'MacClient'
[2022.04.26-17.42.32:591][  0]LogTargetPlatformManager: Display: Loaded TargetPlatform 'MacServer'
[2022.04.26-17.42.32:598][  0]LogTargetPlatformManager: Display: Loaded TargetPlatform 'TVOSClient'
[2022.04.26-17.42.32:598][  0]LogTargetPlatformManager: Display: Loaded TargetPlatform 'TVOS'
[2022.04.26-17.42.32:605][  0]LogTargetPlatformManager: Display: Loaded TargetPlatform 'WindowsNoEditor'
[2022.04.26-17.42.32:609][  0]LogTargetPlatformManager: Display: Loaded TargetPlatform 'Windows'
[2022.04.26-17.42.32:613][  0]LogTargetPlatformManager: Display: Loaded TargetPlatform 'WindowsClient'
[2022.04.26-17.42.32:616][  0]LogTargetPlatformManager: Display: Loaded TargetPlatform 'WindowsServer'
[2022.04.26-17.42.32:616][  0]LogTargetPlatformManager: Display: Building Assets For Windows
[2022.04.26-17.42.32:623][  0]LogAudioDebug: Display: Lib vorbis DLL was dynamically loaded.
[2022.04.26-17.42.32:652][  0]LogTextureFormatOodle: Display: Oodle Texture 2.9.0 init RDO Off
[2022.04.26-17.42.32:681][  0]LogRendererCore: Ray tracing is disabled. Reason: r.RayTracing=0.
[2022.04.26-17.42.32:681][  0]LogShaderCompilers: Guid format shader working directory is -12 characters bigger than the processId version (../../../../../DEV Unreal/ShooterGame/ShooterGame/Shooter/Intermediate/Shaders/WorkingDirectory/19672/).
[2022.04.26-17.42.32:681][  0]LogShaderCompilers: Cleaned the shader compiler working directory 'C:/Users/Pablo/AppData/Local/Temp/UnrealShaderWorkingDir/855F826646165445C47E8CB10320A2F4/'.
[2022.04.26-17.42.32:681][  0]LogXGEController: Cannot use XGE Controller as Incredibuild is not installed on this machine.
[2022.04.26-17.42.32:681][  0]LogShaderCompilers: Cannot use XGE Shader Compiler as Incredibuild is not installed on this machine.
[2022.04.26-17.42.32:681][  0]LogShaderCompilers: Display: Using Local Shader Compiler.
[2022.04.26-17.42.33:309][  0]LogDerivedDataCache: Display: Max Cache Size: 512 MB
[2022.04.26-17.42.33:355][  0]LogDerivedDataCache: Loaded boot cache 0.05s 94MB C:/Users/Pablo/AppData/Local/UnrealEngine/4.27/DerivedDataCache/Boot.ddc.
[2022.04.26-17.42.33:355][  0]LogDerivedDataCache: Display: Loaded Boot cache: C:/Users/Pablo/AppData/Local/UnrealEngine/4.27/DerivedDataCache/Boot.ddc
[2022.04.26-17.42.33:356][  0]LogDerivedDataCache: FDerivedDataBackendGraph:  Pak pak cache file ../../../../../DEV Unreal/ShooterGame/ShooterGame/Shooter/DerivedDataCache/DDC.ddp not found, will not use a pak cache.
[2022.04.26-17.42.33:356][  0]LogDerivedDataCache: Unable to find inner node Pak for hierarchical cache Hierarchy.
[2022.04.26-17.42.33:356][  0]LogDerivedDataCache: FDerivedDataBackendGraph:  CompressedPak pak cache file ../../../../../DEV Unreal/ShooterGame/ShooterGame/Shooter/DerivedDataCache/Compressed.ddp not found, will not use a pak cache.
[2022.04.26-17.42.33:356][  0]LogDerivedDataCache: Unable to find inner node CompressedPak for hierarchical cache Hierarchy.
[2022.04.26-17.42.33:370][  0]LogDerivedDataCache: Display: Pak cache opened for reading ../../../Engine/DerivedDataCache/Compressed.ddp.
[2022.04.26-17.42.33:370][  0]LogDerivedDataCache: FDerivedDataBackendGraph:  EnterprisePak pak cache file ../../../Enterprise/DerivedDataCache/Compressed.ddp not found, will not use a pak cache.
[2022.04.26-17.42.33:370][  0]LogDerivedDataCache: Unable to find inner node EnterprisePak for hierarchical cache Hierarchy.
[2022.04.26-17.42.33:379][  0]LogDerivedDataCache: Speed tests for C:/Users/Pablo/AppData/Local/UnrealEngine/Common/DerivedDataCache took 0.01 seconds
[2022.04.26-17.42.33:379][  0]LogDerivedDataCache: Display: Performance to C:/Users/Pablo/AppData/Local/UnrealEngine/Common/DerivedDataCache: Latency=0.03ms. RandomReadSpeed=996.88MBs, RandomWriteSpeed=129.13MBs. Assigned SpeedClass 'Local'
[2022.04.26-17.42.33:380][  0]LogDerivedDataCache: Using Local data cache path C:/Users/Pablo/AppData/Local/UnrealEngine/Common/DerivedDataCache: Writable
[2022.04.26-17.42.33:380][  0]LogDerivedDataCache: Shared data cache path not found in *engine.ini, will not use an Shared cache.
[2022.04.26-17.42.33:380][  0]LogDerivedDataCache: Unable to find inner node Shared for hierarchical cache Hierarchy.
[2022.04.26-17.42.33:418][  0]LogSlate: Using FreeType 2.10.0
[2022.04.26-17.42.33:419][  0]LogSlate: SlateFontServices - WITH_FREETYPE: 1, WITH_HARFBUZZ: 1
[2022.04.26-17.42.33:439][  0]LogAssetRegistry: FAssetRegistry took 0.0023 seconds to start up
[2022.04.26-17.42.33:624][  0]LogInit: Selected Device Profile: [Windows]
[2022.04.26-17.42.33:624][  0]LogInit: Active device profile: [000001F1C8278900][000001F1C4929280 49] Windows
[2022.04.26-17.42.33:625][  0]LogInit: Profiles: [000001F1C8278900][000001F1C4929280 49] Windows, [000001F1C8237600][000001F1C4931400 49] WindowsNoEditor, [000001F1C827B500][000001F1C4935580 49] WindowsServer, [000001F1C8234E00][000001F1C53EF700 49] WindowsClient, [000001F1C827B800][000001F1C53F3880 49] IOS, [000001F1C8236600][000001F1C53F7A00 49] iPadAir, [000001F1C827A000][000001F1C53FBB80 49] iPadAir2, [000001F1C80A4A00][000001F1BD6CE2C0 49] IPadPro, [000001F1C80A4B00][000001F1BD6B2300 49] iPadAir3, [000001F1C8235700][000001F1BD6D2480 49] iPadAir4, [000001F1C80A7400][000001F1BD6DA600 49] iPadMini2, [000001F1C8236800][000001F1C492C740 49] iPadMini3, [000001F1C80A5700][000001F1BD6F2880 49] iPadMini4, [000001F1C8279100][000001F1BD7329C0 49] iPadMini5, [000001F1C80D4300][000001F1BD64AC40 49] iPhone6, [000001F1C80D4400][000001F1BD73EC80 49] iPodTouch6, [000001F1C8ECFF00][000001F1BD666F40 49] iPhone7, [000001F1C8ECFE00][000001F1BD64EF80 49] iPodTouch7, [000001F1C8236300][000001F1BD683100 49] iPhone5S, [000001F1C8ECDA00][000001F1BD68B280 49] iPhone6Plus, [000001F1C80D4200][000001F1BD697400 49] iPhone6S, [000001F1C8ECC600][000001F1BD783580 49] iPhone6SPlus, [000001F1C80D6900][000001F1BD787700 49] iPhone7Plus, [000001F1C8ECF100][000001F1BD78B880 49] iPhoneSE, [000001F1C80D6200][000001F1BD78FA00 49] iPhone8, [000001F1C8ECFB00][000001F1BD793B80 49] iPhone8Plus, [000001F1C80D4800][000001F1BD79A180 49] iPhoneX, [000001F1C8ECD600][000001F1BD7A2300 49] iPhoneXS, [000001F1C80D7C00][000001F1C5C16480 49] iPhoneXSMax, [000001F1C8ECC700][000001F1C5C1A600 49] iPhoneXR, [000001F1C80D5300][000001F1C5F46780 49] iPhone11, [000001F1C8ECE700][000001F1C5F56900 49] iPhone11Pro, [000001F1C80D5000][000001F1BD646A40 49] iPhone11ProMax, [000001F1C8ECEA00][000001F1C5F4AB80 49] iPhoneSE2, [000001F1C80D5400][000001F1C5FBCCC0 49] iPhone12Mini, [000001F1C8ECE400][000001F1C5FFEE40 49] iPhone12, [000001F1C80D4D00][000001F1C6002FC0 49] iPhone12Pro, [000001F1C8ECEB00][000001F1C6027140 49] iPhone12ProMax, [000001F1C80D7000][000001F1C602B2C0 49] iPadPro105, [000001F1C8ECC200][000001F1C5EF3440 49] iPadPro129, [000001F1C80D6B00][000001F1C5EF75C0 49] iPadPro97, [000001F1C8ECE600][000001F1C5EFB740 49] iPadPro2_129, [000001F1C80D7B00][000001F1C5F2F8C0 49] iPad5, [000001F1C8ECE200][000001F1C5F33A40 49] iPad6, [000001F1C80D4F00][000001F1C5F37BC0 49] iPad7, [000001F1C8ECDD00][000001F1C5F3A1C0 49] iPad8, [000001F1C80D4900][000001F1C5F3E340 49] iPadPro11, [000001F1C8ECCF00][000001F1C5F424C0 49] iPadPro2_11, [000001F1C80D7200][000001F1C54E2640 49] iPadPro3_129, [000001F1C8ECFC00][000001F1C54E67C0 49] iPadPro4_129, [000001F1C80D4C00][000001F1C54EE940 49] AppleTV, [000001F1C8ECE100][000001F1C54F6AC0 49] AppleTV4K, [000001F1C80D7100][000001F1C5FFAC00 49] TVOS, [000001F1C8ECF400][000001F1C54FAD40 49] Mac, [000001F1C80D7800][000001F1C5526E80 49] MacClient, [000001F1C8ECDE00][000001F1C552AFC0 49] MacNoEditor, [000001F1C80D7F00][000001F1C58EF140 49] MacServer, [000001F1C8ECEE00][000001F1C58F32C0 49] Linux, [000001F1C80D4B00][000001F1C58F7440 49] LinuxAArch64, [000001F1C8ECDF00][000001F1C58FB5C0 49] LinuxNoEditor, [000001F1C80D5B00][000001F1C5EA5740 49] LinuxAArch64NoEditor, [000001F1C8ECF900][000001F1C5EA98C0 49] LinuxClient, [000001F1C80D7500][000001F1C5EADA40 49] LinuxAArch64Client, [000001F1C8ECE300][000001F1C5EB1BC0 49] LinuxServer, [000001F1C80D4500][000001F1C5EB41C0 49] LinuxAArch64Server, [000001F1C8ECCD00][000001F1C5EE8340 49] Android, [000001F1C80D5900][000001F1C5EEC4C0 49] Android_Low, [000001F1C8ECF600][000001F1C5920640 49] Android_Mid, [000001F1C80D6D00][000001F1C59247C0 49] Android_High, [000001F1C8ECF800][000001F1C5928940 49] Android_Default, [000001F1C80D6100][000001F1C592CAC0 49] Android_Adreno4xx, [000001F1C8ECC900][000001F1C5F4EC40 49] Android_Adreno5xx_Low, [000001F1C80A7600][000001F1C552ED80 49] Android_Adreno5xx, [000001F1C8234900][000001F1C6006EC0 49] Android_Adreno6xx, [000001F1C80A5800][000001F1C600B000 49] Android_Adreno6xx_Vulkan, [000001F1C8237F00][000001F1C600F140 49] Android_Mali_T6xx, [000001F1C80A5200][000001F1C60172C0 49] Android_Mali_T7xx, [000001F1C8237700][000001F1C601B440 49] Android_Mali_T8xx, [000001F1C80A5E00][000001F1C601F5C0 49] Android_Mali_G71, [000001F1C8234500][000001F1C6023740 49] Android_Mali_G72, [000001F1C80A4600][000001F1C594D8C0 49] Android_Mali_G72_Vulkan, [000001F1C8235000][000001F1C5951A40 49] Android_Mali_G76, [000001F1C80A4100][000001F1C5487BC0 49] Android_Mali_G76_Vulkan, [000001F1C8235D00][000001F1C548A1C0 49] Android_Mali_G77, [000001F1C80A4C00][000001F1C548E340 49] Android_Mali_G77_Vulkan, [000001F1C8234A00][000001F1C54F24C0 49] Android_Mali_G78, [000001F1C80A6C00][000001F1C58E4640 49] Android_Mali_G78_Vulkan, [000001F1C8237400][000001F1C54927C0 49] Android_Mali_G710, [000001F1C80A6400][000001F1C5496940 49] Android_Mali_G710_Vulkan, [000001F1C8236500][000001F1C549AAC0 49] Android_Vulkan_SM5, [000001F1C80A7B00][000001F1C549EC40 49] Android_PowerVR_G6xxx, [000001F1C8237200][000001F1C58E8DC0 49] Android_PowerVR_GT7xxx, [000001F1C80A6300][000001F1C54EAF40 49] Android_PowerVR_GE8xxx, [000001F1C8236C00][000001F1C6013080 49] Android_PowerVR_GM9xxx, [000001F1C80A7F00][000001F1C54A31C0 49] Android_PowerVR_GM9xxx_Vulkan, [000001F1C8235400][000001F1C54A7300 49] Android_TegraK1, [000001F1C80A4400][000001F1C570F480 49] Android_Unknown_Vulkan, [000001F1C8236B00][000001F1C5713600 49] Lumin, [000001F1C80A4500][000001F1C5717780 49] Lumin_Desktop, [000001F1C8234D00][000001F1C571B900 49] HoloLens, 
[2022.04.26-17.42.33:736][  0]LogMeshReduction: Using QuadricMeshReduction for automatic static mesh reduction
[2022.04.26-17.42.33:736][  0]LogMeshReduction: Using SimplygonMeshReduction for automatic skeletal mesh reduction
[2022.04.26-17.42.33:736][  0]LogMeshReduction: Using ProxyLODMeshReduction for automatic mesh merging
[2022.04.26-17.42.33:736][  0]LogMeshReduction: No distributed automatic mesh merging module available
[2022.04.26-17.42.33:736][  0]LogMeshMerging: No distributed automatic mesh merging module available
[2022.04.26-17.42.33:750][  0]LogNetVersion: Shooter 1.0.0, NetCL: 17155196, EngineNetVer: 17, GameNetVer: 0 (Checksum: 1849318458)
[2022.04.26-17.42.34:063][  0]LogTexture: Default maximum texture size for cubemaps generated from long-lat sources has been changed from 512 to unlimited. In order to preserve old behaiour for '/Engine/MapTemplates/Sky/DaylightAmbientCubemap.DaylightAmbientCubemap', its maximum texture size has been explicitly set to 512.
[2022.04.26-17.42.34:110][  0]LogHMD: PokeAHoleMaterial loaded successfully
[2022.04.26-17.42.34:114][  0]LogUObjectArray: 17178 objects as part of root set at end of initial load.
[2022.04.26-17.42.34:114][  0]LogUObjectAllocator: 4302048 out of 0 bytes used by permanent object pool.
[2022.04.26-17.42.34:114][  0]LogUObjectArray: CloseDisregardForGC: 0/0 objects in disregard for GC pool
[2022.04.26-17.42.34:323][  0]LogNiagaraDebuggerClient: Niagara Debugger Client Initialized | Session: 8E59C2664625AA9DC7FA9EA41DF5029D | Instance: 6CB52C104EC42632727D2CBF3402FB66 (DESKTOP-PATULNA-19672).
[2022.04.26-17.42.34:369][  0]LogTcpMessaging: Initializing TcpMessaging bridge
[2022.04.26-17.42.34:373][  0]LogUdpMessaging: Initializing bridge on interface 0.0.0.0:0 to multicast group 230.0.0.1:6666.
[2022.04.26-17.42.34:477][  0]LogPython: Using Python 3.7.7
[2022.04.26-17.42.34:992][  0]SourceControl: Source control is disabled
[2022.04.26-17.42.34:992][  0]SourceControl: Source control is disabled
[2022.04.26-17.42.34:995][  0]SourceControl: Source control is disabled
[2022.04.26-17.42.34:999][  0]SourceControl: Source control is disabled
[2022.04.26-17.42.35:004][  0]SourceControl: Source control is disabled
[2022.04.26-17.42.35:009][  0]LogUProjectInfo: Found projects:
[2022.04.26-17.42.35:106][  0]LogAndroidPermission: UAndroidPermissionCallbackProxy::GetInstance
[2022.04.26-17.42.35:158][  0]LogAudioCaptureCore: Display: No Audio Capture implementations found. Audio input will be silent.
[2022.04.26-17.42.35:158][  0]LogAudioCaptureCore: Display: No Audio Capture implementations found. Audio input will be silent.
[2022.04.26-17.42.35:318][  0]LogOpenImageDenoise: OIDN starting up
[2022.04.26-17.42.35:335][  0]LogCollectionManager: Loaded 0 collections in 0.000571 seconds
[2022.04.26-17.42.35:354][  0]LogFileCache: Scanning file cache for directory 'E:/DEV Unreal/ShooterGame/ShooterGame/Shooter/Saved/Collections/' took 0.00s
[2022.04.26-17.42.35:355][  0]LogFileCache: Scanning file cache for directory 'E:/DEV Unreal/ShooterGame/ShooterGame/Shooter/Content/Developers/Pablo/Collections/' took 0.00s
[2022.04.26-17.42.35:355][  0]LogFileCache: Scanning file cache for directory 'E:/DEV Unreal/ShooterGame/ShooterGame/Shooter/Content/Collections/' took 0.00s
[2022.04.26-17.42.35:355][  0]LogOcInput: OculusInput pre-init called
[2022.04.26-17.42.35:558][  0]LogEngine: Initializing Engine...
[2022.04.26-17.42.35:560][  0]LogHMD: Failed to enumerate extensions. Please check that you have a valid OpenXR runtime installed.
[2022.04.26-17.42.35:560][  0]LogHMD: Failed to initialize OpenVR with code 110
[2022.04.26-17.42.35:560][  0]LogMagicLeap: Warning: VR disabled because ZI is not enabled.  To enable, in the editor, Edit -> Project Settings -> Plugins -> Magic Leap Plugin -> Enable Zero Iteration
[2022.04.26-17.42.35:561][  0]LogStats: UGameplayTagsManager::InitializeManager -  0.000 s
[2022.04.26-17.42.35:656][  0]LogInit: Initializing FReadOnlyCVARCache
[2022.04.26-17.42.35:665][  0]LogAIModule: Creating AISystem for world Untitled
[2022.04.26-17.42.35:674][  0]LogAudio: Display: Initializing Audio Device Manager...
[2022.04.26-17.42.35:676][  0]LogAudio: Display: Loading Default Audio Settings Objects...
[2022.04.26-17.42.35:677][  0]LogAudio: Display: No default SoundConcurrencyObject specified (or failed to load).
[2022.04.26-17.42.35:677][  0]LogAudio: Display: Audio Device Manager Initialized
[2022.04.26-17.42.35:677][  0]LogAudio: Display: Creating Audio Device:                 Id: 1, Scope: Shared, Realtime: True
[2022.04.26-17.42.35:677][  0]LogAudioMixer: Display: Audio Mixer Platform Settings:
[2022.04.26-17.42.35:677][  0]LogAudioMixer: Display: 	Sample Rate:						  48000
[2022.04.26-17.42.35:677][  0]LogAudioMixer: Display: 	Callback Buffer Frame Size Requested: 1024
[2022.04.26-17.42.35:677][  0]LogAudioMixer: Display: 	Callback Buffer Frame Size To Use:	  1024
[2022.04.26-17.42.35:677][  0]LogAudioMixer: Display: 	Number of buffers to queue:			  2
[2022.04.26-17.42.35:677][  0]LogAudioMixer: Display: 	Max Channels (voices):				  32
[2022.04.26-17.42.35:677][  0]LogAudioMixer: Display: 	Number of Async Source Workers:		  0
[2022.04.26-17.42.35:677][  0]LogAudio: Display: AudioDevice MaxSources: 32
[2022.04.26-17.42.35:678][  0]LogAudio: Display: Audio Spatialization Plugin: None (built-in).
[2022.04.26-17.42.35:678][  0]LogAudio: Display: Audio Reverb Plugin: None (built-in).
[2022.04.26-17.42.35:678][  0]LogAudio: Display: Audio Occlusion Plugin: None (built-in).
[2022.04.26-17.42.35:678][  0]LogAudioMixer: Display: Initializing audio mixer.
[2022.04.26-17.42.35:690][  0]LogAudioMixer: Display: 0: FrontLeft
[2022.04.26-17.42.35:690][  0]LogAudioMixer: Display: 1: FrontRight
[2022.04.26-17.42.35:703][  0]LogAudioMixer: Display: Using Audio Device Altavoces (Realtek High Definition Audio)
[2022.04.26-17.42.35:706][  0]LogAudioMixer: Display: Initializing Sound Submixes...
[2022.04.26-17.42.35:708][  0]LogAudioMixer: Display: Creating Master Submix 'MasterSubmixDefault'
[2022.04.26-17.42.35:708][  0]LogAudioMixer: Display: Creating Master Submix 'MasterReverbSubmixDefault'
[2022.04.26-17.42.35:708][  0]LogAudioMixer: Display: Creating Master Submix 'MasterEQSubmixDefault'
[2022.04.26-17.42.35:708][  0]LogAudioMixer: FMixerPlatformXAudio2::StartAudioStream() called
[2022.04.26-17.42.35:708][  0]LogAudioMixer: Display: Output buffers initialized: Frames=1024, Channels=2, Samples=2048
[2022.04.26-17.42.35:709][  0]LogAudioMixer: Display: Starting AudioMixerPlatformInterface::RunInternal()
[2022.04.26-17.42.35:709][  0]LogAudioMixer: Display: FMixerPlatformXAudio2::SubmitBuffer() called for the first time
[2022.04.26-17.42.35:709][  0]LogInit: FAudioDevice initialized.
[2022.04.26-17.42.35:710][  0]LogAudio: Display: Audio Device (ID: 1) registered with world 'Untitled'.
[2022.04.26-17.42.35:710][  0]LogNetVersion: Set ProjectVersion to 1.0.0.0. Version Checksum will be recalculated on next use.
[2022.04.26-17.42.35:782][  0]LogDerivedDataCache: Saved boot cache 0.07s 94MB C:/Users/Pablo/AppData/Local/UnrealEngine/4.27/DerivedDataCache/Boot.ddc.
[2022.04.26-17.42.35:784][  0]LogInit: Texture streaming: Enabled
[2022.04.26-17.42.35:797][  0]LogAnalytics: Display: [UEEditor.Rocket.Release] APIServer = https://datarouter.ol.epicgames.com/. AppVersion = 4.27.2-18319896+++UE4+Release-4.27
[2022.04.26-17.42.35:806][  0]LogEngineSessionManager: EngineSessionManager initialized
[2022.04.26-17.42.35:806][  0]LogEngineSessionManager: EngineSessionManager sent abnormal shutdown report. Type=AbnormalShutdown, SessionId={87B28FFC-43D5-614C-4A10-C48122E8CBC1}
[2022.04.26-17.42.35:806][  0]LogEditorSessionSummary: Verbose: Initializing EditorSessionSummaryWriter for editor session tracking
[2022.04.26-17.42.35:818][  0]LogEditorSessionSummary: EditorSessionSummaryWriter initialized
[2022.04.26-17.42.35:841][  0]LogInit: Transaction tracking system initialized
[2022.04.26-17.42.35:858][  0]BlueprintLog: New page: Editor Load
[2022.04.26-17.42.35:905][  0]LocalizationService: Localization service is disabled
[2022.04.26-17.42.35:922][  0]TimingProfiler: Initialize
[2022.04.26-17.42.35:923][  0]TimingProfiler: OnSessionChanged
[2022.04.26-17.42.35:923][  0]LoadingProfiler: Initialize
[2022.04.26-17.42.35:923][  0]LoadingProfiler: OnSessionChanged
[2022.04.26-17.42.35:923][  0]NetworkingProfiler: Initialize
[2022.04.26-17.42.35:923][  0]NetworkingProfiler: OnSessionChanged
[2022.04.26-17.42.35:923][  0]MemoryProfiler: Initialize
[2022.04.26-17.42.35:923][  0]MemoryProfiler: OnSessionChanged
[2022.04.26-17.42.36:030][  0]LogCook: Display: CookSettings for Memory: MemoryMaxUsedVirtual 0MiB, MemoryMaxUsedPhysical 16384MiB, MemoryMinFreeVirtual 0MiB, MemoryMinFreePhysical 1024MiB
[2022.04.26-17.42.36:030][  0]LogCook: Display: Mobile HDR setting 1
[2022.04.26-17.42.36:181][  0]LogFileCache: Scanning file cache for directory 'E:/DEV Unreal/ShooterGame/ShooterGame/Shooter/Content/' took 0.01s
[2022.04.26-17.42.36:340][  0]LogInit: Display: Engine is initialized. Leaving FEngineLoop::Init()
[2022.04.26-17.42.36:347][  0]SourceControl: Source control is disabled
[2022.04.26-17.42.36:347][  0]LogUnrealEdMisc: Loading editor; pre map load, took 5.563
[2022.04.26-17.42.36:347][  0]Cmd: MAP LOAD FILE="../../../../../DEV Unreal/ShooterGame/ShooterGame/Shooter/Content/_Game/Maps/DefaultMap.umap" TEMPLATE=0 SHOWPROGRESS=1 FEATURELEVEL=3
[2022.04.26-17.42.36:347][  0]LightingResults: New page: Lighting Build
[2022.04.26-17.42.36:348][  0]LogWorld: UWorld::CleanupWorld for Untitled, bSessionEnded=true, bCleanupResources=true
[2022.04.26-17.42.36:348][  0]LogSlate: InvalidateAllWidgets triggered.  All widgets were invalidated
[2022.04.26-17.42.36:348][  0]MapCheck: New page: Map Check
[2022.04.26-17.42.36:348][  0]LightingResults: New page: Lighting Build
[2022.04.26-17.42.36:352][  0]LogAudio: Display: Audio Device unregistered from world 'None'.
[2022.04.26-17.42.36:355][  0]LogUObjectHash: Compacting FUObjectHashTables data took   0.62ms
[2022.04.26-17.42.36:589][  0]LogTexture: Default maximum texture size for cubemaps generated from long-lat sources has been changed from 512 to unlimited. In order to preserve old behaiour for '/Game/ParagonLtBelica/Characters/Global/Eyes/Textures/T_EpicQuadPanorama_CC.T_EpicQuadPanorama_CC', its maximum texture size has been explicitly set to 512.
[2022.04.26-17.42.36:644][  0]LogSkeletalMesh: Display: [AssetLog] E:\DEV Unreal\ShooterGame\ShooterGame\Shooter\Content\ParagonLtBelica\Characters\Heroes\Belica\Meshes\Belica.uasset: Find and fix some bad tangent! please re-import this skeletal mesh asset to fix the issue. The shading of the skeletal mesh will be bad and faceted.
[2022.04.26-17.42.36:748][  0]LogAudio: Display: Audio Device (ID: 1) registered with world 'DefaultMap'.
[2022.04.26-17.42.36:749][  0]LogAIModule: Creating AISystem for world DefaultMap
[2022.04.26-17.42.36:753][  0]LogEditorServer: Finished looking for orphan Actors (0.000 secs)
[2022.04.26-17.42.36:759][  0]LogUObjectHash: Compacting FUObjectHashTables data took   0.79ms
[2022.04.26-17.42.36:762][  0]Cmd: MAP CHECKDEP NOCLEARLOG
[2022.04.26-17.42.36:762][  0]MapCheck: Map check complete: 0 Error(s), 0 Warning(s), took 0.075ms to complete.
[2022.04.26-17.42.36:762][  0]LogFileHelpers: Loading map 'DefaultMap' took 0.415
[2022.04.26-17.42.36:763][  0]LogUnrealEdMisc: Total Editor Startup Time, took 5.980
[2022.04.26-17.42.36:900][  0]LogSlate: Updating window title bar state: overlay mode, drag disabled, window buttons hidden, title bar hidden
[2022.04.26-17.42.36:908][  0]LogSlate: Updating window title bar state: overlay mode, drag disabled, window buttons hidden, title bar hidden
[2022.04.26-17.42.36:914][  0]LogSlate: Updating window title bar state: overlay mode, drag disabled, window buttons hidden, title bar hidden
[2022.04.26-17.42.36:919][  0]LogSlate: Updating window title bar state: overlay mode, drag disabled, window buttons hidden, title bar hidden
[2022.04.26-17.42.36:935][  0]LogNativeClassHierarchy: Verbose: Native class hierarchy populated in 0.0077 seconds. Added 3825 classes and 930 folders.
[2022.04.26-17.42.36:937][  0]LogNativeClassHierarchy: Verbose: Native class hierarchy updated for 'WidgetCarousel' in 0.0002 seconds. Added 0 classes and 0 folders.
[2022.04.26-17.42.36:938][  0]LogPakFile: PakFile PrimaryIndexSize=187
[2022.04.26-17.42.36:938][  0]LogPakFile: PakFile PathHashIndexSize=101
[2022.04.26-17.42.36:938][  0]LogPakFile: PakFile FullDirectoryIndexSize=148
[2022.04.26-17.42.36:938][  0]LogShaderLibrary: Display: ShaderCodeLibraryPakFileMountedCallback: PakFile 'E:/Unreal/UE_4.27/FeaturePacks/FP_FirstPerson.upack' (chunk index -1, root 'root:/') mounted
[2022.04.26-17.42.36:938][  0]LogShaderLibrary: Display: ShaderCodeLibraryPakFileMountedCallback: pending pak file info (ChunkID:-1 Root:root:/ File:E:/Unreal/UE_4.27/FeaturePacks/FP_FirstPerson.upack)
[2022.04.26-17.42.36:938][  0]LogPakFile: OnPakFileMounted2Time == 0.000067
[2022.04.26-17.42.36:938][  0]LogPakFile: PakFile PrimaryIndexSize=189
[2022.04.26-17.42.36:938][  0]LogPakFile: PakFile PathHashIndexSize=101
[2022.04.26-17.42.36:938][  0]LogPakFile: PakFile FullDirectoryIndexSize=152
[2022.04.26-17.42.36:938][  0]LogShaderLibrary: Display: ShaderCodeLibraryPakFileMountedCallback: PakFile 'E:/Unreal/UE_4.27/FeaturePacks/FP_FirstPersonBP.upack' (chunk index -1, root 'root:/') mounted
[2022.04.26-17.42.36:938][  0]LogShaderLibrary: Display: ShaderCodeLibraryPakFileMountedCallback: pending pak file info (ChunkID:-1 Root:root:/ File:E:/Unreal/UE_4.27/FeaturePacks/FP_FirstPersonBP.upack)
[2022.04.26-17.42.36:938][  0]LogPakFile: OnPakFileMounted2Time == 0.000045
[2022.04.26-17.42.36:939][  0]LogPakFile: PakFile PrimaryIndexSize=191
[2022.04.26-17.42.36:939][  0]LogPakFile: PakFile PathHashIndexSize=101
[2022.04.26-17.42.36:939][  0]LogPakFile: PakFile FullDirectoryIndexSize=160
[2022.04.26-17.42.36:939][  0]LogShaderLibrary: Display: ShaderCodeLibraryPakFileMountedCallback: PakFile 'E:/Unreal/UE_4.27/FeaturePacks/MobileStarterContent.upack' (chunk index -1, root 'root:/') mounted
[2022.04.26-17.42.36:939][  0]LogShaderLibrary: Display: ShaderCodeLibraryPakFileMountedCallback: pending pak file info (ChunkID:-1 Root:root:/ File:E:/Unreal/UE_4.27/FeaturePacks/MobileStarterContent.upack)
[2022.04.26-17.42.36:939][  0]LogPakFile: OnPakFileMounted2Time == 0.000039
[2022.04.26-17.42.36:939][  0]LogPakFile: PakFile PrimaryIndexSize=185
[2022.04.26-17.42.36:939][  0]LogPakFile: PakFile PathHashIndexSize=101
[2022.04.26-17.42.36:939][  0]LogPakFile: PakFile FullDirectoryIndexSize=148
[2022.04.26-17.42.36:939][  0]LogShaderLibrary: Display: ShaderCodeLibraryPakFileMountedCallback: PakFile 'E:/Unreal/UE_4.27/FeaturePacks/StarterContent.upack' (chunk index -1, root 'root:/') mounted
[2022.04.26-17.42.36:939][  0]LogShaderLibrary: Display: ShaderCodeLibraryPakFileMountedCallback: pending pak file info (ChunkID:-1 Root:root:/ File:E:/Unreal/UE_4.27/FeaturePacks/StarterContent.upack)
[2022.04.26-17.42.36:939][  0]LogPakFile: OnPakFileMounted2Time == 0.000041
[2022.04.26-17.42.36:940][  0]LogPakFile: PakFile PrimaryIndexSize=190
[2022.04.26-17.42.36:940][  0]LogPakFile: PakFile PathHashIndexSize=101
[2022.04.26-17.42.36:940][  0]LogPakFile: PakFile FullDirectoryIndexSize=154
[2022.04.26-17.42.36:940][  0]LogShaderLibrary: Display: ShaderCodeLibraryPakFileMountedCallback: PakFile 'E:/Unreal/UE_4.27/FeaturePacks/TP_2DSideScroller.upack' (chunk index -1, root 'root:/') mounted
[2022.04.26-17.42.36:940][  0]LogShaderLibrary: Display: ShaderCodeLibraryPakFileMountedCallback: pending pak file info (ChunkID:-1 Root:root:/ File:E:/Unreal/UE_4.27/FeaturePacks/TP_2DSideScroller.upack)
[2022.04.26-17.42.36:940][  0]LogPakFile: OnPakFileMounted2Time == 0.000043
[2022.04.26-17.42.36:941][  0]LogPakFile: PakFile PrimaryIndexSize=192
[2022.04.26-17.42.36:941][  0]LogPakFile: PakFile PathHashIndexSize=101
[2022.04.26-17.42.36:941][  0]LogPakFile: PakFile FullDirectoryIndexSize=158
[2022.04.26-17.42.36:941][  0]LogShaderLibrary: Display: ShaderCodeLibraryPakFileMountedCallback: PakFile 'E:/Unreal/UE_4.27/FeaturePacks/TP_2DSideScrollerBP.upack' (chunk index -1, root 'root:/') mounted
[2022.04.26-17.42.36:941][  0]LogShaderLibrary: Display: ShaderCodeLibraryPakFileMountedCallback: pending pak file info (ChunkID:-1 Root:root:/ File:E:/Unreal/UE_4.27/FeaturePacks/TP_2DSideScrollerBP.upack)
[2022.04.26-17.42.36:941][  0]LogPakFile: OnPakFileMounted2Time == 0.000040
[2022.04.26-17.42.36:941][  0]LogPakFile: PakFile PrimaryIndexSize=182
[2022.04.26-17.42.36:941][  0]LogPakFile: PakFile PathHashIndexSize=101
[2022.04.26-17.42.36:941][  0]LogPakFile: PakFile FullDirectoryIndexSize=138
[2022.04.26-17.42.36:941][  0]LogShaderLibrary: Display: ShaderCodeLibraryPakFileMountedCallback: PakFile 'E:/Unreal/UE_4.27/FeaturePacks/TP_Flying.upack' (chunk index -1, root 'root:/') mounted
[2022.04.26-17.42.36:941][  0]LogShaderLibrary: Display: ShaderCodeLibraryPakFileMountedCallback: pending pak file info (ChunkID:-1 Root:root:/ File:E:/Unreal/UE_4.27/FeaturePacks/TP_Flying.upack)
[2022.04.26-17.42.36:941][  0]LogPakFile: OnPakFileMounted2Time == 0.000039
[2022.04.26-17.42.36:942][  0]LogPakFile: PakFile PrimaryIndexSize=184
[2022.04.26-17.42.36:942][  0]LogPakFile: PakFile PathHashIndexSize=101
[2022.04.26-17.42.36:942][  0]LogPakFile: PakFile FullDirectoryIndexSize=142
[2022.04.26-17.42.36:942][  0]LogShaderLibrary: Display: ShaderCodeLibraryPakFileMountedCallback: PakFile 'E:/Unreal/UE_4.27/FeaturePacks/TP_FlyingBP.upack' (chunk index -1, root 'root:/') mounted
[2022.04.26-17.42.36:942][  0]LogShaderLibrary: Display: ShaderCodeLibraryPakFileMountedCallback: pending pak file info (ChunkID:-1 Root:root:/ File:E:/Unreal/UE_4.27/FeaturePacks/TP_FlyingBP.upack)
[2022.04.26-17.42.36:942][  0]LogPakFile: OnPakFileMounted2Time == 0.000045
[2022.04.26-17.42.36:942][  0]LogPakFile: PakFile PrimaryIndexSize=188
[2022.04.26-17.42.36:942][  0]LogPakFile: PakFile PathHashIndexSize=101
[2022.04.26-17.42.36:942][  0]LogPakFile: PakFile FullDirectoryIndexSize=150
[2022.04.26-17.42.36:942][  0]LogShaderLibrary: Display: ShaderCodeLibraryPakFileMountedCallback: PakFile 'E:/Unreal/UE_4.27/FeaturePacks/TP_HandheldARBP.upack' (chunk index -1, root 'root:/') mounted
[2022.04.26-17.42.36:942][  0]LogShaderLibrary: Display: ShaderCodeLibraryPakFileMountedCallback: pending pak file info (ChunkID:-1 Root:root:/ File:E:/Unreal/UE_4.27/FeaturePacks/TP_HandheldARBP.upack)
[2022.04.26-17.42.36:942][  0]LogPakFile: OnPakFileMounted2Time == 0.000039
[2022.04.26-17.42.36:943][  0]LogPakFile: PakFile PrimaryIndexSize=182
[2022.04.26-17.42.36:943][  0]LogPakFile: PakFile PathHashIndexSize=101
[2022.04.26-17.42.36:943][  0]LogPakFile: PakFile FullDirectoryIndexSize=138
[2022.04.26-17.42.36:943][  0]LogShaderLibrary: Display: ShaderCodeLibraryPakFileMountedCallback: PakFile 'E:/Unreal/UE_4.27/FeaturePacks/TP_Puzzle.upack' (chunk index -1, root 'root:/') mounted
[2022.04.26-17.42.36:943][  0]LogShaderLibrary: Display: ShaderCodeLibraryPakFileMountedCallback: pending pak file info (ChunkID:-1 Root:root:/ File:E:/Unreal/UE_4.27/FeaturePacks/TP_Puzzle.upack)
[2022.04.26-17.42.36:943][  0]LogPakFile: OnPakFileMounted2Time == 0.000039
[2022.04.26-17.42.36:943][  0]LogPakFile: PakFile PrimaryIndexSize=184
[2022.04.26-17.42.36:943][  0]LogPakFile: PakFile PathHashIndexSize=101
[2022.04.26-17.42.36:943][  0]LogPakFile: PakFile FullDirectoryIndexSize=142
[2022.04.26-17.42.36:943][  0]LogShaderLibrary: Display: ShaderCodeLibraryPakFileMountedCallback: PakFile 'E:/Unreal/UE_4.27/FeaturePacks/TP_PuzzleBP.upack' (chunk index -1, root 'root:/') mounted
[2022.04.26-17.42.36:943][  0]LogShaderLibrary: Display: ShaderCodeLibraryPakFileMountedCallback: pending pak file info (ChunkID:-1 Root:root:/ File:E:/Unreal/UE_4.27/FeaturePacks/TP_PuzzleBP.upack)
[2022.04.26-17.42.36:943][  0]LogPakFile: OnPakFileMounted2Time == 0.000043
[2022.04.26-17.42.36:944][  0]LogPakFile: PakFile PrimaryIndexSize=183
[2022.04.26-17.42.36:944][  0]LogPakFile: PakFile PathHashIndexSize=101
[2022.04.26-17.42.36:944][  0]LogPakFile: PakFile FullDirectoryIndexSize=140
[2022.04.26-17.42.36:944][  0]LogShaderLibrary: Display: ShaderCodeLibraryPakFileMountedCallback: PakFile 'E:/Unreal/UE_4.27/FeaturePacks/TP_Rolling.upack' (chunk index -1, root 'root:/') mounted
[2022.04.26-17.42.36:944][  0]LogShaderLibrary: Display: ShaderCodeLibraryPakFileMountedCallback: pending pak file info (ChunkID:-1 Root:root:/ File:E:/Unreal/UE_4.27/FeaturePacks/TP_Rolling.upack)
[2022.04.26-17.42.36:944][  0]LogPakFile: OnPakFileMounted2Time == 0.000088
[2022.04.26-17.42.36:944][  0]LogPakFile: PakFile PrimaryIndexSize=185
[2022.04.26-17.42.36:944][  0]LogPakFile: PakFile PathHashIndexSize=101
[2022.04.26-17.42.36:944][  0]LogPakFile: PakFile FullDirectoryIndexSize=144
[2022.04.26-17.42.36:944][  0]LogShaderLibrary: Display: ShaderCodeLibraryPakFileMountedCallback: PakFile 'E:/Unreal/UE_4.27/FeaturePacks/TP_RollingBP.upack' (chunk index -1, root 'root:/') mounted
[2022.04.26-17.42.36:944][  0]LogShaderLibrary: Display: ShaderCodeLibraryPakFileMountedCallback: pending pak file info (ChunkID:-1 Root:root:/ File:E:/Unreal/UE_4.27/FeaturePacks/TP_RollingBP.upack)
[2022.04.26-17.42.36:945][  0]LogPakFile: OnPakFileMounted2Time == 0.000044
[2022.04.26-17.42.36:945][  0]LogPakFile: PakFile PrimaryIndexSize=188
[2022.04.26-17.42.36:945][  0]LogPakFile: PakFile PathHashIndexSize=101
[2022.04.26-17.42.36:945][  0]LogPakFile: PakFile FullDirectoryIndexSize=150
[2022.04.26-17.42.36:945][  0]LogShaderLibrary: Display: ShaderCodeLibraryPakFileMountedCallback: PakFile 'E:/Unreal/UE_4.27/FeaturePacks/TP_SideScroller.upack' (chunk index -1, root 'root:/') mounted
[2022.04.26-17.42.36:945][  0]LogShaderLibrary: Display: ShaderCodeLibraryPakFileMountedCallback: pending pak file info (ChunkID:-1 Root:root:/ File:E:/Unreal/UE_4.27/FeaturePacks/TP_SideScroller.upack)
[2022.04.26-17.42.36:945][  0]LogPakFile: OnPakFileMounted2Time == 0.000039
[2022.04.26-17.42.36:946][  0]LogPakFile: PakFile PrimaryIndexSize=190
[2022.04.26-17.42.36:946][  0]LogPakFile: PakFile PathHashIndexSize=101
[2022.04.26-17.42.36:946][  0]LogPakFile: PakFile FullDirectoryIndexSize=154
[2022.04.26-17.42.36:946][  0]LogShaderLibrary: Display: ShaderCodeLibraryPakFileMountedCallback: PakFile 'E:/Unreal/UE_4.27/FeaturePacks/TP_SideScrollerBP.upack' (chunk index -1, root 'root:/') mounted
[2022.04.26-17.42.36:946][  0]LogShaderLibrary: Display: ShaderCodeLibraryPakFileMountedCallback: pending pak file info (ChunkID:-1 Root:root:/ File:E:/Unreal/UE_4.27/FeaturePacks/TP_SideScrollerBP.upack)
[2022.04.26-17.42.36:946][  0]LogPakFile: OnPakFileMounted2Time == 0.000041
[2022.04.26-17.42.36:946][  0]LogPakFile: PakFile PrimaryIndexSize=187
[2022.04.26-17.42.36:946][  0]LogPakFile: PakFile PathHashIndexSize=101
[2022.04.26-17.42.36:946][  0]LogPakFile: PakFile FullDirectoryIndexSize=148
[2022.04.26-17.42.36:946][  0]LogShaderLibrary: Display: ShaderCodeLibraryPakFileMountedCallback: PakFile 'E:/Unreal/UE_4.27/FeaturePacks/TP_ThirdPerson.upack' (chunk index -1, root 'root:/') mounted
[2022.04.26-17.42.36:946][  0]LogShaderLibrary: Display: ShaderCodeLibraryPakFileMountedCallback: pending pak file info (ChunkID:-1 Root:root:/ File:E:/Unreal/UE_4.27/FeaturePacks/TP_ThirdPerson.upack)
[2022.04.26-17.42.36:946][  0]LogPakFile: OnPakFileMounted2Time == 0.000039
[2022.04.26-17.42.36:947][  0]LogPakFile: PakFile PrimaryIndexSize=189
[2022.04.26-17.42.36:947][  0]LogPakFile: PakFile PathHashIndexSize=101
[2022.04.26-17.42.36:947][  0]LogPakFile: PakFile FullDirectoryIndexSize=152
[2022.04.26-17.42.36:947][  0]LogShaderLibrary: Display: ShaderCodeLibraryPakFileMountedCallback: PakFile 'E:/Unreal/UE_4.27/FeaturePacks/TP_ThirdPersonBP.upack' (chunk index -1, root 'root:/') mounted
[2022.04.26-17.42.36:947][  0]LogShaderLibrary: Display: ShaderCodeLibraryPakFileMountedCallback: pending pak file info (ChunkID:-1 Root:root:/ File:E:/Unreal/UE_4.27/FeaturePacks/TP_ThirdPersonBP.upack)
[2022.04.26-17.42.36:947][  0]LogPakFile: OnPakFileMounted2Time == 0.000039
[2022.04.26-17.42.36:947][  0]LogPakFile: PakFile PrimaryIndexSize=183
[2022.04.26-17.42.36:947][  0]LogPakFile: PakFile PathHashIndexSize=101
[2022.04.26-17.42.36:947][  0]LogPakFile: PakFile FullDirectoryIndexSize=140
[2022.04.26-17.42.36:947][  0]LogShaderLibrary: Display: ShaderCodeLibraryPakFileMountedCallback: PakFile 'E:/Unreal/UE_4.27/FeaturePacks/TP_TopDown.upack' (chunk index -1, root 'root:/') mounted
[2022.04.26-17.42.36:947][  0]LogShaderLibrary: Display: ShaderCodeLibraryPakFileMountedCallback: pending pak file info (ChunkID:-1 Root:root:/ File:E:/Unreal/UE_4.27/FeaturePacks/TP_TopDown.upack)
[2022.04.26-17.42.36:947][  0]LogPakFile: OnPakFileMounted2Time == 0.000044
[2022.04.26-17.42.36:948][  0]LogPakFile: PakFile PrimaryIndexSize=185
[2022.04.26-17.42.36:948][  0]LogPakFile: PakFile PathHashIndexSize=101
[2022.04.26-17.42.36:948][  0]LogPakFile: PakFile FullDirectoryIndexSize=144
[2022.04.26-17.42.36:948][  0]LogShaderLibrary: Display: ShaderCodeLibraryPakFileMountedCallback: PakFile 'E:/Unreal/UE_4.27/FeaturePacks/TP_TopDownBP.upack' (chunk index -1, root 'root:/') mounted
[2022.04.26-17.42.36:948][  0]LogShaderLibrary: Display: ShaderCodeLibraryPakFileMountedCallback: pending pak file info (ChunkID:-1 Root:root:/ File:E:/Unreal/UE_4.27/FeaturePacks/TP_TopDownBP.upack)
[2022.04.26-17.42.36:948][  0]LogPakFile: OnPakFileMounted2Time == 0.000041
[2022.04.26-17.42.36:948][  0]LogPakFile: PakFile PrimaryIndexSize=185
[2022.04.26-17.42.36:948][  0]LogPakFile: PakFile PathHashIndexSize=101
[2022.04.26-17.42.36:948][  0]LogPakFile: PakFile FullDirectoryIndexSize=144
[2022.04.26-17.42.36:948][  0]LogShaderLibrary: Display: ShaderCodeLibraryPakFileMountedCallback: PakFile 'E:/Unreal/UE_4.27/FeaturePacks/TP_TwinStick.upack' (chunk index -1, root 'root:/') mounted
[2022.04.26-17.42.36:948][  0]LogShaderLibrary: Display: ShaderCodeLibraryPakFileMountedCallback: pending pak file info (ChunkID:-1 Root:root:/ File:E:/Unreal/UE_4.27/FeaturePacks/TP_TwinStick.upack)
[2022.04.26-17.42.36:948][  0]LogPakFile: OnPakFileMounted2Time == 0.000040
[2022.04.26-17.42.36:949][  0]LogPakFile: PakFile PrimaryIndexSize=187
[2022.04.26-17.42.36:949][  0]LogPakFile: PakFile PathHashIndexSize=101
[2022.04.26-17.42.36:949][  0]LogPakFile: PakFile FullDirectoryIndexSize=148
[2022.04.26-17.42.36:949][  0]LogShaderLibrary: Display: ShaderCodeLibraryPakFileMountedCallback: PakFile 'E:/Unreal/UE_4.27/FeaturePacks/TP_TwinStickBP.upack' (chunk index -1, root 'root:/') mounted
[2022.04.26-17.42.36:949][  0]LogShaderLibrary: Display: ShaderCodeLibraryPakFileMountedCallback: pending pak file info (ChunkID:-1 Root:root:/ File:E:/Unreal/UE_4.27/FeaturePacks/TP_TwinStickBP.upack)
[2022.04.26-17.42.36:949][  0]LogPakFile: OnPakFileMounted2Time == 0.000044
[2022.04.26-17.42.36:949][  0]LogPakFile: PakFile PrimaryIndexSize=183
[2022.04.26-17.42.36:949][  0]LogPakFile: PakFile PathHashIndexSize=101
[2022.04.26-17.42.36:949][  0]LogPakFile: PakFile FullDirectoryIndexSize=140
[2022.04.26-17.42.36:949][  0]LogShaderLibrary: Display: ShaderCodeLibraryPakFileMountedCallback: PakFile 'E:/Unreal/UE_4.27/FeaturePacks/TP_Vehicle.upack' (chunk index -1, root 'root:/') mounted
[2022.04.26-17.42.36:949][  0]LogShaderLibrary: Display: ShaderCodeLibraryPakFileMountedCallback: pending pak file info (ChunkID:-1 Root:root:/ File:E:/Unreal/UE_4.27/FeaturePacks/TP_Vehicle.upack)
[2022.04.26-17.42.36:950][  0]LogPakFile: OnPakFileMounted2Time == 0.000041
[2022.04.26-17.42.36:950][  0]LogPakFile: PakFile PrimaryIndexSize=186
[2022.04.26-17.42.36:950][  0]LogPakFile: PakFile PathHashIndexSize=101
[2022.04.26-17.42.36:950][  0]LogPakFile: PakFile FullDirectoryIndexSize=146
[2022.04.26-17.42.36:950][  0]LogShaderLibrary: Display: ShaderCodeLibraryPakFileMountedCallback: PakFile 'E:/Unreal/UE_4.27/FeaturePacks/TP_VehicleAdv.upack' (chunk index -1, root 'root:/') mounted
[2022.04.26-17.42.36:950][  0]LogShaderLibrary: Display: ShaderCodeLibraryPakFileMountedCallback: pending pak file info (ChunkID:-1 Root:root:/ File:E:/Unreal/UE_4.27/FeaturePacks/TP_VehicleAdv.upack)
[2022.04.26-17.42.36:950][  0]LogPakFile: OnPakFileMounted2Time == 0.000045
[2022.04.26-17.42.36:951][  0]LogPakFile: PakFile PrimaryIndexSize=188
[2022.04.26-17.42.36:951][  0]LogPakFile: PakFile PathHashIndexSize=101
[2022.04.26-17.42.36:951][  0]LogPakFile: PakFile FullDirectoryIndexSize=150
[2022.04.26-17.42.36:951][  0]LogShaderLibrary: Display: ShaderCodeLibraryPakFileMountedCallback: PakFile 'E:/Unreal/UE_4.27/FeaturePacks/TP_VehicleAdvBP.upack' (chunk index -1, root 'root:/') mounted
[2022.04.26-17.42.36:951][  0]LogShaderLibrary: Display: ShaderCodeLibraryPakFileMountedCallback: pending pak file info (ChunkID:-1 Root:root:/ File:E:/Unreal/UE_4.27/FeaturePacks/TP_VehicleAdvBP.upack)
[2022.04.26-17.42.36:951][  0]LogPakFile: OnPakFileMounted2Time == 0.000042
[2022.04.26-17.42.36:952][  0]LogPakFile: PakFile PrimaryIndexSize=185
[2022.04.26-17.42.36:952][  0]LogPakFile: PakFile PathHashIndexSize=101
[2022.04.26-17.42.36:952][  0]LogPakFile: PakFile FullDirectoryIndexSize=144
[2022.04.26-17.42.36:952][  0]LogShaderLibrary: Display: ShaderCodeLibraryPakFileMountedCallback: PakFile 'E:/Unreal/UE_4.27/FeaturePacks/TP_VehicleBP.upack' (chunk index -1, root 'root:/') mounted
[2022.04.26-17.42.36:952][  0]LogShaderLibrary: Display: ShaderCodeLibraryPakFileMountedCallback: pending pak file info (ChunkID:-1 Root:root:/ File:E:/Unreal/UE_4.27/FeaturePacks/TP_VehicleBP.upack)
[2022.04.26-17.42.36:952][  0]LogPakFile: OnPakFileMounted2Time == 0.000042
[2022.04.26-17.42.36:952][  0]LogPakFile: PakFile PrimaryIndexSize=192
[2022.04.26-17.42.36:952][  0]LogPakFile: PakFile PathHashIndexSize=101
[2022.04.26-17.42.36:952][  0]LogPakFile: PakFile FullDirectoryIndexSize=158
[2022.04.26-17.42.36:952][  0]LogShaderLibrary: Display: ShaderCodeLibraryPakFileMountedCallback: PakFile 'E:/Unreal/UE_4.27/FeaturePacks/TP_VirtualRealityBP.upack' (chunk index -1, root 'root:/') mounted
[2022.04.26-17.42.36:952][  0]LogShaderLibrary: Display: ShaderCodeLibraryPakFileMountedCallback: pending pak file info (ChunkID:-1 Root:root:/ File:E:/Unreal/UE_4.27/FeaturePacks/TP_VirtualRealityBP.upack)
[2022.04.26-17.42.36:952][  0]LogPakFile: OnPakFileMounted2Time == 0.000039
[2022.04.26-17.42.36:986][  0]LogNativeClassHierarchy: Verbose: Native class hierarchy updated for 'AddContentDialog' in 0.0002 seconds. Added 0 classes and 0 folders.
[2022.04.26-17.42.36:990][  0]LogNativeClassHierarchy: Verbose: Native class hierarchy updated for 'SceneOutliner' in 0.0002 seconds. Added 2 classes and 0 folders.
[2022.04.26-17.42.37:309][  0]LogSlate: Only BGRA pngs, bmps or icos are supported in by External Image Picker
[2022.04.26-17.42.37:383][  0]LogSlate: Took 0.000190 seconds to synchronously load lazily loaded font '../../../Engine/Content/Slate/Fonts/Roboto-Regular.ttf' (155K)
[2022.04.26-17.42.37:385][  0]LogSlate: Took 0.000193 seconds to synchronously load lazily loaded font '../../../Engine/Content/Editor/Slate/Fonts/FontAwesome.ttf' (139K)
[2022.04.26-17.42.37:386][  0]LogSlate: Took 0.000158 seconds to synchronously load lazily loaded font '../../../Engine/Content/Slate/Fonts/Roboto-Bold.ttf' (160K)
[2022.04.26-17.42.37:460][  0]LogRenderer: Reallocating scene render targets to support 1124x524 Format 10 NumSamples 1 (Frame:1).
[2022.04.26-17.42.37:494][  0]LogSlate: Took 0.000149 seconds to synchronously load lazily loaded font '../../../Engine/Content/Slate/Fonts/Roboto-Light.ttf' (167K)
[2022.04.26-17.42.37:539][  0]LogNativeClassHierarchy: Verbose: Native class hierarchy updated for 'HierarchicalLODOutliner' in 0.0003 seconds. Added 0 classes and 0 folders.
[2022.04.26-17.42.37:539][  0]LogLoad: (Engine Initialization) Total time: 6.76 seconds
[2022.04.26-17.42.37:539][  0]LogLoad: (Engine Initialization) Total Blueprint compile time: 0.00 seconds
[2022.04.26-17.42.37:551][  0]LogSlate: New Slate User Created.  User Index 1, Is Virtual User: 0
[2022.04.26-17.42.37:551][  0]LogSlate: Slate User Registered.  User Index 1, Is Virtual User: 0
[2022.04.26-17.42.37:614][  0]LogAssetRegistry: Asset discovery search completed in 4.1753 seconds
[2022.04.26-17.42.37:619][  0]LogCollectionManager: Fixed up redirectors for 0 collections in 0.000004 seconds (updated 0 objects)
[2022.04.26-17.42.37:620][  0]LogContentStreaming: Texture pool size now 1000 MB
[2022.04.26-17.42.38:553][ 98]LogSlate: Took 0.000154 seconds to synchronously load lazily loaded font '../../../Engine/Content/Slate/Fonts/Roboto-Light.ttf' (167K)
[2022.04.26-17.42.39:775][191]LogTemp: Repeating last play command: Selected Viewport
[2022.04.26-17.42.39:785][191]LogPlayLevel: PlayLevel: No blueprints needed recompiling
[2022.04.26-17.42.39:786][191]PIE: New page: PIE session: DefaultMap (Apr 26, 2022, 11:42:39 AM)
[2022.04.26-17.42.39:787][191]LogOnline: OSS: Creating online subsystem instance for: NULL
[2022.04.26-17.42.39:788][191]LogOnline: OSS: TryLoadSubsystemAndSetDefault: Loaded subsystem for module [NULL]
[2022.04.26-17.42.39:788][191]LogPlayLevel: Creating play world package: /Game/_Game/Maps/UEDPIE_0_DefaultMap
[2022.04.26-17.42.39:790][191]LogPlayLevel: PIE: StaticDuplicateObject took: (0.001926s)
[2022.04.26-17.42.39:791][191]LogAIModule: Creating AISystem for world DefaultMap
[2022.04.26-17.42.39:791][191]LogPlayLevel: PIE: World Init took: (0.001117s)
[2022.04.26-17.42.39:791][191]LogPlayLevel: PIE: Created PIE world by copying editor world from /Game/_Game/Maps/DefaultMap.DefaultMap to /Game/_Game/Maps/UEDPIE_0_DefaultMap.DefaultMap (0.003181s)
[2022.04.26-17.42.39:797][191]LogUObjectHash: Compacting FUObjectHashTables data took   0.57ms
[2022.04.26-17.42.39:798][191]LogAudio: Display: Creating Audio Device:                 Id: 2, Scope: Unique, Realtime: True
[2022.04.26-17.42.39:798][191]LogAudioMixer: Display: Audio Mixer Platform Settings:
[2022.04.26-17.42.39:798][191]LogAudioMixer: Display: 	Sample Rate:						  48000
[2022.04.26-17.42.39:798][191]LogAudioMixer: Display: 	Callback Buffer Frame Size Requested: 1024
[2022.04.26-17.42.39:798][191]LogAudioMixer: Display: 	Callback Buffer Frame Size To Use:	  1024
[2022.04.26-17.42.39:798][191]LogAudioMixer: Display: 	Number of buffers to queue:			  2
[2022.04.26-17.42.39:798][191]LogAudioMixer: Display: 	Max Channels (voices):				  32
[2022.04.26-17.42.39:798][191]LogAudioMixer: Display: 	Number of Async Source Workers:		  0
[2022.04.26-17.42.39:798][191]LogAudio: Display: AudioDevice MaxSources: 32
[2022.04.26-17.42.39:799][191]LogAudio: Display: Audio Spatialization Plugin: None (built-in).
[2022.04.26-17.42.39:799][191]LogAudio: Display: Audio Reverb Plugin: None (built-in).
[2022.04.26-17.42.39:799][191]LogAudio: Display: Audio Occlusion Plugin: None (built-in).
[2022.04.26-17.42.39:799][191]LogAudioMixer: Display: Initializing audio mixer.
[2022.04.26-17.42.39:803][191]LogAudioMixer: Display: 0: FrontLeft
[2022.04.26-17.42.39:803][191]LogAudioMixer: Display: 1: FrontRight
[2022.04.26-17.42.39:809][191]LogAudioMixer: Display: Using Audio Device Altavoces (Realtek High Definition Audio)
[2022.04.26-17.42.39:809][191]LogAudioMixer: Display: Initializing Sound Submixes...
[2022.04.26-17.42.39:809][191]LogAudioMixer: Display: Creating Master Submix 'MasterSubmixDefault'
[2022.04.26-17.42.39:809][191]LogAudioMixer: Display: Creating Master Submix 'MasterReverbSubmixDefault'
[2022.04.26-17.42.39:809][191]LogAudioMixer: Display: Creating Master Submix 'MasterEQSubmixDefault'
[2022.04.26-17.42.39:809][191]LogAudioMixer: FMixerPlatformXAudio2::StartAudioStream() called
[2022.04.26-17.42.39:809][191]LogAudioMixer: Display: Output buffers initialized: Frames=1024, Channels=2, Samples=2048
[2022.04.26-17.42.39:810][191]LogAudioMixer: Display: Starting AudioMixerPlatformInterface::RunInternal()
[2022.04.26-17.42.39:810][191]LogAudioMixer: Display: FMixerPlatformXAudio2::SubmitBuffer() called for the first time
[2022.04.26-17.42.39:810][191]LogInit: FAudioDevice initialized.
[2022.04.26-17.42.39:810][191]LogAudio: Display: Audio Device (ID: 2) registered with world 'DefaultMap'.
[2022.04.26-17.42.39:825][191]LogLoad: Game class is 'BP_ShooterGameModeBase_C'
[2022.04.26-17.42.39:826][191]LogWorld: Bringing World /Game/_Game/Maps/UEDPIE_0_DefaultMap.DefaultMap up for play (max tick rate 0) at 2022.04.26-14.42.39
[2022.04.26-17.42.39:826][191]LogWorld: Bringing up level for play took: 0.000423
[2022.04.26-17.42.39:826][191]LogOnline: OSS: Creating online subsystem instance for: :Context_4
[2022.04.26-17.42.39:829][191]LogNativeClassHierarchy: Verbose: Native class hierarchy updated for 'MovieSceneCapture' in 0.0003 seconds. Added 20 classes and 0 folders.
[2022.04.26-17.42.39:830][191]PIE: Server logged in
[2022.04.26-17.42.39:832][191]PIE: Play in editor total start time 0.051 seconds.
[2022.04.26-17.43.28:734][ 43]LogSlate: Updating window title bar state: overlay mode, drag disabled, window buttons hidden, title bar hidden
[2022.04.26-17.43.28:734][ 43]LogWorld: BeginTearingDown for /Game/_Game/Maps/UEDPIE_0_DefaultMap
[2022.04.26-17.43.28:734][ 43]LogWorld: UWorld::CleanupWorld for DefaultMap, bSessionEnded=true, bCleanupResources=true
[2022.04.26-17.43.28:735][ 43]LogSlate: InvalidateAllWidgets triggered.  All widgets were invalidated
[2022.04.26-17.43.28:743][ 43]LogPlayLevel: Display: Shutting down PIE online subsystems
[2022.04.26-17.43.28:745][ 43]LogSlate: InvalidateAllWidgets triggered.  All widgets were invalidated
[2022.04.26-17.43.28:749][ 43]LogAudio: Display: Audio Device unregistered from world 'None'.
[2022.04.26-17.43.28:749][ 43]LogAudioMixer: FMixerPlatformXAudio2::StopAudioStream() called
[2022.04.26-17.43.28:750][ 43]LogAudioMixer: FMixerPlatformXAudio2::StopAudioStream() called
[2022.04.26-17.43.28:752][ 43]LogSlate: Updating window title bar state: overlay mode, drag disabled, window buttons hidden, title bar hidden
[2022.04.26-17.43.28:754][ 43]LogUObjectHash: Compacting FUObjectHashTables data took   0.62ms
[2022.04.26-17.43.28:793][ 45]LogPlayLevel: Display: Destroying online subsystem :Context_4
[2022.04.26-18.22.45:471][642]LogUObjectHash: Compacting FUObjectHashTables data took   0.68ms
