Log file open, 04/25/22 17:28:15
LogWindows: Failed to load 'aqProf.dll' (GetLastError=126)
LogWindows: File 'aqProf.dll' does not exist
LogWindows: Failed to load 'VtuneApi.dll' (GetLastError=126)
LogWindows: File 'VtuneApi.dll' does not exist
LogWindows: Failed to load 'VtuneApi32e.dll' (GetLastError=126)
LogWindows: File 'VtuneApi32e.dll' does not exist
LogConsoleResponse: Display: Failed to find resolution value strings in scalability ini. Falling back to default.
LogConsoleResponse: Display: Failed to find resolution value strings in scalability ini. Falling back to default.
LogInit: Display: Running engine for game: Shooter
LogPlatformFile: Not using cached read wrapper
LogTaskGraph: Started task graph with 5 named threads and 35 total threads with 3 sets of task threads.
LogStats: Stats thread started at 0.211463
LogICUInternationalization: ICU TimeZone Detection - Raw Offset: -3:00, Platform Override: ''
LogInit: Display: Loading text-based GConfig....
LogPluginManager: Mounting plugin XGEController
LogPluginManager: Mounting plugin MeshPainting
LogPluginManager: Mounting plugin Paper2D
LogPluginManager: Mounting plugin AISupport
LogPluginManager: Mounting plugin EnvironmentQueryEditor
LogPluginManager: Mounting plugin LightPropagationVolume
LogPluginManager: Mounting plugin LiveLink
LogPluginManager: Mounting plugin OodleData
LogPluginManager: Mounting plugin GameplayCameras
LogPluginManager: Mounting plugin CryptoKeys
LogPluginManager: Mounting plugin CurveEditorTools
LogPluginManager: Mounting plugin AssetManagerEditor
LogPluginManager: Mounting plugin OodleNetwork
LogPluginManager: Mounting plugin GameplayTagsEditor
LogPluginManager: Mounting plugin CameraShakePreviewer
LogPluginManager: Mounting plugin DataValidation
LogPluginManager: Mounting plugin GeometryMode
LogPluginManager: Mounting plugin MacGraphicsSwitching
LogPluginManager: Mounting plugin FacialAnimation
LogPluginManager: Mounting plugin MaterialAnalyzer
LogPluginManager: Mounting plugin PluginBrowser
LogPluginManager: Mounting plugin SpeedTreeImporter
LogPluginManager: Mounting plugin DatasmithContent
LogPluginManager: Mounting plugin MobileLauncherProfileWizard
LogPluginManager: Mounting plugin VariantManagerContent
LogPluginManager: Mounting plugin Niagara
LogPluginManager: Mounting plugin AndroidMedia
LogPluginManager: Mounting plugin AlembicImporter
LogPluginManager: Mounting plugin AvfMedia
LogPluginManager: Mounting plugin AutomationUtils
LogPluginManager: Mounting plugin BackChannel
LogPluginManager: Mounting plugin ChaosCloth
LogPluginManager: Mounting plugin ChaosClothEditor
LogPluginManager: Mounting plugin ChaosEditor
LogPluginManager: Mounting plugin ChaosSolverPlugin
LogPluginManager: Mounting plugin ChaosNiagara
LogPluginManager: Mounting plugin CharacterAI
LogPluginManager: Mounting plugin GeometryCache
LogPluginManager: Mounting plugin GeometryCollectionPlugin
LogPluginManager: Mounting plugin GeometryProcessing
LogPluginManager: Mounting plugin PlanarCut
LogPluginManager: Mounting plugin OpenImageDenoise
LogPluginManager: Mounting plugin MotoSynth
LogPluginManager: Mounting plugin PlatformCrypto
LogPluginManager: Mounting plugin ProxyLODPlugin
LogPluginManager: Mounting plugin PythonScriptPlugin
LogPluginManager: Mounting plugin SkeletalReduction
LogPluginManager: Mounting plugin ImgMedia
LogPluginManager: Mounting plugin MagicLeap
LogPluginManager: Mounting plugin MagicLeapLightEstimation
LogPluginManager: Mounting plugin LuminPlatformFeatures
LogPluginManager: Mounting plugin MediaCompositing
LogPluginManager: Mounting plugin MagicLeapMedia
LogPluginManager: Mounting plugin MediaPlayerEditor
LogPluginManager: Mounting plugin MLSDK
LogPluginManager: Mounting plugin WebMMedia
LogPluginManager: Mounting plugin WmfMedia
LogPluginManager: Mounting plugin ActorSequence
LogPluginManager: Mounting plugin LevelSequenceEditor
LogPluginManager: Mounting plugin MagicLeapPassableWorld
LogPluginManager: Mounting plugin TemplateSequence
LogPluginManager: Mounting plugin TcpMessaging
LogPluginManager: Mounting plugin UdpMessaging
LogPluginManager: Mounting plugin MatineeToLevelSequence
LogPluginManager: Mounting plugin LauncherChunkInstaller
LogPluginManager: Mounting plugin ActorLayerUtilities
LogPluginManager: Mounting plugin OnlineSubsystem
LogPluginManager: Mounting plugin AndroidDeviceProfileSelector
LogPluginManager: Mounting plugin AndroidMoviePlayer
LogPluginManager: Mounting plugin AndroidPermission
LogPluginManager: Mounting plugin AppleImageUtils
LogPluginManager: Mounting plugin AppleMoviePlayer
LogPluginManager: Mounting plugin ScreenshotTools
LogPluginManager: Mounting plugin OnlineSubsystemNull
LogPluginManager: Mounting plugin OnlineSubsystemUtils
LogPluginManager: Mounting plugin ArchVisCharacter
LogPluginManager: Mounting plugin AssetTags
LogPluginManager: Mounting plugin AudioCapture
LogPluginManager: Mounting plugin AudioSynesthesia
LogPluginManager: Mounting plugin CableComponent
LogPluginManager: Mounting plugin ChunkDownloader
LogPluginManager: Mounting plugin EditableMesh
LogPluginManager: Mounting plugin ExampleDeviceProfileSelector
LogPluginManager: Mounting plugin CustomMeshComponent
LogPluginManager: Mounting plugin GoogleCloudMessaging
LogPluginManager: Mounting plugin GooglePAD
LogPluginManager: Mounting plugin IOSDeviceProfileSelector
LogPluginManager: Mounting plugin LinuxDeviceProfileSelector
LogPluginManager: Mounting plugin LocationServicesBPLibrary
LogPluginManager: Mounting plugin MobilePatchingUtils
LogPluginManager: Mounting plugin OpenXR
LogPluginManager: Mounting plugin OpenXREyeTracker
LogPluginManager: Mounting plugin OpenXRHandTracking
LogPluginManager: Mounting plugin PostSplashScreen
LogPluginManager: Mounting plugin PhysXVehicles
LogPluginManager: Mounting plugin ProceduralMeshComponent
LogPluginManager: Mounting plugin PropertyAccessEditor
LogPluginManager: Mounting plugin SignificanceManager
LogPluginManager: Mounting plugin RuntimePhysXCooking
LogPluginManager: Mounting plugin SoundFields
LogPluginManager: Mounting plugin Synthesis
LogPluginManager: Mounting plugin WebMMoviePlayer
LogPluginManager: Mounting plugin WindowsMoviePlayer
LogPluginManager: Mounting plugin Takes
LogPluginManager: Mounting plugin AnimationSharing
LogPluginManager: Mounting plugin CodeLiteSourceCodeAccess
LogPluginManager: Mounting plugin CLionSourceCodeAccess
LogPluginManager: Mounting plugin GitSourceControl
LogPluginManager: Mounting plugin KDevelopSourceCodeAccess
LogPluginManager: Mounting plugin PerforceSourceControl
LogPluginManager: Mounting plugin NullSourceCodeAccess
LogPluginManager: Mounting plugin PixWinPlugin
LogPluginManager: Mounting plugin PlasticSourceControl
LogPluginManager: Mounting plugin PluginUtils
LogPluginManager: Mounting plugin PropertyAccessNode
LogPluginManager: Mounting plugin RiderSourceCodeAccess
LogPluginManager: Mounting plugin RiderLink
LogPluginManager: Mounting plugin SubversionSourceControl
LogPluginManager: Mounting plugin TextureFormatOodle
LogPluginManager: Mounting plugin UObjectPlugin
LogPluginManager: Mounting plugin VisualStudioCodeSourceCodeAccess
LogPluginManager: Mounting plugin VisualStudioSourceCodeAccess
LogPluginManager: Mounting plugin XCodeSourceCodeAccess
LogPluginManager: Mounting plugin ContentBrowserClassDataSource
LogPluginManager: Mounting plugin ContentBrowserAssetDataSource
LogPluginManager: Mounting plugin ContentBrowserFileDataSource
LogPluginManager: Mounting plugin OnlineSubsystemGooglePlay
LogPluginManager: Mounting plugin OnlineSubsystemIOS
LogPluginManager: Mounting plugin OculusVR
LogPluginManager: Mounting plugin SteamVR
LogInit: Using libcurl 7.55.1-DEV
LogInit:  - built for x86_64-pc-win32
LogInit:  - supports SSL with OpenSSL/1.1.1
LogInit:  - supports HTTP deflate (compression) using libz 1.2.8
LogInit:  - other features:
LogInit:      CURL_VERSION_SSL
LogInit:      CURL_VERSION_LIBZ
LogInit:      CURL_VERSION_IPV6
LogInit:      CURL_VERSION_ASYNCHDNS
LogInit:      CURL_VERSION_LARGEFILE
LogInit:      CURL_VERSION_IDN
LogInit:  CurlRequestOptions (configurable via config and command line):
LogInit:  - bVerifyPeer = true  - Libcurl will verify peer certificate
LogInit:  - bUseHttpProxy = false  - Libcurl will NOT use HTTP proxy
LogInit:  - bDontReuseConnections = false  - Libcurl will reuse connections
LogInit:  - MaxHostConnections = 16  - Libcurl will limit the number of connections to a host
LogInit:  - LocalHostAddr = Default
LogInit:  - BufferSize = 65536
LogOnline: OSS: Creating online subsystem instance for: NULL
LogInit: WinSock: version 1.1 (2.2), MaxSocks=32767, MaxUdp=65467
LogOnline: OSS: TryLoadSubsystemAndSetDefault: Loaded subsystem for module [NULL]
PixWinPlugin: PIX capture plugin failed to initialize! Check that the process is launched from PIX.
LogOculusPluginWrapper: OculusPlugin initialized successfully
LogHMD: Failed initializing OVRPlugin 1.59.0
LogInit: Build: ++UE4+Release-4.27-CL-18319896
LogInit: Engine Version: 4.27.2-18319896+++UE4+Release-4.27
LogInit: Compatible Engine Version: 4.27.0-17155196+++UE4+Release-4.27
LogInit: Net CL: 17155196
LogInit: OS: Windows 10 (Release 2009) (), CPU: Intel(R) Core(TM) i7-8700 CPU @ 3.20GHz, GPU: NVIDIA GeForce GTX 1070 Ti
LogInit: Compiled (64-bit): Nov 30 2021 07:12:08
LogInit: Compiled with Visual C++: 19.24.28315.00
LogInit: Build Configuration: Development
LogInit: Branch Name: ++UE4+Release-4.27
LogInit: Command Line:  -skipcompile
LogInit: Base Directory: E:/Unreal/UE_4.27/Engine/Binaries/Win64/
LogInit: Allocator: TBB
LogInit: Installed Engine Build: 1
LogDevObjectVersion: Number of dev versions registered: 29
LogDevObjectVersion:   Dev-Blueprints (B0D832E4-1F89-4F0D-ACCF-7EB736FD4AA2): 10
LogDevObjectVersion:   Dev-Build (E1C64328-A22C-4D53-A36C-8E866417BD8C): 0
LogDevObjectVersion:   Dev-Core (375EC13C-06E4-48FB-B500-84F0262A717E): 4
LogDevObjectVersion:   Dev-Editor (E4B068ED-F494-42E9-A231-DA0B2E46BB41): 40
LogDevObjectVersion:   Dev-Framework (CFFC743F-43B0-4480-9391-14DF171D2073): 37
LogDevObjectVersion:   Dev-Mobile (B02B49B5-BB20-44E9-A304-32B752E40360): 3
LogDevObjectVersion:   Dev-Networking (A4E4105C-59A1-49B5-A7C5-40C4547EDFEE): 0
LogDevObjectVersion:   Dev-Online (39C831C9-5AE6-47DC-9A44-9C173E1C8E7C): 0
LogDevObjectVersion:   Dev-Physics (78F01B33-EBEA-4F98-B9B4-84EACCB95AA2): 14
LogDevObjectVersion:   Dev-Platform (6631380F-2D4D-43E0-8009-CF276956A95A): 0
LogDevObjectVersion:   Dev-Rendering (12F88B9F-8875-4AFC-A67C-D90C383ABD29): 45
LogDevObjectVersion:   Dev-Sequencer (7B5AE74C-D270-4C10-A958-57980B212A5A): 13
LogDevObjectVersion:   Dev-VR (D7296918-1DD6-4BDD-9DE2-64A83CC13884): 3
LogDevObjectVersion:   Dev-LoadTimes (C2A15278-BFE7-4AFE-6C17-90FF531DF755): 1
LogDevObjectVersion:   Private-Geometry (6EACA3D4-40EC-4CC1-B786-8BED09428FC5): 3
LogDevObjectVersion:   Dev-AnimPhys (29E575DD-E0A3-4627-9D10-D276232CDCEA): 17
LogDevObjectVersion:   Dev-Anim (AF43A65D-7FD3-4947-9873-3E8ED9C1BB05): 15
LogDevObjectVersion:   Dev-ReflectionCapture (6B266CEC-1EC7-4B8F-A30B-E4D90942FC07): 1
LogDevObjectVersion:   Dev-Automation (0DF73D61-A23F-47EA-B727-89E90C41499A): 1
LogDevObjectVersion:   FortniteMain (601D1886-AC64-4F84-AA16-D3DE0DEAC7D6): 47
LogDevObjectVersion:   FortniteRelease (E7086368-6B23-4C58-8439-1B7016265E91): 1
LogDevObjectVersion:   Dev-Enterprise (9DFFBCD6-494F-0158-E221-12823C92A888): 10
LogDevObjectVersion:   Dev-Niagara (F2AED0AC-9AFE-416F-8664-AA7FFA26D6FC): 1
LogDevObjectVersion:   Dev-Destruction (174F1F0B-B4C6-45A5-B13F-2EE8D0FB917D): 10
LogDevObjectVersion:   Dev-Physics-Ext (35F94A83-E258-406C-A318-09F59610247C): 41
LogDevObjectVersion:   Dev-PhysicsMaterial-Chaos (B68FC16E-8B1B-42E2-B453-215C058844FE): 1
LogDevObjectVersion:   Dev-CineCamera (B2E18506-4273-CFC2-A54E-F4BB758BBA07): 1
LogDevObjectVersion:   Dev-VirtualProduction (64F58936-FD1B-42BA-BA96-7289D5D0FA4E): 1
LogDevObjectVersion:   Dev-MediaFramework (6F0ED827-A609-4895-9C91-998D90180EA4): 2
LogInit: Presizing for max 25165824 objects, including 0 objects not considered by GC, pre-allocating 0 bytes for permanent pool.
LogConfig: Applying CVar settings from Section [/Script/Engine.StreamingSettings] File [E:/DEV Unreal/ShooterGame/ShooterGame/Shooter/Saved/Config/Windows/Engine.ini]
LogConfig: Setting CVar [[s.MinBulkDataSizeForAsyncLoading:131072]]
LogConfig: Setting CVar [[s.AsyncLoadingThreadEnabled:0]]
LogConfig: Setting CVar [[s.EventDrivenLoaderEnabled:1]]
LogConfig: Setting CVar [[s.WarnIfTimeLimitExceeded:0]]
LogConfig: Setting CVar [[s.TimeLimitExceededMultiplier:1.5]]
LogConfig: Setting CVar [[s.TimeLimitExceededMinTime:0.005]]
LogConfig: Setting CVar [[s.UseBackgroundLevelStreaming:1]]
LogConfig: Setting CVar [[s.PriorityAsyncLoadingExtraTime:15.0]]
LogConfig: Setting CVar [[s.LevelStreamingActorsUpdateTimeLimit:5.0]]
LogConfig: Setting CVar [[s.PriorityLevelStreamingActorsUpdateExtraTime:5.0]]
LogConfig: Setting CVar [[s.LevelStreamingComponentsRegistrationGranularity:10]]
LogConfig: Setting CVar [[s.UnregisterComponentsTimeLimit:1.0]]
LogConfig: Setting CVar [[s.LevelStreamingComponentsUnregistrationGranularity:5]]
LogConfig: Setting CVar [[s.FlushStreamingOnExit:1]]
LogInit: Object subsystem initialized
LogConfig: Setting CVar [[con.DebugEarlyDefault:1]]
LogConfig: Setting CVar [[r.setres:1280x720]]
[2022.04.25-20.28.16:089][  0]LogConfig: Setting CVar [[r.VSync:0]]
[2022.04.25-20.28.16:089][  0]LogConfig: Setting CVar [[r.RHICmdBypass:0]]
[2022.04.25-20.28.16:089][  0]LogConfig: Applying CVar settings from Section [/Script/Engine.RendererSettings] File [E:/DEV Unreal/ShooterGame/ShooterGame/Shooter/Saved/Config/Windows/Engine.ini]
[2022.04.25-20.28.16:089][  0]LogConfig: Setting CVar [[r.GPUCrashDebugging:0]]
[2022.04.25-20.28.16:089][  0]LogConfig: Applying CVar settings from Section [/Script/Engine.RendererOverrideSettings] File [E:/DEV Unreal/ShooterGame/ShooterGame/Shooter/Saved/Config/Windows/Engine.ini]
[2022.04.25-20.28.16:089][  0]LogConfig: Applying CVar settings from Section [/Script/Engine.StreamingSettings] File [E:/DEV Unreal/ShooterGame/ShooterGame/Shooter/Saved/Config/Windows/Engine.ini]
[2022.04.25-20.28.16:089][  0]LogConfig: Setting CVar [[s.MinBulkDataSizeForAsyncLoading:131072]]
[2022.04.25-20.28.16:089][  0]LogConfig: Setting CVar [[s.AsyncLoadingThreadEnabled:0]]
[2022.04.25-20.28.16:089][  0]LogConfig: Setting CVar [[s.EventDrivenLoaderEnabled:1]]
[2022.04.25-20.28.16:089][  0]LogConfig: Setting CVar [[s.WarnIfTimeLimitExceeded:0]]
[2022.04.25-20.28.16:089][  0]LogConfig: Setting CVar [[s.TimeLimitExceededMultiplier:1.5]]
[2022.04.25-20.28.16:089][  0]LogConfig: Setting CVar [[s.TimeLimitExceededMinTime:0.005]]
[2022.04.25-20.28.16:089][  0]LogConfig: Setting CVar [[s.UseBackgroundLevelStreaming:1]]
[2022.04.25-20.28.16:089][  0]LogConfig: Setting CVar [[s.PriorityAsyncLoadingExtraTime:15.0]]
[2022.04.25-20.28.16:089][  0]LogConfig: Setting CVar [[s.LevelStreamingActorsUpdateTimeLimit:5.0]]
[2022.04.25-20.28.16:089][  0]LogConfig: Setting CVar [[s.PriorityLevelStreamingActorsUpdateExtraTime:5.0]]
[2022.04.25-20.28.16:089][  0]LogConfig: Setting CVar [[s.LevelStreamingComponentsRegistrationGranularity:10]]
[2022.04.25-20.28.16:089][  0]LogConfig: Setting CVar [[s.UnregisterComponentsTimeLimit:1.0]]
[2022.04.25-20.28.16:089][  0]LogConfig: Setting CVar [[s.LevelStreamingComponentsUnregistrationGranularity:5]]
[2022.04.25-20.28.16:089][  0]LogConfig: Setting CVar [[s.FlushStreamingOnExit:1]]
[2022.04.25-20.28.16:089][  0]LogConfig: Applying CVar settings from Section [/Script/Engine.GarbageCollectionSettings] File [E:/DEV Unreal/ShooterGame/ShooterGame/Shooter/Saved/Config/Windows/Engine.ini]
[2022.04.25-20.28.16:089][  0]LogConfig: Setting CVar [[gc.MaxObjectsNotConsideredByGC:1]]
[2022.04.25-20.28.16:089][  0]LogConfig: Setting CVar [[gc.SizeOfPermanentObjectPool:0]]
[2022.04.25-20.28.16:089][  0]LogConfig: Setting CVar [[gc.FlushStreamingOnGC:0]]
[2022.04.25-20.28.16:089][  0]LogConfig: Setting CVar [[gc.NumRetriesBeforeForcingGC:10]]
[2022.04.25-20.28.16:089][  0]LogConfig: Setting CVar [[gc.AllowParallelGC:1]]
[2022.04.25-20.28.16:089][  0]LogConfig: Setting CVar [[gc.TimeBetweenPurgingPendingKillObjects:61.1]]
[2022.04.25-20.28.16:089][  0]LogConfig: Setting CVar [[gc.MaxObjectsInEditor:25165824]]
[2022.04.25-20.28.16:089][  0]LogConfig: Setting CVar [[gc.IncrementalBeginDestroyEnabled:1]]
[2022.04.25-20.28.16:089][  0]LogConfig: Setting CVar [[gc.CreateGCClusters:1]]
[2022.04.25-20.28.16:089][  0]LogConfig: Setting CVar [[gc.MinGCClusterSize:5]]
[2022.04.25-20.28.16:089][  0]LogConfig: Setting CVar [[gc.ActorClusteringEnabled:0]]
[2022.04.25-20.28.16:089][  0]LogConfig: Setting CVar [[gc.BlueprintClusteringEnabled:0]]
[2022.04.25-20.28.16:089][  0]LogConfig: Setting CVar [[gc.UseDisregardForGCOnDedicatedServers:0]]
[2022.04.25-20.28.16:089][  0]LogConfig: Setting CVar [[gc.MultithreadedDestructionEnabled:1]]
[2022.04.25-20.28.16:089][  0]LogConfig: Applying CVar settings from Section [/Script/Engine.NetworkSettings] File [E:/DEV Unreal/ShooterGame/ShooterGame/Shooter/Saved/Config/Windows/Engine.ini]
[2022.04.25-20.28.16:089][  0]LogConfig: Applying CVar settings from Section [/Script/UnrealEd.CookerSettings] File [E:/DEV Unreal/ShooterGame/ShooterGame/Shooter/Saved/Config/Windows/Engine.ini]
[2022.04.25-20.28.16:115][  0]LogConfig: Applying CVar settings from Section [ViewDistanceQuality@3] File [E:/DEV Unreal/ShooterGame/ShooterGame/Shooter/Saved/Config/Windows/Scalability.ini]
[2022.04.25-20.28.16:115][  0]LogConfig: Setting CVar [[r.SkeletalMeshLODBias:0]]
[2022.04.25-20.28.16:115][  0]LogConfig: Setting CVar [[r.ViewDistanceScale:1.0]]
[2022.04.25-20.28.16:115][  0]LogConfig: Applying CVar settings from Section [AntiAliasingQuality@3] File [E:/DEV Unreal/ShooterGame/ShooterGame/Shooter/Saved/Config/Windows/Scalability.ini]
[2022.04.25-20.28.16:115][  0]LogConfig: Setting CVar [[r.PostProcessAAQuality:4]]
[2022.04.25-20.28.16:115][  0]LogConfig: Applying CVar settings from Section [ShadowQuality@3] File [E:/DEV Unreal/ShooterGame/ShooterGame/Shooter/Saved/Config/Windows/Scalability.ini]
[2022.04.25-20.28.16:115][  0]LogConfig: Setting CVar [[r.LightFunctionQuality:1]]
[2022.04.25-20.28.16:115][  0]LogConfig: Setting CVar [[r.ShadowQuality:5]]
[2022.04.25-20.28.16:115][  0]LogConfig: Setting CVar [[r.Shadow.CSM.MaxCascades:10]]
[2022.04.25-20.28.16:115][  0]LogConfig: Setting CVar [[r.Shadow.MaxResolution:2048]]
[2022.04.25-20.28.16:115][  0]LogConfig: Setting CVar [[r.Shadow.MaxCSMResolution:2048]]
[2022.04.25-20.28.16:115][  0]LogConfig: Setting CVar [[r.Shadow.RadiusThreshold:0.01]]
[2022.04.25-20.28.16:115][  0]LogConfig: Setting CVar [[r.Shadow.DistanceScale:1.0]]
[2022.04.25-20.28.16:115][  0]LogConfig: Setting CVar [[r.Shadow.CSM.TransitionScale:1.0]]
[2022.04.25-20.28.16:115][  0]LogConfig: Setting CVar [[r.Shadow.PreShadowResolutionFactor:1.0]]
[2022.04.25-20.28.16:115][  0]LogConfig: Setting CVar [[r.DistanceFieldShadowing:1]]
[2022.04.25-20.28.16:115][  0]LogConfig: Setting CVar [[r.DistanceFieldAO:1]]
[2022.04.25-20.28.16:115][  0]LogConfig: Setting CVar [[r.AOQuality:2]]
[2022.04.25-20.28.16:115][  0]LogConfig: Setting CVar [[r.VolumetricFog:1]]
[2022.04.25-20.28.16:115][  0]LogConfig: Setting CVar [[r.VolumetricFog.GridPixelSize:8]]
[2022.04.25-20.28.16:115][  0]LogConfig: Setting CVar [[r.VolumetricFog.GridSizeZ:128]]
[2022.04.25-20.28.16:115][  0]LogConfig: Setting CVar [[r.VolumetricFog.HistoryMissSupersampleCount:4]]
[2022.04.25-20.28.16:115][  0]LogConfig: Setting CVar [[r.LightMaxDrawDistanceScale:1]]
[2022.04.25-20.28.16:115][  0]LogConfig: Setting CVar [[r.CapsuleShadows:1]]
[2022.04.25-20.28.16:115][  0]LogConfig: Applying CVar settings from Section [PostProcessQuality@3] File [E:/DEV Unreal/ShooterGame/ShooterGame/Shooter/Saved/Config/Windows/Scalability.ini]
[2022.04.25-20.28.16:115][  0]LogConfig: Setting CVar [[r.MotionBlurQuality:4]]
[2022.04.25-20.28.16:115][  0]LogConfig: Setting CVar [[r.AmbientOcclusionMipLevelFactor:0.4]]
[2022.04.25-20.28.16:115][  0]LogConfig: Setting CVar [[r.AmbientOcclusionMaxQuality:100]]
[2022.04.25-20.28.16:115][  0]LogConfig: Setting CVar [[r.AmbientOcclusionLevels:-1]]
[2022.04.25-20.28.16:115][  0]LogConfig: Setting CVar [[r.AmbientOcclusionRadiusScale:1.0]]
[2022.04.25-20.28.16:115][  0]LogConfig: Setting CVar [[r.DepthOfFieldQuality:2]]
[2022.04.25-20.28.16:115][  0]LogConfig: Setting CVar [[r.RenderTargetPoolMin:400]]
[2022.04.25-20.28.16:115][  0]LogConfig: Setting CVar [[r.LensFlareQuality:2]]
[2022.04.25-20.28.16:115][  0]LogConfig: Setting CVar [[r.SceneColorFringeQuality:1]]
[2022.04.25-20.28.16:115][  0]LogConfig: Setting CVar [[r.EyeAdaptationQuality:2]]
[2022.04.25-20.28.16:115][  0]LogConfig: Setting CVar [[r.BloomQuality:5]]
[2022.04.25-20.28.16:115][  0]LogConfig: Setting CVar [[r.FastBlurThreshold:100]]
[2022.04.25-20.28.16:115][  0]LogConfig: Setting CVar [[r.Upscale.Quality:3]]
[2022.04.25-20.28.16:115][  0]LogConfig: Setting CVar [[r.Tonemapper.GrainQuantization:1]]
[2022.04.25-20.28.16:115][  0]LogConfig: Setting CVar [[r.LightShaftQuality:1]]
[2022.04.25-20.28.16:115][  0]LogConfig: Setting CVar [[r.Filter.SizeScale:1]]
[2022.04.25-20.28.16:115][  0]LogConfig: Setting CVar [[r.Tonemapper.Quality:5]]
[2022.04.25-20.28.16:115][  0]LogConfig: Setting CVar [[r.DOF.Gather.AccumulatorQuality:1        ; higher gathering accumulator quality]]
[2022.04.25-20.28.16:115][  0]LogConfig: Setting CVar [[r.DOF.Gather.PostfilterMethod:1          ; Median3x3 postfilering method]]
[2022.04.25-20.28.16:115][  0]LogConfig: Setting CVar [[r.DOF.Gather.EnableBokehSettings:0       ; no bokeh simulation when gathering]]
[2022.04.25-20.28.16:115][  0]LogConfig: Setting CVar [[r.DOF.Gather.RingCount:4                 ; medium number of samples when gathering]]
[2022.04.25-20.28.16:115][  0]LogConfig: Setting CVar [[r.DOF.Scatter.ForegroundCompositing:1    ; additive foreground scattering]]
[2022.04.25-20.28.16:115][  0]LogConfig: Setting CVar [[r.DOF.Scatter.BackgroundCompositing:2    ; additive background scattering]]
[2022.04.25-20.28.16:115][  0]LogConfig: Setting CVar [[r.DOF.Scatter.EnableBokehSettings:1      ; bokeh simulation when scattering]]
[2022.04.25-20.28.16:115][  0]LogConfig: Setting CVar [[r.DOF.Scatter.MaxSpriteRatio:0.1         ; only a maximum of 10% of scattered bokeh]]
[2022.04.25-20.28.16:115][  0]LogConfig: Setting CVar [[r.DOF.Recombine.Quality:1                ; cheap slight out of focus]]
[2022.04.25-20.28.16:115][  0]LogConfig: Setting CVar [[r.DOF.Recombine.EnableBokehSettings:0    ; no bokeh simulation on slight out of focus]]
[2022.04.25-20.28.16:115][  0]LogConfig: Setting CVar [[r.DOF.TemporalAAQuality:1                ; more stable temporal accumulation]]
[2022.04.25-20.28.16:115][  0]LogConfig: Setting CVar [[r.DOF.Kernel.MaxForegroundRadius:0.025]]
[2022.04.25-20.28.16:115][  0]LogConfig: Setting CVar [[r.DOF.Kernel.MaxBackgroundRadius:0.025]]
[2022.04.25-20.28.16:115][  0]LogConfig: Applying CVar settings from Section [TextureQuality@3] File [E:/DEV Unreal/ShooterGame/ShooterGame/Shooter/Saved/Config/Windows/Scalability.ini]
[2022.04.25-20.28.16:115][  0]LogConfig: Setting CVar [[r.Streaming.MipBias:0]]
[2022.04.25-20.28.16:115][  0]LogConfig: Setting CVar [[r.Streaming.AmortizeCPUToGPUCopy:0]]
[2022.04.25-20.28.16:116][  0]LogConfig: Setting CVar [[r.Streaming.MaxNumTexturesToStreamPerFrame:0]]
[2022.04.25-20.28.16:116][  0]LogConfig: Setting CVar [[r.Streaming.Boost:1]]
[2022.04.25-20.28.16:116][  0]LogConfig: Setting CVar [[r.MaxAnisotropy:8]]
[2022.04.25-20.28.16:116][  0]LogConfig: Setting CVar [[r.VT.MaxAnisotropy:8]]
[2022.04.25-20.28.16:116][  0]LogConfig: Setting CVar [[r.Streaming.LimitPoolSizeToVRAM:0]]
[2022.04.25-20.28.16:116][  0]LogConfig: Setting CVar [[r.Streaming.PoolSize:1000]]
[2022.04.25-20.28.16:116][  0]LogConfig: Setting CVar [[r.Streaming.MaxEffectiveScreenSize:0]]
[2022.04.25-20.28.16:116][  0]LogConfig: Applying CVar settings from Section [EffectsQuality@3] File [E:/DEV Unreal/ShooterGame/ShooterGame/Shooter/Saved/Config/Windows/Scalability.ini]
[2022.04.25-20.28.16:116][  0]LogConfig: Setting CVar [[r.TranslucencyLightingVolumeDim:64]]
[2022.04.25-20.28.16:116][  0]LogConfig: Setting CVar [[r.RefractionQuality:2]]
[2022.04.25-20.28.16:116][  0]LogConfig: Setting CVar [[r.SSR.Quality:3]]
[2022.04.25-20.28.16:116][  0]LogConfig: Setting CVar [[r.SSR.HalfResSceneColor:0]]
[2022.04.25-20.28.16:116][  0]LogConfig: Setting CVar [[r.SceneColorFormat:4]]
[2022.04.25-20.28.16:116][  0]LogConfig: Setting CVar [[r.DetailMode:2]]
[2022.04.25-20.28.16:116][  0]LogConfig: Setting CVar [[r.TranslucencyVolumeBlur:1]]
[2022.04.25-20.28.16:116][  0]LogConfig: Setting CVar [[r.MaterialQualityLevel:1 ; High quality]]
[2022.04.25-20.28.16:116][  0]LogConfig: Setting CVar [[r.AnisotropicMaterials:1]]
[2022.04.25-20.28.16:116][  0]LogConfig: Setting CVar [[r.SSS.Scale:1]]
[2022.04.25-20.28.16:116][  0]LogConfig: Setting CVar [[r.SSS.SampleSet:2]]
[2022.04.25-20.28.16:116][  0]LogConfig: Setting CVar [[r.SSS.Quality:1]]
[2022.04.25-20.28.16:116][  0]LogConfig: Setting CVar [[r.SSS.HalfRes:0]]
[2022.04.25-20.28.16:116][  0]LogConfig: Setting CVar [[r.SSGI.Quality:3]]
[2022.04.25-20.28.16:116][  0]LogConfig: Setting CVar [[r.EmitterSpawnRateScale:1.0]]
[2022.04.25-20.28.16:116][  0]LogConfig: Setting CVar [[r.ParticleLightQuality:2]]
[2022.04.25-20.28.16:116][  0]LogConfig: Setting CVar [[r.SkyAtmosphere.AerialPerspectiveLUT.FastApplyOnOpaque:1 ; Always have FastSkyLUT 1 in this case to avoid wrong sky]]
[2022.04.25-20.28.16:116][  0]LogConfig: Setting CVar [[r.SkyAtmosphere.AerialPerspectiveLUT.SampleCountMaxPerSlice:4]]
[2022.04.25-20.28.16:116][  0]LogConfig: Setting CVar [[r.SkyAtmosphere.AerialPerspectiveLUT.DepthResolution:16.0]]
[2022.04.25-20.28.16:116][  0]LogConfig: Setting CVar [[r.SkyAtmosphere.FastSkyLUT:1]]
[2022.04.25-20.28.16:116][  0]LogConfig: Setting CVar [[r.SkyAtmosphere.FastSkyLUT.SampleCountMin:4.0]]
[2022.04.25-20.28.16:116][  0]LogConfig: Setting CVar [[r.SkyAtmosphere.FastSkyLUT.SampleCountMax:128.0]]
[2022.04.25-20.28.16:116][  0]LogConfig: Setting CVar [[r.SkyAtmosphere.SampleCountMin:4.0]]
[2022.04.25-20.28.16:116][  0]LogConfig: Setting CVar [[r.SkyAtmosphere.SampleCountMax:128.0]]
[2022.04.25-20.28.16:116][  0]LogConfig: Setting CVar [[r.SkyAtmosphere.TransmittanceLUT.UseSmallFormat:0]]
[2022.04.25-20.28.16:116][  0]LogConfig: Setting CVar [[r.SkyAtmosphere.TransmittanceLUT.SampleCount:10.0]]
[2022.04.25-20.28.16:116][  0]LogConfig: Setting CVar [[r.SkyAtmosphere.MultiScatteringLUT.SampleCount:15.0]]
[2022.04.25-20.28.16:116][  0]LogConfig: Setting CVar [[r.SkyLight.RealTimeReflectionCapture:1]]
[2022.04.25-20.28.16:116][  0]LogConfig: Applying CVar settings from Section [FoliageQuality@3] File [E:/DEV Unreal/ShooterGame/ShooterGame/Shooter/Saved/Config/Windows/Scalability.ini]
[2022.04.25-20.28.16:116][  0]LogConfig: Setting CVar [[foliage.DensityScale:1.0]]
[2022.04.25-20.28.16:116][  0]LogConfig: Setting CVar [[grass.DensityScale:1.0]]
[2022.04.25-20.28.16:116][  0]LogConfig: Applying CVar settings from Section [ShadingQuality@3] File [E:/DEV Unreal/ShooterGame/ShooterGame/Shooter/Saved/Config/Windows/Scalability.ini]
[2022.04.25-20.28.16:116][  0]LogConfig: Setting CVar [[r.HairStrands.SkyLighting.IntegrationType:2]]
[2022.04.25-20.28.16:116][  0]LogConfig: Setting CVar [[r.HairStrands.SkyAO.SampleCount:4]]
[2022.04.25-20.28.16:116][  0]LogConfig: Setting CVar [[r.HairStrands.Visibility.MSAA.SamplePerPixel:4]]
[2022.04.25-20.28.16:116][  0]LogInit: Selected Device Profile: [Windows]
[2022.04.25-20.28.16:116][  0]LogInit: Applying CVar settings loaded from the selected device profile: [Windows]
[2022.04.25-20.28.16:116][  0]LogHAL: Display: Platform has ~ 32 GB [34282221568 / 34359738368 / 32], which maps to Largest [LargestMinGB=32, LargerMinGB=12, DefaultMinGB=8, SmallerMinGB=6, SmallestMinGB=0)
[2022.04.25-20.28.16:116][  0]LogInit: Going up to parent DeviceProfile []
[2022.04.25-20.28.16:116][  0]LogConfig: Applying CVar settings from Section [ViewDistanceQuality@3] File [E:/DEV Unreal/ShooterGame/ShooterGame/Shooter/Saved/Config/Windows/Scalability.ini]
[2022.04.25-20.28.16:116][  0]LogConfig: Setting CVar [[r.SkeletalMeshLODBias:0]]
[2022.04.25-20.28.16:116][  0]LogConfig: Setting CVar [[r.ViewDistanceScale:1.0]]
[2022.04.25-20.28.16:116][  0]LogConfig: Applying CVar settings from Section [AntiAliasingQuality@3] File [E:/DEV Unreal/ShooterGame/ShooterGame/Shooter/Saved/Config/Windows/Scalability.ini]
[2022.04.25-20.28.16:116][  0]LogConfig: Setting CVar [[r.PostProcessAAQuality:4]]
[2022.04.25-20.28.16:116][  0]LogConfig: Applying CVar settings from Section [ShadowQuality@3] File [E:/DEV Unreal/ShooterGame/ShooterGame/Shooter/Saved/Config/Windows/Scalability.ini]
[2022.04.25-20.28.16:116][  0]LogConfig: Setting CVar [[r.LightFunctionQuality:1]]
[2022.04.25-20.28.16:116][  0]LogConfig: Setting CVar [[r.ShadowQuality:5]]
[2022.04.25-20.28.16:116][  0]LogConfig: Setting CVar [[r.Shadow.CSM.MaxCascades:10]]
[2022.04.25-20.28.16:116][  0]LogConfig: Setting CVar [[r.Shadow.MaxResolution:2048]]
[2022.04.25-20.28.16:116][  0]LogConfig: Setting CVar [[r.Shadow.MaxCSMResolution:2048]]
[2022.04.25-20.28.16:116][  0]LogConfig: Setting CVar [[r.Shadow.RadiusThreshold:0.01]]
[2022.04.25-20.28.16:116][  0]LogConfig: Setting CVar [[r.Shadow.DistanceScale:1.0]]
[2022.04.25-20.28.16:116][  0]LogConfig: Setting CVar [[r.Shadow.CSM.TransitionScale:1.0]]
[2022.04.25-20.28.16:116][  0]LogConfig: Setting CVar [[r.Shadow.PreShadowResolutionFactor:1.0]]
[2022.04.25-20.28.16:116][  0]LogConfig: Setting CVar [[r.DistanceFieldShadowing:1]]
[2022.04.25-20.28.16:116][  0]LogConfig: Setting CVar [[r.DistanceFieldAO:1]]
[2022.04.25-20.28.16:116][  0]LogConfig: Setting CVar [[r.AOQuality:2]]
[2022.04.25-20.28.16:116][  0]LogConfig: Setting CVar [[r.VolumetricFog:1]]
[2022.04.25-20.28.16:117][  0]LogConfig: Setting CVar [[r.VolumetricFog.GridPixelSize:8]]
[2022.04.25-20.28.16:117][  0]LogConfig: Setting CVar [[r.VolumetricFog.GridSizeZ:128]]
[2022.04.25-20.28.16:117][  0]LogConfig: Setting CVar [[r.VolumetricFog.HistoryMissSupersampleCount:4]]
[2022.04.25-20.28.16:117][  0]LogConfig: Setting CVar [[r.LightMaxDrawDistanceScale:1]]
[2022.04.25-20.28.16:117][  0]LogConfig: Setting CVar [[r.CapsuleShadows:1]]
[2022.04.25-20.28.16:117][  0]LogConfig: Applying CVar settings from Section [PostProcessQuality@3] File [E:/DEV Unreal/ShooterGame/ShooterGame/Shooter/Saved/Config/Windows/Scalability.ini]
[2022.04.25-20.28.16:117][  0]LogConfig: Setting CVar [[r.MotionBlurQuality:4]]
[2022.04.25-20.28.16:117][  0]LogConfig: Setting CVar [[r.AmbientOcclusionMipLevelFactor:0.4]]
[2022.04.25-20.28.16:117][  0]LogConfig: Setting CVar [[r.AmbientOcclusionMaxQuality:100]]
[2022.04.25-20.28.16:117][  0]LogConfig: Setting CVar [[r.AmbientOcclusionLevels:-1]]
[2022.04.25-20.28.16:117][  0]LogConfig: Setting CVar [[r.AmbientOcclusionRadiusScale:1.0]]
[2022.04.25-20.28.16:117][  0]LogConfig: Setting CVar [[r.DepthOfFieldQuality:2]]
[2022.04.25-20.28.16:117][  0]LogConfig: Setting CVar [[r.RenderTargetPoolMin:400]]
[2022.04.25-20.28.16:117][  0]LogConfig: Setting CVar [[r.LensFlareQuality:2]]
[2022.04.25-20.28.16:117][  0]LogConfig: Setting CVar [[r.SceneColorFringeQuality:1]]
[2022.04.25-20.28.16:117][  0]LogConfig: Setting CVar [[r.EyeAdaptationQuality:2]]
[2022.04.25-20.28.16:117][  0]LogConfig: Setting CVar [[r.BloomQuality:5]]
[2022.04.25-20.28.16:117][  0]LogConfig: Setting CVar [[r.FastBlurThreshold:100]]
[2022.04.25-20.28.16:117][  0]LogConfig: Setting CVar [[r.Upscale.Quality:3]]
[2022.04.25-20.28.16:117][  0]LogConfig: Setting CVar [[r.Tonemapper.GrainQuantization:1]]
[2022.04.25-20.28.16:117][  0]LogConfig: Setting CVar [[r.LightShaftQuality:1]]
[2022.04.25-20.28.16:117][  0]LogConfig: Setting CVar [[r.Filter.SizeScale:1]]
[2022.04.25-20.28.16:117][  0]LogConfig: Setting CVar [[r.Tonemapper.Quality:5]]
[2022.04.25-20.28.16:117][  0]LogConfig: Setting CVar [[r.DOF.Gather.AccumulatorQuality:1        ; higher gathering accumulator quality]]
[2022.04.25-20.28.16:117][  0]LogConfig: Setting CVar [[r.DOF.Gather.PostfilterMethod:1          ; Median3x3 postfilering method]]
[2022.04.25-20.28.16:117][  0]LogConfig: Setting CVar [[r.DOF.Gather.EnableBokehSettings:0       ; no bokeh simulation when gathering]]
[2022.04.25-20.28.16:117][  0]LogConfig: Setting CVar [[r.DOF.Gather.RingCount:4                 ; medium number of samples when gathering]]
[2022.04.25-20.28.16:117][  0]LogConfig: Setting CVar [[r.DOF.Scatter.ForegroundCompositing:1    ; additive foreground scattering]]
[2022.04.25-20.28.16:117][  0]LogConfig: Setting CVar [[r.DOF.Scatter.BackgroundCompositing:2    ; additive background scattering]]
[2022.04.25-20.28.16:117][  0]LogConfig: Setting CVar [[r.DOF.Scatter.EnableBokehSettings:1      ; bokeh simulation when scattering]]
[2022.04.25-20.28.16:117][  0]LogConfig: Setting CVar [[r.DOF.Scatter.MaxSpriteRatio:0.1         ; only a maximum of 10% of scattered bokeh]]
[2022.04.25-20.28.16:117][  0]LogConfig: Setting CVar [[r.DOF.Recombine.Quality:1                ; cheap slight out of focus]]
[2022.04.25-20.28.16:117][  0]LogConfig: Setting CVar [[r.DOF.Recombine.EnableBokehSettings:0    ; no bokeh simulation on slight out of focus]]
[2022.04.25-20.28.16:117][  0]LogConfig: Setting CVar [[r.DOF.TemporalAAQuality:1                ; more stable temporal accumulation]]
[2022.04.25-20.28.16:117][  0]LogConfig: Setting CVar [[r.DOF.Kernel.MaxForegroundRadius:0.025]]
[2022.04.25-20.28.16:117][  0]LogConfig: Setting CVar [[r.DOF.Kernel.MaxBackgroundRadius:0.025]]
[2022.04.25-20.28.16:117][  0]LogConfig: Applying CVar settings from Section [TextureQuality@3] File [E:/DEV Unreal/ShooterGame/ShooterGame/Shooter/Saved/Config/Windows/Scalability.ini]
[2022.04.25-20.28.16:117][  0]LogConfig: Setting CVar [[r.Streaming.MipBias:0]]
[2022.04.25-20.28.16:117][  0]LogConfig: Setting CVar [[r.Streaming.AmortizeCPUToGPUCopy:0]]
[2022.04.25-20.28.16:117][  0]LogConfig: Setting CVar [[r.Streaming.MaxNumTexturesToStreamPerFrame:0]]
[2022.04.25-20.28.16:117][  0]LogConfig: Setting CVar [[r.Streaming.Boost:1]]
[2022.04.25-20.28.16:117][  0]LogConfig: Setting CVar [[r.MaxAnisotropy:8]]
[2022.04.25-20.28.16:117][  0]LogConfig: Setting CVar [[r.VT.MaxAnisotropy:8]]
[2022.04.25-20.28.16:117][  0]LogConfig: Setting CVar [[r.Streaming.LimitPoolSizeToVRAM:0]]
[2022.04.25-20.28.16:117][  0]LogConfig: Setting CVar [[r.Streaming.PoolSize:1000]]
[2022.04.25-20.28.16:117][  0]LogConfig: Setting CVar [[r.Streaming.MaxEffectiveScreenSize:0]]
[2022.04.25-20.28.16:117][  0]LogConfig: Applying CVar settings from Section [EffectsQuality@3] File [E:/DEV Unreal/ShooterGame/ShooterGame/Shooter/Saved/Config/Windows/Scalability.ini]
[2022.04.25-20.28.16:117][  0]LogConfig: Setting CVar [[r.TranslucencyLightingVolumeDim:64]]
[2022.04.25-20.28.16:117][  0]LogConfig: Setting CVar [[r.RefractionQuality:2]]
[2022.04.25-20.28.16:117][  0]LogConfig: Setting CVar [[r.SSR.Quality:3]]
[2022.04.25-20.28.16:117][  0]LogConfig: Setting CVar [[r.SSR.HalfResSceneColor:0]]
[2022.04.25-20.28.16:117][  0]LogConfig: Setting CVar [[r.SceneColorFormat:4]]
[2022.04.25-20.28.16:117][  0]LogConfig: Setting CVar [[r.DetailMode:2]]
[2022.04.25-20.28.16:117][  0]LogConfig: Setting CVar [[r.TranslucencyVolumeBlur:1]]
[2022.04.25-20.28.16:117][  0]LogConfig: Setting CVar [[r.MaterialQualityLevel:1 ; High quality]]
[2022.04.25-20.28.16:117][  0]LogConfig: Setting CVar [[r.AnisotropicMaterials:1]]
[2022.04.25-20.28.16:117][  0]LogConfig: Setting CVar [[r.SSS.Scale:1]]
[2022.04.25-20.28.16:117][  0]LogConfig: Setting CVar [[r.SSS.SampleSet:2]]
[2022.04.25-20.28.16:117][  0]LogConfig: Setting CVar [[r.SSS.Quality:1]]
[2022.04.25-20.28.16:117][  0]LogConfig: Setting CVar [[r.SSS.HalfRes:0]]
[2022.04.25-20.28.16:117][  0]LogConfig: Setting CVar [[r.SSGI.Quality:3]]
[2022.04.25-20.28.16:117][  0]LogConfig: Setting CVar [[r.EmitterSpawnRateScale:1.0]]
[2022.04.25-20.28.16:117][  0]LogConfig: Setting CVar [[r.ParticleLightQuality:2]]
[2022.04.25-20.28.16:117][  0]LogConfig: Setting CVar [[r.SkyAtmosphere.AerialPerspectiveLUT.FastApplyOnOpaque:1 ; Always have FastSkyLUT 1 in this case to avoid wrong sky]]
[2022.04.25-20.28.16:117][  0]LogConfig: Setting CVar [[r.SkyAtmosphere.AerialPerspectiveLUT.SampleCountMaxPerSlice:4]]
[2022.04.25-20.28.16:117][  0]LogConfig: Setting CVar [[r.SkyAtmosphere.AerialPerspectiveLUT.DepthResolution:16.0]]
[2022.04.25-20.28.16:117][  0]LogConfig: Setting CVar [[r.SkyAtmosphere.FastSkyLUT:1]]
[2022.04.25-20.28.16:117][  0]LogConfig: Setting CVar [[r.SkyAtmosphere.FastSkyLUT.SampleCountMin:4.0]]
[2022.04.25-20.28.16:117][  0]LogConfig: Setting CVar [[r.SkyAtmosphere.FastSkyLUT.SampleCountMax:128.0]]
[2022.04.25-20.28.16:117][  0]LogConfig: Setting CVar [[r.SkyAtmosphere.SampleCountMin:4.0]]
[2022.04.25-20.28.16:117][  0]LogConfig: Setting CVar [[r.SkyAtmosphere.SampleCountMax:128.0]]
[2022.04.25-20.28.16:118][  0]LogConfig: Setting CVar [[r.SkyAtmosphere.TransmittanceLUT.UseSmallFormat:0]]
[2022.04.25-20.28.16:118][  0]LogConfig: Setting CVar [[r.SkyAtmosphere.TransmittanceLUT.SampleCount:10.0]]
[2022.04.25-20.28.16:118][  0]LogConfig: Setting CVar [[r.SkyAtmosphere.MultiScatteringLUT.SampleCount:15.0]]
[2022.04.25-20.28.16:118][  0]LogConfig: Setting CVar [[r.SkyLight.RealTimeReflectionCapture:1]]
[2022.04.25-20.28.16:118][  0]LogConfig: Applying CVar settings from Section [FoliageQuality@3] File [E:/DEV Unreal/ShooterGame/ShooterGame/Shooter/Saved/Config/Windows/Scalability.ini]
[2022.04.25-20.28.16:118][  0]LogConfig: Setting CVar [[foliage.DensityScale:1.0]]
[2022.04.25-20.28.16:118][  0]LogConfig: Setting CVar [[grass.DensityScale:1.0]]
[2022.04.25-20.28.16:118][  0]LogConfig: Applying CVar settings from Section [ShadingQuality@3] File [E:/DEV Unreal/ShooterGame/ShooterGame/Shooter/Saved/Config/Windows/Scalability.ini]
[2022.04.25-20.28.16:118][  0]LogConfig: Setting CVar [[r.HairStrands.SkyLighting.IntegrationType:2]]
[2022.04.25-20.28.16:118][  0]LogConfig: Setting CVar [[r.HairStrands.SkyAO.SampleCount:4]]
[2022.04.25-20.28.16:118][  0]LogConfig: Setting CVar [[r.HairStrands.Visibility.MSAA.SamplePerPixel:4]]
[2022.04.25-20.28.16:118][  0]LogConfig: Applying CVar settings from Section [Startup] File [../../../Engine/Config/ConsoleVariables.ini]
[2022.04.25-20.28.16:118][  0]LogConfig: Setting CVar [[net.UseAdaptiveNetUpdateFrequency:0]]
[2022.04.25-20.28.16:118][  0]LogConfig: Setting CVar [[p.chaos.AllowCreatePhysxBodies:1]]
[2022.04.25-20.28.16:118][  0]LogConfig: Setting CVar [[fx.SkipVectorVMBackendOptimizations:1]]
[2022.04.25-20.28.16:118][  0]LogConfig: Applying CVar settings from Section [ConsoleVariables] File [E:/DEV Unreal/ShooterGame/ShooterGame/Shooter/Saved/Config/Windows/Engine.ini]
[2022.04.25-20.28.16:118][  0]LogConfig: Applying CVar settings from Section [ConsoleVariables] File [E:/DEV Unreal/ShooterGame/ShooterGame/Shooter/Saved/Config/Windows/Editor.ini]
[2022.04.25-20.28.16:118][  0]LogInit: Computer: DESKTOP-PATULNA
[2022.04.25-20.28.16:118][  0]LogInit: User: Pablo
[2022.04.25-20.28.16:118][  0]LogInit: CPU Page size=4096, Cores=6
[2022.04.25-20.28.16:118][  0]LogInit: High frequency timer resolution =10.000000 MHz
[2022.04.25-20.28.16:118][  0]LogMemory: Memory total: Physical=31.9GB (32GB approx)
[2022.04.25-20.28.16:118][  0]LogMemory: Platform Memory Stats for Windows
[2022.04.25-20.28.16:118][  0]LogMemory: Process Physical Memory: 142.98 MB used, 142.98 MB peak
[2022.04.25-20.28.16:118][  0]LogMemory: Process Virtual Memory: 114.15 MB used, 114.15 MB peak
[2022.04.25-20.28.16:118][  0]LogMemory: Physical Memory: 14123.96 MB used,  18570.12 MB free, 32694.07 MB total
[2022.04.25-20.28.16:118][  0]LogMemory: Virtual Memory: 134198976.00 MB used,  18748.64 MB free, 134217728.00 MB total
[2022.04.25-20.28.16:126][  0]LogWindows: WindowsPlatformFeatures enabled
[2022.04.25-20.28.16:170][  0]LogInit: Physics initialised using underlying interface: PhysX
[2022.04.25-20.28.16:171][  0]LogInit: Overriding language with editor language configuration option (en-US).
[2022.04.25-20.28.16:171][  0]LogInit: Overriding language with editor locale configuration option (en).
[2022.04.25-20.28.16:173][  0]LogTextLocalizationManager: No specific localization for 'en-US' exists, so the 'en' localization will be used.
[2022.04.25-20.28.16:323][  0]LogInit: Setting process to per monitor DPI aware
[2022.04.25-20.28.16:338][  0]LogWindowsTextInputMethodSystem: Display: IME system deactivated.
[2022.04.25-20.28.16:353][  0]LogSlate: New Slate User Created.  User Index 0, Is Virtual User: 0
[2022.04.25-20.28.16:353][  0]LogSlate: Slate User Registered.  User Index 0, Is Virtual User: 0
[2022.04.25-20.28.16:468][  0]LogD3D11RHI: Loaded GFSDK_Aftermath_Lib.x64.dll
[2022.04.25-20.28.16:470][  0]LogHMD: Failed to initialize OpenVR with code 110
[2022.04.25-20.28.16:470][  0]LogD3D11RHI: D3D11 min allowed feature level: 11_0
[2022.04.25-20.28.16:470][  0]LogD3D11RHI: D3D11 max allowed feature level: 11_0
[2022.04.25-20.28.16:470][  0]LogD3D11RHI: D3D11 adapters:
[2022.04.25-20.28.16:573][  0]LogD3D11RHI:    0. 'NVIDIA GeForce GTX 1070 Ti' (Feature Level 11_0)
[2022.04.25-20.28.16:573][  0]LogD3D11RHI:       8079/0/16347 MB DedicatedVideo/DedicatedSystem/SharedSystem, Outputs:2, VendorId:0x10de
[2022.04.25-20.28.16:575][  0]LogD3D11RHI:    1. 'Microsoft Basic Render Driver' (Feature Level 11_0)
[2022.04.25-20.28.16:575][  0]LogD3D11RHI:       0/0/16347 MB DedicatedVideo/DedicatedSystem/SharedSystem, Outputs:0, VendorId:0x1414
[2022.04.25-20.28.16:575][  0]LogD3D11RHI: Chosen D3D11 Adapter:
[2022.04.25-20.28.16:575][  0]LogD3D11RHI:     Description : NVIDIA GeForce GTX 1070 Ti
[2022.04.25-20.28.16:575][  0]LogD3D11RHI:     VendorId    : 10de
[2022.04.25-20.28.16:575][  0]LogD3D11RHI:     DeviceId    : 1b82
[2022.04.25-20.28.16:575][  0]LogD3D11RHI:     SubSysId    : c3041462
[2022.04.25-20.28.16:575][  0]LogD3D11RHI:     Revision    : 00a1
[2022.04.25-20.28.16:575][  0]LogD3D11RHI:     DedicatedVideoMemory : 8471445504 bytes
[2022.04.25-20.28.16:575][  0]LogD3D11RHI:     DedicatedSystemMemory : 0 bytes
[2022.04.25-20.28.16:575][  0]LogD3D11RHI:     SharedSystemMemory : 17141110784 bytes
[2022.04.25-20.28.16:575][  0]LogD3D11RHI:     AdapterLuid : 0 55462
[2022.04.25-20.28.16:581][  0]LogD3D11RHI: Creating new Direct3DDevice
[2022.04.25-20.28.16:581][  0]LogD3D11RHI:     GPU DeviceId: 0x1b82 (for the marketing name, search the web for "GPU Device Id")
[2022.04.25-20.28.16:581][  0]LogWindows: EnumDisplayDevices:
[2022.04.25-20.28.16:581][  0]LogWindows:    0. 'NVIDIA GeForce GTX 1070 Ti' (P:0 D:1)
[2022.04.25-20.28.16:581][  0]LogWindows:    1. 'NVIDIA GeForce GTX 1070 Ti' (P:1 D:1)
[2022.04.25-20.28.16:582][  0]LogWindows:    2. 'NVIDIA GeForce GTX 1070 Ti' (P:0 D:0)
[2022.04.25-20.28.16:582][  0]LogWindows:    3. 'NVIDIA GeForce GTX 1070 Ti' (P:0 D:0)
[2022.04.25-20.28.16:582][  0]LogWindows: DebugString: FoundDriverCount:4 
[2022.04.25-20.28.16:582][  0]LogD3D11RHI:     Adapter Name: NVIDIA GeForce GTX 1070 Ti
[2022.04.25-20.28.16:582][  0]LogD3D11RHI:   Driver Version: 472.12 (internal:30.0.14.7212, unified:472.12)
[2022.04.25-20.28.16:582][  0]LogD3D11RHI:      Driver Date: 9-13-2021
[2022.04.25-20.28.16:582][  0]LogRHI: Texture pool is 5655 MB (70% of 8079 MB)
[2022.04.25-20.28.16:582][  0]LogD3D11RHI: Creating D3DDevice using adapter:
[2022.04.25-20.28.16:582][  0]LogD3D11RHI:     Description : NVIDIA GeForce GTX 1070 Ti
[2022.04.25-20.28.16:582][  0]LogD3D11RHI:     VendorId    : 10de
[2022.04.25-20.28.16:582][  0]LogD3D11RHI:     DeviceId    : 1b82
[2022.04.25-20.28.16:582][  0]LogD3D11RHI:     SubSysId    : c3041462
[2022.04.25-20.28.16:582][  0]LogD3D11RHI:     Revision    : 00a1
[2022.04.25-20.28.16:582][  0]LogD3D11RHI:     DedicatedVideoMemory : 8471445504 bytes
[2022.04.25-20.28.16:582][  0]LogD3D11RHI:     DedicatedSystemMemory : 0 bytes
[2022.04.25-20.28.16:582][  0]LogD3D11RHI:     SharedSystemMemory : 17141110784 bytes
[2022.04.25-20.28.16:582][  0]LogD3D11RHI:     AdapterLuid : 0 55462
[2022.04.25-20.28.16:651][  0]LogD3D11RHI: RHI has support for 64 bit atomics
[2022.04.25-20.28.16:651][  0]LogD3D11RHI: Async texture creation enabled
[2022.04.25-20.28.16:651][  0]LogD3D11RHI: Array index from any shader is supported
[2022.04.25-20.28.16:675][  0]LogD3D11RHI: GPU Timing Frequency: 1000.000000 (Debug: 2 1)
[2022.04.25-20.28.16:725][  0]LogRHI: GeForceNow SDK initialized: 1
[2022.04.25-20.28.16:996][  0]LogTargetPlatformManager: Display: Loaded TargetPlatform 'AllDesktop'
[2022.04.25-20.28.17:013][  0]LogTargetPlatformManager: Display: Loaded TargetPlatform 'Android'
[2022.04.25-20.28.17:013][  0]LogTargetPlatformManager: Display: Loaded TargetPlatform 'Android_ASTC'
[2022.04.25-20.28.17:013][  0]LogTargetPlatformManager: Display: Loaded TargetPlatform 'Android_DXT'
[2022.04.25-20.28.17:013][  0]LogTargetPlatformManager: Display: Loaded TargetPlatform 'Android_ETC2'
[2022.04.25-20.28.17:013][  0]LogTargetPlatformManager: Display: Loaded TargetPlatform 'AndroidClient'
[2022.04.25-20.28.17:013][  0]LogTargetPlatformManager: Display: Loaded TargetPlatform 'Android_ASTCClient'
[2022.04.25-20.28.17:013][  0]LogTargetPlatformManager: Display: Loaded TargetPlatform 'Android_DXTClient'
[2022.04.25-20.28.17:013][  0]LogTargetPlatformManager: Display: Loaded TargetPlatform 'Android_ETC2Client'
[2022.04.25-20.28.17:013][  0]LogTargetPlatformManager: Display: Loaded TargetPlatform 'Android_Multi'
[2022.04.25-20.28.17:013][  0]LogTargetPlatformManager: Display: Loaded TargetPlatform 'Android_MultiClient'
[2022.04.25-20.28.17:028][  0]LogTargetPlatformManager: Display: Loaded TargetPlatform 'IOSClient'
[2022.04.25-20.28.17:028][  0]LogTargetPlatformManager: Display: Loaded TargetPlatform 'IOS'
[2022.04.25-20.28.17:035][  0]LogTargetPlatformManager: Display: Loaded TargetPlatform 'Linux'
[2022.04.25-20.28.17:038][  0]LogTargetPlatformManager: Display: Loaded TargetPlatform 'LinuxNoEditor'
[2022.04.25-20.28.17:042][  0]LogTargetPlatformManager: Display: Loaded TargetPlatform 'LinuxClient'
[2022.04.25-20.28.17:046][  0]LogTargetPlatformManager: Display: Loaded TargetPlatform 'LinuxServer'
[2022.04.25-20.28.17:052][  0]LogTargetPlatformManager: Display: Loaded TargetPlatform 'LinuxAArch64NoEditor'
[2022.04.25-20.28.17:056][  0]LogTargetPlatformManager: Display: Loaded TargetPlatform 'LinuxAArch64Client'
[2022.04.25-20.28.17:059][  0]LogTargetPlatformManager: Display: Loaded TargetPlatform 'LinuxAArch64Server'
[2022.04.25-20.28.17:077][  0]LogTargetPlatformManager: Display: Loaded TargetPlatform 'Lumin'
[2022.04.25-20.28.17:077][  0]LogTargetPlatformManager: Display: Loaded TargetPlatform 'LuminClient'
[2022.04.25-20.28.17:083][  0]LogTargetPlatformManager: Display: Loaded TargetPlatform 'MacNoEditor'
[2022.04.25-20.28.17:087][  0]LogTargetPlatformManager: Display: Loaded TargetPlatform 'Mac'
[2022.04.25-20.28.17:091][  0]LogTargetPlatformManager: Display: Loaded TargetPlatform 'MacClient'
[2022.04.25-20.28.17:094][  0]LogTargetPlatformManager: Display: Loaded TargetPlatform 'MacServer'
[2022.04.25-20.28.17:102][  0]LogTargetPlatformManager: Display: Loaded TargetPlatform 'TVOSClient'
[2022.04.25-20.28.17:102][  0]LogTargetPlatformManager: Display: Loaded TargetPlatform 'TVOS'
[2022.04.25-20.28.17:109][  0]LogTargetPlatformManager: Display: Loaded TargetPlatform 'WindowsNoEditor'
[2022.04.25-20.28.17:112][  0]LogTargetPlatformManager: Display: Loaded TargetPlatform 'Windows'
[2022.04.25-20.28.17:116][  0]LogTargetPlatformManager: Display: Loaded TargetPlatform 'WindowsClient'
[2022.04.25-20.28.17:120][  0]LogTargetPlatformManager: Display: Loaded TargetPlatform 'WindowsServer'
[2022.04.25-20.28.17:120][  0]LogTargetPlatformManager: Display: Building Assets For Windows
[2022.04.25-20.28.17:127][  0]LogAudioDebug: Display: Lib vorbis DLL was dynamically loaded.
[2022.04.25-20.28.17:150][  0]LogTextureFormatOodle: Display: Oodle Texture 2.9.0 init RDO Off
[2022.04.25-20.28.17:176][  0]LogRendererCore: Ray tracing is disabled. Reason: r.RayTracing=0.
[2022.04.25-20.28.17:176][  0]LogShaderCompilers: Guid format shader working directory is -12 characters bigger than the processId version (../../../../../DEV Unreal/ShooterGame/ShooterGame/Shooter/Intermediate/Shaders/WorkingDirectory/24160/).
[2022.04.25-20.28.17:176][  0]LogShaderCompilers: Cleaned the shader compiler working directory 'C:/Users/Pablo/AppData/Local/Temp/UnrealShaderWorkingDir/8D4E2B4E450308D0B5D9D295A90384D4/'.
[2022.04.25-20.28.17:177][  0]LogXGEController: Cannot use XGE Controller as Incredibuild is not installed on this machine.
[2022.04.25-20.28.17:177][  0]LogShaderCompilers: Cannot use XGE Shader Compiler as Incredibuild is not installed on this machine.
[2022.04.25-20.28.17:177][  0]LogShaderCompilers: Display: Using Local Shader Compiler.
[2022.04.25-20.28.17:793][  0]LogDerivedDataCache: Display: Max Cache Size: 512 MB
[2022.04.25-20.28.17:838][  0]LogDerivedDataCache: Loaded boot cache 0.05s 94MB C:/Users/Pablo/AppData/Local/UnrealEngine/4.27/DerivedDataCache/Boot.ddc.
[2022.04.25-20.28.17:839][  0]LogDerivedDataCache: Display: Loaded Boot cache: C:/Users/Pablo/AppData/Local/UnrealEngine/4.27/DerivedDataCache/Boot.ddc
[2022.04.25-20.28.17:839][  0]LogDerivedDataCache: FDerivedDataBackendGraph:  Pak pak cache file ../../../../../DEV Unreal/ShooterGame/ShooterGame/Shooter/DerivedDataCache/DDC.ddp not found, will not use a pak cache.
[2022.04.25-20.28.17:839][  0]LogDerivedDataCache: Unable to find inner node Pak for hierarchical cache Hierarchy.
[2022.04.25-20.28.17:839][  0]LogDerivedDataCache: FDerivedDataBackendGraph:  CompressedPak pak cache file ../../../../../DEV Unreal/ShooterGame/ShooterGame/Shooter/DerivedDataCache/Compressed.ddp not found, will not use a pak cache.
[2022.04.25-20.28.17:839][  0]LogDerivedDataCache: Unable to find inner node CompressedPak for hierarchical cache Hierarchy.
[2022.04.25-20.28.17:852][  0]LogDerivedDataCache: Display: Pak cache opened for reading ../../../Engine/DerivedDataCache/Compressed.ddp.
[2022.04.25-20.28.17:852][  0]LogDerivedDataCache: FDerivedDataBackendGraph:  EnterprisePak pak cache file ../../../Enterprise/DerivedDataCache/Compressed.ddp not found, will not use a pak cache.
[2022.04.25-20.28.17:852][  0]LogDerivedDataCache: Unable to find inner node EnterprisePak for hierarchical cache Hierarchy.
[2022.04.25-20.28.17:861][  0]LogDerivedDataCache: Speed tests for C:/Users/Pablo/AppData/Local/UnrealEngine/Common/DerivedDataCache took 0.01 seconds
[2022.04.25-20.28.17:861][  0]LogDerivedDataCache: Display: Performance to C:/Users/Pablo/AppData/Local/UnrealEngine/Common/DerivedDataCache: Latency=0.03ms. RandomReadSpeed=1151.60MBs, RandomWriteSpeed=125.64MBs. Assigned SpeedClass 'Local'
[2022.04.25-20.28.17:862][  0]LogDerivedDataCache: Using Local data cache path C:/Users/Pablo/AppData/Local/UnrealEngine/Common/DerivedDataCache: Writable
[2022.04.25-20.28.17:862][  0]LogDerivedDataCache: Shared data cache path not found in *engine.ini, will not use an Shared cache.
[2022.04.25-20.28.17:862][  0]LogDerivedDataCache: Unable to find inner node Shared for hierarchical cache Hierarchy.
[2022.04.25-20.28.17:900][  0]LogSlate: Using FreeType 2.10.0
[2022.04.25-20.28.17:901][  0]LogSlate: SlateFontServices - WITH_FREETYPE: 1, WITH_HARFBUZZ: 1
[2022.04.25-20.28.17:921][  0]LogAssetRegistry: FAssetRegistry took 0.0024 seconds to start up
[2022.04.25-20.28.18:102][  0]LogInit: Selected Device Profile: [Windows]
[2022.04.25-20.28.18:102][  0]LogInit: Active device profile: [000001F109694900][000001F17F876FC0 49] Windows
[2022.04.25-20.28.18:102][  0]LogInit: Profiles: [000001F109694900][000001F17F876FC0 49] Windows, [000001F10966B700][000001F17F7FD140 49] WindowsNoEditor, [000001F109697500][000001F17F8012C0 49] WindowsServer, [000001F109668E00][000001F17F805440 49] WindowsClient, [000001F109697800][000001F1022815C0 49] IOS, [000001F10966A700][000001F102285740 49] iPadAir, [000001F109696000][000001F1022898C0 49] iPadAir2, [000001F1095E8A00][000001F102291B80 49] IPadPro, [000001F1095E8B00][000001F10228DBC0 49] iPadAir3, [000001F109669800][000001F1022941C0 49] iPadAir4, [000001F1095EB400][000001F10694E340 49] iPadMini2, [000001F10966A900][000001F10A7384C0 49] iPadMini3, [000001F1095E9700][000001F10A73C640 49] iPadMini4, [000001F109695100][000001F17F7F8780 49] iPadMini5, [000001F1095FC300][000001F109F7C9C0 49] iPhone6, [000001F1095FC400][000001F109F78A00 49] iPodTouch6, [000001F1095E3F00][000001F109F96C80 49] iPhone7, [000001F1095E3E00][000001F109F84CC0 49] iPodTouch7, [000001F10966A400][000001F109F9AE40 49] iPhone5S, [000001F1095E1A00][000001F109F9EFC0 49] iPhone6Plus, [000001F1095FC200][000001F109FA3140 49] iPhone6S, [000001F1095E0600][000001F109FA72C0 49] iPhone6SPlus, [000001F1095FE900][000001F109FAB440 49] iPhone7Plus, [000001F1095E3100][000001F1022115C0 49] iPhoneSE, [000001F1095FE200][000001F102229740 49] iPhone8, [000001F1095E3B00][000001F109FE38C0 49] iPhone8Plus, [000001F1095FC800][000001F109FE7A40 49] iPhoneX, [000001F1095E1600][000001F109FEBBC0 49] iPhoneXS, [000001F1095FFC00][000001F109FEE1C0 49] iPhoneXSMax, [000001F1095E0700][000001F109FF6340 49] iPhoneXR, [000001F1095FD300][000001F109FFA4C0 49] iPhone11, [000001F1095E2700][000001F106916640 49] iPhone11Pro, [000001F1095FD000][000001F10691A7C0 49] iPhone11ProMax, [000001F1095E2A00][000001F109FFE940 49] iPhoneSE2, [000001F1095FD400][000001F109F88A80 49] iPhone12Mini, [000001F1095E2400][000001F10A002BC0 49] iPhone12, [000001F1095FCD00][000001F10A010D00 49] iPhone12Pro, [000001F1095E2B00][000001F102274E80 49] iPhone12ProMax, [000001F1095FF000][000001F102279000 49] iPadPro105, [000001F1095E0200][000001F106913180 49] iPadPro129, [000001F1095FEB00][000001F109FF3300 49] iPadPro97, [000001F1095E2600][000001F109FDF480 49] iPadPro2_129, [000001F1095FFB00][000001F10227D600 49] iPad5, [000001F1095E2200][000001F1068EB780 49] iPad6, [000001F1095FCF00][000001F17F789900 49] iPad7, [000001F1095E1D00][000001F17F78DA80 49] iPad8, [000001F1095FC900][000001F17F791C00 49] iPadPro11, [000001F1095E0F00][000001F17F794200 49] iPadPro2_11, [000001F1095FF200][000001F17F798380 49] iPadPro3_129, [000001F1095E3C00][000001F17F79C500 49] iPadPro4_129, [000001F1095FCC00][000001F17F7A0680 49] AppleTV, [000001F1095E2100][000001F17F7A4800 49] AppleTV4K, [000001F1095FF100][000001F1068EE980 49] TVOS, [000001F1095E3400][000001F1068F2B00 49] Mac, [000001F1095FF800][000001F10A014C40 49] MacClient, [000001F1095E1E00][000001F1068F6D80 49] MacNoEditor, [000001F1095FFF00][000001F1068FAEC0 49] MacServer, [000001F1095E2E00][000001F106903040 49] Linux, [000001F1095FCB00][000001F1069071C0 49] LinuxAArch64, [000001F1095E1F00][000001F10690B340 49] LinuxNoEditor, [000001F1095FDB00][000001F10690F4C0 49] LinuxAArch64NoEditor, [000001F1095E3900][000001F109FB7640 49] LinuxClient, [000001F1095FF500][000001F109FBB7C0 49] LinuxAArch64Client, [000001F1095E2300][000001F109FBF940 49] LinuxServer, [000001F1095FC500][000001F109FC3AC0 49] LinuxAArch64Server, [000001F1095E0D00][000001F109FC60C0 49] Android, [000001F1095FD900][000001F109FCA240 49] Android_Low, [000001F1095E3600][000001F109FCE3C0 49] Android_Mid, [000001F1095FED00][000001F109FD2540 49] Android_High, [000001F1095E3800][000001F109FD66C0 49] Android_Default, [000001F1095FE100][000001F109FDA840 49] Android_Adreno4xx, [000001F1095E0900][000001F17F82E9C0 49] Android_Adreno5xx_Low, [000001F1095EB600][000001F17F832B40 49] Android_Adreno5xx, [000001F109668900][000001F17F836CC0 49] Android_Adreno6xx, [000001F1095E9800][000001F1068FEE00 49] Android_Adreno6xx_Vulkan, [000001F109668F00][000001F17F83AF40 49] Android_Mali_T6xx, [000001F1095E9200][000001F17F83F080 49] Android_Mali_T7xx, [000001F10966B800][000001F17F8431C0 49] Android_Mali_T8xx, [000001F1095E9E00][000001F17F84B340 49] Android_Mali_G71, [000001F109668500][000001F17F84F4C0 49] Android_Mali_G72, [000001F1095E8600][000001F17F853640 49] Android_Mali_G72_Vulkan, [000001F109669100][000001F10A6E37C0 49] Android_Mali_G76, [000001F1095E8100][000001F10A6E7940 49] Android_Mali_G76_Vulkan, [000001F109669E00][000001F10A6EBAC0 49] Android_Mali_G77, [000001F1095E8C00][000001F10A6EE0C0 49] Android_Mali_G77_Vulkan, [000001F109668A00][000001F10A6F2240 49] Android_Mali_G78, [000001F1095EAC00][000001F10A6F63C0 49] Android_Mali_G78_Vulkan, [000001F10966B500][000001F10A6FA540 49] Android_Mali_G710, [000001F1095EA400][000001F10A6FE6C0 49] Android_Mali_G710_Vulkan, [000001F10966A600][000001F10A702840 49] Android_Vulkan_SM5, [000001F1095EBB00][000001F10A7069C0 49] Android_PowerVR_G6xxx, [000001F10966B300][000001F10A70AB40 49] Android_PowerVR_GT7xxx, [000001F1095EA300][000001F10A70ECC0 49] Android_PowerVR_GE8xxx, [000001F10966AD00][000001F109F30E40 49] Android_PowerVR_GM9xxx, [000001F1095EBF00][000001F17F846F80 49] Android_PowerVR_GM9xxx_Vulkan, [000001F109669500][000001F109F350C0 49] Android_TegraK1, [000001F1095E8400][000001F109F39200 49] Android_Unknown_Vulkan, [000001F10966AC00][000001F109F3D340 49] Lumin, [000001F1095E8500][000001F109F454C0 49] Lumin_Desktop, [000001F109668D00][000001F109F49640 49] HoloLens, 
[2022.04.25-20.28.18:205][  0]LogMeshReduction: Using QuadricMeshReduction for automatic static mesh reduction
[2022.04.25-20.28.18:205][  0]LogMeshReduction: Using SimplygonMeshReduction for automatic skeletal mesh reduction
[2022.04.25-20.28.18:205][  0]LogMeshReduction: Using ProxyLODMeshReduction for automatic mesh merging
[2022.04.25-20.28.18:205][  0]LogMeshReduction: No distributed automatic mesh merging module available
[2022.04.25-20.28.18:205][  0]LogMeshMerging: No distributed automatic mesh merging module available
[2022.04.25-20.28.18:218][  0]LogNetVersion: Shooter 1.0.0, NetCL: 17155196, EngineNetVer: 17, GameNetVer: 0 (Checksum: 1849318458)
[2022.04.25-20.28.18:523][  0]LogTexture: Default maximum texture size for cubemaps generated from long-lat sources has been changed from 512 to unlimited. In order to preserve old behaiour for '/Engine/MapTemplates/Sky/DaylightAmbientCubemap.DaylightAmbientCubemap', its maximum texture size has been explicitly set to 512.
[2022.04.25-20.28.18:567][  0]LogHMD: PokeAHoleMaterial loaded successfully
[2022.04.25-20.28.18:572][  0]LogUObjectArray: 17178 objects as part of root set at end of initial load.
[2022.04.25-20.28.18:572][  0]LogUObjectAllocator: 4302048 out of 0 bytes used by permanent object pool.
[2022.04.25-20.28.18:572][  0]LogUObjectArray: CloseDisregardForGC: 0/0 objects in disregard for GC pool
[2022.04.25-20.28.18:781][  0]LogNiagaraDebuggerClient: Niagara Debugger Client Initialized | Session: ED05E43A4749973DB2143C935C7AB151 | Instance: 228CD54C4704562689E38EB56210776A (DESKTOP-PATULNA-24160).
[2022.04.25-20.28.18:807][  0]LogPython: Using Python 3.7.7
[2022.04.25-20.28.19:295][  0]LogTcpMessaging: Initializing TcpMessaging bridge
[2022.04.25-20.28.19:299][  0]LogUdpMessaging: Initializing bridge on interface 0.0.0.0:0 to multicast group 230.0.0.1:6666.
[2022.04.25-20.28.19:587][  0]LogOpenImageDenoise: OIDN starting up
[2022.04.25-20.28.19:627][  0]LogAndroidPermission: UAndroidPermissionCallbackProxy::GetInstance
[2022.04.25-20.28.19:647][  0]LogAudioCaptureCore: Display: No Audio Capture implementations found. Audio input will be silent.
[2022.04.25-20.28.19:647][  0]LogAudioCaptureCore: Display: No Audio Capture implementations found. Audio input will be silent.
[2022.04.25-20.28.19:751][  0]SourceControl: Source control is disabled
[2022.04.25-20.28.19:752][  0]SourceControl: Source control is disabled
[2022.04.25-20.28.19:754][  0]SourceControl: Source control is disabled
[2022.04.25-20.28.19:757][  0]SourceControl: Source control is disabled
[2022.04.25-20.28.19:766][  0]SourceControl: Source control is disabled
[2022.04.25-20.28.19:771][  0]LogUProjectInfo: Found projects:
[2022.04.25-20.28.19:782][  0]LogCollectionManager: Loaded 0 collections in 0.000561 seconds
[2022.04.25-20.28.19:801][  0]LogFileCache: Scanning file cache for directory 'E:/DEV Unreal/ShooterGame/ShooterGame/Shooter/Saved/Collections/' took 0.00s
[2022.04.25-20.28.19:801][  0]LogFileCache: Scanning file cache for directory 'E:/DEV Unreal/ShooterGame/ShooterGame/Shooter/Content/Developers/Pablo/Collections/' took 0.00s
[2022.04.25-20.28.19:801][  0]LogFileCache: Scanning file cache for directory 'E:/DEV Unreal/ShooterGame/ShooterGame/Shooter/Content/Collections/' took 0.00s
[2022.04.25-20.28.19:801][  0]LogOcInput: OculusInput pre-init called
[2022.04.25-20.28.19:997][  0]LogEngine: Initializing Engine...
[2022.04.25-20.28.19:999][  0]LogHMD: Failed to enumerate extensions. Please check that you have a valid OpenXR runtime installed.
[2022.04.25-20.28.19:999][  0]LogHMD: Failed to initialize OpenVR with code 110
[2022.04.25-20.28.19:999][  0]LogMagicLeap: Warning: VR disabled because ZI is not enabled.  To enable, in the editor, Edit -> Project Settings -> Plugins -> Magic Leap Plugin -> Enable Zero Iteration
[2022.04.25-20.28.20:000][  0]LogStats: UGameplayTagsManager::InitializeManager -  0.000 s
[2022.04.25-20.28.20:093][  0]LogInit: Initializing FReadOnlyCVARCache
[2022.04.25-20.28.20:099][  0]LogAIModule: Creating AISystem for world Untitled
[2022.04.25-20.28.20:111][  0]LogAudio: Display: Initializing Audio Device Manager...
[2022.04.25-20.28.20:114][  0]LogAudio: Display: Loading Default Audio Settings Objects...
[2022.04.25-20.28.20:115][  0]LogAudio: Display: No default SoundConcurrencyObject specified (or failed to load).
[2022.04.25-20.28.20:115][  0]LogAudio: Display: Audio Device Manager Initialized
[2022.04.25-20.28.20:115][  0]LogAudio: Display: Creating Audio Device:                 Id: 1, Scope: Shared, Realtime: True
[2022.04.25-20.28.20:115][  0]LogAudioMixer: Display: Audio Mixer Platform Settings:
[2022.04.25-20.28.20:115][  0]LogAudioMixer: Display: 	Sample Rate:						  48000
[2022.04.25-20.28.20:115][  0]LogAudioMixer: Display: 	Callback Buffer Frame Size Requested: 1024
[2022.04.25-20.28.20:115][  0]LogAudioMixer: Display: 	Callback Buffer Frame Size To Use:	  1024
[2022.04.25-20.28.20:115][  0]LogAudioMixer: Display: 	Number of buffers to queue:			  2
[2022.04.25-20.28.20:115][  0]LogAudioMixer: Display: 	Max Channels (voices):				  32
[2022.04.25-20.28.20:115][  0]LogAudioMixer: Display: 	Number of Async Source Workers:		  0
[2022.04.25-20.28.20:115][  0]LogAudio: Display: AudioDevice MaxSources: 32
[2022.04.25-20.28.20:115][  0]LogAudio: Display: Audio Spatialization Plugin: None (built-in).
[2022.04.25-20.28.20:115][  0]LogAudio: Display: Audio Reverb Plugin: None (built-in).
[2022.04.25-20.28.20:116][  0]LogAudio: Display: Audio Occlusion Plugin: None (built-in).
[2022.04.25-20.28.20:116][  0]LogAudioMixer: Display: Initializing audio mixer.
[2022.04.25-20.28.20:127][  0]LogAudioMixer: Display: 0: FrontLeft
[2022.04.25-20.28.20:127][  0]LogAudioMixer: Display: 1: FrontRight
[2022.04.25-20.28.20:142][  0]LogAudioMixer: Display: Using Audio Device Altavoces (Realtek High Definition Audio)
[2022.04.25-20.28.20:142][  0]LogAudioMixer: Display: Initializing Sound Submixes...
[2022.04.25-20.28.20:144][  0]LogAudioMixer: Display: Creating Master Submix 'MasterSubmixDefault'
[2022.04.25-20.28.20:144][  0]LogAudioMixer: Display: Creating Master Submix 'MasterReverbSubmixDefault'
[2022.04.25-20.28.20:144][  0]LogAudioMixer: Display: Creating Master Submix 'MasterEQSubmixDefault'
[2022.04.25-20.28.20:145][  0]LogAudioMixer: FMixerPlatformXAudio2::StartAudioStream() called
[2022.04.25-20.28.20:145][  0]LogAudioMixer: Display: Output buffers initialized: Frames=1024, Channels=2, Samples=2048
[2022.04.25-20.28.20:145][  0]LogAudioMixer: Display: Starting AudioMixerPlatformInterface::RunInternal()
[2022.04.25-20.28.20:145][  0]LogAudioMixer: Display: FMixerPlatformXAudio2::SubmitBuffer() called for the first time
[2022.04.25-20.28.20:146][  0]LogInit: FAudioDevice initialized.
[2022.04.25-20.28.20:146][  0]LogAudio: Display: Audio Device (ID: 1) registered with world 'Untitled'.
[2022.04.25-20.28.20:146][  0]LogNetVersion: Set ProjectVersion to 1.0.0.0. Version Checksum will be recalculated on next use.
[2022.04.25-20.28.20:218][  0]LogDerivedDataCache: Saved boot cache 0.07s 94MB C:/Users/Pablo/AppData/Local/UnrealEngine/4.27/DerivedDataCache/Boot.ddc.
[2022.04.25-20.28.20:220][  0]LogInit: Texture streaming: Enabled
[2022.04.25-20.28.20:230][  0]LogAnalytics: Display: [UEEditor.Rocket.Release] APIServer = https://datarouter.ol.epicgames.com/. AppVersion = 4.27.2-18319896+++UE4+Release-4.27
[2022.04.25-20.28.20:237][  0]LogEngineSessionManager: EngineSessionManager initialized
[2022.04.25-20.28.20:237][  0]LogEngineSessionManager: EngineSessionManager sent abnormal shutdown report. Type=AbnormalShutdown, SessionId={1AB88BE6-498C-2BFB-DC06-C1B01E5687B2}
[2022.04.25-20.28.20:237][  0]LogEditorSessionSummary: Verbose: Initializing EditorSessionSummaryWriter for editor session tracking
[2022.04.25-20.28.20:248][  0]LogEditorSessionSummary: EditorSessionSummaryWriter initialized
[2022.04.25-20.28.20:268][  0]LogInit: Transaction tracking system initialized
[2022.04.25-20.28.20:285][  0]BlueprintLog: New page: Editor Load
[2022.04.25-20.28.20:331][  0]LocalizationService: Localization service is disabled
[2022.04.25-20.28.20:349][  0]TimingProfiler: Initialize
[2022.04.25-20.28.20:349][  0]TimingProfiler: OnSessionChanged
[2022.04.25-20.28.20:349][  0]LoadingProfiler: Initialize
[2022.04.25-20.28.20:349][  0]LoadingProfiler: OnSessionChanged
[2022.04.25-20.28.20:349][  0]NetworkingProfiler: Initialize
[2022.04.25-20.28.20:349][  0]NetworkingProfiler: OnSessionChanged
[2022.04.25-20.28.20:349][  0]MemoryProfiler: Initialize
[2022.04.25-20.28.20:349][  0]MemoryProfiler: OnSessionChanged
[2022.04.25-20.28.20:450][  0]LogCook: Display: CookSettings for Memory: MemoryMaxUsedVirtual 0MiB, MemoryMaxUsedPhysical 16384MiB, MemoryMinFreeVirtual 0MiB, MemoryMinFreePhysical 1024MiB
[2022.04.25-20.28.20:450][  0]LogCook: Display: Mobile HDR setting 1
[2022.04.25-20.28.20:597][  0]LogFileCache: Scanning file cache for directory 'E:/DEV Unreal/ShooterGame/ShooterGame/Shooter/Content/' took 0.00s
[2022.04.25-20.28.20:752][  0]LogInit: Display: Engine is initialized. Leaving FEngineLoop::Init()
[2022.04.25-20.28.20:760][  0]SourceControl: Source control is disabled
[2022.04.25-20.28.20:760][  0]LogUnrealEdMisc: Loading editor; pre map load, took 5.460
[2022.04.25-20.28.20:760][  0]Cmd: MAP LOAD FILE="../../../../../DEV Unreal/ShooterGame/ShooterGame/Shooter/Content/_Game/Maps/DefaultMap.umap" TEMPLATE=0 SHOWPROGRESS=1 FEATURELEVEL=3
[2022.04.25-20.28.20:761][  0]LightingResults: New page: Lighting Build
[2022.04.25-20.28.20:762][  0]LogWorld: UWorld::CleanupWorld for Untitled, bSessionEnded=true, bCleanupResources=true
[2022.04.25-20.28.20:762][  0]LogSlate: InvalidateAllWidgets triggered.  All widgets were invalidated
[2022.04.25-20.28.20:762][  0]MapCheck: New page: Map Check
[2022.04.25-20.28.20:762][  0]LightingResults: New page: Lighting Build
[2022.04.25-20.28.20:766][  0]LogAudio: Display: Audio Device unregistered from world 'None'.
[2022.04.25-20.28.20:769][  0]LogUObjectHash: Compacting FUObjectHashTables data took   0.70ms
[2022.04.25-20.28.20:818][  0]LogAudio: Display: Audio Device (ID: 1) registered with world 'DefaultMap'.
[2022.04.25-20.28.20:819][  0]LogAIModule: Creating AISystem for world DefaultMap
[2022.04.25-20.28.20:822][  0]LogEditorServer: Finished looking for orphan Actors (0.000 secs)
[2022.04.25-20.28.20:828][  0]LogUObjectHash: Compacting FUObjectHashTables data took   0.65ms
[2022.04.25-20.28.20:828][  0]Cmd: MAP CHECKDEP NOCLEARLOG
[2022.04.25-20.28.20:828][  0]MapCheck: Map check complete: 0 Error(s), 0 Warning(s), took 0.078ms to complete.
[2022.04.25-20.28.20:828][  0]LogFileHelpers: Loading map 'DefaultMap' took 0.068
[2022.04.25-20.28.20:830][  0]LogUnrealEdMisc: Total Editor Startup Time, took 5.530
[2022.04.25-20.28.20:970][  0]LogSlate: Updating window title bar state: overlay mode, drag disabled, window buttons hidden, title bar hidden
[2022.04.25-20.28.20:977][  0]LogSlate: Updating window title bar state: overlay mode, drag disabled, window buttons hidden, title bar hidden
[2022.04.25-20.28.20:983][  0]LogSlate: Updating window title bar state: overlay mode, drag disabled, window buttons hidden, title bar hidden
[2022.04.25-20.28.20:988][  0]LogSlate: Updating window title bar state: overlay mode, drag disabled, window buttons hidden, title bar hidden
[2022.04.25-20.28.21:004][  0]LogNativeClassHierarchy: Verbose: Native class hierarchy populated in 0.0076 seconds. Added 3824 classes and 930 folders.
[2022.04.25-20.28.21:005][  0]LogNativeClassHierarchy: Verbose: Native class hierarchy updated for 'WidgetCarousel' in 0.0002 seconds. Added 0 classes and 0 folders.
[2022.04.25-20.28.21:006][  0]LogPakFile: PakFile PrimaryIndexSize=187
[2022.04.25-20.28.21:006][  0]LogPakFile: PakFile PathHashIndexSize=101
[2022.04.25-20.28.21:006][  0]LogPakFile: PakFile FullDirectoryIndexSize=148
[2022.04.25-20.28.21:006][  0]LogShaderLibrary: Display: ShaderCodeLibraryPakFileMountedCallback: PakFile 'E:/Unreal/UE_4.27/FeaturePacks/FP_FirstPerson.upack' (chunk index -1, root 'root:/') mounted
[2022.04.25-20.28.21:006][  0]LogShaderLibrary: Display: ShaderCodeLibraryPakFileMountedCallback: pending pak file info (ChunkID:-1 Root:root:/ File:E:/Unreal/UE_4.27/FeaturePacks/FP_FirstPerson.upack)
[2022.04.25-20.28.21:007][  0]LogPakFile: OnPakFileMounted2Time == 0.000061
[2022.04.25-20.28.21:007][  0]LogPakFile: PakFile PrimaryIndexSize=189
[2022.04.25-20.28.21:007][  0]LogPakFile: PakFile PathHashIndexSize=101
[2022.04.25-20.28.21:007][  0]LogPakFile: PakFile FullDirectoryIndexSize=152
[2022.04.25-20.28.21:007][  0]LogShaderLibrary: Display: ShaderCodeLibraryPakFileMountedCallback: PakFile 'E:/Unreal/UE_4.27/FeaturePacks/FP_FirstPersonBP.upack' (chunk index -1, root 'root:/') mounted
[2022.04.25-20.28.21:007][  0]LogShaderLibrary: Display: ShaderCodeLibraryPakFileMountedCallback: pending pak file info (ChunkID:-1 Root:root:/ File:E:/Unreal/UE_4.27/FeaturePacks/FP_FirstPersonBP.upack)
[2022.04.25-20.28.21:008][  0]LogPakFile: OnPakFileMounted2Time == 0.000044
[2022.04.25-20.28.21:008][  0]LogPakFile: PakFile PrimaryIndexSize=191
[2022.04.25-20.28.21:008][  0]LogPakFile: PakFile PathHashIndexSize=101
[2022.04.25-20.28.21:008][  0]LogPakFile: PakFile FullDirectoryIndexSize=160
[2022.04.25-20.28.21:008][  0]LogShaderLibrary: Display: ShaderCodeLibraryPakFileMountedCallback: PakFile 'E:/Unreal/UE_4.27/FeaturePacks/MobileStarterContent.upack' (chunk index -1, root 'root:/') mounted
[2022.04.25-20.28.21:008][  0]LogShaderLibrary: Display: ShaderCodeLibraryPakFileMountedCallback: pending pak file info (ChunkID:-1 Root:root:/ File:E:/Unreal/UE_4.27/FeaturePacks/MobileStarterContent.upack)
[2022.04.25-20.28.21:008][  0]LogPakFile: OnPakFileMounted2Time == 0.000039
[2022.04.25-20.28.21:008][  0]LogPakFile: PakFile PrimaryIndexSize=185
[2022.04.25-20.28.21:009][  0]LogPakFile: PakFile PathHashIndexSize=101
[2022.04.25-20.28.21:009][  0]LogPakFile: PakFile FullDirectoryIndexSize=148
[2022.04.25-20.28.21:009][  0]LogShaderLibrary: Display: ShaderCodeLibraryPakFileMountedCallback: PakFile 'E:/Unreal/UE_4.27/FeaturePacks/StarterContent.upack' (chunk index -1, root 'root:/') mounted
[2022.04.25-20.28.21:009][  0]LogShaderLibrary: Display: ShaderCodeLibraryPakFileMountedCallback: pending pak file info (ChunkID:-1 Root:root:/ File:E:/Unreal/UE_4.27/FeaturePacks/StarterContent.upack)
[2022.04.25-20.28.21:009][  0]LogPakFile: OnPakFileMounted2Time == 0.000054
[2022.04.25-20.28.21:009][  0]LogPakFile: PakFile PrimaryIndexSize=190
[2022.04.25-20.28.21:009][  0]LogPakFile: PakFile PathHashIndexSize=101
[2022.04.25-20.28.21:009][  0]LogPakFile: PakFile FullDirectoryIndexSize=154
[2022.04.25-20.28.21:009][  0]LogShaderLibrary: Display: ShaderCodeLibraryPakFileMountedCallback: PakFile 'E:/Unreal/UE_4.27/FeaturePacks/TP_2DSideScroller.upack' (chunk index -1, root 'root:/') mounted
[2022.04.25-20.28.21:009][  0]LogShaderLibrary: Display: ShaderCodeLibraryPakFileMountedCallback: pending pak file info (ChunkID:-1 Root:root:/ File:E:/Unreal/UE_4.27/FeaturePacks/TP_2DSideScroller.upack)
[2022.04.25-20.28.21:009][  0]LogPakFile: OnPakFileMounted2Time == 0.000040
[2022.04.25-20.28.21:010][  0]LogPakFile: PakFile PrimaryIndexSize=192
[2022.04.25-20.28.21:010][  0]LogPakFile: PakFile PathHashIndexSize=101
[2022.04.25-20.28.21:010][  0]LogPakFile: PakFile FullDirectoryIndexSize=158
[2022.04.25-20.28.21:010][  0]LogShaderLibrary: Display: ShaderCodeLibraryPakFileMountedCallback: PakFile 'E:/Unreal/UE_4.27/FeaturePacks/TP_2DSideScrollerBP.upack' (chunk index -1, root 'root:/') mounted
[2022.04.25-20.28.21:010][  0]LogShaderLibrary: Display: ShaderCodeLibraryPakFileMountedCallback: pending pak file info (ChunkID:-1 Root:root:/ File:E:/Unreal/UE_4.27/FeaturePacks/TP_2DSideScrollerBP.upack)
[2022.04.25-20.28.21:010][  0]LogPakFile: OnPakFileMounted2Time == 0.000039
[2022.04.25-20.28.21:010][  0]LogPakFile: PakFile PrimaryIndexSize=182
[2022.04.25-20.28.21:010][  0]LogPakFile: PakFile PathHashIndexSize=101
[2022.04.25-20.28.21:010][  0]LogPakFile: PakFile FullDirectoryIndexSize=138
[2022.04.25-20.28.21:010][  0]LogShaderLibrary: Display: ShaderCodeLibraryPakFileMountedCallback: PakFile 'E:/Unreal/UE_4.27/FeaturePacks/TP_Flying.upack' (chunk index -1, root 'root:/') mounted
[2022.04.25-20.28.21:010][  0]LogShaderLibrary: Display: ShaderCodeLibraryPakFileMountedCallback: pending pak file info (ChunkID:-1 Root:root:/ File:E:/Unreal/UE_4.27/FeaturePacks/TP_Flying.upack)
[2022.04.25-20.28.21:010][  0]LogPakFile: OnPakFileMounted2Time == 0.000044
[2022.04.25-20.28.21:011][  0]LogPakFile: PakFile PrimaryIndexSize=184
[2022.04.25-20.28.21:011][  0]LogPakFile: PakFile PathHashIndexSize=101
[2022.04.25-20.28.21:011][  0]LogPakFile: PakFile FullDirectoryIndexSize=142
[2022.04.25-20.28.21:011][  0]LogShaderLibrary: Display: ShaderCodeLibraryPakFileMountedCallback: PakFile 'E:/Unreal/UE_4.27/FeaturePacks/TP_FlyingBP.upack' (chunk index -1, root 'root:/') mounted
[2022.04.25-20.28.21:011][  0]LogShaderLibrary: Display: ShaderCodeLibraryPakFileMountedCallback: pending pak file info (ChunkID:-1 Root:root:/ File:E:/Unreal/UE_4.27/FeaturePacks/TP_FlyingBP.upack)
[2022.04.25-20.28.21:011][  0]LogPakFile: OnPakFileMounted2Time == 0.000039
[2022.04.25-20.28.21:011][  0]LogPakFile: PakFile PrimaryIndexSize=188
[2022.04.25-20.28.21:011][  0]LogPakFile: PakFile PathHashIndexSize=101
[2022.04.25-20.28.21:011][  0]LogPakFile: PakFile FullDirectoryIndexSize=150
[2022.04.25-20.28.21:011][  0]LogShaderLibrary: Display: ShaderCodeLibraryPakFileMountedCallback: PakFile 'E:/Unreal/UE_4.27/FeaturePacks/TP_HandheldARBP.upack' (chunk index -1, root 'root:/') mounted
[2022.04.25-20.28.21:011][  0]LogShaderLibrary: Display: ShaderCodeLibraryPakFileMountedCallback: pending pak file info (ChunkID:-1 Root:root:/ File:E:/Unreal/UE_4.27/FeaturePacks/TP_HandheldARBP.upack)
[2022.04.25-20.28.21:011][  0]LogPakFile: OnPakFileMounted2Time == 0.000066
[2022.04.25-20.28.21:012][  0]LogPakFile: PakFile PrimaryIndexSize=182
[2022.04.25-20.28.21:012][  0]LogPakFile: PakFile PathHashIndexSize=101
[2022.04.25-20.28.21:012][  0]LogPakFile: PakFile FullDirectoryIndexSize=138
[2022.04.25-20.28.21:012][  0]LogShaderLibrary: Display: ShaderCodeLibraryPakFileMountedCallback: PakFile 'E:/Unreal/UE_4.27/FeaturePacks/TP_Puzzle.upack' (chunk index -1, root 'root:/') mounted
[2022.04.25-20.28.21:012][  0]LogShaderLibrary: Display: ShaderCodeLibraryPakFileMountedCallback: pending pak file info (ChunkID:-1 Root:root:/ File:E:/Unreal/UE_4.27/FeaturePacks/TP_Puzzle.upack)
[2022.04.25-20.28.21:012][  0]LogPakFile: OnPakFileMounted2Time == 0.000039
[2022.04.25-20.28.21:012][  0]LogPakFile: PakFile PrimaryIndexSize=184
[2022.04.25-20.28.21:012][  0]LogPakFile: PakFile PathHashIndexSize=101
[2022.04.25-20.28.21:013][  0]LogPakFile: PakFile FullDirectoryIndexSize=142
[2022.04.25-20.28.21:013][  0]LogShaderLibrary: Display: ShaderCodeLibraryPakFileMountedCallback: PakFile 'E:/Unreal/UE_4.27/FeaturePacks/TP_PuzzleBP.upack' (chunk index -1, root 'root:/') mounted
[2022.04.25-20.28.21:013][  0]LogShaderLibrary: Display: ShaderCodeLibraryPakFileMountedCallback: pending pak file info (ChunkID:-1 Root:root:/ File:E:/Unreal/UE_4.27/FeaturePacks/TP_PuzzleBP.upack)
[2022.04.25-20.28.21:013][  0]LogPakFile: OnPakFileMounted2Time == 0.000055
[2022.04.25-20.28.21:013][  0]LogPakFile: PakFile PrimaryIndexSize=183
[2022.04.25-20.28.21:013][  0]LogPakFile: PakFile PathHashIndexSize=101
[2022.04.25-20.28.21:013][  0]LogPakFile: PakFile FullDirectoryIndexSize=140
[2022.04.25-20.28.21:013][  0]LogShaderLibrary: Display: ShaderCodeLibraryPakFileMountedCallback: PakFile 'E:/Unreal/UE_4.27/FeaturePacks/TP_Rolling.upack' (chunk index -1, root 'root:/') mounted
[2022.04.25-20.28.21:013][  0]LogShaderLibrary: Display: ShaderCodeLibraryPakFileMountedCallback: pending pak file info (ChunkID:-1 Root:root:/ File:E:/Unreal/UE_4.27/FeaturePacks/TP_Rolling.upack)
[2022.04.25-20.28.21:013][  0]LogPakFile: OnPakFileMounted2Time == 0.000043
[2022.04.25-20.28.21:014][  0]LogPakFile: PakFile PrimaryIndexSize=185
[2022.04.25-20.28.21:014][  0]LogPakFile: PakFile PathHashIndexSize=101
[2022.04.25-20.28.21:014][  0]LogPakFile: PakFile FullDirectoryIndexSize=144
[2022.04.25-20.28.21:014][  0]LogShaderLibrary: Display: ShaderCodeLibraryPakFileMountedCallback: PakFile 'E:/Unreal/UE_4.27/FeaturePacks/TP_RollingBP.upack' (chunk index -1, root 'root:/') mounted
[2022.04.25-20.28.21:014][  0]LogShaderLibrary: Display: ShaderCodeLibraryPakFileMountedCallback: pending pak file info (ChunkID:-1 Root:root:/ File:E:/Unreal/UE_4.27/FeaturePacks/TP_RollingBP.upack)
[2022.04.25-20.28.21:014][  0]LogPakFile: OnPakFileMounted2Time == 0.000041
[2022.04.25-20.28.21:014][  0]LogPakFile: PakFile PrimaryIndexSize=188
[2022.04.25-20.28.21:014][  0]LogPakFile: PakFile PathHashIndexSize=101
[2022.04.25-20.28.21:014][  0]LogPakFile: PakFile FullDirectoryIndexSize=150
[2022.04.25-20.28.21:014][  0]LogShaderLibrary: Display: ShaderCodeLibraryPakFileMountedCallback: PakFile 'E:/Unreal/UE_4.27/FeaturePacks/TP_SideScroller.upack' (chunk index -1, root 'root:/') mounted
[2022.04.25-20.28.21:014][  0]LogShaderLibrary: Display: ShaderCodeLibraryPakFileMountedCallback: pending pak file info (ChunkID:-1 Root:root:/ File:E:/Unreal/UE_4.27/FeaturePacks/TP_SideScroller.upack)
[2022.04.25-20.28.21:014][  0]LogPakFile: OnPakFileMounted2Time == 0.000053
[2022.04.25-20.28.21:015][  0]LogPakFile: PakFile PrimaryIndexSize=190
[2022.04.25-20.28.21:015][  0]LogPakFile: PakFile PathHashIndexSize=101
[2022.04.25-20.28.21:015][  0]LogPakFile: PakFile FullDirectoryIndexSize=154
[2022.04.25-20.28.21:015][  0]LogShaderLibrary: Display: ShaderCodeLibraryPakFileMountedCallback: PakFile 'E:/Unreal/UE_4.27/FeaturePacks/TP_SideScrollerBP.upack' (chunk index -1, root 'root:/') mounted
[2022.04.25-20.28.21:015][  0]LogShaderLibrary: Display: ShaderCodeLibraryPakFileMountedCallback: pending pak file info (ChunkID:-1 Root:root:/ File:E:/Unreal/UE_4.27/FeaturePacks/TP_SideScrollerBP.upack)
[2022.04.25-20.28.21:015][  0]LogPakFile: OnPakFileMounted2Time == 0.000053
[2022.04.25-20.28.21:015][  0]LogPakFile: PakFile PrimaryIndexSize=187
[2022.04.25-20.28.21:015][  0]LogPakFile: PakFile PathHashIndexSize=101
[2022.04.25-20.28.21:015][  0]LogPakFile: PakFile FullDirectoryIndexSize=148
[2022.04.25-20.28.21:015][  0]LogShaderLibrary: Display: ShaderCodeLibraryPakFileMountedCallback: PakFile 'E:/Unreal/UE_4.27/FeaturePacks/TP_ThirdPerson.upack' (chunk index -1, root 'root:/') mounted
[2022.04.25-20.28.21:015][  0]LogShaderLibrary: Display: ShaderCodeLibraryPakFileMountedCallback: pending pak file info (ChunkID:-1 Root:root:/ File:E:/Unreal/UE_4.27/FeaturePacks/TP_ThirdPerson.upack)
[2022.04.25-20.28.21:015][  0]LogPakFile: OnPakFileMounted2Time == 0.000039
[2022.04.25-20.28.21:016][  0]LogPakFile: PakFile PrimaryIndexSize=189
[2022.04.25-20.28.21:016][  0]LogPakFile: PakFile PathHashIndexSize=101
[2022.04.25-20.28.21:016][  0]LogPakFile: PakFile FullDirectoryIndexSize=152
[2022.04.25-20.28.21:016][  0]LogShaderLibrary: Display: ShaderCodeLibraryPakFileMountedCallback: PakFile 'E:/Unreal/UE_4.27/FeaturePacks/TP_ThirdPersonBP.upack' (chunk index -1, root 'root:/') mounted
[2022.04.25-20.28.21:016][  0]LogShaderLibrary: Display: ShaderCodeLibraryPakFileMountedCallback: pending pak file info (ChunkID:-1 Root:root:/ File:E:/Unreal/UE_4.27/FeaturePacks/TP_ThirdPersonBP.upack)
[2022.04.25-20.28.21:016][  0]LogPakFile: OnPakFileMounted2Time == 0.000039
[2022.04.25-20.28.21:016][  0]LogPakFile: PakFile PrimaryIndexSize=183
[2022.04.25-20.28.21:016][  0]LogPakFile: PakFile PathHashIndexSize=101
[2022.04.25-20.28.21:016][  0]LogPakFile: PakFile FullDirectoryIndexSize=140
[2022.04.25-20.28.21:016][  0]LogShaderLibrary: Display: ShaderCodeLibraryPakFileMountedCallback: PakFile 'E:/Unreal/UE_4.27/FeaturePacks/TP_TopDown.upack' (chunk index -1, root 'root:/') mounted
[2022.04.25-20.28.21:017][  0]LogShaderLibrary: Display: ShaderCodeLibraryPakFileMountedCallback: pending pak file info (ChunkID:-1 Root:root:/ File:E:/Unreal/UE_4.27/FeaturePacks/TP_TopDown.upack)
[2022.04.25-20.28.21:017][  0]LogPakFile: OnPakFileMounted2Time == 0.000050
[2022.04.25-20.28.21:017][  0]LogPakFile: PakFile PrimaryIndexSize=185
[2022.04.25-20.28.21:017][  0]LogPakFile: PakFile PathHashIndexSize=101
[2022.04.25-20.28.21:017][  0]LogPakFile: PakFile FullDirectoryIndexSize=144
[2022.04.25-20.28.21:017][  0]LogShaderLibrary: Display: ShaderCodeLibraryPakFileMountedCallback: PakFile 'E:/Unreal/UE_4.27/FeaturePacks/TP_TopDownBP.upack' (chunk index -1, root 'root:/') mounted
[2022.04.25-20.28.21:017][  0]LogShaderLibrary: Display: ShaderCodeLibraryPakFileMountedCallback: pending pak file info (ChunkID:-1 Root:root:/ File:E:/Unreal/UE_4.27/FeaturePacks/TP_TopDownBP.upack)
[2022.04.25-20.28.21:017][  0]LogPakFile: OnPakFileMounted2Time == 0.000090
[2022.04.25-20.28.21:018][  0]LogPakFile: PakFile PrimaryIndexSize=185
[2022.04.25-20.28.21:018][  0]LogPakFile: PakFile PathHashIndexSize=101
[2022.04.25-20.28.21:018][  0]LogPakFile: PakFile FullDirectoryIndexSize=144
[2022.04.25-20.28.21:018][  0]LogShaderLibrary: Display: ShaderCodeLibraryPakFileMountedCallback: PakFile 'E:/Unreal/UE_4.27/FeaturePacks/TP_TwinStick.upack' (chunk index -1, root 'root:/') mounted
[2022.04.25-20.28.21:018][  0]LogShaderLibrary: Display: ShaderCodeLibraryPakFileMountedCallback: pending pak file info (ChunkID:-1 Root:root:/ File:E:/Unreal/UE_4.27/FeaturePacks/TP_TwinStick.upack)
[2022.04.25-20.28.21:018][  0]LogPakFile: OnPakFileMounted2Time == 0.000075
[2022.04.25-20.28.21:018][  0]LogPakFile: PakFile PrimaryIndexSize=187
[2022.04.25-20.28.21:018][  0]LogPakFile: PakFile PathHashIndexSize=101
[2022.04.25-20.28.21:018][  0]LogPakFile: PakFile FullDirectoryIndexSize=148
[2022.04.25-20.28.21:018][  0]LogShaderLibrary: Display: ShaderCodeLibraryPakFileMountedCallback: PakFile 'E:/Unreal/UE_4.27/FeaturePacks/TP_TwinStickBP.upack' (chunk index -1, root 'root:/') mounted
[2022.04.25-20.28.21:018][  0]LogShaderLibrary: Display: ShaderCodeLibraryPakFileMountedCallback: pending pak file info (ChunkID:-1 Root:root:/ File:E:/Unreal/UE_4.27/FeaturePacks/TP_TwinStickBP.upack)
[2022.04.25-20.28.21:018][  0]LogPakFile: OnPakFileMounted2Time == 0.000041
[2022.04.25-20.28.21:019][  0]LogPakFile: PakFile PrimaryIndexSize=183
[2022.04.25-20.28.21:019][  0]LogPakFile: PakFile PathHashIndexSize=101
[2022.04.25-20.28.21:019][  0]LogPakFile: PakFile FullDirectoryIndexSize=140
[2022.04.25-20.28.21:019][  0]LogShaderLibrary: Display: ShaderCodeLibraryPakFileMountedCallback: PakFile 'E:/Unreal/UE_4.27/FeaturePacks/TP_Vehicle.upack' (chunk index -1, root 'root:/') mounted
[2022.04.25-20.28.21:019][  0]LogShaderLibrary: Display: ShaderCodeLibraryPakFileMountedCallback: pending pak file info (ChunkID:-1 Root:root:/ File:E:/Unreal/UE_4.27/FeaturePacks/TP_Vehicle.upack)
[2022.04.25-20.28.21:019][  0]LogPakFile: OnPakFileMounted2Time == 0.000041
[2022.04.25-20.28.21:019][  0]LogPakFile: PakFile PrimaryIndexSize=186
[2022.04.25-20.28.21:019][  0]LogPakFile: PakFile PathHashIndexSize=101
[2022.04.25-20.28.21:019][  0]LogPakFile: PakFile FullDirectoryIndexSize=146
[2022.04.25-20.28.21:019][  0]LogShaderLibrary: Display: ShaderCodeLibraryPakFileMountedCallback: PakFile 'E:/Unreal/UE_4.27/FeaturePacks/TP_VehicleAdv.upack' (chunk index -1, root 'root:/') mounted
[2022.04.25-20.28.21:019][  0]LogShaderLibrary: Display: ShaderCodeLibraryPakFileMountedCallback: pending pak file info (ChunkID:-1 Root:root:/ File:E:/Unreal/UE_4.27/FeaturePacks/TP_VehicleAdv.upack)
[2022.04.25-20.28.21:019][  0]LogPakFile: OnPakFileMounted2Time == 0.000041
[2022.04.25-20.28.21:020][  0]LogPakFile: PakFile PrimaryIndexSize=188
[2022.04.25-20.28.21:020][  0]LogPakFile: PakFile PathHashIndexSize=101
[2022.04.25-20.28.21:020][  0]LogPakFile: PakFile FullDirectoryIndexSize=150
[2022.04.25-20.28.21:020][  0]LogShaderLibrary: Display: ShaderCodeLibraryPakFileMountedCallback: PakFile 'E:/Unreal/UE_4.27/FeaturePacks/TP_VehicleAdvBP.upack' (chunk index -1, root 'root:/') mounted
[2022.04.25-20.28.21:020][  0]LogShaderLibrary: Display: ShaderCodeLibraryPakFileMountedCallback: pending pak file info (ChunkID:-1 Root:root:/ File:E:/Unreal/UE_4.27/FeaturePacks/TP_VehicleAdvBP.upack)
[2022.04.25-20.28.21:020][  0]LogPakFile: OnPakFileMounted2Time == 0.000056
[2022.04.25-20.28.21:021][  0]LogPakFile: PakFile PrimaryIndexSize=185
[2022.04.25-20.28.21:021][  0]LogPakFile: PakFile PathHashIndexSize=101
[2022.04.25-20.28.21:021][  0]LogPakFile: PakFile FullDirectoryIndexSize=144
[2022.04.25-20.28.21:021][  0]LogShaderLibrary: Display: ShaderCodeLibraryPakFileMountedCallback: PakFile 'E:/Unreal/UE_4.27/FeaturePacks/TP_VehicleBP.upack' (chunk index -1, root 'root:/') mounted
[2022.04.25-20.28.21:021][  0]LogShaderLibrary: Display: ShaderCodeLibraryPakFileMountedCallback: pending pak file info (ChunkID:-1 Root:root:/ File:E:/Unreal/UE_4.27/FeaturePacks/TP_VehicleBP.upack)
[2022.04.25-20.28.21:021][  0]LogPakFile: OnPakFileMounted2Time == 0.000078
[2022.04.25-20.28.21:022][  0]LogPakFile: PakFile PrimaryIndexSize=192
[2022.04.25-20.28.21:022][  0]LogPakFile: PakFile PathHashIndexSize=101
[2022.04.25-20.28.21:022][  0]LogPakFile: PakFile FullDirectoryIndexSize=158
[2022.04.25-20.28.21:022][  0]LogShaderLibrary: Display: ShaderCodeLibraryPakFileMountedCallback: PakFile 'E:/Unreal/UE_4.27/FeaturePacks/TP_VirtualRealityBP.upack' (chunk index -1, root 'root:/') mounted
[2022.04.25-20.28.21:022][  0]LogShaderLibrary: Display: ShaderCodeLibraryPakFileMountedCallback: pending pak file info (ChunkID:-1 Root:root:/ File:E:/Unreal/UE_4.27/FeaturePacks/TP_VirtualRealityBP.upack)
[2022.04.25-20.28.21:022][  0]LogPakFile: OnPakFileMounted2Time == 0.000043
[2022.04.25-20.28.21:055][  0]LogNativeClassHierarchy: Verbose: Native class hierarchy updated for 'AddContentDialog' in 0.0002 seconds. Added 0 classes and 0 folders.
[2022.04.25-20.28.21:059][  0]LogNativeClassHierarchy: Verbose: Native class hierarchy updated for 'SceneOutliner' in 0.0002 seconds. Added 2 classes and 0 folders.
[2022.04.25-20.28.21:356][  0]LogSlate: Only BGRA pngs, bmps or icos are supported in by External Image Picker
[2022.04.25-20.28.21:437][  0]LogSlate: Took 0.000158 seconds to synchronously load lazily loaded font '../../../Engine/Content/Slate/Fonts/Roboto-Regular.ttf' (155K)
[2022.04.25-20.28.21:439][  0]LogSlate: Took 0.000121 seconds to synchronously load lazily loaded font '../../../Engine/Content/Editor/Slate/Fonts/FontAwesome.ttf' (139K)
[2022.04.25-20.28.21:439][  0]LogSlate: Took 0.000104 seconds to synchronously load lazily loaded font '../../../Engine/Content/Slate/Fonts/Roboto-Bold.ttf' (160K)
[2022.04.25-20.28.21:443][  0]LogSlate: Took 0.000124 seconds to synchronously load lazily loaded font '../../../Engine/Content/Slate/Fonts/DroidSansMono.ttf' (77K)
[2022.04.25-20.28.21:561][  0]LogRenderer: Reallocating scene render targets to support 1124x524 Format 10 NumSamples 1 (Frame:1).
[2022.04.25-20.28.21:634][  0]LogNativeClassHierarchy: Verbose: Native class hierarchy updated for 'HierarchicalLODOutliner' in 0.0002 seconds. Added 0 classes and 0 folders.
[2022.04.25-20.28.21:635][  0]LogLoad: (Engine Initialization) Total time: 6.33 seconds
[2022.04.25-20.28.21:635][  0]LogLoad: (Engine Initialization) Total Blueprint compile time: 0.00 seconds
[2022.04.25-20.28.21:646][  0]LogSlate: New Slate User Created.  User Index 1, Is Virtual User: 0
[2022.04.25-20.28.21:646][  0]LogSlate: Slate User Registered.  User Index 1, Is Virtual User: 0
[2022.04.25-20.28.21:687][  0]LogAssetRegistry: Asset discovery search completed in 3.7673 seconds
[2022.04.25-20.28.21:691][  0]LogCollectionManager: Fixed up redirectors for 0 collections in 0.000003 seconds (updated 0 objects)
[2022.04.25-20.28.21:693][  0]LogContentStreaming: Texture pool size now 1000 MB
[2022.04.25-20.28.22:733][111]LogTemp: Repeating last play command: Selected Viewport
[2022.04.25-20.28.22:740][111]LogPlayLevel: PlayLevel: No blueprints needed recompiling
[2022.04.25-20.28.22:741][111]PIE: New page: PIE session: DefaultMap (Apr 25, 2022, 2:28:22 PM)
[2022.04.25-20.28.22:742][111]LogOnline: OSS: Creating online subsystem instance for: NULL
[2022.04.25-20.28.22:743][111]LogOnline: OSS: TryLoadSubsystemAndSetDefault: Loaded subsystem for module [NULL]
[2022.04.25-20.28.22:743][111]LogPlayLevel: Creating play world package: /Game/_Game/Maps/UEDPIE_0_DefaultMap
[2022.04.25-20.28.22:745][111]LogPlayLevel: PIE: StaticDuplicateObject took: (0.001728s)
[2022.04.25-20.28.22:746][111]LogAIModule: Creating AISystem for world DefaultMap
[2022.04.25-20.28.22:746][111]LogPlayLevel: PIE: World Init took: (0.000911s)
[2022.04.25-20.28.22:746][111]LogPlayLevel: PIE: Created PIE world by copying editor world from /Game/_Game/Maps/DefaultMap.DefaultMap to /Game/_Game/Maps/UEDPIE_0_DefaultMap.DefaultMap (0.002772s)
[2022.04.25-20.28.22:750][111]LogUObjectHash: Compacting FUObjectHashTables data took   0.46ms
[2022.04.25-20.28.22:750][111]LogAudio: Display: Creating Audio Device:                 Id: 2, Scope: Unique, Realtime: True
[2022.04.25-20.28.22:751][111]LogAudioMixer: Display: Audio Mixer Platform Settings:
[2022.04.25-20.28.22:751][111]LogAudioMixer: Display: 	Sample Rate:						  48000
[2022.04.25-20.28.22:751][111]LogAudioMixer: Display: 	Callback Buffer Frame Size Requested: 1024
[2022.04.25-20.28.22:751][111]LogAudioMixer: Display: 	Callback Buffer Frame Size To Use:	  1024
[2022.04.25-20.28.22:751][111]LogAudioMixer: Display: 	Number of buffers to queue:			  2
[2022.04.25-20.28.22:751][111]LogAudioMixer: Display: 	Max Channels (voices):				  32
[2022.04.25-20.28.22:751][111]LogAudioMixer: Display: 	Number of Async Source Workers:		  0
[2022.04.25-20.28.22:751][111]LogAudio: Display: AudioDevice MaxSources: 32
[2022.04.25-20.28.22:751][111]LogAudio: Display: Audio Spatialization Plugin: None (built-in).
[2022.04.25-20.28.22:751][111]LogAudio: Display: Audio Reverb Plugin: None (built-in).
[2022.04.25-20.28.22:751][111]LogAudio: Display: Audio Occlusion Plugin: None (built-in).
[2022.04.25-20.28.22:751][111]LogAudioMixer: Display: Initializing audio mixer.
[2022.04.25-20.28.22:756][111]LogAudioMixer: Display: 0: FrontLeft
[2022.04.25-20.28.22:756][111]LogAudioMixer: Display: 1: FrontRight
[2022.04.25-20.28.22:761][111]LogAudioMixer: Display: Using Audio Device Altavoces (Realtek High Definition Audio)
[2022.04.25-20.28.22:761][111]LogAudioMixer: Display: Initializing Sound Submixes...
[2022.04.25-20.28.22:761][111]LogAudioMixer: Display: Creating Master Submix 'MasterSubmixDefault'
[2022.04.25-20.28.22:761][111]LogAudioMixer: Display: Creating Master Submix 'MasterReverbSubmixDefault'
[2022.04.25-20.28.22:762][111]LogAudioMixer: Display: Creating Master Submix 'MasterEQSubmixDefault'
[2022.04.25-20.28.22:762][111]LogAudioMixer: FMixerPlatformXAudio2::StartAudioStream() called
[2022.04.25-20.28.22:762][111]LogAudioMixer: Display: Output buffers initialized: Frames=1024, Channels=2, Samples=2048
[2022.04.25-20.28.22:763][111]LogAudioMixer: Display: Starting AudioMixerPlatformInterface::RunInternal()
[2022.04.25-20.28.22:763][111]LogAudioMixer: Display: FMixerPlatformXAudio2::SubmitBuffer() called for the first time
[2022.04.25-20.28.22:763][111]LogInit: FAudioDevice initialized.
[2022.04.25-20.28.22:763][111]LogAudio: Display: Audio Device (ID: 2) registered with world 'DefaultMap'.
[2022.04.25-20.28.22:772][111]LogLoad: Game class is 'BP_ShooterGameModeBase_C'
[2022.04.25-20.28.22:773][111]LogWorld: Bringing World /Game/_Game/Maps/UEDPIE_0_DefaultMap.DefaultMap up for play (max tick rate 0) at 2022.04.25-17.28.22
[2022.04.25-20.28.22:774][111]LogWorld: Bringing up level for play took: 0.000392
[2022.04.25-20.28.22:774][111]LogOnline: OSS: Creating online subsystem instance for: :Context_2
[2022.04.25-20.28.22:777][111]LogNativeClassHierarchy: Verbose: Native class hierarchy updated for 'MovieSceneCapture' in 0.0003 seconds. Added 20 classes and 0 folders.
[2022.04.25-20.28.22:777][111]PIE: Server logged in
[2022.04.25-20.28.22:779][111]PIE: Play in editor total start time 0.043 seconds.
[2022.04.25-20.28.37:223][837]LogSlate: Updating window title bar state: overlay mode, drag disabled, window buttons hidden, title bar hidden
[2022.04.25-20.28.37:223][837]LogWorld: BeginTearingDown for /Game/_Game/Maps/UEDPIE_0_DefaultMap
[2022.04.25-20.28.37:223][837]LogWorld: UWorld::CleanupWorld for DefaultMap, bSessionEnded=true, bCleanupResources=true
[2022.04.25-20.28.37:224][837]LogSlate: InvalidateAllWidgets triggered.  All widgets were invalidated
[2022.04.25-20.28.37:230][837]LogPlayLevel: Display: Shutting down PIE online subsystems
[2022.04.25-20.28.37:231][837]LogSlate: InvalidateAllWidgets triggered.  All widgets were invalidated
[2022.04.25-20.28.37:235][837]LogAudio: Display: Audio Device unregistered from world 'None'.
[2022.04.25-20.28.37:235][837]LogAudioMixer: FMixerPlatformXAudio2::StopAudioStream() called
[2022.04.25-20.28.37:236][837]LogAudioMixer: FMixerPlatformXAudio2::StopAudioStream() called
[2022.04.25-20.28.37:239][837]LogSlate: Updating window title bar state: overlay mode, drag disabled, window buttons hidden, title bar hidden
[2022.04.25-20.28.37:240][837]LogUObjectHash: Compacting FUObjectHashTables data took   0.56ms
[2022.04.25-20.28.37:294][841]LogPlayLevel: Display: Destroying online subsystem :Context_2
[2022.04.25-20.28.48:815][179]LogTemp: Repeating last play command: Selected Viewport
[2022.04.25-20.28.48:823][179]LogPlayLevel: PlayLevel: No blueprints needed recompiling
[2022.04.25-20.28.48:823][179]PIE: New page: PIE session: DefaultMap (Apr 25, 2022, 2:28:48 PM)
[2022.04.25-20.28.48:851][179]LogPlayLevel: Creating play world package: /Game/_Game/Maps/UEDPIE_0_DefaultMap
[2022.04.25-20.28.48:852][179]LogPlayLevel: PIE: StaticDuplicateObject took: (0.001506s)
[2022.04.25-20.28.48:853][179]LogAIModule: Creating AISystem for world DefaultMap
[2022.04.25-20.28.48:853][179]LogPlayLevel: PIE: World Init took: (0.000958s)
[2022.04.25-20.28.48:853][179]LogPlayLevel: PIE: Created PIE world by copying editor world from /Game/_Game/Maps/DefaultMap.DefaultMap to /Game/_Game/Maps/UEDPIE_0_DefaultMap.DefaultMap (0.002629s)
[2022.04.25-20.28.48:858][179]LogUObjectHash: Compacting FUObjectHashTables data took   0.61ms
[2022.04.25-20.28.48:858][179]LogAudio: Display: Creating Audio Device:                 Id: 3, Scope: Unique, Realtime: True
[2022.04.25-20.28.48:858][179]LogAudioMixer: Display: Audio Mixer Platform Settings:
[2022.04.25-20.28.48:858][179]LogAudioMixer: Display: 	Sample Rate:						  48000
[2022.04.25-20.28.48:858][179]LogAudioMixer: Display: 	Callback Buffer Frame Size Requested: 1024
[2022.04.25-20.28.48:858][179]LogAudioMixer: Display: 	Callback Buffer Frame Size To Use:	  1024
[2022.04.25-20.28.48:858][179]LogAudioMixer: Display: 	Number of buffers to queue:			  2
[2022.04.25-20.28.48:858][179]LogAudioMixer: Display: 	Max Channels (voices):				  32
[2022.04.25-20.28.48:858][179]LogAudioMixer: Display: 	Number of Async Source Workers:		  0
[2022.04.25-20.28.48:858][179]LogAudio: Display: AudioDevice MaxSources: 32
[2022.04.25-20.28.48:859][179]LogAudio: Display: Audio Spatialization Plugin: None (built-in).
[2022.04.25-20.28.48:859][179]LogAudio: Display: Audio Reverb Plugin: None (built-in).
[2022.04.25-20.28.48:859][179]LogAudio: Display: Audio Occlusion Plugin: None (built-in).
[2022.04.25-20.28.48:859][179]LogAudioMixer: Display: Initializing audio mixer.
[2022.04.25-20.28.48:864][179]LogAudioMixer: Display: 0: FrontLeft
[2022.04.25-20.28.48:864][179]LogAudioMixer: Display: 1: FrontRight
[2022.04.25-20.28.48:869][179]LogAudioMixer: Display: Using Audio Device Altavoces (Realtek High Definition Audio)
[2022.04.25-20.28.48:869][179]LogAudioMixer: Display: Initializing Sound Submixes...
[2022.04.25-20.28.48:869][179]LogAudioMixer: Display: Creating Master Submix 'MasterSubmixDefault'
[2022.04.25-20.28.48:869][179]LogAudioMixer: Display: Creating Master Submix 'MasterReverbSubmixDefault'
[2022.04.25-20.28.48:870][179]LogAudioMixer: Display: Creating Master Submix 'MasterEQSubmixDefault'
[2022.04.25-20.28.48:870][179]LogAudioMixer: FMixerPlatformXAudio2::StartAudioStream() called
[2022.04.25-20.28.48:870][179]LogAudioMixer: Display: Output buffers initialized: Frames=1024, Channels=2, Samples=2048
[2022.04.25-20.28.48:871][179]LogAudioMixer: Display: Starting AudioMixerPlatformInterface::RunInternal()
[2022.04.25-20.28.48:871][179]LogAudioMixer: Display: FMixerPlatformXAudio2::SubmitBuffer() called for the first time
[2022.04.25-20.28.48:871][179]LogInit: FAudioDevice initialized.
[2022.04.25-20.28.48:871][179]LogAudio: Display: Audio Device (ID: 3) registered with world 'DefaultMap'.
[2022.04.25-20.28.48:880][179]LogLoad: Game class is 'BP_ShooterGameModeBase_C'
[2022.04.25-20.28.48:881][179]LogWorld: Bringing World /Game/_Game/Maps/UEDPIE_0_DefaultMap.DefaultMap up for play (max tick rate 0) at 2022.04.25-17.28.48
[2022.04.25-20.28.48:881][179]LogWorld: Bringing up level for play took: 0.000358
[2022.04.25-20.28.48:881][179]LogOnline: OSS: Creating online subsystem instance for: :Context_3
[2022.04.25-20.28.48:883][179]PIE: Server logged in
[2022.04.25-20.28.48:884][179]PIE: Play in editor total start time 0.066 seconds.
[2022.04.25-20.29.16:863][531]LogSlate: Updating window title bar state: overlay mode, drag disabled, window buttons hidden, title bar hidden
[2022.04.25-20.29.16:863][531]LogWorld: BeginTearingDown for /Game/_Game/Maps/UEDPIE_0_DefaultMap
[2022.04.25-20.29.16:863][531]LogWorld: UWorld::CleanupWorld for DefaultMap, bSessionEnded=true, bCleanupResources=true
[2022.04.25-20.29.16:864][531]LogSlate: InvalidateAllWidgets triggered.  All widgets were invalidated
[2022.04.25-20.29.16:873][531]LogPlayLevel: Display: Shutting down PIE online subsystems
[2022.04.25-20.29.16:874][531]LogSlate: InvalidateAllWidgets triggered.  All widgets were invalidated
[2022.04.25-20.29.16:878][531]LogSlate: Updating window title bar state: overlay mode, drag disabled, window buttons hidden, title bar hidden
[2022.04.25-20.29.16:878][531]LogAudioMixer: FMixerPlatformXAudio2::StopAudioStream() called
[2022.04.25-20.29.16:879][531]LogAudioMixer: FMixerPlatformXAudio2::StopAudioStream() called
[2022.04.25-20.29.16:882][531]LogUObjectHash: Compacting FUObjectHashTables data took   0.50ms
[2022.04.25-20.29.16:929][536]LogPlayLevel: Display: Destroying online subsystem :Context_3
