Log file open, 05/01/22 14:56:48
LogWindows: Failed to load 'aqProf.dll' (GetLastError=126)
LogWindows: File 'aqProf.dll' does not exist
LogWindows: Failed to load 'VtuneApi.dll' (GetLastError=126)
LogWindows: File 'VtuneApi.dll' does not exist
LogWindows: Failed to load 'VtuneApi32e.dll' (GetLastError=126)
LogWindows: File 'VtuneApi32e.dll' does not exist
LogConsoleResponse: Display: Failed to find resolution value strings in scalability ini. Falling back to default.
LogConsoleResponse: Display: Failed to find resolution value strings in scalability ini. Falling back to default.
LogInit: Display: Running engine for game: Shooter
LogPlatformFile: Not using cached read wrapper
LogTaskGraph: Started task graph with 5 named threads and 35 total threads with 3 sets of task threads.
LogStats: Stats thread started at 0.210850
LogICUInternationalization: ICU TimeZone Detection - Raw Offset: -3:00, Platform Override: ''
LogInit: Display: Loading text-based GConfig....
LogPluginManager: Mounting plugin MeshPainting
LogPluginManager: Mounting plugin XGEController
LogPluginManager: Mounting plugin Paper2D
LogPluginManager: Mounting plugin LiveLink
LogPluginManager: Mounting plugin AISupport
LogPluginManager: Mounting plugin EnvironmentQueryEditor
LogPluginManager: Mounting plugin LightPropagationVolume
LogPluginManager: Mounting plugin GameplayCameras
LogPluginManager: Mounting plugin CameraShakePreviewer
LogPluginManager: Mounting plugin OodleNetwork
LogPluginManager: Mounting plugin OodleData
LogPluginManager: Mounting plugin AnimationSharing
LogPluginManager: Mounting plugin CLionSourceCodeAccess
LogPluginManager: Mounting plugin CodeLiteSourceCodeAccess
LogPluginManager: Mounting plugin GitSourceControl
LogPluginManager: Mounting plugin KDevelopSourceCodeAccess
LogPluginManager: Mounting plugin PixWinPlugin
LogPluginManager: Mounting plugin RiderLink
LogPluginManager: Mounting plugin PlasticSourceControl
LogPluginManager: Mounting plugin NullSourceCodeAccess
LogPluginManager: Mounting plugin PerforceSourceControl
LogPluginManager: Mounting plugin PropertyAccessNode
LogPluginManager: Mounting plugin RiderSourceCodeAccess
LogPluginManager: Mounting plugin TextureFormatOodle
LogPluginManager: Mounting plugin SubversionSourceControl
LogPluginManager: Mounting plugin PluginUtils
LogPluginManager: Mounting plugin UObjectPlugin
LogPluginManager: Mounting plugin VisualStudioCodeSourceCodeAccess
LogPluginManager: Mounting plugin VisualStudioSourceCodeAccess
LogPluginManager: Mounting plugin XCodeSourceCodeAccess
LogPluginManager: Mounting plugin DatasmithContent
LogPluginManager: Mounting plugin AssetManagerEditor
LogPluginManager: Mounting plugin VariantManagerContent
LogPluginManager: Mounting plugin Niagara
LogPluginManager: Mounting plugin CurveEditorTools
LogPluginManager: Mounting plugin DataValidation
LogPluginManager: Mounting plugin CryptoKeys
LogPluginManager: Mounting plugin GameplayTagsEditor
LogPluginManager: Mounting plugin FacialAnimation
LogPluginManager: Mounting plugin GeometryMode
LogPluginManager: Mounting plugin AlembicImporter
LogPluginManager: Mounting plugin MacGraphicsSwitching
LogPluginManager: Mounting plugin MaterialAnalyzer
LogPluginManager: Mounting plugin MobileLauncherProfileWizard
LogPluginManager: Mounting plugin AutomationUtils
LogPluginManager: Mounting plugin BackChannel
LogPluginManager: Mounting plugin SpeedTreeImporter
LogPluginManager: Mounting plugin PluginBrowser
LogPluginManager: Mounting plugin ChaosCloth
LogPluginManager: Mounting plugin ChaosClothEditor
LogPluginManager: Mounting plugin ChaosEditor
LogPluginManager: Mounting plugin ChaosNiagara
LogPluginManager: Mounting plugin CharacterAI
LogPluginManager: Mounting plugin ChaosSolverPlugin
LogPluginManager: Mounting plugin GeometryCache
LogPluginManager: Mounting plugin GeometryCollectionPlugin
LogPluginManager: Mounting plugin GeometryProcessing
LogPluginManager: Mounting plugin MotoSynth
LogPluginManager: Mounting plugin ProxyLODPlugin
LogPluginManager: Mounting plugin PlatformCrypto
LogPluginManager: Mounting plugin PlanarCut
LogPluginManager: Mounting plugin LuminPlatformFeatures
LogPluginManager: Mounting plugin OpenImageDenoise
LogPluginManager: Mounting plugin PythonScriptPlugin
LogPluginManager: Mounting plugin MagicLeap
LogPluginManager: Mounting plugin SkeletalReduction
LogPluginManager: Mounting plugin MagicLeapLightEstimation
LogPluginManager: Mounting plugin MagicLeapMedia
LogPluginManager: Mounting plugin MagicLeapPassableWorld
LogPluginManager: Mounting plugin MLSDK
LogPluginManager: Mounting plugin AndroidMedia
LogPluginManager: Mounting plugin AvfMedia
LogPluginManager: Mounting plugin ImgMedia
LogPluginManager: Mounting plugin MediaCompositing
LogPluginManager: Mounting plugin MediaPlayerEditor
LogPluginManager: Mounting plugin WebMMedia
LogPluginManager: Mounting plugin WmfMedia
LogPluginManager: Mounting plugin UdpMessaging
LogPluginManager: Mounting plugin TcpMessaging
LogPluginManager: Mounting plugin ActorSequence
LogPluginManager: Mounting plugin LevelSequenceEditor
LogPluginManager: Mounting plugin MatineeToLevelSequence
LogPluginManager: Mounting plugin TemplateSequence
LogPluginManager: Mounting plugin OnlineSubsystem
LogPluginManager: Mounting plugin OnlineSubsystemNull
LogPluginManager: Mounting plugin OnlineSubsystemUtils
LogPluginManager: Mounting plugin AndroidDeviceProfileSelector
LogPluginManager: Mounting plugin ActorLayerUtilities
LogPluginManager: Mounting plugin AndroidMoviePlayer
LogPluginManager: Mounting plugin AndroidPermission
LogPluginManager: Mounting plugin AppleMoviePlayer
LogPluginManager: Mounting plugin AppleImageUtils
LogPluginManager: Mounting plugin AudioCapture
LogPluginManager: Mounting plugin ArchVisCharacter
LogPluginManager: Mounting plugin AudioSynesthesia
LogPluginManager: Mounting plugin AssetTags
LogPluginManager: Mounting plugin CableComponent
LogPluginManager: Mounting plugin ChunkDownloader
LogPluginManager: Mounting plugin CustomMeshComponent
LogPluginManager: Mounting plugin ExampleDeviceProfileSelector
LogPluginManager: Mounting plugin EditableMesh
LogPluginManager: Mounting plugin GooglePAD
LogPluginManager: Mounting plugin GoogleCloudMessaging
LogPluginManager: Mounting plugin IOSDeviceProfileSelector
LogPluginManager: Mounting plugin LinuxDeviceProfileSelector
LogPluginManager: Mounting plugin LocationServicesBPLibrary
LogPluginManager: Mounting plugin MobilePatchingUtils
LogPluginManager: Mounting plugin LauncherChunkInstaller
LogPluginManager: Mounting plugin OpenXR
LogPluginManager: Mounting plugin OpenXREyeTracker
LogPluginManager: Mounting plugin OpenXRHandTracking
LogPluginManager: Mounting plugin PostSplashScreen
LogPluginManager: Mounting plugin PhysXVehicles
LogPluginManager: Mounting plugin PropertyAccessEditor
LogPluginManager: Mounting plugin ProceduralMeshComponent
LogPluginManager: Mounting plugin RuntimePhysXCooking
LogPluginManager: Mounting plugin SignificanceManager
LogPluginManager: Mounting plugin SoundFields
LogPluginManager: Mounting plugin ScreenshotTools
LogPluginManager: Mounting plugin Synthesis
LogPluginManager: Mounting plugin WebMMoviePlayer
LogPluginManager: Mounting plugin WindowsMoviePlayer
LogPluginManager: Mounting plugin Takes
LogPluginManager: Mounting plugin ContentBrowserClassDataSource
LogPluginManager: Mounting plugin ContentBrowserAssetDataSource
LogPluginManager: Mounting plugin ContentBrowserFileDataSource
LogPluginManager: Mounting plugin OnlineSubsystemGooglePlay
LogPluginManager: Mounting plugin OnlineSubsystemIOS
LogPluginManager: Mounting plugin OculusVR
LogPluginManager: Mounting plugin SteamVR
PixWinPlugin: PIX capture plugin failed to initialize! Check that the process is launched from PIX.
LogInit: Using libcurl 7.55.1-DEV
LogInit:  - built for x86_64-pc-win32
LogInit:  - supports SSL with OpenSSL/1.1.1
LogInit:  - supports HTTP deflate (compression) using libz 1.2.8
LogInit:  - other features:
LogInit:      CURL_VERSION_SSL
LogInit:      CURL_VERSION_LIBZ
LogInit:      CURL_VERSION_IPV6
LogInit:      CURL_VERSION_ASYNCHDNS
LogInit:      CURL_VERSION_LARGEFILE
LogInit:      CURL_VERSION_IDN
LogInit:  CurlRequestOptions (configurable via config and command line):
LogInit:  - bVerifyPeer = true  - Libcurl will verify peer certificate
LogInit:  - bUseHttpProxy = false  - Libcurl will NOT use HTTP proxy
LogInit:  - bDontReuseConnections = false  - Libcurl will reuse connections
LogInit:  - MaxHostConnections = 16  - Libcurl will limit the number of connections to a host
LogInit:  - LocalHostAddr = Default
LogInit:  - BufferSize = 65536
LogOnline: OSS: Creating online subsystem instance for: NULL
LogInit: WinSock: version 1.1 (2.2), MaxSocks=32767, MaxUdp=65467
LogOnline: OSS: TryLoadSubsystemAndSetDefault: Loaded subsystem for module [NULL]
LogOculusPluginWrapper: OculusPlugin initialized successfully
LogHMD: Failed initializing OVRPlugin 1.59.0
LogInit: Build: ++UE4+Release-4.27-CL-18319896
LogInit: Engine Version: 4.27.2-18319896+++UE4+Release-4.27
LogInit: Compatible Engine Version: 4.27.0-17155196+++UE4+Release-4.27
LogInit: Net CL: 17155196
LogInit: OS: Windows 10 (Release 2009) (), CPU: Intel(R) Core(TM) i7-8700 CPU @ 3.20GHz, GPU: NVIDIA GeForce GTX 1070 Ti
LogInit: Compiled (64-bit): Nov 30 2021 07:12:08
LogInit: Compiled with Visual C++: 19.24.28315.00
LogInit: Build Configuration: Development
LogInit: Branch Name: ++UE4+Release-4.27
LogInit: Command Line:  -skipcompile
LogInit: Base Directory: E:/Unreal/UE_4.27/Engine/Binaries/Win64/
LogInit: Allocator: TBB
LogInit: Installed Engine Build: 1
LogDevObjectVersion: Number of dev versions registered: 29
LogDevObjectVersion:   Dev-Blueprints (B0D832E4-1F89-4F0D-ACCF-7EB736FD4AA2): 10
LogDevObjectVersion:   Dev-Build (E1C64328-A22C-4D53-A36C-8E866417BD8C): 0
LogDevObjectVersion:   Dev-Core (375EC13C-06E4-48FB-B500-84F0262A717E): 4
LogDevObjectVersion:   Dev-Editor (E4B068ED-F494-42E9-A231-DA0B2E46BB41): 40
LogDevObjectVersion:   Dev-Framework (CFFC743F-43B0-4480-9391-14DF171D2073): 37
LogDevObjectVersion:   Dev-Mobile (B02B49B5-BB20-44E9-A304-32B752E40360): 3
LogDevObjectVersion:   Dev-Networking (A4E4105C-59A1-49B5-A7C5-40C4547EDFEE): 0
LogDevObjectVersion:   Dev-Online (39C831C9-5AE6-47DC-9A44-9C173E1C8E7C): 0
LogDevObjectVersion:   Dev-Physics (78F01B33-EBEA-4F98-B9B4-84EACCB95AA2): 14
LogDevObjectVersion:   Dev-Platform (6631380F-2D4D-43E0-8009-CF276956A95A): 0
LogDevObjectVersion:   Dev-Rendering (12F88B9F-8875-4AFC-A67C-D90C383ABD29): 45
LogDevObjectVersion:   Dev-Sequencer (7B5AE74C-D270-4C10-A958-57980B212A5A): 13
LogDevObjectVersion:   Dev-VR (D7296918-1DD6-4BDD-9DE2-64A83CC13884): 3
LogDevObjectVersion:   Dev-LoadTimes (C2A15278-BFE7-4AFE-6C17-90FF531DF755): 1
LogDevObjectVersion:   Private-Geometry (6EACA3D4-40EC-4CC1-B786-8BED09428FC5): 3
LogDevObjectVersion:   Dev-AnimPhys (29E575DD-E0A3-4627-9D10-D276232CDCEA): 17
LogDevObjectVersion:   Dev-Anim (AF43A65D-7FD3-4947-9873-3E8ED9C1BB05): 15
LogDevObjectVersion:   Dev-ReflectionCapture (6B266CEC-1EC7-4B8F-A30B-E4D90942FC07): 1
LogDevObjectVersion:   Dev-Automation (0DF73D61-A23F-47EA-B727-89E90C41499A): 1
LogDevObjectVersion:   FortniteMain (601D1886-AC64-4F84-AA16-D3DE0DEAC7D6): 47
LogDevObjectVersion:   FortniteRelease (E7086368-6B23-4C58-8439-1B7016265E91): 1
LogDevObjectVersion:   Dev-Enterprise (9DFFBCD6-494F-0158-E221-12823C92A888): 10
LogDevObjectVersion:   Dev-Niagara (F2AED0AC-9AFE-416F-8664-AA7FFA26D6FC): 1
LogDevObjectVersion:   Dev-Destruction (174F1F0B-B4C6-45A5-B13F-2EE8D0FB917D): 10
LogDevObjectVersion:   Dev-Physics-Ext (35F94A83-E258-406C-A318-09F59610247C): 41
LogDevObjectVersion:   Dev-PhysicsMaterial-Chaos (B68FC16E-8B1B-42E2-B453-215C058844FE): 1
LogDevObjectVersion:   Dev-CineCamera (B2E18506-4273-CFC2-A54E-F4BB758BBA07): 1
LogDevObjectVersion:   Dev-VirtualProduction (64F58936-FD1B-42BA-BA96-7289D5D0FA4E): 1
LogDevObjectVersion:   Dev-MediaFramework (6F0ED827-A609-4895-9C91-998D90180EA4): 2
LogInit: Presizing for max 25165824 objects, including 0 objects not considered by GC, pre-allocating 0 bytes for permanent pool.
LogConfig: Applying CVar settings from Section [/Script/Engine.StreamingSettings] File [E:/DEV Unreal/ShooterGame/ShooterGame/Shooter/Saved/Config/Windows/Engine.ini]
LogConfig: Setting CVar [[s.MinBulkDataSizeForAsyncLoading:131072]]
LogConfig: Setting CVar [[s.AsyncLoadingThreadEnabled:0]]
LogConfig: Setting CVar [[s.EventDrivenLoaderEnabled:1]]
LogConfig: Setting CVar [[s.WarnIfTimeLimitExceeded:0]]
LogConfig: Setting CVar [[s.TimeLimitExceededMultiplier:1.5]]
LogConfig: Setting CVar [[s.TimeLimitExceededMinTime:0.005]]
LogConfig: Setting CVar [[s.UseBackgroundLevelStreaming:1]]
LogConfig: Setting CVar [[s.PriorityAsyncLoadingExtraTime:15.0]]
LogConfig: Setting CVar [[s.LevelStreamingActorsUpdateTimeLimit:5.0]]
LogConfig: Setting CVar [[s.PriorityLevelStreamingActorsUpdateExtraTime:5.0]]
LogConfig: Setting CVar [[s.LevelStreamingComponentsRegistrationGranularity:10]]
LogConfig: Setting CVar [[s.UnregisterComponentsTimeLimit:1.0]]
LogConfig: Setting CVar [[s.LevelStreamingComponentsUnregistrationGranularity:5]]
LogConfig: Setting CVar [[s.FlushStreamingOnExit:1]]
LogInit: Object subsystem initialized
LogConfig: Setting CVar [[con.DebugEarlyDefault:1]]
LogConfig: Setting CVar [[r.setres:1280x720]]
[2022.05.01-17.56.48:731][  0]LogConfig: Setting CVar [[r.VSync:0]]
[2022.05.01-17.56.48:731][  0]LogConfig: Setting CVar [[r.RHICmdBypass:0]]
[2022.05.01-17.56.48:731][  0]LogConfig: Applying CVar settings from Section [/Script/Engine.RendererSettings] File [E:/DEV Unreal/ShooterGame/ShooterGame/Shooter/Saved/Config/Windows/Engine.ini]
[2022.05.01-17.56.48:731][  0]LogConfig: Setting CVar [[r.GPUCrashDebugging:0]]
[2022.05.01-17.56.48:731][  0]LogConfig: Applying CVar settings from Section [/Script/Engine.RendererOverrideSettings] File [E:/DEV Unreal/ShooterGame/ShooterGame/Shooter/Saved/Config/Windows/Engine.ini]
[2022.05.01-17.56.48:731][  0]LogConfig: Applying CVar settings from Section [/Script/Engine.StreamingSettings] File [E:/DEV Unreal/ShooterGame/ShooterGame/Shooter/Saved/Config/Windows/Engine.ini]
[2022.05.01-17.56.48:731][  0]LogConfig: Setting CVar [[s.MinBulkDataSizeForAsyncLoading:131072]]
[2022.05.01-17.56.48:731][  0]LogConfig: Setting CVar [[s.AsyncLoadingThreadEnabled:0]]
[2022.05.01-17.56.48:731][  0]LogConfig: Setting CVar [[s.EventDrivenLoaderEnabled:1]]
[2022.05.01-17.56.48:731][  0]LogConfig: Setting CVar [[s.WarnIfTimeLimitExceeded:0]]
[2022.05.01-17.56.48:731][  0]LogConfig: Setting CVar [[s.TimeLimitExceededMultiplier:1.5]]
[2022.05.01-17.56.48:731][  0]LogConfig: Setting CVar [[s.TimeLimitExceededMinTime:0.005]]
[2022.05.01-17.56.48:731][  0]LogConfig: Setting CVar [[s.UseBackgroundLevelStreaming:1]]
[2022.05.01-17.56.48:731][  0]LogConfig: Setting CVar [[s.PriorityAsyncLoadingExtraTime:15.0]]
[2022.05.01-17.56.48:731][  0]LogConfig: Setting CVar [[s.LevelStreamingActorsUpdateTimeLimit:5.0]]
[2022.05.01-17.56.48:731][  0]LogConfig: Setting CVar [[s.PriorityLevelStreamingActorsUpdateExtraTime:5.0]]
[2022.05.01-17.56.48:731][  0]LogConfig: Setting CVar [[s.LevelStreamingComponentsRegistrationGranularity:10]]
[2022.05.01-17.56.48:731][  0]LogConfig: Setting CVar [[s.UnregisterComponentsTimeLimit:1.0]]
[2022.05.01-17.56.48:731][  0]LogConfig: Setting CVar [[s.LevelStreamingComponentsUnregistrationGranularity:5]]
[2022.05.01-17.56.48:731][  0]LogConfig: Setting CVar [[s.FlushStreamingOnExit:1]]
[2022.05.01-17.56.48:731][  0]LogConfig: Applying CVar settings from Section [/Script/Engine.GarbageCollectionSettings] File [E:/DEV Unreal/ShooterGame/ShooterGame/Shooter/Saved/Config/Windows/Engine.ini]
[2022.05.01-17.56.48:731][  0]LogConfig: Setting CVar [[gc.MaxObjectsNotConsideredByGC:1]]
[2022.05.01-17.56.48:731][  0]LogConfig: Setting CVar [[gc.SizeOfPermanentObjectPool:0]]
[2022.05.01-17.56.48:731][  0]LogConfig: Setting CVar [[gc.FlushStreamingOnGC:0]]
[2022.05.01-17.56.48:731][  0]LogConfig: Setting CVar [[gc.NumRetriesBeforeForcingGC:10]]
[2022.05.01-17.56.48:731][  0]LogConfig: Setting CVar [[gc.AllowParallelGC:1]]
[2022.05.01-17.56.48:732][  0]LogConfig: Setting CVar [[gc.TimeBetweenPurgingPendingKillObjects:61.1]]
[2022.05.01-17.56.48:732][  0]LogConfig: Setting CVar [[gc.MaxObjectsInEditor:25165824]]
[2022.05.01-17.56.48:732][  0]LogConfig: Setting CVar [[gc.IncrementalBeginDestroyEnabled:1]]
[2022.05.01-17.56.48:732][  0]LogConfig: Setting CVar [[gc.CreateGCClusters:1]]
[2022.05.01-17.56.48:732][  0]LogConfig: Setting CVar [[gc.MinGCClusterSize:5]]
[2022.05.01-17.56.48:732][  0]LogConfig: Setting CVar [[gc.ActorClusteringEnabled:0]]
[2022.05.01-17.56.48:732][  0]LogConfig: Setting CVar [[gc.BlueprintClusteringEnabled:0]]
[2022.05.01-17.56.48:732][  0]LogConfig: Setting CVar [[gc.UseDisregardForGCOnDedicatedServers:0]]
[2022.05.01-17.56.48:732][  0]LogConfig: Setting CVar [[gc.MultithreadedDestructionEnabled:1]]
[2022.05.01-17.56.48:732][  0]LogConfig: Applying CVar settings from Section [/Script/Engine.NetworkSettings] File [E:/DEV Unreal/ShooterGame/ShooterGame/Shooter/Saved/Config/Windows/Engine.ini]
[2022.05.01-17.56.48:732][  0]LogConfig: Applying CVar settings from Section [/Script/UnrealEd.CookerSettings] File [E:/DEV Unreal/ShooterGame/ShooterGame/Shooter/Saved/Config/Windows/Engine.ini]
[2022.05.01-17.56.48:758][  0]LogConfig: Applying CVar settings from Section [ViewDistanceQuality@3] File [E:/DEV Unreal/ShooterGame/ShooterGame/Shooter/Saved/Config/Windows/Scalability.ini]
[2022.05.01-17.56.48:758][  0]LogConfig: Setting CVar [[r.SkeletalMeshLODBias:0]]
[2022.05.01-17.56.48:758][  0]LogConfig: Setting CVar [[r.ViewDistanceScale:1.0]]
[2022.05.01-17.56.48:758][  0]LogConfig: Applying CVar settings from Section [AntiAliasingQuality@3] File [E:/DEV Unreal/ShooterGame/ShooterGame/Shooter/Saved/Config/Windows/Scalability.ini]
[2022.05.01-17.56.48:758][  0]LogConfig: Setting CVar [[r.PostProcessAAQuality:4]]
[2022.05.01-17.56.48:758][  0]LogConfig: Applying CVar settings from Section [ShadowQuality@3] File [E:/DEV Unreal/ShooterGame/ShooterGame/Shooter/Saved/Config/Windows/Scalability.ini]
[2022.05.01-17.56.48:758][  0]LogConfig: Setting CVar [[r.LightFunctionQuality:1]]
[2022.05.01-17.56.48:758][  0]LogConfig: Setting CVar [[r.ShadowQuality:5]]
[2022.05.01-17.56.48:758][  0]LogConfig: Setting CVar [[r.Shadow.CSM.MaxCascades:10]]
[2022.05.01-17.56.48:758][  0]LogConfig: Setting CVar [[r.Shadow.MaxResolution:2048]]
[2022.05.01-17.56.48:758][  0]LogConfig: Setting CVar [[r.Shadow.MaxCSMResolution:2048]]
[2022.05.01-17.56.48:759][  0]LogConfig: Setting CVar [[r.Shadow.RadiusThreshold:0.01]]
[2022.05.01-17.56.48:759][  0]LogConfig: Setting CVar [[r.Shadow.DistanceScale:1.0]]
[2022.05.01-17.56.48:759][  0]LogConfig: Setting CVar [[r.Shadow.CSM.TransitionScale:1.0]]
[2022.05.01-17.56.48:759][  0]LogConfig: Setting CVar [[r.Shadow.PreShadowResolutionFactor:1.0]]
[2022.05.01-17.56.48:759][  0]LogConfig: Setting CVar [[r.DistanceFieldShadowing:1]]
[2022.05.01-17.56.48:759][  0]LogConfig: Setting CVar [[r.DistanceFieldAO:1]]
[2022.05.01-17.56.48:759][  0]LogConfig: Setting CVar [[r.AOQuality:2]]
[2022.05.01-17.56.48:759][  0]LogConfig: Setting CVar [[r.VolumetricFog:1]]
[2022.05.01-17.56.48:759][  0]LogConfig: Setting CVar [[r.VolumetricFog.GridPixelSize:8]]
[2022.05.01-17.56.48:759][  0]LogConfig: Setting CVar [[r.VolumetricFog.GridSizeZ:128]]
[2022.05.01-17.56.48:759][  0]LogConfig: Setting CVar [[r.VolumetricFog.HistoryMissSupersampleCount:4]]
[2022.05.01-17.56.48:759][  0]LogConfig: Setting CVar [[r.LightMaxDrawDistanceScale:1]]
[2022.05.01-17.56.48:759][  0]LogConfig: Setting CVar [[r.CapsuleShadows:1]]
[2022.05.01-17.56.48:759][  0]LogConfig: Applying CVar settings from Section [PostProcessQuality@3] File [E:/DEV Unreal/ShooterGame/ShooterGame/Shooter/Saved/Config/Windows/Scalability.ini]
[2022.05.01-17.56.48:759][  0]LogConfig: Setting CVar [[r.MotionBlurQuality:4]]
[2022.05.01-17.56.48:759][  0]LogConfig: Setting CVar [[r.AmbientOcclusionMipLevelFactor:0.4]]
[2022.05.01-17.56.48:759][  0]LogConfig: Setting CVar [[r.AmbientOcclusionMaxQuality:100]]
[2022.05.01-17.56.48:759][  0]LogConfig: Setting CVar [[r.AmbientOcclusionLevels:-1]]
[2022.05.01-17.56.48:759][  0]LogConfig: Setting CVar [[r.AmbientOcclusionRadiusScale:1.0]]
[2022.05.01-17.56.48:759][  0]LogConfig: Setting CVar [[r.DepthOfFieldQuality:2]]
[2022.05.01-17.56.48:759][  0]LogConfig: Setting CVar [[r.RenderTargetPoolMin:400]]
[2022.05.01-17.56.48:759][  0]LogConfig: Setting CVar [[r.LensFlareQuality:2]]
[2022.05.01-17.56.48:759][  0]LogConfig: Setting CVar [[r.SceneColorFringeQuality:1]]
[2022.05.01-17.56.48:759][  0]LogConfig: Setting CVar [[r.EyeAdaptationQuality:2]]
[2022.05.01-17.56.48:759][  0]LogConfig: Setting CVar [[r.BloomQuality:5]]
[2022.05.01-17.56.48:759][  0]LogConfig: Setting CVar [[r.FastBlurThreshold:100]]
[2022.05.01-17.56.48:759][  0]LogConfig: Setting CVar [[r.Upscale.Quality:3]]
[2022.05.01-17.56.48:759][  0]LogConfig: Setting CVar [[r.Tonemapper.GrainQuantization:1]]
[2022.05.01-17.56.48:759][  0]LogConfig: Setting CVar [[r.LightShaftQuality:1]]
[2022.05.01-17.56.48:759][  0]LogConfig: Setting CVar [[r.Filter.SizeScale:1]]
[2022.05.01-17.56.48:759][  0]LogConfig: Setting CVar [[r.Tonemapper.Quality:5]]
[2022.05.01-17.56.48:759][  0]LogConfig: Setting CVar [[r.DOF.Gather.AccumulatorQuality:1        ; higher gathering accumulator quality]]
[2022.05.01-17.56.48:759][  0]LogConfig: Setting CVar [[r.DOF.Gather.PostfilterMethod:1          ; Median3x3 postfilering method]]
[2022.05.01-17.56.48:759][  0]LogConfig: Setting CVar [[r.DOF.Gather.EnableBokehSettings:0       ; no bokeh simulation when gathering]]
[2022.05.01-17.56.48:759][  0]LogConfig: Setting CVar [[r.DOF.Gather.RingCount:4                 ; medium number of samples when gathering]]
[2022.05.01-17.56.48:759][  0]LogConfig: Setting CVar [[r.DOF.Scatter.ForegroundCompositing:1    ; additive foreground scattering]]
[2022.05.01-17.56.48:759][  0]LogConfig: Setting CVar [[r.DOF.Scatter.BackgroundCompositing:2    ; additive background scattering]]
[2022.05.01-17.56.48:759][  0]LogConfig: Setting CVar [[r.DOF.Scatter.EnableBokehSettings:1      ; bokeh simulation when scattering]]
[2022.05.01-17.56.48:759][  0]LogConfig: Setting CVar [[r.DOF.Scatter.MaxSpriteRatio:0.1         ; only a maximum of 10% of scattered bokeh]]
[2022.05.01-17.56.48:759][  0]LogConfig: Setting CVar [[r.DOF.Recombine.Quality:1                ; cheap slight out of focus]]
[2022.05.01-17.56.48:759][  0]LogConfig: Setting CVar [[r.DOF.Recombine.EnableBokehSettings:0    ; no bokeh simulation on slight out of focus]]
[2022.05.01-17.56.48:759][  0]LogConfig: Setting CVar [[r.DOF.TemporalAAQuality:1                ; more stable temporal accumulation]]
[2022.05.01-17.56.48:759][  0]LogConfig: Setting CVar [[r.DOF.Kernel.MaxForegroundRadius:0.025]]
[2022.05.01-17.56.48:759][  0]LogConfig: Setting CVar [[r.DOF.Kernel.MaxBackgroundRadius:0.025]]
[2022.05.01-17.56.48:759][  0]LogConfig: Applying CVar settings from Section [TextureQuality@3] File [E:/DEV Unreal/ShooterGame/ShooterGame/Shooter/Saved/Config/Windows/Scalability.ini]
[2022.05.01-17.56.48:759][  0]LogConfig: Setting CVar [[r.Streaming.MipBias:0]]
[2022.05.01-17.56.48:759][  0]LogConfig: Setting CVar [[r.Streaming.AmortizeCPUToGPUCopy:0]]
[2022.05.01-17.56.48:759][  0]LogConfig: Setting CVar [[r.Streaming.MaxNumTexturesToStreamPerFrame:0]]
[2022.05.01-17.56.48:759][  0]LogConfig: Setting CVar [[r.Streaming.Boost:1]]
[2022.05.01-17.56.48:759][  0]LogConfig: Setting CVar [[r.MaxAnisotropy:8]]
[2022.05.01-17.56.48:759][  0]LogConfig: Setting CVar [[r.VT.MaxAnisotropy:8]]
[2022.05.01-17.56.48:759][  0]LogConfig: Setting CVar [[r.Streaming.LimitPoolSizeToVRAM:0]]
[2022.05.01-17.56.48:759][  0]LogConfig: Setting CVar [[r.Streaming.PoolSize:1000]]
[2022.05.01-17.56.48:759][  0]LogConfig: Setting CVar [[r.Streaming.MaxEffectiveScreenSize:0]]
[2022.05.01-17.56.48:759][  0]LogConfig: Applying CVar settings from Section [EffectsQuality@3] File [E:/DEV Unreal/ShooterGame/ShooterGame/Shooter/Saved/Config/Windows/Scalability.ini]
[2022.05.01-17.56.48:759][  0]LogConfig: Setting CVar [[r.TranslucencyLightingVolumeDim:64]]
[2022.05.01-17.56.48:759][  0]LogConfig: Setting CVar [[r.RefractionQuality:2]]
[2022.05.01-17.56.48:759][  0]LogConfig: Setting CVar [[r.SSR.Quality:3]]
[2022.05.01-17.56.48:759][  0]LogConfig: Setting CVar [[r.SSR.HalfResSceneColor:0]]
[2022.05.01-17.56.48:759][  0]LogConfig: Setting CVar [[r.SceneColorFormat:4]]
[2022.05.01-17.56.48:759][  0]LogConfig: Setting CVar [[r.DetailMode:2]]
[2022.05.01-17.56.48:759][  0]LogConfig: Setting CVar [[r.TranslucencyVolumeBlur:1]]
[2022.05.01-17.56.48:759][  0]LogConfig: Setting CVar [[r.MaterialQualityLevel:1 ; High quality]]
[2022.05.01-17.56.48:759][  0]LogConfig: Setting CVar [[r.AnisotropicMaterials:1]]
[2022.05.01-17.56.48:759][  0]LogConfig: Setting CVar [[r.SSS.Scale:1]]
[2022.05.01-17.56.48:759][  0]LogConfig: Setting CVar [[r.SSS.SampleSet:2]]
[2022.05.01-17.56.48:759][  0]LogConfig: Setting CVar [[r.SSS.Quality:1]]
[2022.05.01-17.56.48:759][  0]LogConfig: Setting CVar [[r.SSS.HalfRes:0]]
[2022.05.01-17.56.48:759][  0]LogConfig: Setting CVar [[r.SSGI.Quality:3]]
[2022.05.01-17.56.48:759][  0]LogConfig: Setting CVar [[r.EmitterSpawnRateScale:1.0]]
[2022.05.01-17.56.48:759][  0]LogConfig: Setting CVar [[r.ParticleLightQuality:2]]
[2022.05.01-17.56.48:760][  0]LogConfig: Setting CVar [[r.SkyAtmosphere.AerialPerspectiveLUT.FastApplyOnOpaque:1 ; Always have FastSkyLUT 1 in this case to avoid wrong sky]]
[2022.05.01-17.56.48:760][  0]LogConfig: Setting CVar [[r.SkyAtmosphere.AerialPerspectiveLUT.SampleCountMaxPerSlice:4]]
[2022.05.01-17.56.48:760][  0]LogConfig: Setting CVar [[r.SkyAtmosphere.AerialPerspectiveLUT.DepthResolution:16.0]]
[2022.05.01-17.56.48:760][  0]LogConfig: Setting CVar [[r.SkyAtmosphere.FastSkyLUT:1]]
[2022.05.01-17.56.48:760][  0]LogConfig: Setting CVar [[r.SkyAtmosphere.FastSkyLUT.SampleCountMin:4.0]]
[2022.05.01-17.56.48:760][  0]LogConfig: Setting CVar [[r.SkyAtmosphere.FastSkyLUT.SampleCountMax:128.0]]
[2022.05.01-17.56.48:760][  0]LogConfig: Setting CVar [[r.SkyAtmosphere.SampleCountMin:4.0]]
[2022.05.01-17.56.48:760][  0]LogConfig: Setting CVar [[r.SkyAtmosphere.SampleCountMax:128.0]]
[2022.05.01-17.56.48:760][  0]LogConfig: Setting CVar [[r.SkyAtmosphere.TransmittanceLUT.UseSmallFormat:0]]
[2022.05.01-17.56.48:760][  0]LogConfig: Setting CVar [[r.SkyAtmosphere.TransmittanceLUT.SampleCount:10.0]]
[2022.05.01-17.56.48:760][  0]LogConfig: Setting CVar [[r.SkyAtmosphere.MultiScatteringLUT.SampleCount:15.0]]
[2022.05.01-17.56.48:760][  0]LogConfig: Setting CVar [[r.SkyLight.RealTimeReflectionCapture:1]]
[2022.05.01-17.56.48:760][  0]LogConfig: Applying CVar settings from Section [FoliageQuality@3] File [E:/DEV Unreal/ShooterGame/ShooterGame/Shooter/Saved/Config/Windows/Scalability.ini]
[2022.05.01-17.56.48:760][  0]LogConfig: Setting CVar [[foliage.DensityScale:1.0]]
[2022.05.01-17.56.48:760][  0]LogConfig: Setting CVar [[grass.DensityScale:1.0]]
[2022.05.01-17.56.48:760][  0]LogConfig: Applying CVar settings from Section [ShadingQuality@3] File [E:/DEV Unreal/ShooterGame/ShooterGame/Shooter/Saved/Config/Windows/Scalability.ini]
[2022.05.01-17.56.48:760][  0]LogConfig: Setting CVar [[r.HairStrands.SkyLighting.IntegrationType:2]]
[2022.05.01-17.56.48:760][  0]LogConfig: Setting CVar [[r.HairStrands.SkyAO.SampleCount:4]]
[2022.05.01-17.56.48:760][  0]LogConfig: Setting CVar [[r.HairStrands.Visibility.MSAA.SamplePerPixel:4]]
[2022.05.01-17.56.48:760][  0]LogInit: Selected Device Profile: [Windows]
[2022.05.01-17.56.48:760][  0]LogInit: Applying CVar settings loaded from the selected device profile: [Windows]
[2022.05.01-17.56.48:760][  0]LogHAL: Display: Platform has ~ 32 GB [34282221568 / 34359738368 / 32], which maps to Largest [LargestMinGB=32, LargerMinGB=12, DefaultMinGB=8, SmallerMinGB=6, SmallestMinGB=0)
[2022.05.01-17.56.48:760][  0]LogInit: Going up to parent DeviceProfile []
[2022.05.01-17.56.48:760][  0]LogConfig: Applying CVar settings from Section [ViewDistanceQuality@3] File [E:/DEV Unreal/ShooterGame/ShooterGame/Shooter/Saved/Config/Windows/Scalability.ini]
[2022.05.01-17.56.48:760][  0]LogConfig: Setting CVar [[r.SkeletalMeshLODBias:0]]
[2022.05.01-17.56.48:760][  0]LogConfig: Setting CVar [[r.ViewDistanceScale:1.0]]
[2022.05.01-17.56.48:760][  0]LogConfig: Applying CVar settings from Section [AntiAliasingQuality@3] File [E:/DEV Unreal/ShooterGame/ShooterGame/Shooter/Saved/Config/Windows/Scalability.ini]
[2022.05.01-17.56.48:760][  0]LogConfig: Setting CVar [[r.PostProcessAAQuality:4]]
[2022.05.01-17.56.48:760][  0]LogConfig: Applying CVar settings from Section [ShadowQuality@3] File [E:/DEV Unreal/ShooterGame/ShooterGame/Shooter/Saved/Config/Windows/Scalability.ini]
[2022.05.01-17.56.48:760][  0]LogConfig: Setting CVar [[r.LightFunctionQuality:1]]
[2022.05.01-17.56.48:760][  0]LogConfig: Setting CVar [[r.ShadowQuality:5]]
[2022.05.01-17.56.48:760][  0]LogConfig: Setting CVar [[r.Shadow.CSM.MaxCascades:10]]
[2022.05.01-17.56.48:760][  0]LogConfig: Setting CVar [[r.Shadow.MaxResolution:2048]]
[2022.05.01-17.56.48:760][  0]LogConfig: Setting CVar [[r.Shadow.MaxCSMResolution:2048]]
[2022.05.01-17.56.48:760][  0]LogConfig: Setting CVar [[r.Shadow.RadiusThreshold:0.01]]
[2022.05.01-17.56.48:760][  0]LogConfig: Setting CVar [[r.Shadow.DistanceScale:1.0]]
[2022.05.01-17.56.48:760][  0]LogConfig: Setting CVar [[r.Shadow.CSM.TransitionScale:1.0]]
[2022.05.01-17.56.48:760][  0]LogConfig: Setting CVar [[r.Shadow.PreShadowResolutionFactor:1.0]]
[2022.05.01-17.56.48:760][  0]LogConfig: Setting CVar [[r.DistanceFieldShadowing:1]]
[2022.05.01-17.56.48:760][  0]LogConfig: Setting CVar [[r.DistanceFieldAO:1]]
[2022.05.01-17.56.48:760][  0]LogConfig: Setting CVar [[r.AOQuality:2]]
[2022.05.01-17.56.48:760][  0]LogConfig: Setting CVar [[r.VolumetricFog:1]]
[2022.05.01-17.56.48:760][  0]LogConfig: Setting CVar [[r.VolumetricFog.GridPixelSize:8]]
[2022.05.01-17.56.48:760][  0]LogConfig: Setting CVar [[r.VolumetricFog.GridSizeZ:128]]
[2022.05.01-17.56.48:760][  0]LogConfig: Setting CVar [[r.VolumetricFog.HistoryMissSupersampleCount:4]]
[2022.05.01-17.56.48:760][  0]LogConfig: Setting CVar [[r.LightMaxDrawDistanceScale:1]]
[2022.05.01-17.56.48:760][  0]LogConfig: Setting CVar [[r.CapsuleShadows:1]]
[2022.05.01-17.56.48:760][  0]LogConfig: Applying CVar settings from Section [PostProcessQuality@3] File [E:/DEV Unreal/ShooterGame/ShooterGame/Shooter/Saved/Config/Windows/Scalability.ini]
[2022.05.01-17.56.48:760][  0]LogConfig: Setting CVar [[r.MotionBlurQuality:4]]
[2022.05.01-17.56.48:760][  0]LogConfig: Setting CVar [[r.AmbientOcclusionMipLevelFactor:0.4]]
[2022.05.01-17.56.48:760][  0]LogConfig: Setting CVar [[r.AmbientOcclusionMaxQuality:100]]
[2022.05.01-17.56.48:760][  0]LogConfig: Setting CVar [[r.AmbientOcclusionLevels:-1]]
[2022.05.01-17.56.48:760][  0]LogConfig: Setting CVar [[r.AmbientOcclusionRadiusScale:1.0]]
[2022.05.01-17.56.48:760][  0]LogConfig: Setting CVar [[r.DepthOfFieldQuality:2]]
[2022.05.01-17.56.48:760][  0]LogConfig: Setting CVar [[r.RenderTargetPoolMin:400]]
[2022.05.01-17.56.48:760][  0]LogConfig: Setting CVar [[r.LensFlareQuality:2]]
[2022.05.01-17.56.48:760][  0]LogConfig: Setting CVar [[r.SceneColorFringeQuality:1]]
[2022.05.01-17.56.48:760][  0]LogConfig: Setting CVar [[r.EyeAdaptationQuality:2]]
[2022.05.01-17.56.48:760][  0]LogConfig: Setting CVar [[r.BloomQuality:5]]
[2022.05.01-17.56.48:760][  0]LogConfig: Setting CVar [[r.FastBlurThreshold:100]]
[2022.05.01-17.56.48:760][  0]LogConfig: Setting CVar [[r.Upscale.Quality:3]]
[2022.05.01-17.56.48:760][  0]LogConfig: Setting CVar [[r.Tonemapper.GrainQuantization:1]]
[2022.05.01-17.56.48:760][  0]LogConfig: Setting CVar [[r.LightShaftQuality:1]]
[2022.05.01-17.56.48:760][  0]LogConfig: Setting CVar [[r.Filter.SizeScale:1]]
[2022.05.01-17.56.48:760][  0]LogConfig: Setting CVar [[r.Tonemapper.Quality:5]]
[2022.05.01-17.56.48:760][  0]LogConfig: Setting CVar [[r.DOF.Gather.AccumulatorQuality:1        ; higher gathering accumulator quality]]
[2022.05.01-17.56.48:760][  0]LogConfig: Setting CVar [[r.DOF.Gather.PostfilterMethod:1          ; Median3x3 postfilering method]]
[2022.05.01-17.56.48:760][  0]LogConfig: Setting CVar [[r.DOF.Gather.EnableBokehSettings:0       ; no bokeh simulation when gathering]]
[2022.05.01-17.56.48:761][  0]LogConfig: Setting CVar [[r.DOF.Gather.RingCount:4                 ; medium number of samples when gathering]]
[2022.05.01-17.56.48:761][  0]LogConfig: Setting CVar [[r.DOF.Scatter.ForegroundCompositing:1    ; additive foreground scattering]]
[2022.05.01-17.56.48:761][  0]LogConfig: Setting CVar [[r.DOF.Scatter.BackgroundCompositing:2    ; additive background scattering]]
[2022.05.01-17.56.48:761][  0]LogConfig: Setting CVar [[r.DOF.Scatter.EnableBokehSettings:1      ; bokeh simulation when scattering]]
[2022.05.01-17.56.48:761][  0]LogConfig: Setting CVar [[r.DOF.Scatter.MaxSpriteRatio:0.1         ; only a maximum of 10% of scattered bokeh]]
[2022.05.01-17.56.48:761][  0]LogConfig: Setting CVar [[r.DOF.Recombine.Quality:1                ; cheap slight out of focus]]
[2022.05.01-17.56.48:761][  0]LogConfig: Setting CVar [[r.DOF.Recombine.EnableBokehSettings:0    ; no bokeh simulation on slight out of focus]]
[2022.05.01-17.56.48:761][  0]LogConfig: Setting CVar [[r.DOF.TemporalAAQuality:1                ; more stable temporal accumulation]]
[2022.05.01-17.56.48:761][  0]LogConfig: Setting CVar [[r.DOF.Kernel.MaxForegroundRadius:0.025]]
[2022.05.01-17.56.48:761][  0]LogConfig: Setting CVar [[r.DOF.Kernel.MaxBackgroundRadius:0.025]]
[2022.05.01-17.56.48:761][  0]LogConfig: Applying CVar settings from Section [TextureQuality@3] File [E:/DEV Unreal/ShooterGame/ShooterGame/Shooter/Saved/Config/Windows/Scalability.ini]
[2022.05.01-17.56.48:761][  0]LogConfig: Setting CVar [[r.Streaming.MipBias:0]]
[2022.05.01-17.56.48:761][  0]LogConfig: Setting CVar [[r.Streaming.AmortizeCPUToGPUCopy:0]]
[2022.05.01-17.56.48:761][  0]LogConfig: Setting CVar [[r.Streaming.MaxNumTexturesToStreamPerFrame:0]]
[2022.05.01-17.56.48:761][  0]LogConfig: Setting CVar [[r.Streaming.Boost:1]]
[2022.05.01-17.56.48:761][  0]LogConfig: Setting CVar [[r.MaxAnisotropy:8]]
[2022.05.01-17.56.48:761][  0]LogConfig: Setting CVar [[r.VT.MaxAnisotropy:8]]
[2022.05.01-17.56.48:761][  0]LogConfig: Setting CVar [[r.Streaming.LimitPoolSizeToVRAM:0]]
[2022.05.01-17.56.48:761][  0]LogConfig: Setting CVar [[r.Streaming.PoolSize:1000]]
[2022.05.01-17.56.48:761][  0]LogConfig: Setting CVar [[r.Streaming.MaxEffectiveScreenSize:0]]
[2022.05.01-17.56.48:761][  0]LogConfig: Applying CVar settings from Section [EffectsQuality@3] File [E:/DEV Unreal/ShooterGame/ShooterGame/Shooter/Saved/Config/Windows/Scalability.ini]
[2022.05.01-17.56.48:761][  0]LogConfig: Setting CVar [[r.TranslucencyLightingVolumeDim:64]]
[2022.05.01-17.56.48:761][  0]LogConfig: Setting CVar [[r.RefractionQuality:2]]
[2022.05.01-17.56.48:761][  0]LogConfig: Setting CVar [[r.SSR.Quality:3]]
[2022.05.01-17.56.48:761][  0]LogConfig: Setting CVar [[r.SSR.HalfResSceneColor:0]]
[2022.05.01-17.56.48:761][  0]LogConfig: Setting CVar [[r.SceneColorFormat:4]]
[2022.05.01-17.56.48:761][  0]LogConfig: Setting CVar [[r.DetailMode:2]]
[2022.05.01-17.56.48:761][  0]LogConfig: Setting CVar [[r.TranslucencyVolumeBlur:1]]
[2022.05.01-17.56.48:761][  0]LogConfig: Setting CVar [[r.MaterialQualityLevel:1 ; High quality]]
[2022.05.01-17.56.48:761][  0]LogConfig: Setting CVar [[r.AnisotropicMaterials:1]]
[2022.05.01-17.56.48:761][  0]LogConfig: Setting CVar [[r.SSS.Scale:1]]
[2022.05.01-17.56.48:761][  0]LogConfig: Setting CVar [[r.SSS.SampleSet:2]]
[2022.05.01-17.56.48:761][  0]LogConfig: Setting CVar [[r.SSS.Quality:1]]
[2022.05.01-17.56.48:761][  0]LogConfig: Setting CVar [[r.SSS.HalfRes:0]]
[2022.05.01-17.56.48:761][  0]LogConfig: Setting CVar [[r.SSGI.Quality:3]]
[2022.05.01-17.56.48:761][  0]LogConfig: Setting CVar [[r.EmitterSpawnRateScale:1.0]]
[2022.05.01-17.56.48:761][  0]LogConfig: Setting CVar [[r.ParticleLightQuality:2]]
[2022.05.01-17.56.48:761][  0]LogConfig: Setting CVar [[r.SkyAtmosphere.AerialPerspectiveLUT.FastApplyOnOpaque:1 ; Always have FastSkyLUT 1 in this case to avoid wrong sky]]
[2022.05.01-17.56.48:761][  0]LogConfig: Setting CVar [[r.SkyAtmosphere.AerialPerspectiveLUT.SampleCountMaxPerSlice:4]]
[2022.05.01-17.56.48:761][  0]LogConfig: Setting CVar [[r.SkyAtmosphere.AerialPerspectiveLUT.DepthResolution:16.0]]
[2022.05.01-17.56.48:761][  0]LogConfig: Setting CVar [[r.SkyAtmosphere.FastSkyLUT:1]]
[2022.05.01-17.56.48:761][  0]LogConfig: Setting CVar [[r.SkyAtmosphere.FastSkyLUT.SampleCountMin:4.0]]
[2022.05.01-17.56.48:761][  0]LogConfig: Setting CVar [[r.SkyAtmosphere.FastSkyLUT.SampleCountMax:128.0]]
[2022.05.01-17.56.48:761][  0]LogConfig: Setting CVar [[r.SkyAtmosphere.SampleCountMin:4.0]]
[2022.05.01-17.56.48:761][  0]LogConfig: Setting CVar [[r.SkyAtmosphere.SampleCountMax:128.0]]
[2022.05.01-17.56.48:761][  0]LogConfig: Setting CVar [[r.SkyAtmosphere.TransmittanceLUT.UseSmallFormat:0]]
[2022.05.01-17.56.48:761][  0]LogConfig: Setting CVar [[r.SkyAtmosphere.TransmittanceLUT.SampleCount:10.0]]
[2022.05.01-17.56.48:761][  0]LogConfig: Setting CVar [[r.SkyAtmosphere.MultiScatteringLUT.SampleCount:15.0]]
[2022.05.01-17.56.48:761][  0]LogConfig: Setting CVar [[r.SkyLight.RealTimeReflectionCapture:1]]
[2022.05.01-17.56.48:761][  0]LogConfig: Applying CVar settings from Section [FoliageQuality@3] File [E:/DEV Unreal/ShooterGame/ShooterGame/Shooter/Saved/Config/Windows/Scalability.ini]
[2022.05.01-17.56.48:761][  0]LogConfig: Setting CVar [[foliage.DensityScale:1.0]]
[2022.05.01-17.56.48:761][  0]LogConfig: Setting CVar [[grass.DensityScale:1.0]]
[2022.05.01-17.56.48:761][  0]LogConfig: Applying CVar settings from Section [ShadingQuality@3] File [E:/DEV Unreal/ShooterGame/ShooterGame/Shooter/Saved/Config/Windows/Scalability.ini]
[2022.05.01-17.56.48:761][  0]LogConfig: Setting CVar [[r.HairStrands.SkyLighting.IntegrationType:2]]
[2022.05.01-17.56.48:761][  0]LogConfig: Setting CVar [[r.HairStrands.SkyAO.SampleCount:4]]
[2022.05.01-17.56.48:761][  0]LogConfig: Setting CVar [[r.HairStrands.Visibility.MSAA.SamplePerPixel:4]]
[2022.05.01-17.56.48:761][  0]LogConfig: Applying CVar settings from Section [Startup] File [../../../Engine/Config/ConsoleVariables.ini]
[2022.05.01-17.56.48:761][  0]LogConfig: Setting CVar [[net.UseAdaptiveNetUpdateFrequency:0]]
[2022.05.01-17.56.48:761][  0]LogConfig: Setting CVar [[p.chaos.AllowCreatePhysxBodies:1]]
[2022.05.01-17.56.48:761][  0]LogConfig: Setting CVar [[fx.SkipVectorVMBackendOptimizations:1]]
[2022.05.01-17.56.48:761][  0]LogConfig: Applying CVar settings from Section [ConsoleVariables] File [E:/DEV Unreal/ShooterGame/ShooterGame/Shooter/Saved/Config/Windows/Engine.ini]
[2022.05.01-17.56.48:762][  0]LogConfig: Applying CVar settings from Section [ConsoleVariables] File [E:/DEV Unreal/ShooterGame/ShooterGame/Shooter/Saved/Config/Windows/Editor.ini]
[2022.05.01-17.56.48:762][  0]LogInit: Computer: DESKTOP-PATULNA
[2022.05.01-17.56.48:762][  0]LogInit: User: Pablo
[2022.05.01-17.56.48:762][  0]LogInit: CPU Page size=4096, Cores=6
[2022.05.01-17.56.48:762][  0]LogInit: High frequency timer resolution =10.000000 MHz
[2022.05.01-17.56.48:762][  0]LogMemory: Memory total: Physical=31.9GB (32GB approx)
[2022.05.01-17.56.48:762][  0]LogMemory: Platform Memory Stats for Windows
[2022.05.01-17.56.48:762][  0]LogMemory: Process Physical Memory: 145.01 MB used, 145.02 MB peak
[2022.05.01-17.56.48:762][  0]LogMemory: Process Virtual Memory: 116.21 MB used, 116.21 MB peak
[2022.05.01-17.56.48:762][  0]LogMemory: Physical Memory: 13905.95 MB used,  18788.12 MB free, 32694.07 MB total
[2022.05.01-17.56.48:762][  0]LogMemory: Virtual Memory: 134199280.00 MB used,  18445.00 MB free, 134217728.00 MB total
[2022.05.01-17.56.48:769][  0]LogWindows: WindowsPlatformFeatures enabled
[2022.05.01-17.56.48:813][  0]LogInit: Physics initialised using underlying interface: PhysX
[2022.05.01-17.56.48:814][  0]LogInit: Overriding language with editor language configuration option (en-US).
[2022.05.01-17.56.48:814][  0]LogInit: Overriding language with editor locale configuration option (en).
[2022.05.01-17.56.48:816][  0]LogTextLocalizationManager: No specific localization for 'en-US' exists, so the 'en' localization will be used.
[2022.05.01-17.56.48:968][  0]LogInit: Setting process to per monitor DPI aware
[2022.05.01-17.56.48:982][  0]LogWindowsTextInputMethodSystem: Display: IME system deactivated.
[2022.05.01-17.56.48:995][  0]LogSlate: New Slate User Created.  User Index 0, Is Virtual User: 0
[2022.05.01-17.56.48:995][  0]LogSlate: Slate User Registered.  User Index 0, Is Virtual User: 0
[2022.05.01-17.56.49:105][  0]LogD3D11RHI: Loaded GFSDK_Aftermath_Lib.x64.dll
[2022.05.01-17.56.49:108][  0]LogHMD: Failed to initialize OpenVR with code 110
[2022.05.01-17.56.49:108][  0]LogD3D11RHI: D3D11 min allowed feature level: 11_0
[2022.05.01-17.56.49:108][  0]LogD3D11RHI: D3D11 max allowed feature level: 11_0
[2022.05.01-17.56.49:108][  0]LogD3D11RHI: D3D11 adapters:
[2022.05.01-17.56.49:208][  0]LogD3D11RHI:    0. 'NVIDIA GeForce GTX 1070 Ti' (Feature Level 11_0)
[2022.05.01-17.56.49:208][  0]LogD3D11RHI:       8079/0/16347 MB DedicatedVideo/DedicatedSystem/SharedSystem, Outputs:2, VendorId:0x10de
[2022.05.01-17.56.49:210][  0]LogD3D11RHI:    1. 'Microsoft Basic Render Driver' (Feature Level 11_0)
[2022.05.01-17.56.49:210][  0]LogD3D11RHI:       0/0/16347 MB DedicatedVideo/DedicatedSystem/SharedSystem, Outputs:0, VendorId:0x1414
[2022.05.01-17.56.49:210][  0]LogD3D11RHI: Chosen D3D11 Adapter:
[2022.05.01-17.56.49:210][  0]LogD3D11RHI:     Description : NVIDIA GeForce GTX 1070 Ti
[2022.05.01-17.56.49:210][  0]LogD3D11RHI:     VendorId    : 10de
[2022.05.01-17.56.49:210][  0]LogD3D11RHI:     DeviceId    : 1b82
[2022.05.01-17.56.49:210][  0]LogD3D11RHI:     SubSysId    : c3041462
[2022.05.01-17.56.49:210][  0]LogD3D11RHI:     Revision    : 00a1
[2022.05.01-17.56.49:210][  0]LogD3D11RHI:     DedicatedVideoMemory : 8471445504 bytes
[2022.05.01-17.56.49:210][  0]LogD3D11RHI:     DedicatedSystemMemory : 0 bytes
[2022.05.01-17.56.49:210][  0]LogD3D11RHI:     SharedSystemMemory : 17141110784 bytes
[2022.05.01-17.56.49:210][  0]LogD3D11RHI:     AdapterLuid : 0 53058
[2022.05.01-17.56.49:216][  0]LogD3D11RHI: Creating new Direct3DDevice
[2022.05.01-17.56.49:216][  0]LogD3D11RHI:     GPU DeviceId: 0x1b82 (for the marketing name, search the web for "GPU Device Id")
[2022.05.01-17.56.49:216][  0]LogWindows: EnumDisplayDevices:
[2022.05.01-17.56.49:216][  0]LogWindows:    0. 'NVIDIA GeForce GTX 1070 Ti' (P:0 D:1)
[2022.05.01-17.56.49:216][  0]LogWindows:    1. 'NVIDIA GeForce GTX 1070 Ti' (P:1 D:1)
[2022.05.01-17.56.49:216][  0]LogWindows:    2. 'NVIDIA GeForce GTX 1070 Ti' (P:0 D:0)
[2022.05.01-17.56.49:217][  0]LogWindows:    3. 'NVIDIA GeForce GTX 1070 Ti' (P:0 D:0)
[2022.05.01-17.56.49:217][  0]LogWindows: DebugString: FoundDriverCount:4 
[2022.05.01-17.56.49:217][  0]LogD3D11RHI:     Adapter Name: NVIDIA GeForce GTX 1070 Ti
[2022.05.01-17.56.49:217][  0]LogD3D11RHI:   Driver Version: 472.12 (internal:30.0.14.7212, unified:472.12)
[2022.05.01-17.56.49:217][  0]LogD3D11RHI:      Driver Date: 9-13-2021
[2022.05.01-17.56.49:217][  0]LogRHI: Texture pool is 5655 MB (70% of 8079 MB)
[2022.05.01-17.56.49:217][  0]LogD3D11RHI: Creating D3DDevice using adapter:
[2022.05.01-17.56.49:217][  0]LogD3D11RHI:     Description : NVIDIA GeForce GTX 1070 Ti
[2022.05.01-17.56.49:217][  0]LogD3D11RHI:     VendorId    : 10de
[2022.05.01-17.56.49:217][  0]LogD3D11RHI:     DeviceId    : 1b82
[2022.05.01-17.56.49:217][  0]LogD3D11RHI:     SubSysId    : c3041462
[2022.05.01-17.56.49:217][  0]LogD3D11RHI:     Revision    : 00a1
[2022.05.01-17.56.49:217][  0]LogD3D11RHI:     DedicatedVideoMemory : 8471445504 bytes
[2022.05.01-17.56.49:217][  0]LogD3D11RHI:     DedicatedSystemMemory : 0 bytes
[2022.05.01-17.56.49:217][  0]LogD3D11RHI:     SharedSystemMemory : 17141110784 bytes
[2022.05.01-17.56.49:217][  0]LogD3D11RHI:     AdapterLuid : 0 53058
[2022.05.01-17.56.49:284][  0]LogD3D11RHI: RHI has support for 64 bit atomics
[2022.05.01-17.56.49:285][  0]LogD3D11RHI: Async texture creation enabled
[2022.05.01-17.56.49:285][  0]LogD3D11RHI: Array index from any shader is supported
[2022.05.01-17.56.49:307][  0]LogD3D11RHI: GPU Timing Frequency: 1000.000000 (Debug: 2 1)
[2022.05.01-17.56.49:358][  0]LogRHI: GeForceNow SDK initialized: 1
[2022.05.01-17.56.49:629][  0]LogTargetPlatformManager: Display: Loaded TargetPlatform 'AllDesktop'
[2022.05.01-17.56.49:646][  0]LogTargetPlatformManager: Display: Loaded TargetPlatform 'Android'
[2022.05.01-17.56.49:646][  0]LogTargetPlatformManager: Display: Loaded TargetPlatform 'Android_ASTC'
[2022.05.01-17.56.49:646][  0]LogTargetPlatformManager: Display: Loaded TargetPlatform 'Android_DXT'
[2022.05.01-17.56.49:646][  0]LogTargetPlatformManager: Display: Loaded TargetPlatform 'Android_ETC2'
[2022.05.01-17.56.49:646][  0]LogTargetPlatformManager: Display: Loaded TargetPlatform 'AndroidClient'
[2022.05.01-17.56.49:646][  0]LogTargetPlatformManager: Display: Loaded TargetPlatform 'Android_ASTCClient'
[2022.05.01-17.56.49:646][  0]LogTargetPlatformManager: Display: Loaded TargetPlatform 'Android_DXTClient'
[2022.05.01-17.56.49:646][  0]LogTargetPlatformManager: Display: Loaded TargetPlatform 'Android_ETC2Client'
[2022.05.01-17.56.49:646][  0]LogTargetPlatformManager: Display: Loaded TargetPlatform 'Android_Multi'
[2022.05.01-17.56.49:646][  0]LogTargetPlatformManager: Display: Loaded TargetPlatform 'Android_MultiClient'
[2022.05.01-17.56.49:660][  0]LogTargetPlatformManager: Display: Loaded TargetPlatform 'IOSClient'
[2022.05.01-17.56.49:660][  0]LogTargetPlatformManager: Display: Loaded TargetPlatform 'IOS'
[2022.05.01-17.56.49:668][  0]LogTargetPlatformManager: Display: Loaded TargetPlatform 'Linux'
[2022.05.01-17.56.49:671][  0]LogTargetPlatformManager: Display: Loaded TargetPlatform 'LinuxNoEditor'
[2022.05.01-17.56.49:675][  0]LogTargetPlatformManager: Display: Loaded TargetPlatform 'LinuxClient'
[2022.05.01-17.56.49:678][  0]LogTargetPlatformManager: Display: Loaded TargetPlatform 'LinuxServer'
[2022.05.01-17.56.49:685][  0]LogTargetPlatformManager: Display: Loaded TargetPlatform 'LinuxAArch64NoEditor'
[2022.05.01-17.56.49:689][  0]LogTargetPlatformManager: Display: Loaded TargetPlatform 'LinuxAArch64Client'
[2022.05.01-17.56.49:692][  0]LogTargetPlatformManager: Display: Loaded TargetPlatform 'LinuxAArch64Server'
[2022.05.01-17.56.49:711][  0]LogTargetPlatformManager: Display: Loaded TargetPlatform 'Lumin'
[2022.05.01-17.56.49:711][  0]LogTargetPlatformManager: Display: Loaded TargetPlatform 'LuminClient'
[2022.05.01-17.56.49:721][  0]LogTargetPlatformManager: Display: Loaded TargetPlatform 'MacNoEditor'
[2022.05.01-17.56.49:727][  0]LogTargetPlatformManager: Display: Loaded TargetPlatform 'Mac'
[2022.05.01-17.56.49:731][  0]LogTargetPlatformManager: Display: Loaded TargetPlatform 'MacClient'
[2022.05.01-17.56.49:734][  0]LogTargetPlatformManager: Display: Loaded TargetPlatform 'MacServer'
[2022.05.01-17.56.49:742][  0]LogTargetPlatformManager: Display: Loaded TargetPlatform 'TVOSClient'
[2022.05.01-17.56.49:742][  0]LogTargetPlatformManager: Display: Loaded TargetPlatform 'TVOS'
[2022.05.01-17.56.49:749][  0]LogTargetPlatformManager: Display: Loaded TargetPlatform 'WindowsNoEditor'
[2022.05.01-17.56.49:752][  0]LogTargetPlatformManager: Display: Loaded TargetPlatform 'Windows'
[2022.05.01-17.56.49:756][  0]LogTargetPlatformManager: Display: Loaded TargetPlatform 'WindowsClient'
[2022.05.01-17.56.49:760][  0]LogTargetPlatformManager: Display: Loaded TargetPlatform 'WindowsServer'
[2022.05.01-17.56.49:760][  0]LogTargetPlatformManager: Display: Building Assets For Windows
[2022.05.01-17.56.49:764][  0]LogAudioDebug: Display: Lib vorbis DLL was dynamically loaded.
[2022.05.01-17.56.49:789][  0]LogTextureFormatOodle: Display: Oodle Texture 2.9.0 init RDO Off
[2022.05.01-17.56.49:815][  0]LogRendererCore: Ray tracing is disabled. Reason: r.RayTracing=0.
[2022.05.01-17.56.49:815][  0]LogShaderCompilers: Guid format shader working directory is -12 characters bigger than the processId version (../../../../../DEV Unreal/ShooterGame/ShooterGame/Shooter/Intermediate/Shaders/WorkingDirectory/13776/).
[2022.05.01-17.56.49:815][  0]LogShaderCompilers: Cleaned the shader compiler working directory 'C:/Users/Pablo/AppData/Local/Temp/UnrealShaderWorkingDir/F689E63E43C12FDF44B0DE9E1EE80D17/'.
[2022.05.01-17.56.49:815][  0]LogXGEController: Cannot use XGE Controller as Incredibuild is not installed on this machine.
[2022.05.01-17.56.49:815][  0]LogShaderCompilers: Cannot use XGE Shader Compiler as Incredibuild is not installed on this machine.
[2022.05.01-17.56.49:815][  0]LogShaderCompilers: Display: Using Local Shader Compiler.
[2022.05.01-17.56.50:435][  0]LogDerivedDataCache: Display: Max Cache Size: 512 MB
[2022.05.01-17.56.50:481][  0]LogDerivedDataCache: Loaded boot cache 0.05s 94MB C:/Users/Pablo/AppData/Local/UnrealEngine/4.27/DerivedDataCache/Boot.ddc.
[2022.05.01-17.56.50:481][  0]LogDerivedDataCache: Display: Loaded Boot cache: C:/Users/Pablo/AppData/Local/UnrealEngine/4.27/DerivedDataCache/Boot.ddc
[2022.05.01-17.56.50:481][  0]LogDerivedDataCache: FDerivedDataBackendGraph:  Pak pak cache file ../../../../../DEV Unreal/ShooterGame/ShooterGame/Shooter/DerivedDataCache/DDC.ddp not found, will not use a pak cache.
[2022.05.01-17.56.50:481][  0]LogDerivedDataCache: Unable to find inner node Pak for hierarchical cache Hierarchy.
[2022.05.01-17.56.50:481][  0]LogDerivedDataCache: FDerivedDataBackendGraph:  CompressedPak pak cache file ../../../../../DEV Unreal/ShooterGame/ShooterGame/Shooter/DerivedDataCache/Compressed.ddp not found, will not use a pak cache.
[2022.05.01-17.56.50:481][  0]LogDerivedDataCache: Unable to find inner node CompressedPak for hierarchical cache Hierarchy.
[2022.05.01-17.56.50:495][  0]LogDerivedDataCache: Display: Pak cache opened for reading ../../../Engine/DerivedDataCache/Compressed.ddp.
[2022.05.01-17.56.50:495][  0]LogDerivedDataCache: FDerivedDataBackendGraph:  EnterprisePak pak cache file ../../../Enterprise/DerivedDataCache/Compressed.ddp not found, will not use a pak cache.
[2022.05.01-17.56.50:495][  0]LogDerivedDataCache: Unable to find inner node EnterprisePak for hierarchical cache Hierarchy.
[2022.05.01-17.56.50:504][  0]LogDerivedDataCache: Speed tests for C:/Users/Pablo/AppData/Local/UnrealEngine/Common/DerivedDataCache took 0.01 seconds
[2022.05.01-17.56.50:504][  0]LogDerivedDataCache: Display: Performance to C:/Users/Pablo/AppData/Local/UnrealEngine/Common/DerivedDataCache: Latency=0.03ms. RandomReadSpeed=1161.09MBs, RandomWriteSpeed=122.49MBs. Assigned SpeedClass 'Local'
[2022.05.01-17.56.50:505][  0]LogDerivedDataCache: Using Local data cache path C:/Users/Pablo/AppData/Local/UnrealEngine/Common/DerivedDataCache: Writable
[2022.05.01-17.56.50:505][  0]LogDerivedDataCache: Shared data cache path not found in *engine.ini, will not use an Shared cache.
[2022.05.01-17.56.50:505][  0]LogDerivedDataCache: Unable to find inner node Shared for hierarchical cache Hierarchy.
[2022.05.01-17.56.50:543][  0]LogSlate: Using FreeType 2.10.0
[2022.05.01-17.56.50:544][  0]LogSlate: SlateFontServices - WITH_FREETYPE: 1, WITH_HARFBUZZ: 1
[2022.05.01-17.56.50:565][  0]LogAssetRegistry: FAssetRegistry took 0.0024 seconds to start up
[2022.05.01-17.56.50:747][  0]LogInit: Selected Device Profile: [Windows]
[2022.05.01-17.56.50:747][  0]LogInit: Active device profile: [00000286BFDC4900][00000286B51515C0 49] Windows
[2022.05.01-17.56.50:747][  0]LogInit: Profiles: [00000286BFDC4900][00000286B51515C0 49] Windows, [00000286BFDA3700][00000286B5159740 49] WindowsNoEditor, [00000286BFDC7500][00000286B515D8C0 49] WindowsServer, [00000286BFDA0E00][00000286B5161A40 49] WindowsClient, [00000286BFDC7800][00000286B5165BC0 49] IOS, [00000286BFDA2700][00000286B51681C0 49] iPadAir, [00000286BFDC6000][00000286B516C340 49] iPadAir2, [00000286BFD14A00][00000286BE6E4600 49] IPadPro, [00000286BFD14B00][00000286B5170640 49] iPadAir3, [00000286BFDA1800][00000286B5154780 49] iPadAir4, [00000286BFD17400][00000286BE7548C0 49] iPadMini2, [00000286BFDA2900][00000286BE758A00 49] iPadMini3, [00000286BFD15700][00000286BE760B40 49] iPadMini4, [00000286BFDC5100][00000286C089CCC0 49] iPadMini5, [00000286BFD58300][00000286C09F2F80 49] iPhone6, [00000286BFD58400][00000286C093EFC0 49] iPodTouch6, [00000286C0F77F00][00000286C0AC3280 49] iPhone7, [00000286C0F77E00][00000286C09FF2C0 49] iPodTouch7, [00000286BFDA2400][00000286B535F440 49] iPhone5S, [00000286C0F75A00][00000286B5E735C0 49] iPhone6Plus, [00000286BFD58200][00000286B5E77740 49] iPhone6S, [00000286C0F74600][00000286B5E8B8C0 49] iPhone6SPlus, [00000286BFD5A900][00000286B5E93A40 49] iPhone7Plus, [00000286C0F77100][00000286B5E9FBC0 49] iPhoneSE, [00000286BFD5A200][00000286BE7101C0 49] iPhone8, [00000286C0F77B00][00000286C0892340 49] iPhone8Plus, [00000286BFD58800][00000286C08964C0 49] iPhoneX, [00000286C0F75600][00000286BE714640 49] iPhoneXS, [00000286BFD5BC00][00000286BE7187C0 49] iPhoneXSMax, [00000286C0F74700][00000286BE71C940 49] iPhoneXR, [00000286BFD59300][00000286BE77CA80 49] iPhone11, [00000286C0F76700][00000286BE728BC0 49] iPhone11Pro, [00000286BFD59000][00000286BE72CD00 49] iPhone11ProMax, [00000286C0F76A00][00000286BE734E80 49] iPhoneSE2, [00000286BFD59400][00000286BE741000 49] iPhone12Mini, [00000286C0F76400][00000286BE749180 49] iPhone12, [00000286BFD58D00][00000286C1F83300 49] iPhone12Pro, [00000286C0F76B00][00000286BE739480 49] iPhone12ProMax, [00000286BFD5B000][00000286C1F9D600 49] iPadPro105, [00000286C0F74200][00000286C1D1D780 49] iPadPro129, [00000286BFD5AB00][00000286C1D41900 49] iPadPro97, [00000286C0F76600][00000286C1D45A80 49] iPadPro2_129, [00000286BFD5BB00][00000286C1D49C00 49] iPad5, [00000286C0F76200][00000286C1D4C200 49] iPad6, [00000286BFD58F00][00000286C092A380 49] iPad7, [00000286C0F75D00][00000286C092E500 49] iPad8, [00000286BFD58900][00000286C0932680 49] iPadPro11, [00000286C0F74F00][00000286C0936800 49] iPadPro2_11, [00000286BFD5B200][00000286C093A980 49] iPadPro3_129, [00000286C0F77C00][00000286C09E0B00 49] iPadPro4_129, [00000286BFD58C00][00000286BE730C40 49] AppleTV, [00000286C0F76100][00000286C09E4D80 49] AppleTV4K, [00000286BFD5B100][00000286C09E8EC0 49] TVOS, [00000286C0F77400][00000286C0A99040 49] Mac, [00000286BFD5B800][00000286C0AA51C0 49] MacClient, [00000286C0F75E00][00000286C1CBB340 49] MacNoEditor, [00000286BFD5BF00][00000286C1CBF4C0 49] MacServer, [00000286C0F76E00][00000286C1CC3640 49] Linux, [00000286BFD58B00][00000286C1CC77C0 49] LinuxAArch64, [00000286C0F75F00][00000286C1CCB940 49] LinuxNoEditor, [00000286BFD59B00][00000286C1CCFAC0 49] LinuxAArch64NoEditor, [00000286C0F77900][00000286C0AA80C0 49] LinuxClient, [00000286BFD5B500][00000286C0AAC240 49] LinuxAArch64Client, [00000286C0F76300][00000286C0AB03C0 49] LinuxServer, [00000286BFD58500][00000286C0AB4540 49] LinuxAArch64Server, [00000286C0F74D00][00000286C0AB86C0 49] Android, [00000286BFD59900][00000286C0ABC840 49] Android_Low, [00000286C0F77600][00000286C0B7A9C0 49] Android_Mid, [00000286BFD5AD00][00000286C0B7EB40 49] Android_High, [00000286C0F77800][00000286C1F4ACC0 49] Android_Default, [00000286BFD5A100][00000286C09ECE00 49] Android_Adreno4xx, [00000286C0F74900][00000286C1F4EF40 49] Android_Adreno5xx_Low, [00000286BFD17600][00000286C0943080 49] Android_Adreno5xx, [00000286BFDA0900][00000286C09471C0 49] Android_Adreno6xx, [00000286BFD15800][00000286C094F340 49] Android_Adreno6xx_Vulkan, [00000286BFDA0F00][00000286BE73D4C0 49] Android_Mali_T6xx, [00000286BFD15200][00000286BA05B640 49] Android_Mali_T7xx, [00000286BFDA3800][00000286BA05F7C0 49] Android_Mali_T8xx, [00000286BFD15E00][00000286BA063940 49] Android_Mali_G71, [00000286BFDA0500][00000286BA067AC0 49] Android_Mali_G72, [00000286BFD14600][00000286BA06A0C0 49] Android_Mali_G72_Vulkan, [00000286BFDA1100][00000286BA06E240 49] Android_Mali_G76, [00000286BFD14100][00000286BA0723C0 49] Android_Mali_G76_Vulkan, [00000286BFDA1E00][00000286C1D34540 49] Android_Mali_G77, [00000286BFD14C00][00000286C09806C0 49] Android_Mali_G77_Vulkan, [00000286BFDA0A00][00000286C0984840 49] Android_Mali_G78, [00000286BFD16C00][00000286C09889C0 49] Android_Mali_G78_Vulkan, [00000286BFDA3500][00000286C098CB40 49] Android_Mali_G710, [00000286BFD16400][00000286C0990CC0 49] Android_Mali_G710_Vulkan, [00000286BFDA2600][00000286C0AA0E40 49] Android_Vulkan_SM5, [00000286BFD17B00][00000286C094AF80 49] Android_PowerVR_G6xxx, [00000286BFDA3300][00000286C09950C0 49] Android_PowerVR_GT7xxx, [00000286BFD16300][00000286C0999200 49] Android_PowerVR_GE8xxx, [00000286BFDA2D00][00000286C099D340 49] Android_PowerVR_GM9xxx, [00000286BFD17F00][00000286C09A54C0 49] Android_PowerVR_GM9xxx_Vulkan, [00000286BFDA1500][00000286C1F0B640 49] Android_TegraK1, [00000286BFD14400][00000286C0A9D7C0 49] Android_Unknown_Vulkan, [00000286BFDA2C00][00000286C09A9940 49] Lumin, [00000286BFD14500][00000286C09ADAC0 49] Lumin_Desktop, [00000286BFDA0D00][00000286C0A920C0 49] HoloLens, 
[2022.05.01-17.56.50:849][  0]LogMeshReduction: Using QuadricMeshReduction for automatic static mesh reduction
[2022.05.01-17.56.50:849][  0]LogMeshReduction: Using SimplygonMeshReduction for automatic skeletal mesh reduction
[2022.05.01-17.56.50:849][  0]LogMeshReduction: Using ProxyLODMeshReduction for automatic mesh merging
[2022.05.01-17.56.50:849][  0]LogMeshReduction: No distributed automatic mesh merging module available
[2022.05.01-17.56.50:849][  0]LogMeshMerging: No distributed automatic mesh merging module available
[2022.05.01-17.56.50:863][  0]LogNetVersion: Shooter 1.0.0, NetCL: 17155196, EngineNetVer: 17, GameNetVer: 0 (Checksum: 1849318458)
[2022.05.01-17.56.51:184][  0]LogTexture: Default maximum texture size for cubemaps generated from long-lat sources has been changed from 512 to unlimited. In order to preserve old behaiour for '/Engine/MapTemplates/Sky/DaylightAmbientCubemap.DaylightAmbientCubemap', its maximum texture size has been explicitly set to 512.
[2022.05.01-17.56.51:227][  0]LogHMD: PokeAHoleMaterial loaded successfully
[2022.05.01-17.56.51:231][  0]LogUObjectArray: 17178 objects as part of root set at end of initial load.
[2022.05.01-17.56.51:231][  0]LogUObjectAllocator: 4302048 out of 0 bytes used by permanent object pool.
[2022.05.01-17.56.51:231][  0]LogUObjectArray: CloseDisregardForGC: 0/0 objects in disregard for GC pool
[2022.05.01-17.56.51:442][  0]LogNiagaraDebuggerClient: Niagara Debugger Client Initialized | Session: EFB12D5D4387CA7EF2A7A396D3ED6A72 | Instance: 2F073149485631EC974313B4851C88BD (DESKTOP-PATULNA-13776).
[2022.05.01-17.56.51:484][  0]LogPython: Using Python 3.7.7
[2022.05.01-17.56.51:980][  0]LogUdpMessaging: Initializing bridge on interface 0.0.0.0:0 to multicast group 230.0.0.1:6666.
[2022.05.01-17.56.51:986][  0]LogTcpMessaging: Initializing TcpMessaging bridge
[2022.05.01-17.56.52:132][  0]SourceControl: Source control is disabled
[2022.05.01-17.56.52:132][  0]SourceControl: Source control is disabled
[2022.05.01-17.56.52:137][  0]SourceControl: Source control is disabled
[2022.05.01-17.56.52:139][  0]SourceControl: Source control is disabled
[2022.05.01-17.56.52:296][  0]SourceControl: Source control is disabled
[2022.05.01-17.56.52:303][  0]LogUProjectInfo: Found projects:
[2022.05.01-17.56.52:462][  0]LogOpenImageDenoise: OIDN starting up
[2022.05.01-17.56.52:497][  0]LogAndroidPermission: UAndroidPermissionCallbackProxy::GetInstance
[2022.05.01-17.56.52:509][  0]LogAudioCaptureCore: Display: No Audio Capture implementations found. Audio input will be silent.
[2022.05.01-17.56.52:509][  0]LogAudioCaptureCore: Display: No Audio Capture implementations found. Audio input will be silent.
[2022.05.01-17.56.52:613][  0]LogCollectionManager: Loaded 0 collections in 0.000592 seconds
[2022.05.01-17.56.52:633][  0]LogFileCache: Scanning file cache for directory 'E:/DEV Unreal/ShooterGame/ShooterGame/Shooter/Saved/Collections/' took 0.00s
[2022.05.01-17.56.52:633][  0]LogFileCache: Scanning file cache for directory 'E:/DEV Unreal/ShooterGame/ShooterGame/Shooter/Content/Developers/Pablo/Collections/' took 0.00s
[2022.05.01-17.56.52:633][  0]LogFileCache: Scanning file cache for directory 'E:/DEV Unreal/ShooterGame/ShooterGame/Shooter/Content/Collections/' took 0.00s
[2022.05.01-17.56.52:633][  0]LogOcInput: OculusInput pre-init called
[2022.05.01-17.56.52:835][  0]LogEngine: Initializing Engine...
[2022.05.01-17.56.52:837][  0]LogHMD: Failed to enumerate extensions. Please check that you have a valid OpenXR runtime installed.
[2022.05.01-17.56.52:837][  0]LogHMD: Failed to initialize OpenVR with code 110
[2022.05.01-17.56.52:837][  0]LogMagicLeap: Warning: VR disabled because ZI is not enabled.  To enable, in the editor, Edit -> Project Settings -> Plugins -> Magic Leap Plugin -> Enable Zero Iteration
[2022.05.01-17.56.52:838][  0]LogStats: UGameplayTagsManager::InitializeManager -  0.000 s
[2022.05.01-17.56.52:929][  0]LogInit: Initializing FReadOnlyCVARCache
[2022.05.01-17.56.52:935][  0]LogAIModule: Creating AISystem for world Untitled
[2022.05.01-17.56.52:945][  0]LogAudio: Display: Initializing Audio Device Manager...
[2022.05.01-17.56.52:948][  0]LogAudio: Display: Loading Default Audio Settings Objects...
[2022.05.01-17.56.52:948][  0]LogAudio: Display: No default SoundConcurrencyObject specified (or failed to load).
[2022.05.01-17.56.52:949][  0]LogAudio: Display: Audio Device Manager Initialized
[2022.05.01-17.56.52:949][  0]LogAudio: Display: Creating Audio Device:                 Id: 1, Scope: Shared, Realtime: True
[2022.05.01-17.56.52:949][  0]LogAudioMixer: Display: Audio Mixer Platform Settings:
[2022.05.01-17.56.52:949][  0]LogAudioMixer: Display: 	Sample Rate:						  48000
[2022.05.01-17.56.52:949][  0]LogAudioMixer: Display: 	Callback Buffer Frame Size Requested: 1024
[2022.05.01-17.56.52:949][  0]LogAudioMixer: Display: 	Callback Buffer Frame Size To Use:	  1024
[2022.05.01-17.56.52:949][  0]LogAudioMixer: Display: 	Number of buffers to queue:			  2
[2022.05.01-17.56.52:949][  0]LogAudioMixer: Display: 	Max Channels (voices):				  32
[2022.05.01-17.56.52:949][  0]LogAudioMixer: Display: 	Number of Async Source Workers:		  0
[2022.05.01-17.56.52:949][  0]LogAudio: Display: AudioDevice MaxSources: 32
[2022.05.01-17.56.52:949][  0]LogAudio: Display: Audio Spatialization Plugin: None (built-in).
[2022.05.01-17.56.52:949][  0]LogAudio: Display: Audio Reverb Plugin: None (built-in).
[2022.05.01-17.56.52:949][  0]LogAudio: Display: Audio Occlusion Plugin: None (built-in).
[2022.05.01-17.56.52:949][  0]LogAudioMixer: Display: Initializing audio mixer.
[2022.05.01-17.56.52:961][  0]LogAudioMixer: Display: 0: FrontLeft
[2022.05.01-17.56.52:961][  0]LogAudioMixer: Display: 1: FrontRight
[2022.05.01-17.56.52:975][  0]LogAudioMixer: Display: Using Audio Device Altavoces (Realtek High Definition Audio)
[2022.05.01-17.56.52:977][  0]LogAudioMixer: Display: Initializing Sound Submixes...
[2022.05.01-17.56.52:979][  0]LogAudioMixer: Display: Creating Master Submix 'MasterSubmixDefault'
[2022.05.01-17.56.52:979][  0]LogAudioMixer: Display: Creating Master Submix 'MasterReverbSubmixDefault'
[2022.05.01-17.56.52:980][  0]LogAudioMixer: Display: Creating Master Submix 'MasterEQSubmixDefault'
[2022.05.01-17.56.52:980][  0]LogAudioMixer: FMixerPlatformXAudio2::StartAudioStream() called
[2022.05.01-17.56.52:980][  0]LogAudioMixer: Display: Output buffers initialized: Frames=1024, Channels=2, Samples=2048
[2022.05.01-17.56.52:981][  0]LogAudioMixer: Display: Starting AudioMixerPlatformInterface::RunInternal()
[2022.05.01-17.56.52:981][  0]LogAudioMixer: Display: FMixerPlatformXAudio2::SubmitBuffer() called for the first time
[2022.05.01-17.56.52:981][  0]LogInit: FAudioDevice initialized.
[2022.05.01-17.56.52:981][  0]LogAudio: Display: Audio Device (ID: 1) registered with world 'Untitled'.
[2022.05.01-17.56.52:981][  0]LogNetVersion: Set ProjectVersion to 1.0.0.0. Version Checksum will be recalculated on next use.
[2022.05.01-17.56.53:057][  0]LogDerivedDataCache: Saved boot cache 0.08s 94MB C:/Users/Pablo/AppData/Local/UnrealEngine/4.27/DerivedDataCache/Boot.ddc.
[2022.05.01-17.56.53:057][  0]LogInit: Texture streaming: Enabled
[2022.05.01-17.56.53:066][  0]LogAnalytics: Display: [UEEditor.Rocket.Release] APIServer = https://datarouter.ol.epicgames.com/. AppVersion = 4.27.2-18319896+++UE4+Release-4.27
[2022.05.01-17.56.53:073][  0]LogEngineSessionManager: EngineSessionManager initialized
[2022.05.01-17.56.53:073][  0]LogEngineSessionManager: EngineSessionManager sent abnormal shutdown report. Type=AbnormalShutdown, SessionId={B53FE6D7-4E09-0BFA-E79D-B6968CB02CB6}
[2022.05.01-17.56.53:073][  0]LogEditorSessionSummary: Verbose: Initializing EditorSessionSummaryWriter for editor session tracking
[2022.05.01-17.56.53:084][  0]LogEditorSessionSummary: EditorSessionSummaryWriter initialized
[2022.05.01-17.56.53:107][  0]LogInit: Transaction tracking system initialized
[2022.05.01-17.56.53:123][  0]BlueprintLog: New page: Editor Load
[2022.05.01-17.56.53:170][  0]LocalizationService: Localization service is disabled
[2022.05.01-17.56.53:186][  0]TimingProfiler: Initialize
[2022.05.01-17.56.53:186][  0]TimingProfiler: OnSessionChanged
[2022.05.01-17.56.53:186][  0]LoadingProfiler: Initialize
[2022.05.01-17.56.53:186][  0]LoadingProfiler: OnSessionChanged
[2022.05.01-17.56.53:186][  0]NetworkingProfiler: Initialize
[2022.05.01-17.56.53:186][  0]NetworkingProfiler: OnSessionChanged
[2022.05.01-17.56.53:186][  0]MemoryProfiler: Initialize
[2022.05.01-17.56.53:186][  0]MemoryProfiler: OnSessionChanged
[2022.05.01-17.56.53:287][  0]LogCook: Display: CookSettings for Memory: MemoryMaxUsedVirtual 0MiB, MemoryMaxUsedPhysical 16384MiB, MemoryMinFreeVirtual 0MiB, MemoryMinFreePhysical 1024MiB
[2022.05.01-17.56.53:287][  0]LogCook: Display: Mobile HDR setting 1
[2022.05.01-17.56.53:323][  0]LogFileCache: Scanning file cache for directory 'E:/DEV Unreal/ShooterGame/ShooterGame/Shooter/Content/' took 0.01s
[2022.05.01-17.56.53:597][  0]LogInit: Display: Engine is initialized. Leaving FEngineLoop::Init()
[2022.05.01-17.56.53:602][  0]SourceControl: Source control is disabled
[2022.05.01-17.56.53:602][  0]LogUnrealEdMisc: Loading editor; pre map load, took 5.609
[2022.05.01-17.56.53:603][  0]Cmd: MAP LOAD FILE="../../../../../DEV Unreal/ShooterGame/ShooterGame/Shooter/Content/_Game/Maps/DefaultMap.umap" TEMPLATE=0 SHOWPROGRESS=1 FEATURELEVEL=3
[2022.05.01-17.56.53:603][  0]LightingResults: New page: Lighting Build
[2022.05.01-17.56.53:604][  0]LogWorld: UWorld::CleanupWorld for Untitled, bSessionEnded=true, bCleanupResources=true
[2022.05.01-17.56.53:604][  0]LogSlate: InvalidateAllWidgets triggered.  All widgets were invalidated
[2022.05.01-17.56.53:604][  0]MapCheck: New page: Map Check
[2022.05.01-17.56.53:604][  0]LightingResults: New page: Lighting Build
[2022.05.01-17.56.53:608][  0]LogAudio: Display: Audio Device unregistered from world 'None'.
[2022.05.01-17.56.53:610][  0]LogUObjectHash: Compacting FUObjectHashTables data took   0.61ms
[2022.05.01-17.56.53:809][  0]LogTexture: Default maximum texture size for cubemaps generated from long-lat sources has been changed from 512 to unlimited. In order to preserve old behaiour for '/Game/ParagonLtBelica/Characters/Global/Eyes/Textures/T_EpicQuadPanorama_CC.T_EpicQuadPanorama_CC', its maximum texture size has been explicitly set to 512.
[2022.05.01-17.56.54:006][  0]LogSkeletalMesh: Display: [AssetLog] E:\DEV Unreal\ShooterGame\ShooterGame\Shooter\Content\ParagonLtBelica\Characters\Heroes\Belica\Meshes\Belica.uasset: Find and fix some bad tangent! please re-import this skeletal mesh asset to fix the issue. The shading of the skeletal mesh will be bad and faceted.
[2022.05.01-17.56.54:057][  0]LogAudio: Display: Audio Device (ID: 1) registered with world 'DefaultMap'.
[2022.05.01-17.56.54:057][  0]LogAIModule: Creating AISystem for world DefaultMap
[2022.05.01-17.56.54:060][  0]LogEditorServer: Finished looking for orphan Actors (0.000 secs)
[2022.05.01-17.56.54:066][  0]LogUObjectHash: Compacting FUObjectHashTables data took   0.80ms
[2022.05.01-17.56.54:068][  0]Cmd: MAP CHECKDEP NOCLEARLOG
[2022.05.01-17.56.54:068][  0]MapCheck: Map check complete: 0 Error(s), 0 Warning(s), took 0.07ms to complete.
[2022.05.01-17.56.54:068][  0]LogFileHelpers: Loading map 'DefaultMap' took 0.465
[2022.05.01-17.56.54:070][  0]LogUnrealEdMisc: Total Editor Startup Time, took 6.076
[2022.05.01-17.56.54:202][  0]LogSlate: Updating window title bar state: overlay mode, drag disabled, window buttons hidden, title bar hidden
[2022.05.01-17.56.54:209][  0]LogSlate: Updating window title bar state: overlay mode, drag disabled, window buttons hidden, title bar hidden
[2022.05.01-17.56.54:215][  0]LogSlate: Updating window title bar state: overlay mode, drag disabled, window buttons hidden, title bar hidden
[2022.05.01-17.56.54:220][  0]LogSlate: Updating window title bar state: overlay mode, drag disabled, window buttons hidden, title bar hidden
[2022.05.01-17.56.54:236][  0]LogNativeClassHierarchy: Verbose: Native class hierarchy populated in 0.0077 seconds. Added 3825 classes and 930 folders.
[2022.05.01-17.56.54:238][  0]LogNativeClassHierarchy: Verbose: Native class hierarchy updated for 'WidgetCarousel' in 0.0002 seconds. Added 0 classes and 0 folders.
[2022.05.01-17.56.54:239][  0]LogPakFile: PakFile PrimaryIndexSize=187
[2022.05.01-17.56.54:239][  0]LogPakFile: PakFile PathHashIndexSize=101
[2022.05.01-17.56.54:239][  0]LogPakFile: PakFile FullDirectoryIndexSize=148
[2022.05.01-17.56.54:239][  0]LogShaderLibrary: Display: ShaderCodeLibraryPakFileMountedCallback: PakFile 'E:/Unreal/UE_4.27/FeaturePacks/FP_FirstPerson.upack' (chunk index -1, root 'root:/') mounted
[2022.05.01-17.56.54:239][  0]LogShaderLibrary: Display: ShaderCodeLibraryPakFileMountedCallback: pending pak file info (ChunkID:-1 Root:root:/ File:E:/Unreal/UE_4.27/FeaturePacks/FP_FirstPerson.upack)
[2022.05.01-17.56.54:239][  0]LogPakFile: OnPakFileMounted2Time == 0.000064
[2022.05.01-17.56.54:240][  0]LogPakFile: PakFile PrimaryIndexSize=189
[2022.05.01-17.56.54:240][  0]LogPakFile: PakFile PathHashIndexSize=101
[2022.05.01-17.56.54:240][  0]LogPakFile: PakFile FullDirectoryIndexSize=152
[2022.05.01-17.56.54:240][  0]LogShaderLibrary: Display: ShaderCodeLibraryPakFileMountedCallback: PakFile 'E:/Unreal/UE_4.27/FeaturePacks/FP_FirstPersonBP.upack' (chunk index -1, root 'root:/') mounted
[2022.05.01-17.56.54:240][  0]LogShaderLibrary: Display: ShaderCodeLibraryPakFileMountedCallback: pending pak file info (ChunkID:-1 Root:root:/ File:E:/Unreal/UE_4.27/FeaturePacks/FP_FirstPersonBP.upack)
[2022.05.01-17.56.54:240][  0]LogPakFile: OnPakFileMounted2Time == 0.000044
[2022.05.01-17.56.54:240][  0]LogPakFile: PakFile PrimaryIndexSize=191
[2022.05.01-17.56.54:240][  0]LogPakFile: PakFile PathHashIndexSize=101
[2022.05.01-17.56.54:240][  0]LogPakFile: PakFile FullDirectoryIndexSize=160
[2022.05.01-17.56.54:240][  0]LogShaderLibrary: Display: ShaderCodeLibraryPakFileMountedCallback: PakFile 'E:/Unreal/UE_4.27/FeaturePacks/MobileStarterContent.upack' (chunk index -1, root 'root:/') mounted
[2022.05.01-17.56.54:240][  0]LogShaderLibrary: Display: ShaderCodeLibraryPakFileMountedCallback: pending pak file info (ChunkID:-1 Root:root:/ File:E:/Unreal/UE_4.27/FeaturePacks/MobileStarterContent.upack)
[2022.05.01-17.56.54:240][  0]LogPakFile: OnPakFileMounted2Time == 0.000045
[2022.05.01-17.56.54:241][  0]LogPakFile: PakFile PrimaryIndexSize=185
[2022.05.01-17.56.54:241][  0]LogPakFile: PakFile PathHashIndexSize=101
[2022.05.01-17.56.54:241][  0]LogPakFile: PakFile FullDirectoryIndexSize=148
[2022.05.01-17.56.54:241][  0]LogShaderLibrary: Display: ShaderCodeLibraryPakFileMountedCallback: PakFile 'E:/Unreal/UE_4.27/FeaturePacks/StarterContent.upack' (chunk index -1, root 'root:/') mounted
[2022.05.01-17.56.54:241][  0]LogShaderLibrary: Display: ShaderCodeLibraryPakFileMountedCallback: pending pak file info (ChunkID:-1 Root:root:/ File:E:/Unreal/UE_4.27/FeaturePacks/StarterContent.upack)
[2022.05.01-17.56.54:241][  0]LogPakFile: OnPakFileMounted2Time == 0.000041
[2022.05.01-17.56.54:241][  0]LogPakFile: PakFile PrimaryIndexSize=190
[2022.05.01-17.56.54:241][  0]LogPakFile: PakFile PathHashIndexSize=101
[2022.05.01-17.56.54:241][  0]LogPakFile: PakFile FullDirectoryIndexSize=154
[2022.05.01-17.56.54:241][  0]LogShaderLibrary: Display: ShaderCodeLibraryPakFileMountedCallback: PakFile 'E:/Unreal/UE_4.27/FeaturePacks/TP_2DSideScroller.upack' (chunk index -1, root 'root:/') mounted
[2022.05.01-17.56.54:241][  0]LogShaderLibrary: Display: ShaderCodeLibraryPakFileMountedCallback: pending pak file info (ChunkID:-1 Root:root:/ File:E:/Unreal/UE_4.27/FeaturePacks/TP_2DSideScroller.upack)
[2022.05.01-17.56.54:241][  0]LogPakFile: OnPakFileMounted2Time == 0.000040
[2022.05.01-17.56.54:242][  0]LogPakFile: PakFile PrimaryIndexSize=192
[2022.05.01-17.56.54:242][  0]LogPakFile: PakFile PathHashIndexSize=101
[2022.05.01-17.56.54:242][  0]LogPakFile: PakFile FullDirectoryIndexSize=158
[2022.05.01-17.56.54:242][  0]LogShaderLibrary: Display: ShaderCodeLibraryPakFileMountedCallback: PakFile 'E:/Unreal/UE_4.27/FeaturePacks/TP_2DSideScrollerBP.upack' (chunk index -1, root 'root:/') mounted
[2022.05.01-17.56.54:242][  0]LogShaderLibrary: Display: ShaderCodeLibraryPakFileMountedCallback: pending pak file info (ChunkID:-1 Root:root:/ File:E:/Unreal/UE_4.27/FeaturePacks/TP_2DSideScrollerBP.upack)
[2022.05.01-17.56.54:242][  0]LogPakFile: OnPakFileMounted2Time == 0.000039
[2022.05.01-17.56.54:242][  0]LogPakFile: PakFile PrimaryIndexSize=182
[2022.05.01-17.56.54:242][  0]LogPakFile: PakFile PathHashIndexSize=101
[2022.05.01-17.56.54:242][  0]LogPakFile: PakFile FullDirectoryIndexSize=138
[2022.05.01-17.56.54:242][  0]LogShaderLibrary: Display: ShaderCodeLibraryPakFileMountedCallback: PakFile 'E:/Unreal/UE_4.27/FeaturePacks/TP_Flying.upack' (chunk index -1, root 'root:/') mounted
[2022.05.01-17.56.54:242][  0]LogShaderLibrary: Display: ShaderCodeLibraryPakFileMountedCallback: pending pak file info (ChunkID:-1 Root:root:/ File:E:/Unreal/UE_4.27/FeaturePacks/TP_Flying.upack)
[2022.05.01-17.56.54:242][  0]LogPakFile: OnPakFileMounted2Time == 0.000040
[2022.05.01-17.56.54:243][  0]LogPakFile: PakFile PrimaryIndexSize=184
[2022.05.01-17.56.54:243][  0]LogPakFile: PakFile PathHashIndexSize=101
[2022.05.01-17.56.54:243][  0]LogPakFile: PakFile FullDirectoryIndexSize=142
[2022.05.01-17.56.54:243][  0]LogShaderLibrary: Display: ShaderCodeLibraryPakFileMountedCallback: PakFile 'E:/Unreal/UE_4.27/FeaturePacks/TP_FlyingBP.upack' (chunk index -1, root 'root:/') mounted
[2022.05.01-17.56.54:243][  0]LogShaderLibrary: Display: ShaderCodeLibraryPakFileMountedCallback: pending pak file info (ChunkID:-1 Root:root:/ File:E:/Unreal/UE_4.27/FeaturePacks/TP_FlyingBP.upack)
[2022.05.01-17.56.54:243][  0]LogPakFile: OnPakFileMounted2Time == 0.000044
[2022.05.01-17.56.54:244][  0]LogPakFile: PakFile PrimaryIndexSize=188
[2022.05.01-17.56.54:244][  0]LogPakFile: PakFile PathHashIndexSize=101
[2022.05.01-17.56.54:244][  0]LogPakFile: PakFile FullDirectoryIndexSize=150
[2022.05.01-17.56.54:244][  0]LogShaderLibrary: Display: ShaderCodeLibraryPakFileMountedCallback: PakFile 'E:/Unreal/UE_4.27/FeaturePacks/TP_HandheldARBP.upack' (chunk index -1, root 'root:/') mounted
[2022.05.01-17.56.54:244][  0]LogShaderLibrary: Display: ShaderCodeLibraryPakFileMountedCallback: pending pak file info (ChunkID:-1 Root:root:/ File:E:/Unreal/UE_4.27/FeaturePacks/TP_HandheldARBP.upack)
[2022.05.01-17.56.54:244][  0]LogPakFile: OnPakFileMounted2Time == 0.000038
[2022.05.01-17.56.54:244][  0]LogPakFile: PakFile PrimaryIndexSize=182
[2022.05.01-17.56.54:244][  0]LogPakFile: PakFile PathHashIndexSize=101
[2022.05.01-17.56.54:244][  0]LogPakFile: PakFile FullDirectoryIndexSize=138
[2022.05.01-17.56.54:244][  0]LogShaderLibrary: Display: ShaderCodeLibraryPakFileMountedCallback: PakFile 'E:/Unreal/UE_4.27/FeaturePacks/TP_Puzzle.upack' (chunk index -1, root 'root:/') mounted
[2022.05.01-17.56.54:244][  0]LogShaderLibrary: Display: ShaderCodeLibraryPakFileMountedCallback: pending pak file info (ChunkID:-1 Root:root:/ File:E:/Unreal/UE_4.27/FeaturePacks/TP_Puzzle.upack)
[2022.05.01-17.56.54:244][  0]LogPakFile: OnPakFileMounted2Time == 0.000039
[2022.05.01-17.56.54:245][  0]LogPakFile: PakFile PrimaryIndexSize=184
[2022.05.01-17.56.54:245][  0]LogPakFile: PakFile PathHashIndexSize=101
[2022.05.01-17.56.54:245][  0]LogPakFile: PakFile FullDirectoryIndexSize=142
[2022.05.01-17.56.54:245][  0]LogShaderLibrary: Display: ShaderCodeLibraryPakFileMountedCallback: PakFile 'E:/Unreal/UE_4.27/FeaturePacks/TP_PuzzleBP.upack' (chunk index -1, root 'root:/') mounted
[2022.05.01-17.56.54:245][  0]LogShaderLibrary: Display: ShaderCodeLibraryPakFileMountedCallback: pending pak file info (ChunkID:-1 Root:root:/ File:E:/Unreal/UE_4.27/FeaturePacks/TP_PuzzleBP.upack)
[2022.05.01-17.56.54:245][  0]LogPakFile: OnPakFileMounted2Time == 0.000044
[2022.05.01-17.56.54:245][  0]LogPakFile: PakFile PrimaryIndexSize=183
[2022.05.01-17.56.54:245][  0]LogPakFile: PakFile PathHashIndexSize=101
[2022.05.01-17.56.54:246][  0]LogPakFile: PakFile FullDirectoryIndexSize=140
[2022.05.01-17.56.54:246][  0]LogShaderLibrary: Display: ShaderCodeLibraryPakFileMountedCallback: PakFile 'E:/Unreal/UE_4.27/FeaturePacks/TP_Rolling.upack' (chunk index -1, root 'root:/') mounted
[2022.05.01-17.56.54:246][  0]LogShaderLibrary: Display: ShaderCodeLibraryPakFileMountedCallback: pending pak file info (ChunkID:-1 Root:root:/ File:E:/Unreal/UE_4.27/FeaturePacks/TP_Rolling.upack)
[2022.05.01-17.56.54:246][  0]LogPakFile: OnPakFileMounted2Time == 0.000041
[2022.05.01-17.56.54:246][  0]LogPakFile: PakFile PrimaryIndexSize=185
[2022.05.01-17.56.54:246][  0]LogPakFile: PakFile PathHashIndexSize=101
[2022.05.01-17.56.54:246][  0]LogPakFile: PakFile FullDirectoryIndexSize=144
[2022.05.01-17.56.54:246][  0]LogShaderLibrary: Display: ShaderCodeLibraryPakFileMountedCallback: PakFile 'E:/Unreal/UE_4.27/FeaturePacks/TP_RollingBP.upack' (chunk index -1, root 'root:/') mounted
[2022.05.01-17.56.54:246][  0]LogShaderLibrary: Display: ShaderCodeLibraryPakFileMountedCallback: pending pak file info (ChunkID:-1 Root:root:/ File:E:/Unreal/UE_4.27/FeaturePacks/TP_RollingBP.upack)
[2022.05.01-17.56.54:246][  0]LogPakFile: OnPakFileMounted2Time == 0.000038
[2022.05.01-17.56.54:247][  0]LogPakFile: PakFile PrimaryIndexSize=188
[2022.05.01-17.56.54:247][  0]LogPakFile: PakFile PathHashIndexSize=101
[2022.05.01-17.56.54:247][  0]LogPakFile: PakFile FullDirectoryIndexSize=150
[2022.05.01-17.56.54:247][  0]LogShaderLibrary: Display: ShaderCodeLibraryPakFileMountedCallback: PakFile 'E:/Unreal/UE_4.27/FeaturePacks/TP_SideScroller.upack' (chunk index -1, root 'root:/') mounted
[2022.05.01-17.56.54:247][  0]LogShaderLibrary: Display: ShaderCodeLibraryPakFileMountedCallback: pending pak file info (ChunkID:-1 Root:root:/ File:E:/Unreal/UE_4.27/FeaturePacks/TP_SideScroller.upack)
[2022.05.01-17.56.54:247][  0]LogPakFile: OnPakFileMounted2Time == 0.000043
[2022.05.01-17.56.54:247][  0]LogPakFile: PakFile PrimaryIndexSize=190
[2022.05.01-17.56.54:247][  0]LogPakFile: PakFile PathHashIndexSize=101
[2022.05.01-17.56.54:247][  0]LogPakFile: PakFile FullDirectoryIndexSize=154
[2022.05.01-17.56.54:247][  0]LogShaderLibrary: Display: ShaderCodeLibraryPakFileMountedCallback: PakFile 'E:/Unreal/UE_4.27/FeaturePacks/TP_SideScrollerBP.upack' (chunk index -1, root 'root:/') mounted
[2022.05.01-17.56.54:247][  0]LogShaderLibrary: Display: ShaderCodeLibraryPakFileMountedCallback: pending pak file info (ChunkID:-1 Root:root:/ File:E:/Unreal/UE_4.27/FeaturePacks/TP_SideScrollerBP.upack)
[2022.05.01-17.56.54:247][  0]LogPakFile: OnPakFileMounted2Time == 0.000041
[2022.05.01-17.56.54:248][  0]LogPakFile: PakFile PrimaryIndexSize=187
[2022.05.01-17.56.54:248][  0]LogPakFile: PakFile PathHashIndexSize=101
[2022.05.01-17.56.54:248][  0]LogPakFile: PakFile FullDirectoryIndexSize=148
[2022.05.01-17.56.54:248][  0]LogShaderLibrary: Display: ShaderCodeLibraryPakFileMountedCallback: PakFile 'E:/Unreal/UE_4.27/FeaturePacks/TP_ThirdPerson.upack' (chunk index -1, root 'root:/') mounted
[2022.05.01-17.56.54:248][  0]LogShaderLibrary: Display: ShaderCodeLibraryPakFileMountedCallback: pending pak file info (ChunkID:-1 Root:root:/ File:E:/Unreal/UE_4.27/FeaturePacks/TP_ThirdPerson.upack)
[2022.05.01-17.56.54:248][  0]LogPakFile: OnPakFileMounted2Time == 0.000038
[2022.05.01-17.56.54:248][  0]LogPakFile: PakFile PrimaryIndexSize=189
[2022.05.01-17.56.54:248][  0]LogPakFile: PakFile PathHashIndexSize=101
[2022.05.01-17.56.54:248][  0]LogPakFile: PakFile FullDirectoryIndexSize=152
[2022.05.01-17.56.54:248][  0]LogShaderLibrary: Display: ShaderCodeLibraryPakFileMountedCallback: PakFile 'E:/Unreal/UE_4.27/FeaturePacks/TP_ThirdPersonBP.upack' (chunk index -1, root 'root:/') mounted
[2022.05.01-17.56.54:248][  0]LogShaderLibrary: Display: ShaderCodeLibraryPakFileMountedCallback: pending pak file info (ChunkID:-1 Root:root:/ File:E:/Unreal/UE_4.27/FeaturePacks/TP_ThirdPersonBP.upack)
[2022.05.01-17.56.54:248][  0]LogPakFile: OnPakFileMounted2Time == 0.000039
[2022.05.01-17.56.54:249][  0]LogPakFile: PakFile PrimaryIndexSize=183
[2022.05.01-17.56.54:249][  0]LogPakFile: PakFile PathHashIndexSize=101
[2022.05.01-17.56.54:249][  0]LogPakFile: PakFile FullDirectoryIndexSize=140
[2022.05.01-17.56.54:249][  0]LogShaderLibrary: Display: ShaderCodeLibraryPakFileMountedCallback: PakFile 'E:/Unreal/UE_4.27/FeaturePacks/TP_TopDown.upack' (chunk index -1, root 'root:/') mounted
[2022.05.01-17.56.54:249][  0]LogShaderLibrary: Display: ShaderCodeLibraryPakFileMountedCallback: pending pak file info (ChunkID:-1 Root:root:/ File:E:/Unreal/UE_4.27/FeaturePacks/TP_TopDown.upack)
[2022.05.01-17.56.54:249][  0]LogPakFile: OnPakFileMounted2Time == 0.000044
[2022.05.01-17.56.54:249][  0]LogPakFile: PakFile PrimaryIndexSize=185
[2022.05.01-17.56.54:249][  0]LogPakFile: PakFile PathHashIndexSize=101
[2022.05.01-17.56.54:250][  0]LogPakFile: PakFile FullDirectoryIndexSize=144
[2022.05.01-17.56.54:250][  0]LogShaderLibrary: Display: ShaderCodeLibraryPakFileMountedCallback: PakFile 'E:/Unreal/UE_4.27/FeaturePacks/TP_TopDownBP.upack' (chunk index -1, root 'root:/') mounted
[2022.05.01-17.56.54:250][  0]LogShaderLibrary: Display: ShaderCodeLibraryPakFileMountedCallback: pending pak file info (ChunkID:-1 Root:root:/ File:E:/Unreal/UE_4.27/FeaturePacks/TP_TopDownBP.upack)
[2022.05.01-17.56.54:250][  0]LogPakFile: OnPakFileMounted2Time == 0.000085
[2022.05.01-17.56.54:250][  0]LogPakFile: PakFile PrimaryIndexSize=185
[2022.05.01-17.56.54:250][  0]LogPakFile: PakFile PathHashIndexSize=101
[2022.05.01-17.56.54:250][  0]LogPakFile: PakFile FullDirectoryIndexSize=144
[2022.05.01-17.56.54:250][  0]LogShaderLibrary: Display: ShaderCodeLibraryPakFileMountedCallback: PakFile 'E:/Unreal/UE_4.27/FeaturePacks/TP_TwinStick.upack' (chunk index -1, root 'root:/') mounted
[2022.05.01-17.56.54:250][  0]LogShaderLibrary: Display: ShaderCodeLibraryPakFileMountedCallback: pending pak file info (ChunkID:-1 Root:root:/ File:E:/Unreal/UE_4.27/FeaturePacks/TP_TwinStick.upack)
[2022.05.01-17.56.54:250][  0]LogPakFile: OnPakFileMounted2Time == 0.000039
[2022.05.01-17.56.54:251][  0]LogPakFile: PakFile PrimaryIndexSize=187
[2022.05.01-17.56.54:251][  0]LogPakFile: PakFile PathHashIndexSize=101
[2022.05.01-17.56.54:251][  0]LogPakFile: PakFile FullDirectoryIndexSize=148
[2022.05.01-17.56.54:251][  0]LogShaderLibrary: Display: ShaderCodeLibraryPakFileMountedCallback: PakFile 'E:/Unreal/UE_4.27/FeaturePacks/TP_TwinStickBP.upack' (chunk index -1, root 'root:/') mounted
[2022.05.01-17.56.54:251][  0]LogShaderLibrary: Display: ShaderCodeLibraryPakFileMountedCallback: pending pak file info (ChunkID:-1 Root:root:/ File:E:/Unreal/UE_4.27/FeaturePacks/TP_TwinStickBP.upack)
[2022.05.01-17.56.54:251][  0]LogPakFile: OnPakFileMounted2Time == 0.000039
[2022.05.01-17.56.54:251][  0]LogPakFile: PakFile PrimaryIndexSize=183
[2022.05.01-17.56.54:251][  0]LogPakFile: PakFile PathHashIndexSize=101
[2022.05.01-17.56.54:251][  0]LogPakFile: PakFile FullDirectoryIndexSize=140
[2022.05.01-17.56.54:251][  0]LogShaderLibrary: Display: ShaderCodeLibraryPakFileMountedCallback: PakFile 'E:/Unreal/UE_4.27/FeaturePacks/TP_Vehicle.upack' (chunk index -1, root 'root:/') mounted
[2022.05.01-17.56.54:251][  0]LogShaderLibrary: Display: ShaderCodeLibraryPakFileMountedCallback: pending pak file info (ChunkID:-1 Root:root:/ File:E:/Unreal/UE_4.27/FeaturePacks/TP_Vehicle.upack)
[2022.05.01-17.56.54:251][  0]LogPakFile: OnPakFileMounted2Time == 0.000038
[2022.05.01-17.56.54:252][  0]LogPakFile: PakFile PrimaryIndexSize=186
[2022.05.01-17.56.54:252][  0]LogPakFile: PakFile PathHashIndexSize=101
[2022.05.01-17.56.54:252][  0]LogPakFile: PakFile FullDirectoryIndexSize=146
[2022.05.01-17.56.54:252][  0]LogShaderLibrary: Display: ShaderCodeLibraryPakFileMountedCallback: PakFile 'E:/Unreal/UE_4.27/FeaturePacks/TP_VehicleAdv.upack' (chunk index -1, root 'root:/') mounted
[2022.05.01-17.56.54:252][  0]LogShaderLibrary: Display: ShaderCodeLibraryPakFileMountedCallback: pending pak file info (ChunkID:-1 Root:root:/ File:E:/Unreal/UE_4.27/FeaturePacks/TP_VehicleAdv.upack)
[2022.05.01-17.56.54:252][  0]LogPakFile: OnPakFileMounted2Time == 0.000070
[2022.05.01-17.56.54:252][  0]LogPakFile: PakFile PrimaryIndexSize=188
[2022.05.01-17.56.54:252][  0]LogPakFile: PakFile PathHashIndexSize=101
[2022.05.01-17.56.54:252][  0]LogPakFile: PakFile FullDirectoryIndexSize=150
[2022.05.01-17.56.54:252][  0]LogShaderLibrary: Display: ShaderCodeLibraryPakFileMountedCallback: PakFile 'E:/Unreal/UE_4.27/FeaturePacks/TP_VehicleAdvBP.upack' (chunk index -1, root 'root:/') mounted
[2022.05.01-17.56.54:252][  0]LogShaderLibrary: Display: ShaderCodeLibraryPakFileMountedCallback: pending pak file info (ChunkID:-1 Root:root:/ File:E:/Unreal/UE_4.27/FeaturePacks/TP_VehicleAdvBP.upack)
[2022.05.01-17.56.54:253][  0]LogPakFile: OnPakFileMounted2Time == 0.000040
[2022.05.01-17.56.54:253][  0]LogPakFile: PakFile PrimaryIndexSize=185
[2022.05.01-17.56.54:253][  0]LogPakFile: PakFile PathHashIndexSize=101
[2022.05.01-17.56.54:253][  0]LogPakFile: PakFile FullDirectoryIndexSize=144
[2022.05.01-17.56.54:253][  0]LogShaderLibrary: Display: ShaderCodeLibraryPakFileMountedCallback: PakFile 'E:/Unreal/UE_4.27/FeaturePacks/TP_VehicleBP.upack' (chunk index -1, root 'root:/') mounted
[2022.05.01-17.56.54:253][  0]LogShaderLibrary: Display: ShaderCodeLibraryPakFileMountedCallback: pending pak file info (ChunkID:-1 Root:root:/ File:E:/Unreal/UE_4.27/FeaturePacks/TP_VehicleBP.upack)
[2022.05.01-17.56.54:253][  0]LogPakFile: OnPakFileMounted2Time == 0.000065
[2022.05.01-17.56.54:254][  0]LogPakFile: PakFile PrimaryIndexSize=192
[2022.05.01-17.56.54:254][  0]LogPakFile: PakFile PathHashIndexSize=101
[2022.05.01-17.56.54:254][  0]LogPakFile: PakFile FullDirectoryIndexSize=158
[2022.05.01-17.56.54:254][  0]LogShaderLibrary: Display: ShaderCodeLibraryPakFileMountedCallback: PakFile 'E:/Unreal/UE_4.27/FeaturePacks/TP_VirtualRealityBP.upack' (chunk index -1, root 'root:/') mounted
[2022.05.01-17.56.54:254][  0]LogShaderLibrary: Display: ShaderCodeLibraryPakFileMountedCallback: pending pak file info (ChunkID:-1 Root:root:/ File:E:/Unreal/UE_4.27/FeaturePacks/TP_VirtualRealityBP.upack)
[2022.05.01-17.56.54:254][  0]LogPakFile: OnPakFileMounted2Time == 0.000040
[2022.05.01-17.56.54:288][  0]LogNativeClassHierarchy: Verbose: Native class hierarchy updated for 'AddContentDialog' in 0.0002 seconds. Added 0 classes and 0 folders.
[2022.05.01-17.56.54:292][  0]LogNativeClassHierarchy: Verbose: Native class hierarchy updated for 'SceneOutliner' in 0.0002 seconds. Added 2 classes and 0 folders.
[2022.05.01-17.56.54:395][  0]LogSlate: Took 0.000128 seconds to synchronously load lazily loaded font '../../../Engine/Content/Slate/Fonts/Roboto-Regular.ttf' (155K)
[2022.05.01-17.56.55:082][  0]LogSlate: Only BGRA pngs, bmps or icos are supported in by External Image Picker
[2022.05.01-17.56.55:153][  0]LogSlate: Took 0.000142 seconds to synchronously load lazily loaded font '../../../Engine/Content/Editor/Slate/Fonts/FontAwesome.ttf' (139K)
[2022.05.01-17.56.55:154][  0]LogSlate: Took 0.000099 seconds to synchronously load lazily loaded font '../../../Engine/Content/Slate/Fonts/Roboto-Bold.ttf' (160K)
[2022.05.01-17.56.55:227][  0]LogRenderer: Reallocating scene render targets to support 1124x500 Format 10 NumSamples 1 (Frame:1).
[2022.05.01-17.56.55:260][  0]LogSlate: Took 0.000112 seconds to synchronously load lazily loaded font '../../../Engine/Content/Slate/Fonts/Roboto-Light.ttf' (167K)
[2022.05.01-17.56.55:297][  0]LogNativeClassHierarchy: Verbose: Native class hierarchy updated for 'HierarchicalLODOutliner' in 0.0002 seconds. Added 0 classes and 0 folders.
[2022.05.01-17.56.55:297][  0]LogLoad: (Engine Initialization) Total time: 7.30 seconds
[2022.05.01-17.56.55:297][  0]LogLoad: (Engine Initialization) Total Blueprint compile time: 0.00 seconds
[2022.05.01-17.56.55:365][  0]LogAssetRegistry: Asset discovery search completed in 4.8022 seconds
[2022.05.01-17.56.55:370][  0]LogCollectionManager: Fixed up redirectors for 0 collections in 0.000003 seconds (updated 0 objects)
[2022.05.01-17.56.55:371][  0]LogContentStreaming: Texture pool size now 1000 MB
[2022.05.01-17.56.56:967][180]LogTemp: Repeating last play command: Selected Viewport
[2022.05.01-17.56.56:975][180]LogPlayLevel: PlayLevel: No blueprints needed recompiling
[2022.05.01-17.56.56:976][180]PIE: New page: PIE session: DefaultMap (May 1, 2022, 11:56:56 AM)
[2022.05.01-17.56.56:977][180]LogOnline: OSS: Creating online subsystem instance for: NULL
[2022.05.01-17.56.56:978][180]LogOnline: OSS: TryLoadSubsystemAndSetDefault: Loaded subsystem for module [NULL]
[2022.05.01-17.56.56:978][180]LogPlayLevel: Creating play world package: /Game/_Game/Maps/UEDPIE_0_DefaultMap
[2022.05.01-17.56.56:980][180]LogPlayLevel: PIE: StaticDuplicateObject took: (0.001997s)
[2022.05.01-17.56.56:981][180]LogAIModule: Creating AISystem for world DefaultMap
[2022.05.01-17.56.56:981][180]LogPlayLevel: PIE: World Init took: (0.001013s)
[2022.05.01-17.56.56:981][180]LogPlayLevel: PIE: Created PIE world by copying editor world from /Game/_Game/Maps/DefaultMap.DefaultMap to /Game/_Game/Maps/UEDPIE_0_DefaultMap.DefaultMap (0.003150s)
[2022.05.01-17.56.56:987][180]LogUObjectHash: Compacting FUObjectHashTables data took   0.57ms
[2022.05.01-17.56.56:988][180]LogAudio: Display: Creating Audio Device:                 Id: 2, Scope: Unique, Realtime: True
[2022.05.01-17.56.56:988][180]LogAudioMixer: Display: Audio Mixer Platform Settings:
[2022.05.01-17.56.56:988][180]LogAudioMixer: Display: 	Sample Rate:						  48000
[2022.05.01-17.56.56:988][180]LogAudioMixer: Display: 	Callback Buffer Frame Size Requested: 1024
[2022.05.01-17.56.56:988][180]LogAudioMixer: Display: 	Callback Buffer Frame Size To Use:	  1024
[2022.05.01-17.56.56:988][180]LogAudioMixer: Display: 	Number of buffers to queue:			  2
[2022.05.01-17.56.56:988][180]LogAudioMixer: Display: 	Max Channels (voices):				  32
[2022.05.01-17.56.56:988][180]LogAudioMixer: Display: 	Number of Async Source Workers:		  0
[2022.05.01-17.56.56:988][180]LogAudio: Display: AudioDevice MaxSources: 32
[2022.05.01-17.56.56:989][180]LogAudio: Display: Audio Spatialization Plugin: None (built-in).
[2022.05.01-17.56.56:989][180]LogAudio: Display: Audio Reverb Plugin: None (built-in).
[2022.05.01-17.56.56:989][180]LogAudio: Display: Audio Occlusion Plugin: None (built-in).
[2022.05.01-17.56.56:989][180]LogAudioMixer: Display: Initializing audio mixer.
[2022.05.01-17.56.56:994][180]LogAudioMixer: Display: 0: FrontLeft
[2022.05.01-17.56.56:994][180]LogAudioMixer: Display: 1: FrontRight
[2022.05.01-17.56.56:999][180]LogAudioMixer: Display: Using Audio Device Altavoces (Realtek High Definition Audio)
[2022.05.01-17.56.56:999][180]LogAudioMixer: Display: Initializing Sound Submixes...
[2022.05.01-17.56.56:999][180]LogAudioMixer: Display: Creating Master Submix 'MasterSubmixDefault'
[2022.05.01-17.56.56:999][180]LogAudioMixer: Display: Creating Master Submix 'MasterReverbSubmixDefault'
[2022.05.01-17.56.57:000][180]LogAudioMixer: Display: Creating Master Submix 'MasterEQSubmixDefault'
[2022.05.01-17.56.57:000][180]LogAudioMixer: FMixerPlatformXAudio2::StartAudioStream() called
[2022.05.01-17.56.57:000][180]LogAudioMixer: Display: Output buffers initialized: Frames=1024, Channels=2, Samples=2048
[2022.05.01-17.56.57:001][180]LogAudioMixer: Display: Starting AudioMixerPlatformInterface::RunInternal()
[2022.05.01-17.56.57:001][180]LogAudioMixer: Display: FMixerPlatformXAudio2::SubmitBuffer() called for the first time
[2022.05.01-17.56.57:001][180]LogInit: FAudioDevice initialized.
[2022.05.01-17.56.57:001][180]LogAudio: Display: Audio Device (ID: 2) registered with world 'DefaultMap'.
[2022.05.01-17.56.57:014][180]LogLoad: Game class is 'BP_ShooterGameModeBase_C'
[2022.05.01-17.56.57:016][180]LogWorld: Bringing World /Game/_Game/Maps/UEDPIE_0_DefaultMap.DefaultMap up for play (max tick rate 0) at 2022.05.01-14.56.57
[2022.05.01-17.56.57:016][180]LogWorld: Bringing up level for play took: 0.000404
[2022.05.01-17.56.57:016][180]LogOnline: OSS: Creating online subsystem instance for: :Context_2
[2022.05.01-17.56.57:019][180]LogNativeClassHierarchy: Verbose: Native class hierarchy updated for 'MovieSceneCapture' in 0.0003 seconds. Added 20 classes and 0 folders.
[2022.05.01-17.56.57:022][180]PIE: Server logged in
[2022.05.01-17.56.57:023][180]PIE: Play in editor total start time 0.053 seconds.
[2022.05.01-17.57.13:028][ 93]LogSlate: Updating window title bar state: overlay mode, drag disabled, window buttons hidden, title bar hidden
[2022.05.01-17.57.13:028][ 93]LogWorld: BeginTearingDown for /Game/_Game/Maps/UEDPIE_0_DefaultMap
[2022.05.01-17.57.13:028][ 93]LogWorld: UWorld::CleanupWorld for DefaultMap, bSessionEnded=true, bCleanupResources=true
[2022.05.01-17.57.13:028][ 93]LogSlate: InvalidateAllWidgets triggered.  All widgets were invalidated
[2022.05.01-17.57.13:036][ 93]LogPlayLevel: Display: Shutting down PIE online subsystems
[2022.05.01-17.57.13:038][ 93]LogSlate: InvalidateAllWidgets triggered.  All widgets were invalidated
[2022.05.01-17.57.13:042][ 93]LogAudio: Display: Audio Device unregistered from world 'None'.
[2022.05.01-17.57.13:042][ 93]LogAudioMixer: FMixerPlatformXAudio2::StopAudioStream() called
[2022.05.01-17.57.13:043][ 93]LogAudioMixer: FMixerPlatformXAudio2::StopAudioStream() called
[2022.05.01-17.57.13:045][ 93]LogSlate: Updating window title bar state: overlay mode, drag disabled, window buttons hidden, title bar hidden
[2022.05.01-17.57.13:047][ 93]LogUObjectHash: Compacting FUObjectHashTables data took   0.63ms
[2022.05.01-17.57.13:088][ 96]LogPlayLevel: Display: Destroying online subsystem :Context_2
