Log file open, 05/01/22 14:59:08
LogWindows: Failed to load 'aqProf.dll' (GetLastError=126)
LogWindows: File 'aqProf.dll' does not exist
LogWindows: Failed to load 'VtuneApi.dll' (GetLastError=126)
LogWindows: File 'VtuneApi.dll' does not exist
LogWindows: Failed to load 'VtuneApi32e.dll' (GetLastError=126)
LogWindows: File 'VtuneApi32e.dll' does not exist
LogConsoleResponse: Display: Failed to find resolution value strings in scalability ini. Falling back to default.
LogConsoleResponse: Display: Failed to find resolution value strings in scalability ini. Falling back to default.
LogInit: Display: Running engine for game: Shooter
LogPlatformFile: Not using cached read wrapper
LogTaskGraph: Started task graph with 5 named threads and 35 total threads with 3 sets of task threads.
LogStats: Stats thread started at 0.208390
LogICUInternationalization: ICU TimeZone Detection - Raw Offset: -3:00, Platform Override: ''
LogInit: Display: Loading text-based GConfig....
LogPluginManager: Mounting plugin MeshPainting
LogPluginManager: Mounting plugin XGEController
LogPluginManager: Mounting plugin Paper2D
LogPluginManager: Mounting plugin EnvironmentQueryEditor
LogPluginManager: Mounting plugin AISupport
LogPluginManager: Mounting plugin LightPropagationVolume
LogPluginManager: Mounting plugin LiveLink
LogPluginManager: Mounting plugin CameraShakePreviewer
LogPluginManager: Mounting plugin GameplayCameras
LogPluginManager: Mounting plugin OodleNetwork
LogPluginManager: Mounting plugin OodleData
LogPluginManager: Mounting plugin DatasmithContent
LogPluginManager: Mounting plugin AlembicImporter
LogPluginManager: Mounting plugin BackChannel
LogPluginManager: Mounting plugin AutomationUtils
LogPluginManager: Mounting plugin AssetManagerEditor
LogPluginManager: Mounting plugin ChaosClothEditor
LogPluginManager: Mounting plugin ChaosCloth
LogPluginManager: Mounting plugin VariantManagerContent
LogPluginManager: Mounting plugin ChaosEditor
LogPluginManager: Mounting plugin ChaosNiagara
LogPluginManager: Mounting plugin CharacterAI
LogPluginManager: Mounting plugin ChaosSolverPlugin
LogPluginManager: Mounting plugin AnimationSharing
LogPluginManager: Mounting plugin CLionSourceCodeAccess
LogPluginManager: Mounting plugin GeometryCache
LogPluginManager: Mounting plugin GeometryCollectionPlugin
LogPluginManager: Mounting plugin CryptoKeys
LogPluginManager: Mounting plugin CurveEditorTools
LogPluginManager: Mounting plugin DataValidation
LogPluginManager: Mounting plugin FacialAnimation
LogPluginManager: Mounting plugin MacGraphicsSwitching
LogPluginManager: Mounting plugin GeometryMode
LogPluginManager: Mounting plugin GameplayTagsEditor
LogPluginManager: Mounting plugin MaterialAnalyzer
LogPluginManager: Mounting plugin CodeLiteSourceCodeAccess
LogPluginManager: Mounting plugin MobileLauncherProfileWizard
LogPluginManager: Mounting plugin KDevelopSourceCodeAccess
LogPluginManager: Mounting plugin GitSourceControl
LogPluginManager: Mounting plugin NullSourceCodeAccess
LogPluginManager: Mounting plugin PluginBrowser
LogPluginManager: Mounting plugin PerforceSourceControl
LogPluginManager: Mounting plugin PixWinPlugin
LogPluginManager: Mounting plugin SpeedTreeImporter
LogPluginManager: Mounting plugin PropertyAccessNode
LogPluginManager: Mounting plugin PluginUtils
LogPluginManager: Mounting plugin PlasticSourceControl
LogPluginManager: Mounting plugin RiderLink
LogPluginManager: Mounting plugin SubversionSourceControl
LogPluginManager: Mounting plugin RiderSourceCodeAccess
LogPluginManager: Mounting plugin TextureFormatOodle
LogPluginManager: Mounting plugin GeometryProcessing
LogPluginManager: Mounting plugin Niagara
LogPluginManager: Mounting plugin UObjectPlugin
LogPluginManager: Mounting plugin VisualStudioCodeSourceCodeAccess
LogPluginManager: Mounting plugin VisualStudioSourceCodeAccess
LogPluginManager: Mounting plugin XCodeSourceCodeAccess
LogPluginManager: Mounting plugin MotoSynth
LogPluginManager: Mounting plugin OpenImageDenoise
LogPluginManager: Mounting plugin PlanarCut
LogPluginManager: Mounting plugin PlatformCrypto
LogPluginManager: Mounting plugin PythonScriptPlugin
LogPluginManager: Mounting plugin ProxyLODPlugin
LogPluginManager: Mounting plugin AndroidMedia
LogPluginManager: Mounting plugin AvfMedia
LogPluginManager: Mounting plugin SkeletalReduction
LogPluginManager: Mounting plugin ImgMedia
LogPluginManager: Mounting plugin MediaCompositing
LogPluginManager: Mounting plugin MediaPlayerEditor
LogPluginManager: Mounting plugin WebMMedia
LogPluginManager: Mounting plugin WmfMedia
LogPluginManager: Mounting plugin LuminPlatformFeatures
LogPluginManager: Mounting plugin MagicLeap
LogPluginManager: Mounting plugin MagicLeapMedia
LogPluginManager: Mounting plugin MagicLeapLightEstimation
LogPluginManager: Mounting plugin MagicLeapPassableWorld
LogPluginManager: Mounting plugin MLSDK
LogPluginManager: Mounting plugin TcpMessaging
LogPluginManager: Mounting plugin UdpMessaging
LogPluginManager: Mounting plugin ActorSequence
LogPluginManager: Mounting plugin MatineeToLevelSequence
LogPluginManager: Mounting plugin LevelSequenceEditor
LogPluginManager: Mounting plugin TemplateSequence
LogPluginManager: Mounting plugin OnlineSubsystem
LogPluginManager: Mounting plugin OnlineSubsystemNull
LogPluginManager: Mounting plugin OnlineSubsystemUtils
LogPluginManager: Mounting plugin ActorLayerUtilities
LogPluginManager: Mounting plugin LauncherChunkInstaller
LogPluginManager: Mounting plugin AndroidDeviceProfileSelector
LogPluginManager: Mounting plugin AndroidMoviePlayer
LogPluginManager: Mounting plugin AndroidPermission
LogPluginManager: Mounting plugin AppleImageUtils
LogPluginManager: Mounting plugin AppleMoviePlayer
LogPluginManager: Mounting plugin ArchVisCharacter
LogPluginManager: Mounting plugin AssetTags
LogPluginManager: Mounting plugin AudioCapture
LogPluginManager: Mounting plugin AudioSynesthesia
LogPluginManager: Mounting plugin ChunkDownloader
LogPluginManager: Mounting plugin CableComponent
LogPluginManager: Mounting plugin CustomMeshComponent
LogPluginManager: Mounting plugin EditableMesh
LogPluginManager: Mounting plugin ExampleDeviceProfileSelector
LogPluginManager: Mounting plugin GooglePAD
LogPluginManager: Mounting plugin GoogleCloudMessaging
LogPluginManager: Mounting plugin ScreenshotTools
LogPluginManager: Mounting plugin IOSDeviceProfileSelector
LogPluginManager: Mounting plugin LinuxDeviceProfileSelector
LogPluginManager: Mounting plugin LocationServicesBPLibrary
LogPluginManager: Mounting plugin MobilePatchingUtils
LogPluginManager: Mounting plugin OpenXR
LogPluginManager: Mounting plugin OpenXRHandTracking
LogPluginManager: Mounting plugin OpenXREyeTracker
LogPluginManager: Mounting plugin PhysXVehicles
LogPluginManager: Mounting plugin PostSplashScreen
LogPluginManager: Mounting plugin PropertyAccessEditor
LogPluginManager: Mounting plugin ProceduralMeshComponent
LogPluginManager: Mounting plugin RuntimePhysXCooking
LogPluginManager: Mounting plugin SignificanceManager
LogPluginManager: Mounting plugin SoundFields
LogPluginManager: Mounting plugin WebMMoviePlayer
LogPluginManager: Mounting plugin Synthesis
LogPluginManager: Mounting plugin WindowsMoviePlayer
LogPluginManager: Mounting plugin Takes
LogPluginManager: Mounting plugin ContentBrowserAssetDataSource
LogPluginManager: Mounting plugin ContentBrowserClassDataSource
LogPluginManager: Mounting plugin ContentBrowserFileDataSource
LogPluginManager: Mounting plugin OnlineSubsystemGooglePlay
LogPluginManager: Mounting plugin OnlineSubsystemIOS
LogPluginManager: Mounting plugin OculusVR
LogPluginManager: Mounting plugin SteamVR
PixWinPlugin: PIX capture plugin failed to initialize! Check that the process is launched from PIX.
LogInit: Using libcurl 7.55.1-DEV
LogInit:  - built for x86_64-pc-win32
LogInit:  - supports SSL with OpenSSL/1.1.1
LogInit:  - supports HTTP deflate (compression) using libz 1.2.8
LogInit:  - other features:
LogInit:      CURL_VERSION_SSL
LogInit:      CURL_VERSION_LIBZ
LogInit:      CURL_VERSION_IPV6
LogInit:      CURL_VERSION_ASYNCHDNS
LogInit:      CURL_VERSION_LARGEFILE
LogInit:      CURL_VERSION_IDN
LogInit:  CurlRequestOptions (configurable via config and command line):
LogInit:  - bVerifyPeer = true  - Libcurl will verify peer certificate
LogInit:  - bUseHttpProxy = false  - Libcurl will NOT use HTTP proxy
LogInit:  - bDontReuseConnections = false  - Libcurl will reuse connections
LogInit:  - MaxHostConnections = 16  - Libcurl will limit the number of connections to a host
LogInit:  - LocalHostAddr = Default
LogInit:  - BufferSize = 65536
LogOnline: OSS: Creating online subsystem instance for: NULL
LogInit: WinSock: version 1.1 (2.2), MaxSocks=32767, MaxUdp=65467
LogOnline: OSS: TryLoadSubsystemAndSetDefault: Loaded subsystem for module [NULL]
LogOculusPluginWrapper: OculusPlugin initialized successfully
LogHMD: Failed initializing OVRPlugin 1.59.0
LogInit: Build: ++UE4+Release-4.27-CL-18319896
LogInit: Engine Version: 4.27.2-18319896+++UE4+Release-4.27
LogInit: Compatible Engine Version: 4.27.0-17155196+++UE4+Release-4.27
LogInit: Net CL: 17155196
LogInit: OS: Windows 10 (Release 2009) (), CPU: Intel(R) Core(TM) i7-8700 CPU @ 3.20GHz, GPU: NVIDIA GeForce GTX 1070 Ti
LogInit: Compiled (64-bit): Nov 30 2021 07:12:08
LogInit: Compiled with Visual C++: 19.24.28315.00
LogInit: Build Configuration: Development
LogInit: Branch Name: ++UE4+Release-4.27
LogInit: Command Line:  -skipcompile
LogInit: Base Directory: E:/Unreal/UE_4.27/Engine/Binaries/Win64/
LogInit: Allocator: TBB
LogInit: Installed Engine Build: 1
LogDevObjectVersion: Number of dev versions registered: 29
LogDevObjectVersion:   Dev-Blueprints (B0D832E4-1F89-4F0D-ACCF-7EB736FD4AA2): 10
LogDevObjectVersion:   Dev-Build (E1C64328-A22C-4D53-A36C-8E866417BD8C): 0
LogDevObjectVersion:   Dev-Core (375EC13C-06E4-48FB-B500-84F0262A717E): 4
LogDevObjectVersion:   Dev-Editor (E4B068ED-F494-42E9-A231-DA0B2E46BB41): 40
LogDevObjectVersion:   Dev-Framework (CFFC743F-43B0-4480-9391-14DF171D2073): 37
LogDevObjectVersion:   Dev-Mobile (B02B49B5-BB20-44E9-A304-32B752E40360): 3
LogDevObjectVersion:   Dev-Networking (A4E4105C-59A1-49B5-A7C5-40C4547EDFEE): 0
LogDevObjectVersion:   Dev-Online (39C831C9-5AE6-47DC-9A44-9C173E1C8E7C): 0
LogDevObjectVersion:   Dev-Physics (78F01B33-EBEA-4F98-B9B4-84EACCB95AA2): 14
LogDevObjectVersion:   Dev-Platform (6631380F-2D4D-43E0-8009-CF276956A95A): 0
LogDevObjectVersion:   Dev-Rendering (12F88B9F-8875-4AFC-A67C-D90C383ABD29): 45
LogDevObjectVersion:   Dev-Sequencer (7B5AE74C-D270-4C10-A958-57980B212A5A): 13
LogDevObjectVersion:   Dev-VR (D7296918-1DD6-4BDD-9DE2-64A83CC13884): 3
LogDevObjectVersion:   Dev-LoadTimes (C2A15278-BFE7-4AFE-6C17-90FF531DF755): 1
LogDevObjectVersion:   Private-Geometry (6EACA3D4-40EC-4CC1-B786-8BED09428FC5): 3
LogDevObjectVersion:   Dev-AnimPhys (29E575DD-E0A3-4627-9D10-D276232CDCEA): 17
LogDevObjectVersion:   Dev-Anim (AF43A65D-7FD3-4947-9873-3E8ED9C1BB05): 15
LogDevObjectVersion:   Dev-ReflectionCapture (6B266CEC-1EC7-4B8F-A30B-E4D90942FC07): 1
LogDevObjectVersion:   Dev-Automation (0DF73D61-A23F-47EA-B727-89E90C41499A): 1
LogDevObjectVersion:   FortniteMain (601D1886-AC64-4F84-AA16-D3DE0DEAC7D6): 47
LogDevObjectVersion:   FortniteRelease (E7086368-6B23-4C58-8439-1B7016265E91): 1
LogDevObjectVersion:   Dev-Enterprise (9DFFBCD6-494F-0158-E221-12823C92A888): 10
LogDevObjectVersion:   Dev-Niagara (F2AED0AC-9AFE-416F-8664-AA7FFA26D6FC): 1
LogDevObjectVersion:   Dev-Destruction (174F1F0B-B4C6-45A5-B13F-2EE8D0FB917D): 10
LogDevObjectVersion:   Dev-Physics-Ext (35F94A83-E258-406C-A318-09F59610247C): 41
LogDevObjectVersion:   Dev-PhysicsMaterial-Chaos (B68FC16E-8B1B-42E2-B453-215C058844FE): 1
LogDevObjectVersion:   Dev-CineCamera (B2E18506-4273-CFC2-A54E-F4BB758BBA07): 1
LogDevObjectVersion:   Dev-VirtualProduction (64F58936-FD1B-42BA-BA96-7289D5D0FA4E): 1
LogDevObjectVersion:   Dev-MediaFramework (6F0ED827-A609-4895-9C91-998D90180EA4): 2
LogInit: Presizing for max 25165824 objects, including 0 objects not considered by GC, pre-allocating 0 bytes for permanent pool.
LogConfig: Applying CVar settings from Section [/Script/Engine.StreamingSettings] File [E:/DEV Unreal/ShooterGame/ShooterGame/Shooter/Saved/Config/Windows/Engine.ini]
LogConfig: Setting CVar [[s.MinBulkDataSizeForAsyncLoading:131072]]
LogConfig: Setting CVar [[s.AsyncLoadingThreadEnabled:0]]
LogConfig: Setting CVar [[s.EventDrivenLoaderEnabled:1]]
LogConfig: Setting CVar [[s.WarnIfTimeLimitExceeded:0]]
LogConfig: Setting CVar [[s.TimeLimitExceededMultiplier:1.5]]
LogConfig: Setting CVar [[s.TimeLimitExceededMinTime:0.005]]
LogConfig: Setting CVar [[s.UseBackgroundLevelStreaming:1]]
LogConfig: Setting CVar [[s.PriorityAsyncLoadingExtraTime:15.0]]
LogConfig: Setting CVar [[s.LevelStreamingActorsUpdateTimeLimit:5.0]]
LogConfig: Setting CVar [[s.PriorityLevelStreamingActorsUpdateExtraTime:5.0]]
LogConfig: Setting CVar [[s.LevelStreamingComponentsRegistrationGranularity:10]]
LogConfig: Setting CVar [[s.UnregisterComponentsTimeLimit:1.0]]
LogConfig: Setting CVar [[s.LevelStreamingComponentsUnregistrationGranularity:5]]
LogConfig: Setting CVar [[s.FlushStreamingOnExit:1]]
LogInit: Object subsystem initialized
LogConfig: Setting CVar [[con.DebugEarlyDefault:1]]
LogConfig: Setting CVar [[r.setres:1280x720]]
[2022.05.01-17.59.08:650][  0]LogConfig: Setting CVar [[r.VSync:0]]
[2022.05.01-17.59.08:650][  0]LogConfig: Setting CVar [[r.RHICmdBypass:0]]
[2022.05.01-17.59.08:650][  0]LogConfig: Applying CVar settings from Section [/Script/Engine.RendererSettings] File [E:/DEV Unreal/ShooterGame/ShooterGame/Shooter/Saved/Config/Windows/Engine.ini]
[2022.05.01-17.59.08:650][  0]LogConfig: Setting CVar [[r.GPUCrashDebugging:0]]
[2022.05.01-17.59.08:650][  0]LogConfig: Applying CVar settings from Section [/Script/Engine.RendererOverrideSettings] File [E:/DEV Unreal/ShooterGame/ShooterGame/Shooter/Saved/Config/Windows/Engine.ini]
[2022.05.01-17.59.08:650][  0]LogConfig: Applying CVar settings from Section [/Script/Engine.StreamingSettings] File [E:/DEV Unreal/ShooterGame/ShooterGame/Shooter/Saved/Config/Windows/Engine.ini]
[2022.05.01-17.59.08:650][  0]LogConfig: Setting CVar [[s.MinBulkDataSizeForAsyncLoading:131072]]
[2022.05.01-17.59.08:650][  0]LogConfig: Setting CVar [[s.AsyncLoadingThreadEnabled:0]]
[2022.05.01-17.59.08:650][  0]LogConfig: Setting CVar [[s.EventDrivenLoaderEnabled:1]]
[2022.05.01-17.59.08:650][  0]LogConfig: Setting CVar [[s.WarnIfTimeLimitExceeded:0]]
[2022.05.01-17.59.08:650][  0]LogConfig: Setting CVar [[s.TimeLimitExceededMultiplier:1.5]]
[2022.05.01-17.59.08:650][  0]LogConfig: Setting CVar [[s.TimeLimitExceededMinTime:0.005]]
[2022.05.01-17.59.08:650][  0]LogConfig: Setting CVar [[s.UseBackgroundLevelStreaming:1]]
[2022.05.01-17.59.08:650][  0]LogConfig: Setting CVar [[s.PriorityAsyncLoadingExtraTime:15.0]]
[2022.05.01-17.59.08:650][  0]LogConfig: Setting CVar [[s.LevelStreamingActorsUpdateTimeLimit:5.0]]
[2022.05.01-17.59.08:650][  0]LogConfig: Setting CVar [[s.PriorityLevelStreamingActorsUpdateExtraTime:5.0]]
[2022.05.01-17.59.08:650][  0]LogConfig: Setting CVar [[s.LevelStreamingComponentsRegistrationGranularity:10]]
[2022.05.01-17.59.08:650][  0]LogConfig: Setting CVar [[s.UnregisterComponentsTimeLimit:1.0]]
[2022.05.01-17.59.08:650][  0]LogConfig: Setting CVar [[s.LevelStreamingComponentsUnregistrationGranularity:5]]
[2022.05.01-17.59.08:650][  0]LogConfig: Setting CVar [[s.FlushStreamingOnExit:1]]
[2022.05.01-17.59.08:650][  0]LogConfig: Applying CVar settings from Section [/Script/Engine.GarbageCollectionSettings] File [E:/DEV Unreal/ShooterGame/ShooterGame/Shooter/Saved/Config/Windows/Engine.ini]
[2022.05.01-17.59.08:650][  0]LogConfig: Setting CVar [[gc.MaxObjectsNotConsideredByGC:1]]
[2022.05.01-17.59.08:650][  0]LogConfig: Setting CVar [[gc.SizeOfPermanentObjectPool:0]]
[2022.05.01-17.59.08:650][  0]LogConfig: Setting CVar [[gc.FlushStreamingOnGC:0]]
[2022.05.01-17.59.08:650][  0]LogConfig: Setting CVar [[gc.NumRetriesBeforeForcingGC:10]]
[2022.05.01-17.59.08:650][  0]LogConfig: Setting CVar [[gc.AllowParallelGC:1]]
[2022.05.01-17.59.08:650][  0]LogConfig: Setting CVar [[gc.TimeBetweenPurgingPendingKillObjects:61.1]]
[2022.05.01-17.59.08:650][  0]LogConfig: Setting CVar [[gc.MaxObjectsInEditor:25165824]]
[2022.05.01-17.59.08:650][  0]LogConfig: Setting CVar [[gc.IncrementalBeginDestroyEnabled:1]]
[2022.05.01-17.59.08:650][  0]LogConfig: Setting CVar [[gc.CreateGCClusters:1]]
[2022.05.01-17.59.08:650][  0]LogConfig: Setting CVar [[gc.MinGCClusterSize:5]]
[2022.05.01-17.59.08:650][  0]LogConfig: Setting CVar [[gc.ActorClusteringEnabled:0]]
[2022.05.01-17.59.08:650][  0]LogConfig: Setting CVar [[gc.BlueprintClusteringEnabled:0]]
[2022.05.01-17.59.08:650][  0]LogConfig: Setting CVar [[gc.UseDisregardForGCOnDedicatedServers:0]]
[2022.05.01-17.59.08:650][  0]LogConfig: Setting CVar [[gc.MultithreadedDestructionEnabled:1]]
[2022.05.01-17.59.08:650][  0]LogConfig: Applying CVar settings from Section [/Script/Engine.NetworkSettings] File [E:/DEV Unreal/ShooterGame/ShooterGame/Shooter/Saved/Config/Windows/Engine.ini]
[2022.05.01-17.59.08:650][  0]LogConfig: Applying CVar settings from Section [/Script/UnrealEd.CookerSettings] File [E:/DEV Unreal/ShooterGame/ShooterGame/Shooter/Saved/Config/Windows/Engine.ini]
[2022.05.01-17.59.08:678][  0]LogConfig: Applying CVar settings from Section [ViewDistanceQuality@3] File [E:/DEV Unreal/ShooterGame/ShooterGame/Shooter/Saved/Config/Windows/Scalability.ini]
[2022.05.01-17.59.08:678][  0]LogConfig: Setting CVar [[r.SkeletalMeshLODBias:0]]
[2022.05.01-17.59.08:678][  0]LogConfig: Setting CVar [[r.ViewDistanceScale:1.0]]
[2022.05.01-17.59.08:678][  0]LogConfig: Applying CVar settings from Section [AntiAliasingQuality@3] File [E:/DEV Unreal/ShooterGame/ShooterGame/Shooter/Saved/Config/Windows/Scalability.ini]
[2022.05.01-17.59.08:678][  0]LogConfig: Setting CVar [[r.PostProcessAAQuality:4]]
[2022.05.01-17.59.08:678][  0]LogConfig: Applying CVar settings from Section [ShadowQuality@3] File [E:/DEV Unreal/ShooterGame/ShooterGame/Shooter/Saved/Config/Windows/Scalability.ini]
[2022.05.01-17.59.08:678][  0]LogConfig: Setting CVar [[r.LightFunctionQuality:1]]
[2022.05.01-17.59.08:678][  0]LogConfig: Setting CVar [[r.ShadowQuality:5]]
[2022.05.01-17.59.08:678][  0]LogConfig: Setting CVar [[r.Shadow.CSM.MaxCascades:10]]
[2022.05.01-17.59.08:678][  0]LogConfig: Setting CVar [[r.Shadow.MaxResolution:2048]]
[2022.05.01-17.59.08:678][  0]LogConfig: Setting CVar [[r.Shadow.MaxCSMResolution:2048]]
[2022.05.01-17.59.08:678][  0]LogConfig: Setting CVar [[r.Shadow.RadiusThreshold:0.01]]
[2022.05.01-17.59.08:678][  0]LogConfig: Setting CVar [[r.Shadow.DistanceScale:1.0]]
[2022.05.01-17.59.08:678][  0]LogConfig: Setting CVar [[r.Shadow.CSM.TransitionScale:1.0]]
[2022.05.01-17.59.08:678][  0]LogConfig: Setting CVar [[r.Shadow.PreShadowResolutionFactor:1.0]]
[2022.05.01-17.59.08:678][  0]LogConfig: Setting CVar [[r.DistanceFieldShadowing:1]]
[2022.05.01-17.59.08:678][  0]LogConfig: Setting CVar [[r.DistanceFieldAO:1]]
[2022.05.01-17.59.08:678][  0]LogConfig: Setting CVar [[r.AOQuality:2]]
[2022.05.01-17.59.08:678][  0]LogConfig: Setting CVar [[r.VolumetricFog:1]]
[2022.05.01-17.59.08:678][  0]LogConfig: Setting CVar [[r.VolumetricFog.GridPixelSize:8]]
[2022.05.01-17.59.08:678][  0]LogConfig: Setting CVar [[r.VolumetricFog.GridSizeZ:128]]
[2022.05.01-17.59.08:678][  0]LogConfig: Setting CVar [[r.VolumetricFog.HistoryMissSupersampleCount:4]]
[2022.05.01-17.59.08:678][  0]LogConfig: Setting CVar [[r.LightMaxDrawDistanceScale:1]]
[2022.05.01-17.59.08:678][  0]LogConfig: Setting CVar [[r.CapsuleShadows:1]]
[2022.05.01-17.59.08:678][  0]LogConfig: Applying CVar settings from Section [PostProcessQuality@3] File [E:/DEV Unreal/ShooterGame/ShooterGame/Shooter/Saved/Config/Windows/Scalability.ini]
[2022.05.01-17.59.08:678][  0]LogConfig: Setting CVar [[r.MotionBlurQuality:4]]
[2022.05.01-17.59.08:678][  0]LogConfig: Setting CVar [[r.AmbientOcclusionMipLevelFactor:0.4]]
[2022.05.01-17.59.08:678][  0]LogConfig: Setting CVar [[r.AmbientOcclusionMaxQuality:100]]
[2022.05.01-17.59.08:678][  0]LogConfig: Setting CVar [[r.AmbientOcclusionLevels:-1]]
[2022.05.01-17.59.08:678][  0]LogConfig: Setting CVar [[r.AmbientOcclusionRadiusScale:1.0]]
[2022.05.01-17.59.08:678][  0]LogConfig: Setting CVar [[r.DepthOfFieldQuality:2]]
[2022.05.01-17.59.08:678][  0]LogConfig: Setting CVar [[r.RenderTargetPoolMin:400]]
[2022.05.01-17.59.08:678][  0]LogConfig: Setting CVar [[r.LensFlareQuality:2]]
[2022.05.01-17.59.08:678][  0]LogConfig: Setting CVar [[r.SceneColorFringeQuality:1]]
[2022.05.01-17.59.08:678][  0]LogConfig: Setting CVar [[r.EyeAdaptationQuality:2]]
[2022.05.01-17.59.08:678][  0]LogConfig: Setting CVar [[r.BloomQuality:5]]
[2022.05.01-17.59.08:678][  0]LogConfig: Setting CVar [[r.FastBlurThreshold:100]]
[2022.05.01-17.59.08:678][  0]LogConfig: Setting CVar [[r.Upscale.Quality:3]]
[2022.05.01-17.59.08:678][  0]LogConfig: Setting CVar [[r.Tonemapper.GrainQuantization:1]]
[2022.05.01-17.59.08:678][  0]LogConfig: Setting CVar [[r.LightShaftQuality:1]]
[2022.05.01-17.59.08:678][  0]LogConfig: Setting CVar [[r.Filter.SizeScale:1]]
[2022.05.01-17.59.08:678][  0]LogConfig: Setting CVar [[r.Tonemapper.Quality:5]]
[2022.05.01-17.59.08:678][  0]LogConfig: Setting CVar [[r.DOF.Gather.AccumulatorQuality:1        ; higher gathering accumulator quality]]
[2022.05.01-17.59.08:678][  0]LogConfig: Setting CVar [[r.DOF.Gather.PostfilterMethod:1          ; Median3x3 postfilering method]]
[2022.05.01-17.59.08:678][  0]LogConfig: Setting CVar [[r.DOF.Gather.EnableBokehSettings:0       ; no bokeh simulation when gathering]]
[2022.05.01-17.59.08:678][  0]LogConfig: Setting CVar [[r.DOF.Gather.RingCount:4                 ; medium number of samples when gathering]]
[2022.05.01-17.59.08:678][  0]LogConfig: Setting CVar [[r.DOF.Scatter.ForegroundCompositing:1    ; additive foreground scattering]]
[2022.05.01-17.59.08:678][  0]LogConfig: Setting CVar [[r.DOF.Scatter.BackgroundCompositing:2    ; additive background scattering]]
[2022.05.01-17.59.08:678][  0]LogConfig: Setting CVar [[r.DOF.Scatter.EnableBokehSettings:1      ; bokeh simulation when scattering]]
[2022.05.01-17.59.08:678][  0]LogConfig: Setting CVar [[r.DOF.Scatter.MaxSpriteRatio:0.1         ; only a maximum of 10% of scattered bokeh]]
[2022.05.01-17.59.08:678][  0]LogConfig: Setting CVar [[r.DOF.Recombine.Quality:1                ; cheap slight out of focus]]
[2022.05.01-17.59.08:678][  0]LogConfig: Setting CVar [[r.DOF.Recombine.EnableBokehSettings:0    ; no bokeh simulation on slight out of focus]]
[2022.05.01-17.59.08:678][  0]LogConfig: Setting CVar [[r.DOF.TemporalAAQuality:1                ; more stable temporal accumulation]]
[2022.05.01-17.59.08:678][  0]LogConfig: Setting CVar [[r.DOF.Kernel.MaxForegroundRadius:0.025]]
[2022.05.01-17.59.08:678][  0]LogConfig: Setting CVar [[r.DOF.Kernel.MaxBackgroundRadius:0.025]]
[2022.05.01-17.59.08:678][  0]LogConfig: Applying CVar settings from Section [TextureQuality@3] File [E:/DEV Unreal/ShooterGame/ShooterGame/Shooter/Saved/Config/Windows/Scalability.ini]
[2022.05.01-17.59.08:678][  0]LogConfig: Setting CVar [[r.Streaming.MipBias:0]]
[2022.05.01-17.59.08:678][  0]LogConfig: Setting CVar [[r.Streaming.AmortizeCPUToGPUCopy:0]]
[2022.05.01-17.59.08:678][  0]LogConfig: Setting CVar [[r.Streaming.MaxNumTexturesToStreamPerFrame:0]]
[2022.05.01-17.59.08:678][  0]LogConfig: Setting CVar [[r.Streaming.Boost:1]]
[2022.05.01-17.59.08:678][  0]LogConfig: Setting CVar [[r.MaxAnisotropy:8]]
[2022.05.01-17.59.08:678][  0]LogConfig: Setting CVar [[r.VT.MaxAnisotropy:8]]
[2022.05.01-17.59.08:679][  0]LogConfig: Setting CVar [[r.Streaming.LimitPoolSizeToVRAM:0]]
[2022.05.01-17.59.08:679][  0]LogConfig: Setting CVar [[r.Streaming.PoolSize:1000]]
[2022.05.01-17.59.08:679][  0]LogConfig: Setting CVar [[r.Streaming.MaxEffectiveScreenSize:0]]
[2022.05.01-17.59.08:679][  0]LogConfig: Applying CVar settings from Section [EffectsQuality@3] File [E:/DEV Unreal/ShooterGame/ShooterGame/Shooter/Saved/Config/Windows/Scalability.ini]
[2022.05.01-17.59.08:679][  0]LogConfig: Setting CVar [[r.TranslucencyLightingVolumeDim:64]]
[2022.05.01-17.59.08:679][  0]LogConfig: Setting CVar [[r.RefractionQuality:2]]
[2022.05.01-17.59.08:679][  0]LogConfig: Setting CVar [[r.SSR.Quality:3]]
[2022.05.01-17.59.08:679][  0]LogConfig: Setting CVar [[r.SSR.HalfResSceneColor:0]]
[2022.05.01-17.59.08:679][  0]LogConfig: Setting CVar [[r.SceneColorFormat:4]]
[2022.05.01-17.59.08:679][  0]LogConfig: Setting CVar [[r.DetailMode:2]]
[2022.05.01-17.59.08:679][  0]LogConfig: Setting CVar [[r.TranslucencyVolumeBlur:1]]
[2022.05.01-17.59.08:679][  0]LogConfig: Setting CVar [[r.MaterialQualityLevel:1 ; High quality]]
[2022.05.01-17.59.08:679][  0]LogConfig: Setting CVar [[r.AnisotropicMaterials:1]]
[2022.05.01-17.59.08:679][  0]LogConfig: Setting CVar [[r.SSS.Scale:1]]
[2022.05.01-17.59.08:679][  0]LogConfig: Setting CVar [[r.SSS.SampleSet:2]]
[2022.05.01-17.59.08:679][  0]LogConfig: Setting CVar [[r.SSS.Quality:1]]
[2022.05.01-17.59.08:679][  0]LogConfig: Setting CVar [[r.SSS.HalfRes:0]]
[2022.05.01-17.59.08:679][  0]LogConfig: Setting CVar [[r.SSGI.Quality:3]]
[2022.05.01-17.59.08:679][  0]LogConfig: Setting CVar [[r.EmitterSpawnRateScale:1.0]]
[2022.05.01-17.59.08:679][  0]LogConfig: Setting CVar [[r.ParticleLightQuality:2]]
[2022.05.01-17.59.08:679][  0]LogConfig: Setting CVar [[r.SkyAtmosphere.AerialPerspectiveLUT.FastApplyOnOpaque:1 ; Always have FastSkyLUT 1 in this case to avoid wrong sky]]
[2022.05.01-17.59.08:679][  0]LogConfig: Setting CVar [[r.SkyAtmosphere.AerialPerspectiveLUT.SampleCountMaxPerSlice:4]]
[2022.05.01-17.59.08:679][  0]LogConfig: Setting CVar [[r.SkyAtmosphere.AerialPerspectiveLUT.DepthResolution:16.0]]
[2022.05.01-17.59.08:679][  0]LogConfig: Setting CVar [[r.SkyAtmosphere.FastSkyLUT:1]]
[2022.05.01-17.59.08:679][  0]LogConfig: Setting CVar [[r.SkyAtmosphere.FastSkyLUT.SampleCountMin:4.0]]
[2022.05.01-17.59.08:679][  0]LogConfig: Setting CVar [[r.SkyAtmosphere.FastSkyLUT.SampleCountMax:128.0]]
[2022.05.01-17.59.08:679][  0]LogConfig: Setting CVar [[r.SkyAtmosphere.SampleCountMin:4.0]]
[2022.05.01-17.59.08:679][  0]LogConfig: Setting CVar [[r.SkyAtmosphere.SampleCountMax:128.0]]
[2022.05.01-17.59.08:679][  0]LogConfig: Setting CVar [[r.SkyAtmosphere.TransmittanceLUT.UseSmallFormat:0]]
[2022.05.01-17.59.08:679][  0]LogConfig: Setting CVar [[r.SkyAtmosphere.TransmittanceLUT.SampleCount:10.0]]
[2022.05.01-17.59.08:679][  0]LogConfig: Setting CVar [[r.SkyAtmosphere.MultiScatteringLUT.SampleCount:15.0]]
[2022.05.01-17.59.08:679][  0]LogConfig: Setting CVar [[r.SkyLight.RealTimeReflectionCapture:1]]
[2022.05.01-17.59.08:679][  0]LogConfig: Applying CVar settings from Section [FoliageQuality@3] File [E:/DEV Unreal/ShooterGame/ShooterGame/Shooter/Saved/Config/Windows/Scalability.ini]
[2022.05.01-17.59.08:679][  0]LogConfig: Setting CVar [[foliage.DensityScale:1.0]]
[2022.05.01-17.59.08:679][  0]LogConfig: Setting CVar [[grass.DensityScale:1.0]]
[2022.05.01-17.59.08:679][  0]LogConfig: Applying CVar settings from Section [ShadingQuality@3] File [E:/DEV Unreal/ShooterGame/ShooterGame/Shooter/Saved/Config/Windows/Scalability.ini]
[2022.05.01-17.59.08:679][  0]LogConfig: Setting CVar [[r.HairStrands.SkyLighting.IntegrationType:2]]
[2022.05.01-17.59.08:679][  0]LogConfig: Setting CVar [[r.HairStrands.SkyAO.SampleCount:4]]
[2022.05.01-17.59.08:679][  0]LogConfig: Setting CVar [[r.HairStrands.Visibility.MSAA.SamplePerPixel:4]]
[2022.05.01-17.59.08:679][  0]LogInit: Selected Device Profile: [Windows]
[2022.05.01-17.59.08:679][  0]LogInit: Applying CVar settings loaded from the selected device profile: [Windows]
[2022.05.01-17.59.08:679][  0]LogHAL: Display: Platform has ~ 32 GB [34282221568 / 34359738368 / 32], which maps to Largest [LargestMinGB=32, LargerMinGB=12, DefaultMinGB=8, SmallerMinGB=6, SmallestMinGB=0)
[2022.05.01-17.59.08:679][  0]LogInit: Going up to parent DeviceProfile []
[2022.05.01-17.59.08:679][  0]LogConfig: Applying CVar settings from Section [ViewDistanceQuality@3] File [E:/DEV Unreal/ShooterGame/ShooterGame/Shooter/Saved/Config/Windows/Scalability.ini]
[2022.05.01-17.59.08:679][  0]LogConfig: Setting CVar [[r.SkeletalMeshLODBias:0]]
[2022.05.01-17.59.08:679][  0]LogConfig: Setting CVar [[r.ViewDistanceScale:1.0]]
[2022.05.01-17.59.08:679][  0]LogConfig: Applying CVar settings from Section [AntiAliasingQuality@3] File [E:/DEV Unreal/ShooterGame/ShooterGame/Shooter/Saved/Config/Windows/Scalability.ini]
[2022.05.01-17.59.08:679][  0]LogConfig: Setting CVar [[r.PostProcessAAQuality:4]]
[2022.05.01-17.59.08:679][  0]LogConfig: Applying CVar settings from Section [ShadowQuality@3] File [E:/DEV Unreal/ShooterGame/ShooterGame/Shooter/Saved/Config/Windows/Scalability.ini]
[2022.05.01-17.59.08:679][  0]LogConfig: Setting CVar [[r.LightFunctionQuality:1]]
[2022.05.01-17.59.08:679][  0]LogConfig: Setting CVar [[r.ShadowQuality:5]]
[2022.05.01-17.59.08:679][  0]LogConfig: Setting CVar [[r.Shadow.CSM.MaxCascades:10]]
[2022.05.01-17.59.08:679][  0]LogConfig: Setting CVar [[r.Shadow.MaxResolution:2048]]
[2022.05.01-17.59.08:679][  0]LogConfig: Setting CVar [[r.Shadow.MaxCSMResolution:2048]]
[2022.05.01-17.59.08:679][  0]LogConfig: Setting CVar [[r.Shadow.RadiusThreshold:0.01]]
[2022.05.01-17.59.08:679][  0]LogConfig: Setting CVar [[r.Shadow.DistanceScale:1.0]]
[2022.05.01-17.59.08:679][  0]LogConfig: Setting CVar [[r.Shadow.CSM.TransitionScale:1.0]]
[2022.05.01-17.59.08:679][  0]LogConfig: Setting CVar [[r.Shadow.PreShadowResolutionFactor:1.0]]
[2022.05.01-17.59.08:679][  0]LogConfig: Setting CVar [[r.DistanceFieldShadowing:1]]
[2022.05.01-17.59.08:679][  0]LogConfig: Setting CVar [[r.DistanceFieldAO:1]]
[2022.05.01-17.59.08:679][  0]LogConfig: Setting CVar [[r.AOQuality:2]]
[2022.05.01-17.59.08:679][  0]LogConfig: Setting CVar [[r.VolumetricFog:1]]
[2022.05.01-17.59.08:679][  0]LogConfig: Setting CVar [[r.VolumetricFog.GridPixelSize:8]]
[2022.05.01-17.59.08:679][  0]LogConfig: Setting CVar [[r.VolumetricFog.GridSizeZ:128]]
[2022.05.01-17.59.08:679][  0]LogConfig: Setting CVar [[r.VolumetricFog.HistoryMissSupersampleCount:4]]
[2022.05.01-17.59.08:679][  0]LogConfig: Setting CVar [[r.LightMaxDrawDistanceScale:1]]
[2022.05.01-17.59.08:679][  0]LogConfig: Setting CVar [[r.CapsuleShadows:1]]
[2022.05.01-17.59.08:679][  0]LogConfig: Applying CVar settings from Section [PostProcessQuality@3] File [E:/DEV Unreal/ShooterGame/ShooterGame/Shooter/Saved/Config/Windows/Scalability.ini]
[2022.05.01-17.59.08:680][  0]LogConfig: Setting CVar [[r.MotionBlurQuality:4]]
[2022.05.01-17.59.08:680][  0]LogConfig: Setting CVar [[r.AmbientOcclusionMipLevelFactor:0.4]]
[2022.05.01-17.59.08:680][  0]LogConfig: Setting CVar [[r.AmbientOcclusionMaxQuality:100]]
[2022.05.01-17.59.08:680][  0]LogConfig: Setting CVar [[r.AmbientOcclusionLevels:-1]]
[2022.05.01-17.59.08:680][  0]LogConfig: Setting CVar [[r.AmbientOcclusionRadiusScale:1.0]]
[2022.05.01-17.59.08:680][  0]LogConfig: Setting CVar [[r.DepthOfFieldQuality:2]]
[2022.05.01-17.59.08:680][  0]LogConfig: Setting CVar [[r.RenderTargetPoolMin:400]]
[2022.05.01-17.59.08:680][  0]LogConfig: Setting CVar [[r.LensFlareQuality:2]]
[2022.05.01-17.59.08:680][  0]LogConfig: Setting CVar [[r.SceneColorFringeQuality:1]]
[2022.05.01-17.59.08:680][  0]LogConfig: Setting CVar [[r.EyeAdaptationQuality:2]]
[2022.05.01-17.59.08:680][  0]LogConfig: Setting CVar [[r.BloomQuality:5]]
[2022.05.01-17.59.08:680][  0]LogConfig: Setting CVar [[r.FastBlurThreshold:100]]
[2022.05.01-17.59.08:680][  0]LogConfig: Setting CVar [[r.Upscale.Quality:3]]
[2022.05.01-17.59.08:680][  0]LogConfig: Setting CVar [[r.Tonemapper.GrainQuantization:1]]
[2022.05.01-17.59.08:680][  0]LogConfig: Setting CVar [[r.LightShaftQuality:1]]
[2022.05.01-17.59.08:680][  0]LogConfig: Setting CVar [[r.Filter.SizeScale:1]]
[2022.05.01-17.59.08:680][  0]LogConfig: Setting CVar [[r.Tonemapper.Quality:5]]
[2022.05.01-17.59.08:680][  0]LogConfig: Setting CVar [[r.DOF.Gather.AccumulatorQuality:1        ; higher gathering accumulator quality]]
[2022.05.01-17.59.08:680][  0]LogConfig: Setting CVar [[r.DOF.Gather.PostfilterMethod:1          ; Median3x3 postfilering method]]
[2022.05.01-17.59.08:680][  0]LogConfig: Setting CVar [[r.DOF.Gather.EnableBokehSettings:0       ; no bokeh simulation when gathering]]
[2022.05.01-17.59.08:680][  0]LogConfig: Setting CVar [[r.DOF.Gather.RingCount:4                 ; medium number of samples when gathering]]
[2022.05.01-17.59.08:680][  0]LogConfig: Setting CVar [[r.DOF.Scatter.ForegroundCompositing:1    ; additive foreground scattering]]
[2022.05.01-17.59.08:680][  0]LogConfig: Setting CVar [[r.DOF.Scatter.BackgroundCompositing:2    ; additive background scattering]]
[2022.05.01-17.59.08:680][  0]LogConfig: Setting CVar [[r.DOF.Scatter.EnableBokehSettings:1      ; bokeh simulation when scattering]]
[2022.05.01-17.59.08:680][  0]LogConfig: Setting CVar [[r.DOF.Scatter.MaxSpriteRatio:0.1         ; only a maximum of 10% of scattered bokeh]]
[2022.05.01-17.59.08:680][  0]LogConfig: Setting CVar [[r.DOF.Recombine.Quality:1                ; cheap slight out of focus]]
[2022.05.01-17.59.08:680][  0]LogConfig: Setting CVar [[r.DOF.Recombine.EnableBokehSettings:0    ; no bokeh simulation on slight out of focus]]
[2022.05.01-17.59.08:680][  0]LogConfig: Setting CVar [[r.DOF.TemporalAAQuality:1                ; more stable temporal accumulation]]
[2022.05.01-17.59.08:680][  0]LogConfig: Setting CVar [[r.DOF.Kernel.MaxForegroundRadius:0.025]]
[2022.05.01-17.59.08:680][  0]LogConfig: Setting CVar [[r.DOF.Kernel.MaxBackgroundRadius:0.025]]
[2022.05.01-17.59.08:680][  0]LogConfig: Applying CVar settings from Section [TextureQuality@3] File [E:/DEV Unreal/ShooterGame/ShooterGame/Shooter/Saved/Config/Windows/Scalability.ini]
[2022.05.01-17.59.08:680][  0]LogConfig: Setting CVar [[r.Streaming.MipBias:0]]
[2022.05.01-17.59.08:680][  0]LogConfig: Setting CVar [[r.Streaming.AmortizeCPUToGPUCopy:0]]
[2022.05.01-17.59.08:680][  0]LogConfig: Setting CVar [[r.Streaming.MaxNumTexturesToStreamPerFrame:0]]
[2022.05.01-17.59.08:680][  0]LogConfig: Setting CVar [[r.Streaming.Boost:1]]
[2022.05.01-17.59.08:680][  0]LogConfig: Setting CVar [[r.MaxAnisotropy:8]]
[2022.05.01-17.59.08:680][  0]LogConfig: Setting CVar [[r.VT.MaxAnisotropy:8]]
[2022.05.01-17.59.08:680][  0]LogConfig: Setting CVar [[r.Streaming.LimitPoolSizeToVRAM:0]]
[2022.05.01-17.59.08:680][  0]LogConfig: Setting CVar [[r.Streaming.PoolSize:1000]]
[2022.05.01-17.59.08:680][  0]LogConfig: Setting CVar [[r.Streaming.MaxEffectiveScreenSize:0]]
[2022.05.01-17.59.08:680][  0]LogConfig: Applying CVar settings from Section [EffectsQuality@3] File [E:/DEV Unreal/ShooterGame/ShooterGame/Shooter/Saved/Config/Windows/Scalability.ini]
[2022.05.01-17.59.08:680][  0]LogConfig: Setting CVar [[r.TranslucencyLightingVolumeDim:64]]
[2022.05.01-17.59.08:680][  0]LogConfig: Setting CVar [[r.RefractionQuality:2]]
[2022.05.01-17.59.08:680][  0]LogConfig: Setting CVar [[r.SSR.Quality:3]]
[2022.05.01-17.59.08:680][  0]LogConfig: Setting CVar [[r.SSR.HalfResSceneColor:0]]
[2022.05.01-17.59.08:680][  0]LogConfig: Setting CVar [[r.SceneColorFormat:4]]
[2022.05.01-17.59.08:680][  0]LogConfig: Setting CVar [[r.DetailMode:2]]
[2022.05.01-17.59.08:680][  0]LogConfig: Setting CVar [[r.TranslucencyVolumeBlur:1]]
[2022.05.01-17.59.08:680][  0]LogConfig: Setting CVar [[r.MaterialQualityLevel:1 ; High quality]]
[2022.05.01-17.59.08:680][  0]LogConfig: Setting CVar [[r.AnisotropicMaterials:1]]
[2022.05.01-17.59.08:680][  0]LogConfig: Setting CVar [[r.SSS.Scale:1]]
[2022.05.01-17.59.08:680][  0]LogConfig: Setting CVar [[r.SSS.SampleSet:2]]
[2022.05.01-17.59.08:680][  0]LogConfig: Setting CVar [[r.SSS.Quality:1]]
[2022.05.01-17.59.08:680][  0]LogConfig: Setting CVar [[r.SSS.HalfRes:0]]
[2022.05.01-17.59.08:680][  0]LogConfig: Setting CVar [[r.SSGI.Quality:3]]
[2022.05.01-17.59.08:680][  0]LogConfig: Setting CVar [[r.EmitterSpawnRateScale:1.0]]
[2022.05.01-17.59.08:680][  0]LogConfig: Setting CVar [[r.ParticleLightQuality:2]]
[2022.05.01-17.59.08:680][  0]LogConfig: Setting CVar [[r.SkyAtmosphere.AerialPerspectiveLUT.FastApplyOnOpaque:1 ; Always have FastSkyLUT 1 in this case to avoid wrong sky]]
[2022.05.01-17.59.08:680][  0]LogConfig: Setting CVar [[r.SkyAtmosphere.AerialPerspectiveLUT.SampleCountMaxPerSlice:4]]
[2022.05.01-17.59.08:680][  0]LogConfig: Setting CVar [[r.SkyAtmosphere.AerialPerspectiveLUT.DepthResolution:16.0]]
[2022.05.01-17.59.08:680][  0]LogConfig: Setting CVar [[r.SkyAtmosphere.FastSkyLUT:1]]
[2022.05.01-17.59.08:680][  0]LogConfig: Setting CVar [[r.SkyAtmosphere.FastSkyLUT.SampleCountMin:4.0]]
[2022.05.01-17.59.08:680][  0]LogConfig: Setting CVar [[r.SkyAtmosphere.FastSkyLUT.SampleCountMax:128.0]]
[2022.05.01-17.59.08:680][  0]LogConfig: Setting CVar [[r.SkyAtmosphere.SampleCountMin:4.0]]
[2022.05.01-17.59.08:680][  0]LogConfig: Setting CVar [[r.SkyAtmosphere.SampleCountMax:128.0]]
[2022.05.01-17.59.08:680][  0]LogConfig: Setting CVar [[r.SkyAtmosphere.TransmittanceLUT.UseSmallFormat:0]]
[2022.05.01-17.59.08:680][  0]LogConfig: Setting CVar [[r.SkyAtmosphere.TransmittanceLUT.SampleCount:10.0]]
[2022.05.01-17.59.08:680][  0]LogConfig: Setting CVar [[r.SkyAtmosphere.MultiScatteringLUT.SampleCount:15.0]]
[2022.05.01-17.59.08:680][  0]LogConfig: Setting CVar [[r.SkyLight.RealTimeReflectionCapture:1]]
[2022.05.01-17.59.08:680][  0]LogConfig: Applying CVar settings from Section [FoliageQuality@3] File [E:/DEV Unreal/ShooterGame/ShooterGame/Shooter/Saved/Config/Windows/Scalability.ini]
[2022.05.01-17.59.08:680][  0]LogConfig: Setting CVar [[foliage.DensityScale:1.0]]
[2022.05.01-17.59.08:680][  0]LogConfig: Setting CVar [[grass.DensityScale:1.0]]
[2022.05.01-17.59.08:680][  0]LogConfig: Applying CVar settings from Section [ShadingQuality@3] File [E:/DEV Unreal/ShooterGame/ShooterGame/Shooter/Saved/Config/Windows/Scalability.ini]
[2022.05.01-17.59.08:680][  0]LogConfig: Setting CVar [[r.HairStrands.SkyLighting.IntegrationType:2]]
[2022.05.01-17.59.08:680][  0]LogConfig: Setting CVar [[r.HairStrands.SkyAO.SampleCount:4]]
[2022.05.01-17.59.08:680][  0]LogConfig: Setting CVar [[r.HairStrands.Visibility.MSAA.SamplePerPixel:4]]
[2022.05.01-17.59.08:680][  0]LogConfig: Applying CVar settings from Section [Startup] File [../../../Engine/Config/ConsoleVariables.ini]
[2022.05.01-17.59.08:681][  0]LogConfig: Setting CVar [[net.UseAdaptiveNetUpdateFrequency:0]]
[2022.05.01-17.59.08:681][  0]LogConfig: Setting CVar [[p.chaos.AllowCreatePhysxBodies:1]]
[2022.05.01-17.59.08:681][  0]LogConfig: Setting CVar [[fx.SkipVectorVMBackendOptimizations:1]]
[2022.05.01-17.59.08:681][  0]LogConfig: Applying CVar settings from Section [ConsoleVariables] File [E:/DEV Unreal/ShooterGame/ShooterGame/Shooter/Saved/Config/Windows/Engine.ini]
[2022.05.01-17.59.08:681][  0]LogConfig: Applying CVar settings from Section [ConsoleVariables] File [E:/DEV Unreal/ShooterGame/ShooterGame/Shooter/Saved/Config/Windows/Editor.ini]
[2022.05.01-17.59.08:681][  0]LogInit: Computer: DESKTOP-PATULNA
[2022.05.01-17.59.08:681][  0]LogInit: User: Pablo
[2022.05.01-17.59.08:681][  0]LogInit: CPU Page size=4096, Cores=6
[2022.05.01-17.59.08:681][  0]LogInit: High frequency timer resolution =10.000000 MHz
[2022.05.01-17.59.08:681][  0]LogMemory: Memory total: Physical=31.9GB (32GB approx)
[2022.05.01-17.59.08:681][  0]LogMemory: Platform Memory Stats for Windows
[2022.05.01-17.59.08:681][  0]LogMemory: Process Physical Memory: 143.58 MB used, 143.58 MB peak
[2022.05.01-17.59.08:681][  0]LogMemory: Process Virtual Memory: 114.06 MB used, 114.06 MB peak
[2022.05.01-17.59.08:681][  0]LogMemory: Physical Memory: 14167.18 MB used,  18526.90 MB free, 32694.07 MB total
[2022.05.01-17.59.08:681][  0]LogMemory: Virtual Memory: 134199616.00 MB used,  18114.42 MB free, 134217728.00 MB total
[2022.05.01-17.59.08:687][  0]LogWindows: WindowsPlatformFeatures enabled
[2022.05.01-17.59.08:731][  0]LogInit: Physics initialised using underlying interface: PhysX
[2022.05.01-17.59.08:732][  0]LogInit: Overriding language with editor language configuration option (en-US).
[2022.05.01-17.59.08:732][  0]LogInit: Overriding language with editor locale configuration option (en).
[2022.05.01-17.59.08:733][  0]LogTextLocalizationManager: No specific localization for 'en-US' exists, so the 'en' localization will be used.
[2022.05.01-17.59.08:887][  0]LogInit: Setting process to per monitor DPI aware
[2022.05.01-17.59.08:900][  0]LogWindowsTextInputMethodSystem: Display: IME system deactivated.
[2022.05.01-17.59.08:913][  0]LogSlate: New Slate User Created.  User Index 0, Is Virtual User: 0
[2022.05.01-17.59.08:913][  0]LogSlate: Slate User Registered.  User Index 0, Is Virtual User: 0
[2022.05.01-17.59.09:028][  0]LogD3D11RHI: Loaded GFSDK_Aftermath_Lib.x64.dll
[2022.05.01-17.59.09:031][  0]LogHMD: Failed to initialize OpenVR with code 110
[2022.05.01-17.59.09:031][  0]LogD3D11RHI: D3D11 min allowed feature level: 11_0
[2022.05.01-17.59.09:031][  0]LogD3D11RHI: D3D11 max allowed feature level: 11_0
[2022.05.01-17.59.09:031][  0]LogD3D11RHI: D3D11 adapters:
[2022.05.01-17.59.09:129][  0]LogD3D11RHI:    0. 'NVIDIA GeForce GTX 1070 Ti' (Feature Level 11_0)
[2022.05.01-17.59.09:129][  0]LogD3D11RHI:       8079/0/16347 MB DedicatedVideo/DedicatedSystem/SharedSystem, Outputs:2, VendorId:0x10de
[2022.05.01-17.59.09:131][  0]LogD3D11RHI:    1. 'Microsoft Basic Render Driver' (Feature Level 11_0)
[2022.05.01-17.59.09:131][  0]LogD3D11RHI:       0/0/16347 MB DedicatedVideo/DedicatedSystem/SharedSystem, Outputs:0, VendorId:0x1414
[2022.05.01-17.59.09:131][  0]LogD3D11RHI: Chosen D3D11 Adapter:
[2022.05.01-17.59.09:131][  0]LogD3D11RHI:     Description : NVIDIA GeForce GTX 1070 Ti
[2022.05.01-17.59.09:131][  0]LogD3D11RHI:     VendorId    : 10de
[2022.05.01-17.59.09:131][  0]LogD3D11RHI:     DeviceId    : 1b82
[2022.05.01-17.59.09:131][  0]LogD3D11RHI:     SubSysId    : c3041462
[2022.05.01-17.59.09:131][  0]LogD3D11RHI:     Revision    : 00a1
[2022.05.01-17.59.09:131][  0]LogD3D11RHI:     DedicatedVideoMemory : 8471445504 bytes
[2022.05.01-17.59.09:131][  0]LogD3D11RHI:     DedicatedSystemMemory : 0 bytes
[2022.05.01-17.59.09:131][  0]LogD3D11RHI:     SharedSystemMemory : 17141110784 bytes
[2022.05.01-17.59.09:131][  0]LogD3D11RHI:     AdapterLuid : 0 53058
[2022.05.01-17.59.09:136][  0]LogD3D11RHI: Creating new Direct3DDevice
[2022.05.01-17.59.09:136][  0]LogD3D11RHI:     GPU DeviceId: 0x1b82 (for the marketing name, search the web for "GPU Device Id")
[2022.05.01-17.59.09:136][  0]LogWindows: EnumDisplayDevices:
[2022.05.01-17.59.09:137][  0]LogWindows:    0. 'NVIDIA GeForce GTX 1070 Ti' (P:0 D:1)
[2022.05.01-17.59.09:137][  0]LogWindows:    1. 'NVIDIA GeForce GTX 1070 Ti' (P:1 D:1)
[2022.05.01-17.59.09:138][  0]LogWindows:    2. 'NVIDIA GeForce GTX 1070 Ti' (P:0 D:0)
[2022.05.01-17.59.09:138][  0]LogWindows:    3. 'NVIDIA GeForce GTX 1070 Ti' (P:0 D:0)
[2022.05.01-17.59.09:138][  0]LogWindows: DebugString: FoundDriverCount:4 
[2022.05.01-17.59.09:138][  0]LogD3D11RHI:     Adapter Name: NVIDIA GeForce GTX 1070 Ti
[2022.05.01-17.59.09:138][  0]LogD3D11RHI:   Driver Version: 472.12 (internal:30.0.14.7212, unified:472.12)
[2022.05.01-17.59.09:138][  0]LogD3D11RHI:      Driver Date: 9-13-2021
[2022.05.01-17.59.09:138][  0]LogRHI: Texture pool is 5655 MB (70% of 8079 MB)
[2022.05.01-17.59.09:138][  0]LogD3D11RHI: Creating D3DDevice using adapter:
[2022.05.01-17.59.09:138][  0]LogD3D11RHI:     Description : NVIDIA GeForce GTX 1070 Ti
[2022.05.01-17.59.09:138][  0]LogD3D11RHI:     VendorId    : 10de
[2022.05.01-17.59.09:138][  0]LogD3D11RHI:     DeviceId    : 1b82
[2022.05.01-17.59.09:138][  0]LogD3D11RHI:     SubSysId    : c3041462
[2022.05.01-17.59.09:138][  0]LogD3D11RHI:     Revision    : 00a1
[2022.05.01-17.59.09:138][  0]LogD3D11RHI:     DedicatedVideoMemory : 8471445504 bytes
[2022.05.01-17.59.09:138][  0]LogD3D11RHI:     DedicatedSystemMemory : 0 bytes
[2022.05.01-17.59.09:138][  0]LogD3D11RHI:     SharedSystemMemory : 17141110784 bytes
[2022.05.01-17.59.09:138][  0]LogD3D11RHI:     AdapterLuid : 0 53058
[2022.05.01-17.59.09:205][  0]LogD3D11RHI: RHI has support for 64 bit atomics
[2022.05.01-17.59.09:205][  0]LogD3D11RHI: Async texture creation enabled
[2022.05.01-17.59.09:205][  0]LogD3D11RHI: Array index from any shader is supported
[2022.05.01-17.59.09:227][  0]LogD3D11RHI: GPU Timing Frequency: 1000.000000 (Debug: 2 1)
[2022.05.01-17.59.09:273][  0]LogRHI: GeForceNow SDK initialized: 1
[2022.05.01-17.59.09:533][  0]LogTargetPlatformManager: Display: Loaded TargetPlatform 'AllDesktop'
[2022.05.01-17.59.09:550][  0]LogTargetPlatformManager: Display: Loaded TargetPlatform 'Android'
[2022.05.01-17.59.09:550][  0]LogTargetPlatformManager: Display: Loaded TargetPlatform 'Android_ASTC'
[2022.05.01-17.59.09:550][  0]LogTargetPlatformManager: Display: Loaded TargetPlatform 'Android_DXT'
[2022.05.01-17.59.09:550][  0]LogTargetPlatformManager: Display: Loaded TargetPlatform 'Android_ETC2'
[2022.05.01-17.59.09:550][  0]LogTargetPlatformManager: Display: Loaded TargetPlatform 'AndroidClient'
[2022.05.01-17.59.09:550][  0]LogTargetPlatformManager: Display: Loaded TargetPlatform 'Android_ASTCClient'
[2022.05.01-17.59.09:550][  0]LogTargetPlatformManager: Display: Loaded TargetPlatform 'Android_DXTClient'
[2022.05.01-17.59.09:550][  0]LogTargetPlatformManager: Display: Loaded TargetPlatform 'Android_ETC2Client'
[2022.05.01-17.59.09:550][  0]LogTargetPlatformManager: Display: Loaded TargetPlatform 'Android_Multi'
[2022.05.01-17.59.09:550][  0]LogTargetPlatformManager: Display: Loaded TargetPlatform 'Android_MultiClient'
[2022.05.01-17.59.09:565][  0]LogTargetPlatformManager: Display: Loaded TargetPlatform 'IOSClient'
[2022.05.01-17.59.09:565][  0]LogTargetPlatformManager: Display: Loaded TargetPlatform 'IOS'
[2022.05.01-17.59.09:572][  0]LogTargetPlatformManager: Display: Loaded TargetPlatform 'Linux'
[2022.05.01-17.59.09:576][  0]LogTargetPlatformManager: Display: Loaded TargetPlatform 'LinuxNoEditor'
[2022.05.01-17.59.09:580][  0]LogTargetPlatformManager: Display: Loaded TargetPlatform 'LinuxClient'
[2022.05.01-17.59.09:584][  0]LogTargetPlatformManager: Display: Loaded TargetPlatform 'LinuxServer'
[2022.05.01-17.59.09:591][  0]LogTargetPlatformManager: Display: Loaded TargetPlatform 'LinuxAArch64NoEditor'
[2022.05.01-17.59.09:595][  0]LogTargetPlatformManager: Display: Loaded TargetPlatform 'LinuxAArch64Client'
[2022.05.01-17.59.09:598][  0]LogTargetPlatformManager: Display: Loaded TargetPlatform 'LinuxAArch64Server'
[2022.05.01-17.59.09:617][  0]LogTargetPlatformManager: Display: Loaded TargetPlatform 'Lumin'
[2022.05.01-17.59.09:617][  0]LogTargetPlatformManager: Display: Loaded TargetPlatform 'LuminClient'
[2022.05.01-17.59.09:624][  0]LogTargetPlatformManager: Display: Loaded TargetPlatform 'MacNoEditor'
[2022.05.01-17.59.09:629][  0]LogTargetPlatformManager: Display: Loaded TargetPlatform 'Mac'
[2022.05.01-17.59.09:634][  0]LogTargetPlatformManager: Display: Loaded TargetPlatform 'MacClient'
[2022.05.01-17.59.09:639][  0]LogTargetPlatformManager: Display: Loaded TargetPlatform 'MacServer'
[2022.05.01-17.59.09:650][  0]LogTargetPlatformManager: Display: Loaded TargetPlatform 'TVOSClient'
[2022.05.01-17.59.09:650][  0]LogTargetPlatformManager: Display: Loaded TargetPlatform 'TVOS'
[2022.05.01-17.59.09:657][  0]LogTargetPlatformManager: Display: Loaded TargetPlatform 'WindowsNoEditor'
[2022.05.01-17.59.09:661][  0]LogTargetPlatformManager: Display: Loaded TargetPlatform 'Windows'
[2022.05.01-17.59.09:665][  0]LogTargetPlatformManager: Display: Loaded TargetPlatform 'WindowsClient'
[2022.05.01-17.59.09:668][  0]LogTargetPlatformManager: Display: Loaded TargetPlatform 'WindowsServer'
[2022.05.01-17.59.09:668][  0]LogTargetPlatformManager: Display: Building Assets For Windows
[2022.05.01-17.59.09:674][  0]LogAudioDebug: Display: Lib vorbis DLL was dynamically loaded.
[2022.05.01-17.59.09:698][  0]LogTextureFormatOodle: Display: Oodle Texture 2.9.0 init RDO Off
[2022.05.01-17.59.09:723][  0]LogRendererCore: Ray tracing is disabled. Reason: r.RayTracing=0.
[2022.05.01-17.59.09:723][  0]LogShaderCompilers: Guid format shader working directory is -11 characters bigger than the processId version (../../../../../DEV Unreal/ShooterGame/ShooterGame/Shooter/Intermediate/Shaders/WorkingDirectory/6864/).
[2022.05.01-17.59.09:723][  0]LogShaderCompilers: Cleaned the shader compiler working directory 'C:/Users/Pablo/AppData/Local/Temp/UnrealShaderWorkingDir/353976B94FB5F2D33E345E8097758BFB/'.
[2022.05.01-17.59.09:724][  0]LogXGEController: Cannot use XGE Controller as Incredibuild is not installed on this machine.
[2022.05.01-17.59.09:724][  0]LogShaderCompilers: Cannot use XGE Shader Compiler as Incredibuild is not installed on this machine.
[2022.05.01-17.59.09:724][  0]LogShaderCompilers: Display: Using Local Shader Compiler.
[2022.05.01-17.59.10:339][  0]LogDerivedDataCache: Display: Max Cache Size: 512 MB
[2022.05.01-17.59.10:385][  0]LogDerivedDataCache: Loaded boot cache 0.05s 94MB C:/Users/Pablo/AppData/Local/UnrealEngine/4.27/DerivedDataCache/Boot.ddc.
[2022.05.01-17.59.10:385][  0]LogDerivedDataCache: Display: Loaded Boot cache: C:/Users/Pablo/AppData/Local/UnrealEngine/4.27/DerivedDataCache/Boot.ddc
[2022.05.01-17.59.10:385][  0]LogDerivedDataCache: FDerivedDataBackendGraph:  Pak pak cache file ../../../../../DEV Unreal/ShooterGame/ShooterGame/Shooter/DerivedDataCache/DDC.ddp not found, will not use a pak cache.
[2022.05.01-17.59.10:385][  0]LogDerivedDataCache: Unable to find inner node Pak for hierarchical cache Hierarchy.
[2022.05.01-17.59.10:385][  0]LogDerivedDataCache: FDerivedDataBackendGraph:  CompressedPak pak cache file ../../../../../DEV Unreal/ShooterGame/ShooterGame/Shooter/DerivedDataCache/Compressed.ddp not found, will not use a pak cache.
[2022.05.01-17.59.10:385][  0]LogDerivedDataCache: Unable to find inner node CompressedPak for hierarchical cache Hierarchy.
[2022.05.01-17.59.10:399][  0]LogDerivedDataCache: Display: Pak cache opened for reading ../../../Engine/DerivedDataCache/Compressed.ddp.
[2022.05.01-17.59.10:399][  0]LogDerivedDataCache: FDerivedDataBackendGraph:  EnterprisePak pak cache file ../../../Enterprise/DerivedDataCache/Compressed.ddp not found, will not use a pak cache.
[2022.05.01-17.59.10:399][  0]LogDerivedDataCache: Unable to find inner node EnterprisePak for hierarchical cache Hierarchy.
[2022.05.01-17.59.10:408][  0]LogDerivedDataCache: Speed tests for C:/Users/Pablo/AppData/Local/UnrealEngine/Common/DerivedDataCache took 0.01 seconds
[2022.05.01-17.59.10:408][  0]LogDerivedDataCache: Display: Performance to C:/Users/Pablo/AppData/Local/UnrealEngine/Common/DerivedDataCache: Latency=0.03ms. RandomReadSpeed=1174.74MBs, RandomWriteSpeed=124.34MBs. Assigned SpeedClass 'Local'
[2022.05.01-17.59.10:409][  0]LogDerivedDataCache: Using Local data cache path C:/Users/Pablo/AppData/Local/UnrealEngine/Common/DerivedDataCache: Writable
[2022.05.01-17.59.10:409][  0]LogDerivedDataCache: Shared data cache path not found in *engine.ini, will not use an Shared cache.
[2022.05.01-17.59.10:409][  0]LogDerivedDataCache: Unable to find inner node Shared for hierarchical cache Hierarchy.
[2022.05.01-17.59.10:447][  0]LogSlate: Using FreeType 2.10.0
[2022.05.01-17.59.10:448][  0]LogSlate: SlateFontServices - WITH_FREETYPE: 1, WITH_HARFBUZZ: 1
[2022.05.01-17.59.10:469][  0]LogAssetRegistry: FAssetRegistry took 0.0024 seconds to start up
[2022.05.01-17.59.10:671][  0]LogInit: Selected Device Profile: [Windows]
[2022.05.01-17.59.10:671][  0]LogInit: Active device profile: [00000275A6C9C900][00000275A4691AC0 49] Windows
[2022.05.01-17.59.10:671][  0]LogInit: Profiles: [00000275A6C9C900][00000275A4691AC0 49] Windows, [00000275A6C4F700][000002759CB220C0 49] WindowsNoEditor, [00000275A6C9F500][000002759CB26240 49] WindowsServer, [00000275A6C4CE00][000002759CB2A3C0 49] WindowsClient, [00000275A6C9F800][00000275A7EDE540 49] IOS, [00000275A6C4E700][00000275A7EE66C0 49] iPadAir, [00000275A6C9E000][00000275A4694800 49] iPadAir2, [00000275A6B00A00][000002759CB8CA40 49] IPadPro, [00000275A6B00B00][000002759CB80A80 49] iPadAir3, [00000275A6C4D800][00000275A7EE2BC0 49] iPadAir4, [00000275A6B03400][000002759CB9ED40 49] iPadMini2, [00000275A6C4E900][00000275A6AACEC0 49] iPadMini3, [00000275A6B01700][00000275A6AB1040 49] iPadMini4, [00000275A6C9D100][00000275A6AB51C0 49] iPadMini5, [00000275A6B1C300][00000275A6ABD480 49] iPhone6, [00000275A6B1C400][00000275A6AB94C0 49] iPodTouch6, [00000275A7AC7F00][00000275A6AC5780 49] iPhone7, [00000275A7AC7E00][00000275A6AC17C0 49] iPodTouch7, [00000275A6C4E400][00000275A7BAF940 49] iPhone5S, [00000275A7AC5A00][00000275A7BB3AC0 49] iPhone6Plus, [00000275A6B1C200][00000275A7BB60C0 49] iPhone6S, [00000275A7AC4600][00000275A7BBA240 49] iPhone6SPlus, [00000275A6B1E900][00000275A7BBE3C0 49] iPhone7Plus, [00000275A7AC7100][00000275A7BC2540 49] iPhoneSE, [00000275A6B1E200][00000275A7BC66C0 49] iPhone8, [00000275A7AC7B00][00000275A68B4840 49] iPhone8Plus, [00000275A6B1C800][000002759CB9A980 49] iPhoneX, [00000275A7AC5600][00000275A68BCAC0 49] iPhoneXS, [00000275A6B1FC00][00000275A68C0C00 49] iPhoneXSMax, [00000275A7AC4700][00000275A68C4D40 49] iPhoneXR, [00000275A6B1D300][00000275A7D90EC0 49] iPhone11, [00000275A7AC6700][00000275A7D95040 49] iPhone11Pro, [00000275A6B1D000][00000275A7D991C0 49] iPhone11ProMax, [00000275A7AC6A00][00000275A7D9D340 49] iPhoneSE2, [00000275A6B1D400][00000275A7DA14C0 49] iPhone12Mini, [00000275A7AC6400][00000275A7DA5640 49] iPhone12, [00000275A6B1CD00][00000275A6A937C0 49] iPhone12Pro, [00000275A7AC6B00][00000275A6A97940 49] iPhone12ProMax, [00000275A6B1F000][00000275A6A9BAC0 49] iPadPro105, [00000275A7AC4200][00000275A6A9E0C0 49] iPadPro129, [00000275A6B1EB00][00000275A6AA2240 49] iPadPro97, [00000275A7AC6600][00000275A6AA63C0 49] iPadPro2_129, [00000275A6B1FB00][00000275A7DDE540 49] iPad5, [00000275A7AC6200][00000275A7DE26C0 49] iPad6, [00000275A6B1CF00][00000275A7B28840 49] iPad7, [00000275A7AC5D00][00000275A7B2C9C0 49] iPad8, [00000275A6B1C900][00000275A7B30B40 49] iPadPro11, [00000275A7AC4F00][00000275A68F0C80 49] iPadPro2_11, [00000275A6B1F200][00000275A7EEADC0 49] iPadPro3_129, [00000275A7AC7C00][00000275A7AF0F00 49] iPadPro4_129, [00000275A6B1CC00][00000275A7AF9080 49] AppleTV, [00000275A7AC6100][00000275A7AFD200 49] AppleTV4K, [00000275A6B1F100][00000275A7D8B380 49] TVOS, [00000275A7AC7400][00000275A7B01500 49] Mac, [00000275A6B1F800][00000275A7B05680 49] MacClient, [00000275A7AC5E00][00000275A7B09800 49] MacNoEditor, [00000275A6B1FF00][00000275A7B0D980 49] MacServer, [00000275A7AC6E00][00000275A67E3B00 49] Linux, [00000275A6B1CB00][00000275A67EE100 49] LinuxAArch64, [00000275A7AC5F00][00000275A6856280 49] LinuxNoEditor, [00000275A6B1DB00][00000275A685A400 49] LinuxAArch64NoEditor, [00000275A7AC7900][00000275A685E580 49] LinuxClient, [00000275A6B1F500][00000275A68B8700 49] LinuxAArch64Client, [00000275A7AC6300][00000275A6862880 49] LinuxServer, [00000275A6B1C500][00000275A6866A00 49] LinuxAArch64Server, [00000275A7AC4D00][00000275A686EB80 49] Android, [00000275A6B1D900][00000275A6872D00 49] Android_Low, [00000275A7AC7600][00000275A7AF4E40 49] Android_Mid, [00000275A6B1ED00][00000275A8F52F80 49] Android_High, [00000275A7AC7800][00000275A686B0C0 49] Android_Default, [00000275A6B1E100][00000275A8F57240 49] Android_Adreno4xx, [00000275A7AC4900][00000275A8F5B3C0 49] Android_Adreno5xx_Low, [00000275A6B03600][00000275A8F5F540 49] Android_Adreno5xx, [00000275A6C4C900][00000275A8F7B6C0 49] Android_Adreno6xx, [00000275A6B01800][00000275A6897840 49] Android_Adreno6xx_Vulkan, [00000275A6C4CF00][00000275A689B9C0 49] Android_Mali_T6xx, [00000275A6B01200][00000275A689FB40 49] Android_Mali_T7xx, [00000275A6C4F800][00000275A68A2140 49] Android_Mali_T8xx, [00000275A6B01E00][00000275A68A62C0 49] Android_Mali_G71, [00000275A6C4C500][00000275A68AA440 49] Android_Mali_G72, [00000275A6B00600][00000275A68AE5C0 49] Android_Mali_G72_Vulkan, [00000275A6C4D100][00000275A6A22740 49] Android_Mali_G76, [00000275A6B00100][00000275A6A268C0 49] Android_Mali_G76_Vulkan, [00000275A6C4DE00][000002759CB54A40 49] Android_Mali_G77, [00000275A6B00C00][000002759CB58BC0 49] Android_Mali_G77_Vulkan, [00000275A6C4CA00][000002759CB5CD40 49] Android_Mali_G78, [00000275A6B02C00][000002759CB60EC0 49] Android_Mali_G78_Vulkan, [00000275A6C4F500][00000275A7BCB000 49] Android_Mali_G710, [00000275A6B02400][000002759CB65140 49] Android_Mali_G710_Vulkan, [00000275A6C4E600][000002759CB69280 49] Android_Vulkan_SM5, [00000275A6B03B00][000002759CB6D3C0 49] Android_PowerVR_G6xxx, [00000275A6C4F300][000002759CB75540 49] Android_PowerVR_GT7xxx, [00000275A6B02300][000002759CB796C0 49] Android_PowerVR_GE8xxx, [00000275A6C4ED00][000002759CB7D840 49] Android_PowerVR_GM9xxx, [00000275A6B03F00][00000275A6A2B9C0 49] Android_PowerVR_GM9xxx_Vulkan, [00000275A6C4D500][00000275A6A2FB40 49] Android_TegraK1, [00000275A6B00400][00000275A6A32140 49] Android_Unknown_Vulkan, [00000275A6C4EC00][00000275A6A362C0 49] Lumin, [00000275A6B00500][00000275A6A3A440 49] Lumin_Desktop, [00000275A6C4CD00][00000275A6A3E5C0 49] HoloLens, 
[2022.05.01-17.59.10:775][  0]LogMeshReduction: Using QuadricMeshReduction for automatic static mesh reduction
[2022.05.01-17.59.10:775][  0]LogMeshReduction: Using SimplygonMeshReduction for automatic skeletal mesh reduction
[2022.05.01-17.59.10:775][  0]LogMeshReduction: Using ProxyLODMeshReduction for automatic mesh merging
[2022.05.01-17.59.10:775][  0]LogMeshReduction: No distributed automatic mesh merging module available
[2022.05.01-17.59.10:775][  0]LogMeshMerging: No distributed automatic mesh merging module available
[2022.05.01-17.59.10:789][  0]LogNetVersion: Shooter 1.0.0, NetCL: 17155196, EngineNetVer: 17, GameNetVer: 0 (Checksum: 1849318458)
[2022.05.01-17.59.11:111][  0]LogTexture: Default maximum texture size for cubemaps generated from long-lat sources has been changed from 512 to unlimited. In order to preserve old behaiour for '/Engine/MapTemplates/Sky/DaylightAmbientCubemap.DaylightAmbientCubemap', its maximum texture size has been explicitly set to 512.
[2022.05.01-17.59.11:157][  0]LogHMD: PokeAHoleMaterial loaded successfully
[2022.05.01-17.59.11:162][  0]LogUObjectArray: 17178 objects as part of root set at end of initial load.
[2022.05.01-17.59.11:162][  0]LogUObjectAllocator: 4302048 out of 0 bytes used by permanent object pool.
[2022.05.01-17.59.11:162][  0]LogUObjectArray: CloseDisregardForGC: 0/0 objects in disregard for GC pool
[2022.05.01-17.59.11:384][  0]LogNiagaraDebuggerClient: Niagara Debugger Client Initialized | Session: 12EBA1E64BAC2D0E5690D2AE1B757ABD | Instance: CC46A84A4FAFD1B8B79B65B5E90A798D (DESKTOP-PATULNA-6864).
[2022.05.01-17.59.11:411][  0]LogPython: Using Python 3.7.7
[2022.05.01-17.59.11:896][  0]LogTcpMessaging: Initializing TcpMessaging bridge
[2022.05.01-17.59.11:900][  0]LogUdpMessaging: Initializing bridge on interface 0.0.0.0:0 to multicast group 230.0.0.1:6666.
[2022.05.01-17.59.12:141][  0]SourceControl: Source control is disabled
[2022.05.01-17.59.12:141][  0]SourceControl: Source control is disabled
[2022.05.01-17.59.12:151][  0]SourceControl: Source control is disabled
[2022.05.01-17.59.12:177][  0]SourceControl: Source control is disabled
[2022.05.01-17.59.12:182][  0]SourceControl: Source control is disabled
[2022.05.01-17.59.12:346][  0]LogUProjectInfo: Found projects:
[2022.05.01-17.59.12:362][  0]LogOpenImageDenoise: OIDN starting up
[2022.05.01-17.59.12:397][  0]LogAndroidPermission: UAndroidPermissionCallbackProxy::GetInstance
[2022.05.01-17.59.12:416][  0]LogAudioCaptureCore: Display: No Audio Capture implementations found. Audio input will be silent.
[2022.05.01-17.59.12:416][  0]LogAudioCaptureCore: Display: No Audio Capture implementations found. Audio input will be silent.
[2022.05.01-17.59.12:511][  0]LogCollectionManager: Loaded 0 collections in 0.000572 seconds
[2022.05.01-17.59.12:530][  0]LogFileCache: Scanning file cache for directory 'E:/DEV Unreal/ShooterGame/ShooterGame/Shooter/Saved/Collections/' took 0.00s
[2022.05.01-17.59.12:530][  0]LogFileCache: Scanning file cache for directory 'E:/DEV Unreal/ShooterGame/ShooterGame/Shooter/Content/Developers/Pablo/Collections/' took 0.00s
[2022.05.01-17.59.12:530][  0]LogFileCache: Scanning file cache for directory 'E:/DEV Unreal/ShooterGame/ShooterGame/Shooter/Content/Collections/' took 0.00s
[2022.05.01-17.59.12:530][  0]LogOcInput: OculusInput pre-init called
[2022.05.01-17.59.12:728][  0]LogEngine: Initializing Engine...
[2022.05.01-17.59.12:730][  0]LogHMD: Failed to enumerate extensions. Please check that you have a valid OpenXR runtime installed.
[2022.05.01-17.59.12:730][  0]LogHMD: Failed to initialize OpenVR with code 110
[2022.05.01-17.59.12:730][  0]LogMagicLeap: Warning: VR disabled because ZI is not enabled.  To enable, in the editor, Edit -> Project Settings -> Plugins -> Magic Leap Plugin -> Enable Zero Iteration
[2022.05.01-17.59.12:731][  0]LogStats: UGameplayTagsManager::InitializeManager -  0.000 s
[2022.05.01-17.59.12:827][  0]LogInit: Initializing FReadOnlyCVARCache
[2022.05.01-17.59.12:833][  0]LogAIModule: Creating AISystem for world Untitled
[2022.05.01-17.59.12:842][  0]LogAudio: Display: Initializing Audio Device Manager...
[2022.05.01-17.59.12:845][  0]LogAudio: Display: Loading Default Audio Settings Objects...
[2022.05.01-17.59.12:846][  0]LogAudio: Display: No default SoundConcurrencyObject specified (or failed to load).
[2022.05.01-17.59.12:846][  0]LogAudio: Display: Audio Device Manager Initialized
[2022.05.01-17.59.12:846][  0]LogAudio: Display: Creating Audio Device:                 Id: 1, Scope: Shared, Realtime: True
[2022.05.01-17.59.12:846][  0]LogAudioMixer: Display: Audio Mixer Platform Settings:
[2022.05.01-17.59.12:846][  0]LogAudioMixer: Display: 	Sample Rate:						  48000
[2022.05.01-17.59.12:846][  0]LogAudioMixer: Display: 	Callback Buffer Frame Size Requested: 1024
[2022.05.01-17.59.12:846][  0]LogAudioMixer: Display: 	Callback Buffer Frame Size To Use:	  1024
[2022.05.01-17.59.12:846][  0]LogAudioMixer: Display: 	Number of buffers to queue:			  2
[2022.05.01-17.59.12:846][  0]LogAudioMixer: Display: 	Max Channels (voices):				  32
[2022.05.01-17.59.12:846][  0]LogAudioMixer: Display: 	Number of Async Source Workers:		  0
[2022.05.01-17.59.12:846][  0]LogAudio: Display: AudioDevice MaxSources: 32
[2022.05.01-17.59.12:847][  0]LogAudio: Display: Audio Spatialization Plugin: None (built-in).
[2022.05.01-17.59.12:847][  0]LogAudio: Display: Audio Reverb Plugin: None (built-in).
[2022.05.01-17.59.12:847][  0]LogAudio: Display: Audio Occlusion Plugin: None (built-in).
[2022.05.01-17.59.12:847][  0]LogAudioMixer: Display: Initializing audio mixer.
[2022.05.01-17.59.12:860][  0]LogAudioMixer: Display: 0: FrontLeft
[2022.05.01-17.59.12:860][  0]LogAudioMixer: Display: 1: FrontRight
[2022.05.01-17.59.12:873][  0]LogAudioMixer: Display: Using Audio Device Altavoces (Realtek High Definition Audio)
[2022.05.01-17.59.12:877][  0]LogAudioMixer: Display: Initializing Sound Submixes...
[2022.05.01-17.59.12:879][  0]LogAudioMixer: Display: Creating Master Submix 'MasterSubmixDefault'
[2022.05.01-17.59.12:879][  0]LogAudioMixer: Display: Creating Master Submix 'MasterReverbSubmixDefault'
[2022.05.01-17.59.12:879][  0]LogAudioMixer: Display: Creating Master Submix 'MasterEQSubmixDefault'
[2022.05.01-17.59.12:880][  0]LogAudioMixer: FMixerPlatformXAudio2::StartAudioStream() called
[2022.05.01-17.59.12:880][  0]LogAudioMixer: Display: Output buffers initialized: Frames=1024, Channels=2, Samples=2048
[2022.05.01-17.59.12:880][  0]LogAudioMixer: Display: Starting AudioMixerPlatformInterface::RunInternal()
[2022.05.01-17.59.12:881][  0]LogAudioMixer: Display: FMixerPlatformXAudio2::SubmitBuffer() called for the first time
[2022.05.01-17.59.12:881][  0]LogInit: FAudioDevice initialized.
[2022.05.01-17.59.12:881][  0]LogAudio: Display: Audio Device (ID: 1) registered with world 'Untitled'.
[2022.05.01-17.59.12:881][  0]LogNetVersion: Set ProjectVersion to 1.0.0.0. Version Checksum will be recalculated on next use.
[2022.05.01-17.59.12:954][  0]LogDerivedDataCache: Saved boot cache 0.07s 94MB C:/Users/Pablo/AppData/Local/UnrealEngine/4.27/DerivedDataCache/Boot.ddc.
[2022.05.01-17.59.12:954][  0]LogInit: Texture streaming: Enabled
[2022.05.01-17.59.12:964][  0]LogAnalytics: Display: [UEEditor.Rocket.Release] APIServer = https://datarouter.ol.epicgames.com/. AppVersion = 4.27.2-18319896+++UE4+Release-4.27
[2022.05.01-17.59.12:971][  0]LogEngineSessionManager: EngineSessionManager initialized
[2022.05.01-17.59.12:971][  0]LogEngineSessionManager: EngineSessionManager sent abnormal shutdown report. Type=AbnormalShutdown, SessionId={C6E9935F-4687-D2A1-4F98-49B01ACD7EDD}
[2022.05.01-17.59.12:971][  0]LogEditorSessionSummary: Verbose: Initializing EditorSessionSummaryWriter for editor session tracking
[2022.05.01-17.59.12:981][  0]LogEditorSessionSummary: EditorSessionSummaryWriter initialized
[2022.05.01-17.59.13:004][  0]LogInit: Transaction tracking system initialized
[2022.05.01-17.59.13:021][  0]BlueprintLog: New page: Editor Load
[2022.05.01-17.59.13:067][  0]LocalizationService: Localization service is disabled
[2022.05.01-17.59.13:085][  0]TimingProfiler: Initialize
[2022.05.01-17.59.13:085][  0]TimingProfiler: OnSessionChanged
[2022.05.01-17.59.13:085][  0]LoadingProfiler: Initialize
[2022.05.01-17.59.13:086][  0]LoadingProfiler: OnSessionChanged
[2022.05.01-17.59.13:086][  0]NetworkingProfiler: Initialize
[2022.05.01-17.59.13:086][  0]NetworkingProfiler: OnSessionChanged
[2022.05.01-17.59.13:086][  0]MemoryProfiler: Initialize
[2022.05.01-17.59.13:086][  0]MemoryProfiler: OnSessionChanged
[2022.05.01-17.59.13:190][  0]LogCook: Display: CookSettings for Memory: MemoryMaxUsedVirtual 0MiB, MemoryMaxUsedPhysical 16384MiB, MemoryMinFreeVirtual 0MiB, MemoryMinFreePhysical 1024MiB
[2022.05.01-17.59.13:190][  0]LogCook: Display: Mobile HDR setting 1
[2022.05.01-17.59.13:337][  0]LogFileCache: Scanning file cache for directory 'E:/DEV Unreal/ShooterGame/ShooterGame/Shooter/Content/' took 0.01s
[2022.05.01-17.59.13:497][  0]LogInit: Display: Engine is initialized. Leaving FEngineLoop::Init()
[2022.05.01-17.59.13:503][  0]SourceControl: Source control is disabled
[2022.05.01-17.59.13:503][  0]LogUnrealEdMisc: Loading editor; pre map load, took 5.588
[2022.05.01-17.59.13:503][  0]Cmd: MAP LOAD FILE="../../../../../DEV Unreal/ShooterGame/ShooterGame/Shooter/Content/_Game/Maps/DefaultMap.umap" TEMPLATE=0 SHOWPROGRESS=1 FEATURELEVEL=3
[2022.05.01-17.59.13:504][  0]LightingResults: New page: Lighting Build
[2022.05.01-17.59.13:505][  0]LogWorld: UWorld::CleanupWorld for Untitled, bSessionEnded=true, bCleanupResources=true
[2022.05.01-17.59.13:505][  0]LogSlate: InvalidateAllWidgets triggered.  All widgets were invalidated
[2022.05.01-17.59.13:505][  0]MapCheck: New page: Map Check
[2022.05.01-17.59.13:505][  0]LightingResults: New page: Lighting Build
[2022.05.01-17.59.13:509][  0]LogAudio: Display: Audio Device unregistered from world 'None'.
[2022.05.01-17.59.13:511][  0]LogUObjectHash: Compacting FUObjectHashTables data took   0.68ms
[2022.05.01-17.59.13:703][  0]LogTexture: Default maximum texture size for cubemaps generated from long-lat sources has been changed from 512 to unlimited. In order to preserve old behaiour for '/Game/ParagonLtBelica/Characters/Global/Eyes/Textures/T_EpicQuadPanorama_CC.T_EpicQuadPanorama_CC', its maximum texture size has been explicitly set to 512.
[2022.05.01-17.59.13:908][  0]LogSkeletalMesh: Display: [AssetLog] E:\DEV Unreal\ShooterGame\ShooterGame\Shooter\Content\ParagonLtBelica\Characters\Heroes\Belica\Meshes\Belica.uasset: Find and fix some bad tangent! please re-import this skeletal mesh asset to fix the issue. The shading of the skeletal mesh will be bad and faceted.
[2022.05.01-17.59.13:958][  0]LogAudio: Display: Audio Device (ID: 1) registered with world 'DefaultMap'.
[2022.05.01-17.59.13:959][  0]LogAIModule: Creating AISystem for world DefaultMap
[2022.05.01-17.59.13:962][  0]LogEditorServer: Finished looking for orphan Actors (0.000 secs)
[2022.05.01-17.59.13:968][  0]LogUObjectHash: Compacting FUObjectHashTables data took   0.83ms
[2022.05.01-17.59.13:970][  0]Cmd: MAP CHECKDEP NOCLEARLOG
[2022.05.01-17.59.13:970][  0]MapCheck: Map check complete: 0 Error(s), 0 Warning(s), took 0.075ms to complete.
[2022.05.01-17.59.13:970][  0]LogFileHelpers: Loading map 'DefaultMap' took 0.467
[2022.05.01-17.59.13:972][  0]LogUnrealEdMisc: Total Editor Startup Time, took 6.057
[2022.05.01-17.59.14:107][  0]LogSlate: Updating window title bar state: overlay mode, drag disabled, window buttons hidden, title bar hidden
[2022.05.01-17.59.14:115][  0]LogSlate: Updating window title bar state: overlay mode, drag disabled, window buttons hidden, title bar hidden
[2022.05.01-17.59.14:122][  0]LogSlate: Updating window title bar state: overlay mode, drag disabled, window buttons hidden, title bar hidden
[2022.05.01-17.59.14:129][  0]LogSlate: Updating window title bar state: overlay mode, drag disabled, window buttons hidden, title bar hidden
[2022.05.01-17.59.14:145][  0]LogNativeClassHierarchy: Verbose: Native class hierarchy populated in 0.0084 seconds. Added 3825 classes and 930 folders.
[2022.05.01-17.59.14:147][  0]LogNativeClassHierarchy: Verbose: Native class hierarchy updated for 'WidgetCarousel' in 0.0002 seconds. Added 0 classes and 0 folders.
[2022.05.01-17.59.14:148][  0]LogPakFile: PakFile PrimaryIndexSize=187
[2022.05.01-17.59.14:148][  0]LogPakFile: PakFile PathHashIndexSize=101
[2022.05.01-17.59.14:149][  0]LogPakFile: PakFile FullDirectoryIndexSize=148
[2022.05.01-17.59.14:149][  0]LogShaderLibrary: Display: ShaderCodeLibraryPakFileMountedCallback: PakFile 'E:/Unreal/UE_4.27/FeaturePacks/FP_FirstPerson.upack' (chunk index -1, root 'root:/') mounted
[2022.05.01-17.59.14:149][  0]LogShaderLibrary: Display: ShaderCodeLibraryPakFileMountedCallback: pending pak file info (ChunkID:-1 Root:root:/ File:E:/Unreal/UE_4.27/FeaturePacks/FP_FirstPerson.upack)
[2022.05.01-17.59.14:149][  0]LogPakFile: OnPakFileMounted2Time == 0.000102
[2022.05.01-17.59.14:150][  0]LogPakFile: PakFile PrimaryIndexSize=189
[2022.05.01-17.59.14:150][  0]LogPakFile: PakFile PathHashIndexSize=101
[2022.05.01-17.59.14:150][  0]LogPakFile: PakFile FullDirectoryIndexSize=152
[2022.05.01-17.59.14:150][  0]LogShaderLibrary: Display: ShaderCodeLibraryPakFileMountedCallback: PakFile 'E:/Unreal/UE_4.27/FeaturePacks/FP_FirstPersonBP.upack' (chunk index -1, root 'root:/') mounted
[2022.05.01-17.59.14:150][  0]LogShaderLibrary: Display: ShaderCodeLibraryPakFileMountedCallback: pending pak file info (ChunkID:-1 Root:root:/ File:E:/Unreal/UE_4.27/FeaturePacks/FP_FirstPersonBP.upack)
[2022.05.01-17.59.14:150][  0]LogPakFile: OnPakFileMounted2Time == 0.000051
[2022.05.01-17.59.14:150][  0]LogPakFile: PakFile PrimaryIndexSize=191
[2022.05.01-17.59.14:150][  0]LogPakFile: PakFile PathHashIndexSize=101
[2022.05.01-17.59.14:150][  0]LogPakFile: PakFile FullDirectoryIndexSize=160
[2022.05.01-17.59.14:150][  0]LogShaderLibrary: Display: ShaderCodeLibraryPakFileMountedCallback: PakFile 'E:/Unreal/UE_4.27/FeaturePacks/MobileStarterContent.upack' (chunk index -1, root 'root:/') mounted
[2022.05.01-17.59.14:150][  0]LogShaderLibrary: Display: ShaderCodeLibraryPakFileMountedCallback: pending pak file info (ChunkID:-1 Root:root:/ File:E:/Unreal/UE_4.27/FeaturePacks/MobileStarterContent.upack)
[2022.05.01-17.59.14:150][  0]LogPakFile: OnPakFileMounted2Time == 0.000040
[2022.05.01-17.59.14:151][  0]LogPakFile: PakFile PrimaryIndexSize=185
[2022.05.01-17.59.14:151][  0]LogPakFile: PakFile PathHashIndexSize=101
[2022.05.01-17.59.14:151][  0]LogPakFile: PakFile FullDirectoryIndexSize=148
[2022.05.01-17.59.14:151][  0]LogShaderLibrary: Display: ShaderCodeLibraryPakFileMountedCallback: PakFile 'E:/Unreal/UE_4.27/FeaturePacks/StarterContent.upack' (chunk index -1, root 'root:/') mounted
[2022.05.01-17.59.14:151][  0]LogShaderLibrary: Display: ShaderCodeLibraryPakFileMountedCallback: pending pak file info (ChunkID:-1 Root:root:/ File:E:/Unreal/UE_4.27/FeaturePacks/StarterContent.upack)
[2022.05.01-17.59.14:151][  0]LogPakFile: OnPakFileMounted2Time == 0.000075
[2022.05.01-17.59.14:152][  0]LogPakFile: PakFile PrimaryIndexSize=190
[2022.05.01-17.59.14:152][  0]LogPakFile: PakFile PathHashIndexSize=101
[2022.05.01-17.59.14:152][  0]LogPakFile: PakFile FullDirectoryIndexSize=154
[2022.05.01-17.59.14:152][  0]LogShaderLibrary: Display: ShaderCodeLibraryPakFileMountedCallback: PakFile 'E:/Unreal/UE_4.27/FeaturePacks/TP_2DSideScroller.upack' (chunk index -1, root 'root:/') mounted
[2022.05.01-17.59.14:152][  0]LogShaderLibrary: Display: ShaderCodeLibraryPakFileMountedCallback: pending pak file info (ChunkID:-1 Root:root:/ File:E:/Unreal/UE_4.27/FeaturePacks/TP_2DSideScroller.upack)
[2022.05.01-17.59.14:152][  0]LogPakFile: OnPakFileMounted2Time == 0.000040
[2022.05.01-17.59.14:152][  0]LogPakFile: PakFile PrimaryIndexSize=192
[2022.05.01-17.59.14:152][  0]LogPakFile: PakFile PathHashIndexSize=101
[2022.05.01-17.59.14:152][  0]LogPakFile: PakFile FullDirectoryIndexSize=158
[2022.05.01-17.59.14:152][  0]LogShaderLibrary: Display: ShaderCodeLibraryPakFileMountedCallback: PakFile 'E:/Unreal/UE_4.27/FeaturePacks/TP_2DSideScrollerBP.upack' (chunk index -1, root 'root:/') mounted
[2022.05.01-17.59.14:152][  0]LogShaderLibrary: Display: ShaderCodeLibraryPakFileMountedCallback: pending pak file info (ChunkID:-1 Root:root:/ File:E:/Unreal/UE_4.27/FeaturePacks/TP_2DSideScrollerBP.upack)
[2022.05.01-17.59.14:152][  0]LogPakFile: OnPakFileMounted2Time == 0.000076
[2022.05.01-17.59.14:153][  0]LogPakFile: PakFile PrimaryIndexSize=182
[2022.05.01-17.59.14:153][  0]LogPakFile: PakFile PathHashIndexSize=101
[2022.05.01-17.59.14:153][  0]LogPakFile: PakFile FullDirectoryIndexSize=138
[2022.05.01-17.59.14:153][  0]LogShaderLibrary: Display: ShaderCodeLibraryPakFileMountedCallback: PakFile 'E:/Unreal/UE_4.27/FeaturePacks/TP_Flying.upack' (chunk index -1, root 'root:/') mounted
[2022.05.01-17.59.14:153][  0]LogShaderLibrary: Display: ShaderCodeLibraryPakFileMountedCallback: pending pak file info (ChunkID:-1 Root:root:/ File:E:/Unreal/UE_4.27/FeaturePacks/TP_Flying.upack)
[2022.05.01-17.59.14:153][  0]LogPakFile: OnPakFileMounted2Time == 0.000039
[2022.05.01-17.59.14:154][  0]LogPakFile: PakFile PrimaryIndexSize=184
[2022.05.01-17.59.14:154][  0]LogPakFile: PakFile PathHashIndexSize=101
[2022.05.01-17.59.14:154][  0]LogPakFile: PakFile FullDirectoryIndexSize=142
[2022.05.01-17.59.14:154][  0]LogShaderLibrary: Display: ShaderCodeLibraryPakFileMountedCallback: PakFile 'E:/Unreal/UE_4.27/FeaturePacks/TP_FlyingBP.upack' (chunk index -1, root 'root:/') mounted
[2022.05.01-17.59.14:154][  0]LogShaderLibrary: Display: ShaderCodeLibraryPakFileMountedCallback: pending pak file info (ChunkID:-1 Root:root:/ File:E:/Unreal/UE_4.27/FeaturePacks/TP_FlyingBP.upack)
[2022.05.01-17.59.14:154][  0]LogPakFile: OnPakFileMounted2Time == 0.000050
[2022.05.01-17.59.14:154][  0]LogPakFile: PakFile PrimaryIndexSize=188
[2022.05.01-17.59.14:154][  0]LogPakFile: PakFile PathHashIndexSize=101
[2022.05.01-17.59.14:154][  0]LogPakFile: PakFile FullDirectoryIndexSize=150
[2022.05.01-17.59.14:154][  0]LogShaderLibrary: Display: ShaderCodeLibraryPakFileMountedCallback: PakFile 'E:/Unreal/UE_4.27/FeaturePacks/TP_HandheldARBP.upack' (chunk index -1, root 'root:/') mounted
[2022.05.01-17.59.14:154][  0]LogShaderLibrary: Display: ShaderCodeLibraryPakFileMountedCallback: pending pak file info (ChunkID:-1 Root:root:/ File:E:/Unreal/UE_4.27/FeaturePacks/TP_HandheldARBP.upack)
[2022.05.01-17.59.14:154][  0]LogPakFile: OnPakFileMounted2Time == 0.000039
[2022.05.01-17.59.14:155][  0]LogPakFile: PakFile PrimaryIndexSize=182
[2022.05.01-17.59.14:155][  0]LogPakFile: PakFile PathHashIndexSize=101
[2022.05.01-17.59.14:155][  0]LogPakFile: PakFile FullDirectoryIndexSize=138
[2022.05.01-17.59.14:155][  0]LogShaderLibrary: Display: ShaderCodeLibraryPakFileMountedCallback: PakFile 'E:/Unreal/UE_4.27/FeaturePacks/TP_Puzzle.upack' (chunk index -1, root 'root:/') mounted
[2022.05.01-17.59.14:155][  0]LogShaderLibrary: Display: ShaderCodeLibraryPakFileMountedCallback: pending pak file info (ChunkID:-1 Root:root:/ File:E:/Unreal/UE_4.27/FeaturePacks/TP_Puzzle.upack)
[2022.05.01-17.59.14:155][  0]LogPakFile: OnPakFileMounted2Time == 0.000040
[2022.05.01-17.59.14:155][  0]LogPakFile: PakFile PrimaryIndexSize=184
[2022.05.01-17.59.14:155][  0]LogPakFile: PakFile PathHashIndexSize=101
[2022.05.01-17.59.14:155][  0]LogPakFile: PakFile FullDirectoryIndexSize=142
[2022.05.01-17.59.14:156][  0]LogShaderLibrary: Display: ShaderCodeLibraryPakFileMountedCallback: PakFile 'E:/Unreal/UE_4.27/FeaturePacks/TP_PuzzleBP.upack' (chunk index -1, root 'root:/') mounted
[2022.05.01-17.59.14:156][  0]LogShaderLibrary: Display: ShaderCodeLibraryPakFileMountedCallback: pending pak file info (ChunkID:-1 Root:root:/ File:E:/Unreal/UE_4.27/FeaturePacks/TP_PuzzleBP.upack)
[2022.05.01-17.59.14:156][  0]LogPakFile: OnPakFileMounted2Time == 0.000071
[2022.05.01-17.59.14:156][  0]LogPakFile: PakFile PrimaryIndexSize=183
[2022.05.01-17.59.14:157][  0]LogPakFile: PakFile PathHashIndexSize=101
[2022.05.01-17.59.14:157][  0]LogPakFile: PakFile FullDirectoryIndexSize=140
[2022.05.01-17.59.14:157][  0]LogShaderLibrary: Display: ShaderCodeLibraryPakFileMountedCallback: PakFile 'E:/Unreal/UE_4.27/FeaturePacks/TP_Rolling.upack' (chunk index -1, root 'root:/') mounted
[2022.05.01-17.59.14:157][  0]LogShaderLibrary: Display: ShaderCodeLibraryPakFileMountedCallback: pending pak file info (ChunkID:-1 Root:root:/ File:E:/Unreal/UE_4.27/FeaturePacks/TP_Rolling.upack)
[2022.05.01-17.59.14:157][  0]LogPakFile: OnPakFileMounted2Time == 0.000150
[2022.05.01-17.59.14:157][  0]LogPakFile: PakFile PrimaryIndexSize=185
[2022.05.01-17.59.14:157][  0]LogPakFile: PakFile PathHashIndexSize=101
[2022.05.01-17.59.14:157][  0]LogPakFile: PakFile FullDirectoryIndexSize=144
[2022.05.01-17.59.14:157][  0]LogShaderLibrary: Display: ShaderCodeLibraryPakFileMountedCallback: PakFile 'E:/Unreal/UE_4.27/FeaturePacks/TP_RollingBP.upack' (chunk index -1, root 'root:/') mounted
[2022.05.01-17.59.14:158][  0]LogShaderLibrary: Display: ShaderCodeLibraryPakFileMountedCallback: pending pak file info (ChunkID:-1 Root:root:/ File:E:/Unreal/UE_4.27/FeaturePacks/TP_RollingBP.upack)
[2022.05.01-17.59.14:158][  0]LogPakFile: OnPakFileMounted2Time == 0.000062
[2022.05.01-17.59.14:158][  0]LogPakFile: PakFile PrimaryIndexSize=188
[2022.05.01-17.59.14:158][  0]LogPakFile: PakFile PathHashIndexSize=101
[2022.05.01-17.59.14:158][  0]LogPakFile: PakFile FullDirectoryIndexSize=150
[2022.05.01-17.59.14:158][  0]LogShaderLibrary: Display: ShaderCodeLibraryPakFileMountedCallback: PakFile 'E:/Unreal/UE_4.27/FeaturePacks/TP_SideScroller.upack' (chunk index -1, root 'root:/') mounted
[2022.05.01-17.59.14:158][  0]LogShaderLibrary: Display: ShaderCodeLibraryPakFileMountedCallback: pending pak file info (ChunkID:-1 Root:root:/ File:E:/Unreal/UE_4.27/FeaturePacks/TP_SideScroller.upack)
[2022.05.01-17.59.14:158][  0]LogPakFile: OnPakFileMounted2Time == 0.000041
[2022.05.01-17.59.14:159][  0]LogPakFile: PakFile PrimaryIndexSize=190
[2022.05.01-17.59.14:159][  0]LogPakFile: PakFile PathHashIndexSize=101
[2022.05.01-17.59.14:159][  0]LogPakFile: PakFile FullDirectoryIndexSize=154
[2022.05.01-17.59.14:159][  0]LogShaderLibrary: Display: ShaderCodeLibraryPakFileMountedCallback: PakFile 'E:/Unreal/UE_4.27/FeaturePacks/TP_SideScrollerBP.upack' (chunk index -1, root 'root:/') mounted
[2022.05.01-17.59.14:159][  0]LogShaderLibrary: Display: ShaderCodeLibraryPakFileMountedCallback: pending pak file info (ChunkID:-1 Root:root:/ File:E:/Unreal/UE_4.27/FeaturePacks/TP_SideScrollerBP.upack)
[2022.05.01-17.59.14:159][  0]LogPakFile: OnPakFileMounted2Time == 0.000046
[2022.05.01-17.59.14:159][  0]LogPakFile: PakFile PrimaryIndexSize=187
[2022.05.01-17.59.14:159][  0]LogPakFile: PakFile PathHashIndexSize=101
[2022.05.01-17.59.14:159][  0]LogPakFile: PakFile FullDirectoryIndexSize=148
[2022.05.01-17.59.14:159][  0]LogShaderLibrary: Display: ShaderCodeLibraryPakFileMountedCallback: PakFile 'E:/Unreal/UE_4.27/FeaturePacks/TP_ThirdPerson.upack' (chunk index -1, root 'root:/') mounted
[2022.05.01-17.59.14:159][  0]LogShaderLibrary: Display: ShaderCodeLibraryPakFileMountedCallback: pending pak file info (ChunkID:-1 Root:root:/ File:E:/Unreal/UE_4.27/FeaturePacks/TP_ThirdPerson.upack)
[2022.05.01-17.59.14:159][  0]LogPakFile: OnPakFileMounted2Time == 0.000041
[2022.05.01-17.59.14:160][  0]LogPakFile: PakFile PrimaryIndexSize=189
[2022.05.01-17.59.14:160][  0]LogPakFile: PakFile PathHashIndexSize=101
[2022.05.01-17.59.14:160][  0]LogPakFile: PakFile FullDirectoryIndexSize=152
[2022.05.01-17.59.14:160][  0]LogShaderLibrary: Display: ShaderCodeLibraryPakFileMountedCallback: PakFile 'E:/Unreal/UE_4.27/FeaturePacks/TP_ThirdPersonBP.upack' (chunk index -1, root 'root:/') mounted
[2022.05.01-17.59.14:160][  0]LogShaderLibrary: Display: ShaderCodeLibraryPakFileMountedCallback: pending pak file info (ChunkID:-1 Root:root:/ File:E:/Unreal/UE_4.27/FeaturePacks/TP_ThirdPersonBP.upack)
[2022.05.01-17.59.14:160][  0]LogPakFile: OnPakFileMounted2Time == 0.000041
[2022.05.01-17.59.14:161][  0]LogPakFile: PakFile PrimaryIndexSize=183
[2022.05.01-17.59.14:161][  0]LogPakFile: PakFile PathHashIndexSize=101
[2022.05.01-17.59.14:161][  0]LogPakFile: PakFile FullDirectoryIndexSize=140
[2022.05.01-17.59.14:161][  0]LogShaderLibrary: Display: ShaderCodeLibraryPakFileMountedCallback: PakFile 'E:/Unreal/UE_4.27/FeaturePacks/TP_TopDown.upack' (chunk index -1, root 'root:/') mounted
[2022.05.01-17.59.14:161][  0]LogShaderLibrary: Display: ShaderCodeLibraryPakFileMountedCallback: pending pak file info (ChunkID:-1 Root:root:/ File:E:/Unreal/UE_4.27/FeaturePacks/TP_TopDown.upack)
[2022.05.01-17.59.14:161][  0]LogPakFile: OnPakFileMounted2Time == 0.000046
[2022.05.01-17.59.14:161][  0]LogPakFile: PakFile PrimaryIndexSize=185
[2022.05.01-17.59.14:161][  0]LogPakFile: PakFile PathHashIndexSize=101
[2022.05.01-17.59.14:161][  0]LogPakFile: PakFile FullDirectoryIndexSize=144
[2022.05.01-17.59.14:161][  0]LogShaderLibrary: Display: ShaderCodeLibraryPakFileMountedCallback: PakFile 'E:/Unreal/UE_4.27/FeaturePacks/TP_TopDownBP.upack' (chunk index -1, root 'root:/') mounted
[2022.05.01-17.59.14:161][  0]LogShaderLibrary: Display: ShaderCodeLibraryPakFileMountedCallback: pending pak file info (ChunkID:-1 Root:root:/ File:E:/Unreal/UE_4.27/FeaturePacks/TP_TopDownBP.upack)
[2022.05.01-17.59.14:161][  0]LogPakFile: OnPakFileMounted2Time == 0.000041
[2022.05.01-17.59.14:162][  0]LogPakFile: PakFile PrimaryIndexSize=185
[2022.05.01-17.59.14:162][  0]LogPakFile: PakFile PathHashIndexSize=101
[2022.05.01-17.59.14:162][  0]LogPakFile: PakFile FullDirectoryIndexSize=144
[2022.05.01-17.59.14:162][  0]LogShaderLibrary: Display: ShaderCodeLibraryPakFileMountedCallback: PakFile 'E:/Unreal/UE_4.27/FeaturePacks/TP_TwinStick.upack' (chunk index -1, root 'root:/') mounted
[2022.05.01-17.59.14:162][  0]LogShaderLibrary: Display: ShaderCodeLibraryPakFileMountedCallback: pending pak file info (ChunkID:-1 Root:root:/ File:E:/Unreal/UE_4.27/FeaturePacks/TP_TwinStick.upack)
[2022.05.01-17.59.14:162][  0]LogPakFile: OnPakFileMounted2Time == 0.000042
[2022.05.01-17.59.14:162][  0]LogPakFile: PakFile PrimaryIndexSize=187
[2022.05.01-17.59.14:162][  0]LogPakFile: PakFile PathHashIndexSize=101
[2022.05.01-17.59.14:162][  0]LogPakFile: PakFile FullDirectoryIndexSize=148
[2022.05.01-17.59.14:162][  0]LogShaderLibrary: Display: ShaderCodeLibraryPakFileMountedCallback: PakFile 'E:/Unreal/UE_4.27/FeaturePacks/TP_TwinStickBP.upack' (chunk index -1, root 'root:/') mounted
[2022.05.01-17.59.14:162][  0]LogShaderLibrary: Display: ShaderCodeLibraryPakFileMountedCallback: pending pak file info (ChunkID:-1 Root:root:/ File:E:/Unreal/UE_4.27/FeaturePacks/TP_TwinStickBP.upack)
[2022.05.01-17.59.14:162][  0]LogPakFile: OnPakFileMounted2Time == 0.000041
[2022.05.01-17.59.14:163][  0]LogPakFile: PakFile PrimaryIndexSize=183
[2022.05.01-17.59.14:163][  0]LogPakFile: PakFile PathHashIndexSize=101
[2022.05.01-17.59.14:163][  0]LogPakFile: PakFile FullDirectoryIndexSize=140
[2022.05.01-17.59.14:163][  0]LogShaderLibrary: Display: ShaderCodeLibraryPakFileMountedCallback: PakFile 'E:/Unreal/UE_4.27/FeaturePacks/TP_Vehicle.upack' (chunk index -1, root 'root:/') mounted
[2022.05.01-17.59.14:163][  0]LogShaderLibrary: Display: ShaderCodeLibraryPakFileMountedCallback: pending pak file info (ChunkID:-1 Root:root:/ File:E:/Unreal/UE_4.27/FeaturePacks/TP_Vehicle.upack)
[2022.05.01-17.59.14:163][  0]LogPakFile: OnPakFileMounted2Time == 0.000041
[2022.05.01-17.59.14:163][  0]LogPakFile: PakFile PrimaryIndexSize=186
[2022.05.01-17.59.14:163][  0]LogPakFile: PakFile PathHashIndexSize=101
[2022.05.01-17.59.14:163][  0]LogPakFile: PakFile FullDirectoryIndexSize=146
[2022.05.01-17.59.14:163][  0]LogShaderLibrary: Display: ShaderCodeLibraryPakFileMountedCallback: PakFile 'E:/Unreal/UE_4.27/FeaturePacks/TP_VehicleAdv.upack' (chunk index -1, root 'root:/') mounted
[2022.05.01-17.59.14:163][  0]LogShaderLibrary: Display: ShaderCodeLibraryPakFileMountedCallback: pending pak file info (ChunkID:-1 Root:root:/ File:E:/Unreal/UE_4.27/FeaturePacks/TP_VehicleAdv.upack)
[2022.05.01-17.59.14:163][  0]LogPakFile: OnPakFileMounted2Time == 0.000040
[2022.05.01-17.59.14:164][  0]LogPakFile: PakFile PrimaryIndexSize=188
[2022.05.01-17.59.14:164][  0]LogPakFile: PakFile PathHashIndexSize=101
[2022.05.01-17.59.14:164][  0]LogPakFile: PakFile FullDirectoryIndexSize=150
[2022.05.01-17.59.14:164][  0]LogShaderLibrary: Display: ShaderCodeLibraryPakFileMountedCallback: PakFile 'E:/Unreal/UE_4.27/FeaturePacks/TP_VehicleAdvBP.upack' (chunk index -1, root 'root:/') mounted
[2022.05.01-17.59.14:164][  0]LogShaderLibrary: Display: ShaderCodeLibraryPakFileMountedCallback: pending pak file info (ChunkID:-1 Root:root:/ File:E:/Unreal/UE_4.27/FeaturePacks/TP_VehicleAdvBP.upack)
[2022.05.01-17.59.14:164][  0]LogPakFile: OnPakFileMounted2Time == 0.000042
[2022.05.01-17.59.14:165][  0]LogPakFile: PakFile PrimaryIndexSize=185
[2022.05.01-17.59.14:165][  0]LogPakFile: PakFile PathHashIndexSize=101
[2022.05.01-17.59.14:165][  0]LogPakFile: PakFile FullDirectoryIndexSize=144
[2022.05.01-17.59.14:165][  0]LogShaderLibrary: Display: ShaderCodeLibraryPakFileMountedCallback: PakFile 'E:/Unreal/UE_4.27/FeaturePacks/TP_VehicleBP.upack' (chunk index -1, root 'root:/') mounted
[2022.05.01-17.59.14:165][  0]LogShaderLibrary: Display: ShaderCodeLibraryPakFileMountedCallback: pending pak file info (ChunkID:-1 Root:root:/ File:E:/Unreal/UE_4.27/FeaturePacks/TP_VehicleBP.upack)
[2022.05.01-17.59.14:165][  0]LogPakFile: OnPakFileMounted2Time == 0.000039
[2022.05.01-17.59.14:165][  0]LogPakFile: PakFile PrimaryIndexSize=192
[2022.05.01-17.59.14:165][  0]LogPakFile: PakFile PathHashIndexSize=101
[2022.05.01-17.59.14:165][  0]LogPakFile: PakFile FullDirectoryIndexSize=158
[2022.05.01-17.59.14:165][  0]LogShaderLibrary: Display: ShaderCodeLibraryPakFileMountedCallback: PakFile 'E:/Unreal/UE_4.27/FeaturePacks/TP_VirtualRealityBP.upack' (chunk index -1, root 'root:/') mounted
[2022.05.01-17.59.14:165][  0]LogShaderLibrary: Display: ShaderCodeLibraryPakFileMountedCallback: pending pak file info (ChunkID:-1 Root:root:/ File:E:/Unreal/UE_4.27/FeaturePacks/TP_VirtualRealityBP.upack)
[2022.05.01-17.59.14:165][  0]LogPakFile: OnPakFileMounted2Time == 0.000074
[2022.05.01-17.59.14:194][  0]LogNativeClassHierarchy: Verbose: Native class hierarchy updated for 'AddContentDialog' in 0.0002 seconds. Added 0 classes and 0 folders.
[2022.05.01-17.59.14:198][  0]LogNativeClassHierarchy: Verbose: Native class hierarchy updated for 'SceneOutliner' in 0.0002 seconds. Added 2 classes and 0 folders.
[2022.05.01-17.59.14:297][  0]LogSlate: Took 0.000112 seconds to synchronously load lazily loaded font '../../../Engine/Content/Slate/Fonts/Roboto-Regular.ttf' (155K)
[2022.05.01-17.59.14:973][  0]LogSlate: Only BGRA pngs, bmps or icos are supported in by External Image Picker
[2022.05.01-17.59.15:041][  0]LogSlate: Took 0.000138 seconds to synchronously load lazily loaded font '../../../Engine/Content/Editor/Slate/Fonts/FontAwesome.ttf' (139K)
[2022.05.01-17.59.15:041][  0]LogSlate: Took 0.000096 seconds to synchronously load lazily loaded font '../../../Engine/Content/Slate/Fonts/Roboto-Bold.ttf' (160K)
[2022.05.01-17.59.15:116][  0]LogRenderer: Reallocating scene render targets to support 1124x500 Format 10 NumSamples 1 (Frame:1).
[2022.05.01-17.59.15:151][  0]LogSlate: Took 0.000120 seconds to synchronously load lazily loaded font '../../../Engine/Content/Slate/Fonts/Roboto-Light.ttf' (167K)
[2022.05.01-17.59.15:187][  0]LogNativeClassHierarchy: Verbose: Native class hierarchy updated for 'HierarchicalLODOutliner' in 0.0002 seconds. Added 0 classes and 0 folders.
[2022.05.01-17.59.15:188][  0]LogLoad: (Engine Initialization) Total time: 7.27 seconds
[2022.05.01-17.59.15:188][  0]LogLoad: (Engine Initialization) Total Blueprint compile time: 0.00 seconds
[2022.05.01-17.59.15:257][  0]LogAssetRegistry: Asset discovery search completed in 4.7881 seconds
[2022.05.01-17.59.15:261][  0]LogCollectionManager: Fixed up redirectors for 0 collections in 0.000003 seconds (updated 0 objects)
[2022.05.01-17.59.15:263][  0]LogContentStreaming: Texture pool size now 1000 MB
[2022.05.01-18.10.09:079][856]LogTemp: Repeating last play command: Selected Viewport
[2022.05.01-18.10.09:087][856]LogPlayLevel: PlayLevel: No blueprints needed recompiling
[2022.05.01-18.10.09:088][856]PIE: New page: PIE session: DefaultMap (May 1, 2022, 12:10:09 PM)
[2022.05.01-18.10.09:089][856]LogOnline: OSS: Creating online subsystem instance for: NULL
[2022.05.01-18.10.09:091][856]LogOnline: OSS: TryLoadSubsystemAndSetDefault: Loaded subsystem for module [NULL]
[2022.05.01-18.10.09:091][856]LogPlayLevel: Creating play world package: /Game/_Game/Maps/UEDPIE_0_DefaultMap
[2022.05.01-18.10.09:093][856]LogPlayLevel: PIE: StaticDuplicateObject took: (0.002188s)
[2022.05.01-18.10.09:094][856]LogAIModule: Creating AISystem for world DefaultMap
[2022.05.01-18.10.09:095][856]LogPlayLevel: PIE: World Init took: (0.001377s)
[2022.05.01-18.10.09:095][856]LogPlayLevel: PIE: Created PIE world by copying editor world from /Game/_Game/Maps/DefaultMap.DefaultMap to /Game/_Game/Maps/UEDPIE_0_DefaultMap.DefaultMap (0.003736s)
[2022.05.01-18.10.09:100][856]LogUObjectHash: Compacting FUObjectHashTables data took   0.64ms
[2022.05.01-18.10.09:101][856]LogAudio: Display: Creating Audio Device:                 Id: 2, Scope: Unique, Realtime: True
[2022.05.01-18.10.09:101][856]LogAudioMixer: Display: Audio Mixer Platform Settings:
[2022.05.01-18.10.09:101][856]LogAudioMixer: Display: 	Sample Rate:						  48000
[2022.05.01-18.10.09:101][856]LogAudioMixer: Display: 	Callback Buffer Frame Size Requested: 1024
[2022.05.01-18.10.09:101][856]LogAudioMixer: Display: 	Callback Buffer Frame Size To Use:	  1024
[2022.05.01-18.10.09:102][856]LogAudioMixer: Display: 	Number of buffers to queue:			  2
[2022.05.01-18.10.09:102][856]LogAudioMixer: Display: 	Max Channels (voices):				  32
[2022.05.01-18.10.09:102][856]LogAudioMixer: Display: 	Number of Async Source Workers:		  0
[2022.05.01-18.10.09:102][856]LogAudio: Display: AudioDevice MaxSources: 32
[2022.05.01-18.10.09:102][856]LogAudio: Display: Audio Spatialization Plugin: None (built-in).
[2022.05.01-18.10.09:102][856]LogAudio: Display: Audio Reverb Plugin: None (built-in).
[2022.05.01-18.10.09:102][856]LogAudio: Display: Audio Occlusion Plugin: None (built-in).
[2022.05.01-18.10.09:102][856]LogAudioMixer: Display: Initializing audio mixer.
[2022.05.01-18.10.09:107][856]LogAudioMixer: Display: 0: FrontLeft
[2022.05.01-18.10.09:107][856]LogAudioMixer: Display: 1: FrontRight
[2022.05.01-18.10.09:113][856]LogAudioMixer: Display: Using Audio Device Altavoces (Realtek High Definition Audio)
[2022.05.01-18.10.09:113][856]LogAudioMixer: Display: Initializing Sound Submixes...
[2022.05.01-18.10.09:113][856]LogAudioMixer: Display: Creating Master Submix 'MasterSubmixDefault'
[2022.05.01-18.10.09:113][856]LogAudioMixer: Display: Creating Master Submix 'MasterReverbSubmixDefault'
[2022.05.01-18.10.09:114][856]LogAudioMixer: Display: Creating Master Submix 'MasterEQSubmixDefault'
[2022.05.01-18.10.09:114][856]LogAudioMixer: FMixerPlatformXAudio2::StartAudioStream() called
[2022.05.01-18.10.09:114][856]LogAudioMixer: Display: Output buffers initialized: Frames=1024, Channels=2, Samples=2048
[2022.05.01-18.10.09:115][856]LogAudioMixer: Display: Starting AudioMixerPlatformInterface::RunInternal()
[2022.05.01-18.10.09:115][856]LogAudioMixer: Display: FMixerPlatformXAudio2::SubmitBuffer() called for the first time
[2022.05.01-18.10.09:115][856]LogInit: FAudioDevice initialized.
[2022.05.01-18.10.09:115][856]LogAudio: Display: Audio Device (ID: 2) registered with world 'DefaultMap'.
[2022.05.01-18.10.09:127][856]LogLoad: Game class is 'BP_ShooterGameModeBase_C'
[2022.05.01-18.10.09:129][856]LogWorld: Bringing World /Game/_Game/Maps/UEDPIE_0_DefaultMap.DefaultMap up for play (max tick rate 0) at 2022.05.01-15.10.09
[2022.05.01-18.10.09:129][856]LogWorld: Bringing up level for play took: 0.000486
[2022.05.01-18.10.09:129][856]LogOnline: OSS: Creating online subsystem instance for: :Context_2
[2022.05.01-18.10.09:132][856]LogNativeClassHierarchy: Verbose: Native class hierarchy updated for 'MovieSceneCapture' in 0.0003 seconds. Added 20 classes and 0 folders.
[2022.05.01-18.10.09:134][856]PIE: Server logged in
[2022.05.01-18.10.09:136][856]PIE: Play in editor total start time 0.054 seconds.
[2022.05.01-18.10.12:051][196]LogSlate: Updating window title bar state: overlay mode, drag disabled, window buttons hidden, title bar hidden
[2022.05.01-18.10.12:051][196]LogWorld: BeginTearingDown for /Game/_Game/Maps/UEDPIE_0_DefaultMap
[2022.05.01-18.10.12:051][196]LogWorld: UWorld::CleanupWorld for DefaultMap, bSessionEnded=true, bCleanupResources=true
[2022.05.01-18.10.12:052][196]LogSlate: InvalidateAllWidgets triggered.  All widgets were invalidated
[2022.05.01-18.10.12:058][196]LogPlayLevel: Display: Shutting down PIE online subsystems
[2022.05.01-18.10.12:060][196]LogSlate: InvalidateAllWidgets triggered.  All widgets were invalidated
[2022.05.01-18.10.12:064][196]LogAudio: Display: Audio Device unregistered from world 'None'.
[2022.05.01-18.10.12:064][196]LogAudioMixer: FMixerPlatformXAudio2::StopAudioStream() called
[2022.05.01-18.10.12:065][196]LogAudioMixer: FMixerPlatformXAudio2::StopAudioStream() called
[2022.05.01-18.10.12:067][196]LogSlate: Updating window title bar state: overlay mode, drag disabled, window buttons hidden, title bar hidden
[2022.05.01-18.10.12:069][196]LogUObjectHash: Compacting FUObjectHashTables data took   0.56ms
[2022.05.01-18.10.12:098][199]LogPlayLevel: Display: Destroying online subsystem :Context_2
