Log file open, 04/27/22 10:45:40
LogWindows: Failed to load 'aqProf.dll' (GetLastError=126)
LogWindows: File 'aqProf.dll' does not exist
LogWindows: Failed to load 'VtuneApi.dll' (GetLastError=126)
LogWindows: File 'VtuneApi.dll' does not exist
LogWindows: Failed to load 'VtuneApi32e.dll' (GetLastError=126)
LogWindows: File 'VtuneApi32e.dll' does not exist
LogConsoleResponse: Display: Failed to find resolution value strings in scalability ini. Falling back to default.
LogConsoleResponse: Display: Failed to find resolution value strings in scalability ini. Falling back to default.
LogInit: Display: Running engine for game: Shooter
LogPlatformFile: Not using cached read wrapper
LogTaskGraph: Started task graph with 5 named threads and 35 total threads with 3 sets of task threads.
LogStats: Stats thread started at 0.201525
LogICUInternationalization: ICU TimeZone Detection - Raw Offset: -3:00, Platform Override: ''
LogInit: Display: Loading text-based GConfig....
LogPluginManager: Mounting plugin MeshPainting
LogPluginManager: Mounting plugin XGEController
LogPluginManager: Mounting plugin Paper2D
LogPluginManager: Mounting plugin EnvironmentQueryEditor
LogPluginManager: Mounting plugin AISupport
LogPluginManager: Mounting plugin LightPropagationVolume
LogPluginManager: Mounting plugin LiveLink
LogPluginManager: Mounting plugin OodleNetwork
LogPluginManager: Mounting plugin OodleData
LogPluginManager: Mounting plugin CameraShakePreviewer
LogPluginManager: Mounting plugin CodeLiteSourceCodeAccess
LogPluginManager: Mounting plugin AnimationSharing
LogPluginManager: Mounting plugin GameplayCameras
LogPluginManager: Mounting plugin CLionSourceCodeAccess
LogPluginManager: Mounting plugin GitSourceControl
LogPluginManager: Mounting plugin NullSourceCodeAccess
LogPluginManager: Mounting plugin PerforceSourceControl
LogPluginManager: Mounting plugin PluginUtils
LogPluginManager: Mounting plugin KDevelopSourceCodeAccess
LogPluginManager: Mounting plugin PixWinPlugin
LogPluginManager: Mounting plugin PropertyAccessNode
LogPluginManager: Mounting plugin RiderLink
LogPluginManager: Mounting plugin PlasticSourceControl
LogPluginManager: Mounting plugin RiderSourceCodeAccess
LogPluginManager: Mounting plugin SubversionSourceControl
LogPluginManager: Mounting plugin TextureFormatOodle
LogPluginManager: Mounting plugin UObjectPlugin
LogPluginManager: Mounting plugin VisualStudioCodeSourceCodeAccess
LogPluginManager: Mounting plugin VisualStudioSourceCodeAccess
LogPluginManager: Mounting plugin XCodeSourceCodeAccess
LogPluginManager: Mounting plugin DatasmithContent
LogPluginManager: Mounting plugin VariantManagerContent
LogPluginManager: Mounting plugin AssetManagerEditor
LogPluginManager: Mounting plugin CryptoKeys
LogPluginManager: Mounting plugin CurveEditorTools
LogPluginManager: Mounting plugin DataValidation
LogPluginManager: Mounting plugin GameplayTagsEditor
LogPluginManager: Mounting plugin FacialAnimation
LogPluginManager: Mounting plugin GeometryMode
LogPluginManager: Mounting plugin MacGraphicsSwitching
LogPluginManager: Mounting plugin MaterialAnalyzer
LogPluginManager: Mounting plugin PluginBrowser
LogPluginManager: Mounting plugin MobileLauncherProfileWizard
LogPluginManager: Mounting plugin SpeedTreeImporter
LogPluginManager: Mounting plugin Niagara
LogPluginManager: Mounting plugin AlembicImporter
LogPluginManager: Mounting plugin AutomationUtils
LogPluginManager: Mounting plugin BackChannel
LogPluginManager: Mounting plugin ChaosCloth
LogPluginManager: Mounting plugin ChaosClothEditor
LogPluginManager: Mounting plugin ChaosEditor
LogPluginManager: Mounting plugin ChaosNiagara
LogPluginManager: Mounting plugin ChaosSolverPlugin
LogPluginManager: Mounting plugin CharacterAI
LogPluginManager: Mounting plugin GeometryCache
LogPluginManager: Mounting plugin GeometryProcessing
LogPluginManager: Mounting plugin GeometryCollectionPlugin
LogPluginManager: Mounting plugin OpenImageDenoise
LogPluginManager: Mounting plugin MotoSynth
LogPluginManager: Mounting plugin PlanarCut
LogPluginManager: Mounting plugin PlatformCrypto
LogPluginManager: Mounting plugin ProxyLODPlugin
LogPluginManager: Mounting plugin PythonScriptPlugin
LogPluginManager: Mounting plugin AndroidMedia
LogPluginManager: Mounting plugin SkeletalReduction
LogPluginManager: Mounting plugin AvfMedia
LogPluginManager: Mounting plugin ImgMedia
LogPluginManager: Mounting plugin MediaCompositing
LogPluginManager: Mounting plugin MediaPlayerEditor
LogPluginManager: Mounting plugin WebMMedia
LogPluginManager: Mounting plugin WmfMedia
LogPluginManager: Mounting plugin TcpMessaging
LogPluginManager: Mounting plugin UdpMessaging
LogPluginManager: Mounting plugin LuminPlatformFeatures
LogPluginManager: Mounting plugin MagicLeap
LogPluginManager: Mounting plugin MagicLeapLightEstimation
LogPluginManager: Mounting plugin MagicLeapMedia
LogPluginManager: Mounting plugin ActorSequence
LogPluginManager: Mounting plugin LevelSequenceEditor
LogPluginManager: Mounting plugin MatineeToLevelSequence
LogPluginManager: Mounting plugin MagicLeapPassableWorld
LogPluginManager: Mounting plugin MLSDK
LogPluginManager: Mounting plugin TemplateSequence
LogPluginManager: Mounting plugin OnlineSubsystem
LogPluginManager: Mounting plugin OnlineSubsystemNull
LogPluginManager: Mounting plugin OnlineSubsystemUtils
LogPluginManager: Mounting plugin LauncherChunkInstaller
LogPluginManager: Mounting plugin ActorLayerUtilities
LogPluginManager: Mounting plugin ScreenshotTools
LogPluginManager: Mounting plugin AndroidDeviceProfileSelector
LogPluginManager: Mounting plugin AndroidMoviePlayer
LogPluginManager: Mounting plugin AndroidPermission
LogPluginManager: Mounting plugin AppleMoviePlayer
LogPluginManager: Mounting plugin ArchVisCharacter
LogPluginManager: Mounting plugin AppleImageUtils
LogPluginManager: Mounting plugin AssetTags
LogPluginManager: Mounting plugin AudioCapture
LogPluginManager: Mounting plugin AudioSynesthesia
LogPluginManager: Mounting plugin CableComponent
LogPluginManager: Mounting plugin ChunkDownloader
LogPluginManager: Mounting plugin CustomMeshComponent
LogPluginManager: Mounting plugin EditableMesh
LogPluginManager: Mounting plugin ExampleDeviceProfileSelector
LogPluginManager: Mounting plugin GoogleCloudMessaging
LogPluginManager: Mounting plugin GooglePAD
LogPluginManager: Mounting plugin Takes
LogPluginManager: Mounting plugin IOSDeviceProfileSelector
LogPluginManager: Mounting plugin LinuxDeviceProfileSelector
LogPluginManager: Mounting plugin LocationServicesBPLibrary
LogPluginManager: Mounting plugin MobilePatchingUtils
LogPluginManager: Mounting plugin OpenXR
LogPluginManager: Mounting plugin OpenXREyeTracker
LogPluginManager: Mounting plugin OpenXRHandTracking
LogPluginManager: Mounting plugin PhysXVehicles
LogPluginManager: Mounting plugin ProceduralMeshComponent
LogPluginManager: Mounting plugin PostSplashScreen
LogPluginManager: Mounting plugin PropertyAccessEditor
LogPluginManager: Mounting plugin SignificanceManager
LogPluginManager: Mounting plugin SoundFields
LogPluginManager: Mounting plugin RuntimePhysXCooking
LogPluginManager: Mounting plugin Synthesis
LogPluginManager: Mounting plugin WebMMoviePlayer
LogPluginManager: Mounting plugin WindowsMoviePlayer
LogPluginManager: Mounting plugin ContentBrowserAssetDataSource
LogPluginManager: Mounting plugin ContentBrowserClassDataSource
LogPluginManager: Mounting plugin ContentBrowserFileDataSource
LogPluginManager: Mounting plugin OnlineSubsystemGooglePlay
LogPluginManager: Mounting plugin OnlineSubsystemIOS
LogPluginManager: Mounting plugin OculusVR
LogPluginManager: Mounting plugin SteamVR
PixWinPlugin: PIX capture plugin failed to initialize! Check that the process is launched from PIX.
LogInit: Using libcurl 7.55.1-DEV
LogInit:  - built for x86_64-pc-win32
LogInit:  - supports SSL with OpenSSL/1.1.1
LogInit:  - supports HTTP deflate (compression) using libz 1.2.8
LogInit:  - other features:
LogInit:      CURL_VERSION_SSL
LogInit:      CURL_VERSION_LIBZ
LogInit:      CURL_VERSION_IPV6
LogInit:      CURL_VERSION_ASYNCHDNS
LogInit:      CURL_VERSION_LARGEFILE
LogInit:      CURL_VERSION_IDN
LogInit:  CurlRequestOptions (configurable via config and command line):
LogInit:  - bVerifyPeer = true  - Libcurl will verify peer certificate
LogInit:  - bUseHttpProxy = false  - Libcurl will NOT use HTTP proxy
LogInit:  - bDontReuseConnections = false  - Libcurl will reuse connections
LogInit:  - MaxHostConnections = 16  - Libcurl will limit the number of connections to a host
LogInit:  - LocalHostAddr = Default
LogInit:  - BufferSize = 65536
LogOnline: OSS: Creating online subsystem instance for: NULL
LogInit: WinSock: version 1.1 (2.2), MaxSocks=32767, MaxUdp=65467
LogOnline: OSS: TryLoadSubsystemAndSetDefault: Loaded subsystem for module [NULL]
LogOculusPluginWrapper: OculusPlugin initialized successfully
LogHMD: Failed initializing OVRPlugin 1.59.0
LogInit: Build: ++UE4+Release-4.27-CL-18319896
LogInit: Engine Version: 4.27.2-18319896+++UE4+Release-4.27
LogInit: Compatible Engine Version: 4.27.0-17155196+++UE4+Release-4.27
LogInit: Net CL: 17155196
LogInit: OS: Windows 10 (Release 2009) (), CPU: Intel(R) Core(TM) i7-8700 CPU @ 3.20GHz, GPU: NVIDIA GeForce GTX 1070 Ti
LogInit: Compiled (64-bit): Nov 30 2021 07:12:08
LogInit: Compiled with Visual C++: 19.24.28315.00
LogInit: Build Configuration: Development
LogInit: Branch Name: ++UE4+Release-4.27
LogInit: Command Line:  -skipcompile
LogInit: Base Directory: E:/Unreal/UE_4.27/Engine/Binaries/Win64/
LogInit: Allocator: TBB
LogInit: Installed Engine Build: 1
LogDevObjectVersion: Number of dev versions registered: 29
LogDevObjectVersion:   Dev-Blueprints (B0D832E4-1F89-4F0D-ACCF-7EB736FD4AA2): 10
LogDevObjectVersion:   Dev-Build (E1C64328-A22C-4D53-A36C-8E866417BD8C): 0
LogDevObjectVersion:   Dev-Core (375EC13C-06E4-48FB-B500-84F0262A717E): 4
LogDevObjectVersion:   Dev-Editor (E4B068ED-F494-42E9-A231-DA0B2E46BB41): 40
LogDevObjectVersion:   Dev-Framework (CFFC743F-43B0-4480-9391-14DF171D2073): 37
LogDevObjectVersion:   Dev-Mobile (B02B49B5-BB20-44E9-A304-32B752E40360): 3
LogDevObjectVersion:   Dev-Networking (A4E4105C-59A1-49B5-A7C5-40C4547EDFEE): 0
LogDevObjectVersion:   Dev-Online (39C831C9-5AE6-47DC-9A44-9C173E1C8E7C): 0
LogDevObjectVersion:   Dev-Physics (78F01B33-EBEA-4F98-B9B4-84EACCB95AA2): 14
LogDevObjectVersion:   Dev-Platform (6631380F-2D4D-43E0-8009-CF276956A95A): 0
LogDevObjectVersion:   Dev-Rendering (12F88B9F-8875-4AFC-A67C-D90C383ABD29): 45
LogDevObjectVersion:   Dev-Sequencer (7B5AE74C-D270-4C10-A958-57980B212A5A): 13
LogDevObjectVersion:   Dev-VR (D7296918-1DD6-4BDD-9DE2-64A83CC13884): 3
LogDevObjectVersion:   Dev-LoadTimes (C2A15278-BFE7-4AFE-6C17-90FF531DF755): 1
LogDevObjectVersion:   Private-Geometry (6EACA3D4-40EC-4CC1-B786-8BED09428FC5): 3
LogDevObjectVersion:   Dev-AnimPhys (29E575DD-E0A3-4627-9D10-D276232CDCEA): 17
LogDevObjectVersion:   Dev-Anim (AF43A65D-7FD3-4947-9873-3E8ED9C1BB05): 15
LogDevObjectVersion:   Dev-ReflectionCapture (6B266CEC-1EC7-4B8F-A30B-E4D90942FC07): 1
LogDevObjectVersion:   Dev-Automation (0DF73D61-A23F-47EA-B727-89E90C41499A): 1
LogDevObjectVersion:   FortniteMain (601D1886-AC64-4F84-AA16-D3DE0DEAC7D6): 47
LogDevObjectVersion:   FortniteRelease (E7086368-6B23-4C58-8439-1B7016265E91): 1
LogDevObjectVersion:   Dev-Enterprise (9DFFBCD6-494F-0158-E221-12823C92A888): 10
LogDevObjectVersion:   Dev-Niagara (F2AED0AC-9AFE-416F-8664-AA7FFA26D6FC): 1
LogDevObjectVersion:   Dev-Destruction (174F1F0B-B4C6-45A5-B13F-2EE8D0FB917D): 10
LogDevObjectVersion:   Dev-Physics-Ext (35F94A83-E258-406C-A318-09F59610247C): 41
LogDevObjectVersion:   Dev-PhysicsMaterial-Chaos (B68FC16E-8B1B-42E2-B453-215C058844FE): 1
LogDevObjectVersion:   Dev-CineCamera (B2E18506-4273-CFC2-A54E-F4BB758BBA07): 1
LogDevObjectVersion:   Dev-VirtualProduction (64F58936-FD1B-42BA-BA96-7289D5D0FA4E): 1
LogDevObjectVersion:   Dev-MediaFramework (6F0ED827-A609-4895-9C91-998D90180EA4): 2
LogInit: Presizing for max 25165824 objects, including 0 objects not considered by GC, pre-allocating 0 bytes for permanent pool.
LogConfig: Applying CVar settings from Section [/Script/Engine.StreamingSettings] File [E:/DEV Unreal/ShooterGame/ShooterGame/Shooter/Saved/Config/Windows/Engine.ini]
LogConfig: Setting CVar [[s.MinBulkDataSizeForAsyncLoading:131072]]
LogConfig: Setting CVar [[s.AsyncLoadingThreadEnabled:0]]
LogConfig: Setting CVar [[s.EventDrivenLoaderEnabled:1]]
LogConfig: Setting CVar [[s.WarnIfTimeLimitExceeded:0]]
LogConfig: Setting CVar [[s.TimeLimitExceededMultiplier:1.5]]
LogConfig: Setting CVar [[s.TimeLimitExceededMinTime:0.005]]
LogConfig: Setting CVar [[s.UseBackgroundLevelStreaming:1]]
LogConfig: Setting CVar [[s.PriorityAsyncLoadingExtraTime:15.0]]
LogConfig: Setting CVar [[s.LevelStreamingActorsUpdateTimeLimit:5.0]]
LogConfig: Setting CVar [[s.PriorityLevelStreamingActorsUpdateExtraTime:5.0]]
LogConfig: Setting CVar [[s.LevelStreamingComponentsRegistrationGranularity:10]]
LogConfig: Setting CVar [[s.UnregisterComponentsTimeLimit:1.0]]
LogConfig: Setting CVar [[s.LevelStreamingComponentsUnregistrationGranularity:5]]
LogConfig: Setting CVar [[s.FlushStreamingOnExit:1]]
LogInit: Object subsystem initialized
LogConfig: Setting CVar [[con.DebugEarlyDefault:1]]
LogConfig: Setting CVar [[r.setres:1280x720]]
[2022.04.27-13.45.40:868][  0]LogConfig: Setting CVar [[r.VSync:0]]
[2022.04.27-13.45.40:868][  0]LogConfig: Setting CVar [[r.RHICmdBypass:0]]
[2022.04.27-13.45.40:868][  0]LogConfig: Applying CVar settings from Section [/Script/Engine.RendererSettings] File [E:/DEV Unreal/ShooterGame/ShooterGame/Shooter/Saved/Config/Windows/Engine.ini]
[2022.04.27-13.45.40:868][  0]LogConfig: Setting CVar [[r.GPUCrashDebugging:0]]
[2022.04.27-13.45.40:868][  0]LogConfig: Applying CVar settings from Section [/Script/Engine.RendererOverrideSettings] File [E:/DEV Unreal/ShooterGame/ShooterGame/Shooter/Saved/Config/Windows/Engine.ini]
[2022.04.27-13.45.40:868][  0]LogConfig: Applying CVar settings from Section [/Script/Engine.StreamingSettings] File [E:/DEV Unreal/ShooterGame/ShooterGame/Shooter/Saved/Config/Windows/Engine.ini]
[2022.04.27-13.45.40:868][  0]LogConfig: Setting CVar [[s.MinBulkDataSizeForAsyncLoading:131072]]
[2022.04.27-13.45.40:868][  0]LogConfig: Setting CVar [[s.AsyncLoadingThreadEnabled:0]]
[2022.04.27-13.45.40:868][  0]LogConfig: Setting CVar [[s.EventDrivenLoaderEnabled:1]]
[2022.04.27-13.45.40:868][  0]LogConfig: Setting CVar [[s.WarnIfTimeLimitExceeded:0]]
[2022.04.27-13.45.40:868][  0]LogConfig: Setting CVar [[s.TimeLimitExceededMultiplier:1.5]]
[2022.04.27-13.45.40:868][  0]LogConfig: Setting CVar [[s.TimeLimitExceededMinTime:0.005]]
[2022.04.27-13.45.40:868][  0]LogConfig: Setting CVar [[s.UseBackgroundLevelStreaming:1]]
[2022.04.27-13.45.40:868][  0]LogConfig: Setting CVar [[s.PriorityAsyncLoadingExtraTime:15.0]]
[2022.04.27-13.45.40:868][  0]LogConfig: Setting CVar [[s.LevelStreamingActorsUpdateTimeLimit:5.0]]
[2022.04.27-13.45.40:868][  0]LogConfig: Setting CVar [[s.PriorityLevelStreamingActorsUpdateExtraTime:5.0]]
[2022.04.27-13.45.40:868][  0]LogConfig: Setting CVar [[s.LevelStreamingComponentsRegistrationGranularity:10]]
[2022.04.27-13.45.40:868][  0]LogConfig: Setting CVar [[s.UnregisterComponentsTimeLimit:1.0]]
[2022.04.27-13.45.40:868][  0]LogConfig: Setting CVar [[s.LevelStreamingComponentsUnregistrationGranularity:5]]
[2022.04.27-13.45.40:869][  0]LogConfig: Setting CVar [[s.FlushStreamingOnExit:1]]
[2022.04.27-13.45.40:869][  0]LogConfig: Applying CVar settings from Section [/Script/Engine.GarbageCollectionSettings] File [E:/DEV Unreal/ShooterGame/ShooterGame/Shooter/Saved/Config/Windows/Engine.ini]
[2022.04.27-13.45.40:869][  0]LogConfig: Setting CVar [[gc.MaxObjectsNotConsideredByGC:1]]
[2022.04.27-13.45.40:869][  0]LogConfig: Setting CVar [[gc.SizeOfPermanentObjectPool:0]]
[2022.04.27-13.45.40:869][  0]LogConfig: Setting CVar [[gc.FlushStreamingOnGC:0]]
[2022.04.27-13.45.40:869][  0]LogConfig: Setting CVar [[gc.NumRetriesBeforeForcingGC:10]]
[2022.04.27-13.45.40:869][  0]LogConfig: Setting CVar [[gc.AllowParallelGC:1]]
[2022.04.27-13.45.40:869][  0]LogConfig: Setting CVar [[gc.TimeBetweenPurgingPendingKillObjects:61.1]]
[2022.04.27-13.45.40:869][  0]LogConfig: Setting CVar [[gc.MaxObjectsInEditor:25165824]]
[2022.04.27-13.45.40:869][  0]LogConfig: Setting CVar [[gc.IncrementalBeginDestroyEnabled:1]]
[2022.04.27-13.45.40:869][  0]LogConfig: Setting CVar [[gc.CreateGCClusters:1]]
[2022.04.27-13.45.40:869][  0]LogConfig: Setting CVar [[gc.MinGCClusterSize:5]]
[2022.04.27-13.45.40:869][  0]LogConfig: Setting CVar [[gc.ActorClusteringEnabled:0]]
[2022.04.27-13.45.40:869][  0]LogConfig: Setting CVar [[gc.BlueprintClusteringEnabled:0]]
[2022.04.27-13.45.40:869][  0]LogConfig: Setting CVar [[gc.UseDisregardForGCOnDedicatedServers:0]]
[2022.04.27-13.45.40:869][  0]LogConfig: Setting CVar [[gc.MultithreadedDestructionEnabled:1]]
[2022.04.27-13.45.40:869][  0]LogConfig: Applying CVar settings from Section [/Script/Engine.NetworkSettings] File [E:/DEV Unreal/ShooterGame/ShooterGame/Shooter/Saved/Config/Windows/Engine.ini]
[2022.04.27-13.45.40:869][  0]LogConfig: Applying CVar settings from Section [/Script/UnrealEd.CookerSettings] File [E:/DEV Unreal/ShooterGame/ShooterGame/Shooter/Saved/Config/Windows/Engine.ini]
[2022.04.27-13.45.40:894][  0]LogConfig: Applying CVar settings from Section [ViewDistanceQuality@3] File [E:/DEV Unreal/ShooterGame/ShooterGame/Shooter/Saved/Config/Windows/Scalability.ini]
[2022.04.27-13.45.40:894][  0]LogConfig: Setting CVar [[r.SkeletalMeshLODBias:0]]
[2022.04.27-13.45.40:894][  0]LogConfig: Setting CVar [[r.ViewDistanceScale:1.0]]
[2022.04.27-13.45.40:894][  0]LogConfig: Applying CVar settings from Section [AntiAliasingQuality@3] File [E:/DEV Unreal/ShooterGame/ShooterGame/Shooter/Saved/Config/Windows/Scalability.ini]
[2022.04.27-13.45.40:894][  0]LogConfig: Setting CVar [[r.PostProcessAAQuality:4]]
[2022.04.27-13.45.40:894][  0]LogConfig: Applying CVar settings from Section [ShadowQuality@3] File [E:/DEV Unreal/ShooterGame/ShooterGame/Shooter/Saved/Config/Windows/Scalability.ini]
[2022.04.27-13.45.40:894][  0]LogConfig: Setting CVar [[r.LightFunctionQuality:1]]
[2022.04.27-13.45.40:894][  0]LogConfig: Setting CVar [[r.ShadowQuality:5]]
[2022.04.27-13.45.40:894][  0]LogConfig: Setting CVar [[r.Shadow.CSM.MaxCascades:10]]
[2022.04.27-13.45.40:894][  0]LogConfig: Setting CVar [[r.Shadow.MaxResolution:2048]]
[2022.04.27-13.45.40:894][  0]LogConfig: Setting CVar [[r.Shadow.MaxCSMResolution:2048]]
[2022.04.27-13.45.40:894][  0]LogConfig: Setting CVar [[r.Shadow.RadiusThreshold:0.01]]
[2022.04.27-13.45.40:894][  0]LogConfig: Setting CVar [[r.Shadow.DistanceScale:1.0]]
[2022.04.27-13.45.40:895][  0]LogConfig: Setting CVar [[r.Shadow.CSM.TransitionScale:1.0]]
[2022.04.27-13.45.40:895][  0]LogConfig: Setting CVar [[r.Shadow.PreShadowResolutionFactor:1.0]]
[2022.04.27-13.45.40:895][  0]LogConfig: Setting CVar [[r.DistanceFieldShadowing:1]]
[2022.04.27-13.45.40:895][  0]LogConfig: Setting CVar [[r.DistanceFieldAO:1]]
[2022.04.27-13.45.40:895][  0]LogConfig: Setting CVar [[r.AOQuality:2]]
[2022.04.27-13.45.40:895][  0]LogConfig: Setting CVar [[r.VolumetricFog:1]]
[2022.04.27-13.45.40:895][  0]LogConfig: Setting CVar [[r.VolumetricFog.GridPixelSize:8]]
[2022.04.27-13.45.40:895][  0]LogConfig: Setting CVar [[r.VolumetricFog.GridSizeZ:128]]
[2022.04.27-13.45.40:895][  0]LogConfig: Setting CVar [[r.VolumetricFog.HistoryMissSupersampleCount:4]]
[2022.04.27-13.45.40:895][  0]LogConfig: Setting CVar [[r.LightMaxDrawDistanceScale:1]]
[2022.04.27-13.45.40:895][  0]LogConfig: Setting CVar [[r.CapsuleShadows:1]]
[2022.04.27-13.45.40:895][  0]LogConfig: Applying CVar settings from Section [PostProcessQuality@3] File [E:/DEV Unreal/ShooterGame/ShooterGame/Shooter/Saved/Config/Windows/Scalability.ini]
[2022.04.27-13.45.40:895][  0]LogConfig: Setting CVar [[r.MotionBlurQuality:4]]
[2022.04.27-13.45.40:895][  0]LogConfig: Setting CVar [[r.AmbientOcclusionMipLevelFactor:0.4]]
[2022.04.27-13.45.40:895][  0]LogConfig: Setting CVar [[r.AmbientOcclusionMaxQuality:100]]
[2022.04.27-13.45.40:895][  0]LogConfig: Setting CVar [[r.AmbientOcclusionLevels:-1]]
[2022.04.27-13.45.40:895][  0]LogConfig: Setting CVar [[r.AmbientOcclusionRadiusScale:1.0]]
[2022.04.27-13.45.40:895][  0]LogConfig: Setting CVar [[r.DepthOfFieldQuality:2]]
[2022.04.27-13.45.40:895][  0]LogConfig: Setting CVar [[r.RenderTargetPoolMin:400]]
[2022.04.27-13.45.40:895][  0]LogConfig: Setting CVar [[r.LensFlareQuality:2]]
[2022.04.27-13.45.40:895][  0]LogConfig: Setting CVar [[r.SceneColorFringeQuality:1]]
[2022.04.27-13.45.40:895][  0]LogConfig: Setting CVar [[r.EyeAdaptationQuality:2]]
[2022.04.27-13.45.40:895][  0]LogConfig: Setting CVar [[r.BloomQuality:5]]
[2022.04.27-13.45.40:895][  0]LogConfig: Setting CVar [[r.FastBlurThreshold:100]]
[2022.04.27-13.45.40:895][  0]LogConfig: Setting CVar [[r.Upscale.Quality:3]]
[2022.04.27-13.45.40:895][  0]LogConfig: Setting CVar [[r.Tonemapper.GrainQuantization:1]]
[2022.04.27-13.45.40:895][  0]LogConfig: Setting CVar [[r.LightShaftQuality:1]]
[2022.04.27-13.45.40:895][  0]LogConfig: Setting CVar [[r.Filter.SizeScale:1]]
[2022.04.27-13.45.40:895][  0]LogConfig: Setting CVar [[r.Tonemapper.Quality:5]]
[2022.04.27-13.45.40:895][  0]LogConfig: Setting CVar [[r.DOF.Gather.AccumulatorQuality:1        ; higher gathering accumulator quality]]
[2022.04.27-13.45.40:895][  0]LogConfig: Setting CVar [[r.DOF.Gather.PostfilterMethod:1          ; Median3x3 postfilering method]]
[2022.04.27-13.45.40:895][  0]LogConfig: Setting CVar [[r.DOF.Gather.EnableBokehSettings:0       ; no bokeh simulation when gathering]]
[2022.04.27-13.45.40:895][  0]LogConfig: Setting CVar [[r.DOF.Gather.RingCount:4                 ; medium number of samples when gathering]]
[2022.04.27-13.45.40:895][  0]LogConfig: Setting CVar [[r.DOF.Scatter.ForegroundCompositing:1    ; additive foreground scattering]]
[2022.04.27-13.45.40:895][  0]LogConfig: Setting CVar [[r.DOF.Scatter.BackgroundCompositing:2    ; additive background scattering]]
[2022.04.27-13.45.40:895][  0]LogConfig: Setting CVar [[r.DOF.Scatter.EnableBokehSettings:1      ; bokeh simulation when scattering]]
[2022.04.27-13.45.40:895][  0]LogConfig: Setting CVar [[r.DOF.Scatter.MaxSpriteRatio:0.1         ; only a maximum of 10% of scattered bokeh]]
[2022.04.27-13.45.40:895][  0]LogConfig: Setting CVar [[r.DOF.Recombine.Quality:1                ; cheap slight out of focus]]
[2022.04.27-13.45.40:895][  0]LogConfig: Setting CVar [[r.DOF.Recombine.EnableBokehSettings:0    ; no bokeh simulation on slight out of focus]]
[2022.04.27-13.45.40:895][  0]LogConfig: Setting CVar [[r.DOF.TemporalAAQuality:1                ; more stable temporal accumulation]]
[2022.04.27-13.45.40:895][  0]LogConfig: Setting CVar [[r.DOF.Kernel.MaxForegroundRadius:0.025]]
[2022.04.27-13.45.40:895][  0]LogConfig: Setting CVar [[r.DOF.Kernel.MaxBackgroundRadius:0.025]]
[2022.04.27-13.45.40:895][  0]LogConfig: Applying CVar settings from Section [TextureQuality@3] File [E:/DEV Unreal/ShooterGame/ShooterGame/Shooter/Saved/Config/Windows/Scalability.ini]
[2022.04.27-13.45.40:895][  0]LogConfig: Setting CVar [[r.Streaming.MipBias:0]]
[2022.04.27-13.45.40:895][  0]LogConfig: Setting CVar [[r.Streaming.AmortizeCPUToGPUCopy:0]]
[2022.04.27-13.45.40:895][  0]LogConfig: Setting CVar [[r.Streaming.MaxNumTexturesToStreamPerFrame:0]]
[2022.04.27-13.45.40:895][  0]LogConfig: Setting CVar [[r.Streaming.Boost:1]]
[2022.04.27-13.45.40:895][  0]LogConfig: Setting CVar [[r.MaxAnisotropy:8]]
[2022.04.27-13.45.40:895][  0]LogConfig: Setting CVar [[r.VT.MaxAnisotropy:8]]
[2022.04.27-13.45.40:895][  0]LogConfig: Setting CVar [[r.Streaming.LimitPoolSizeToVRAM:0]]
[2022.04.27-13.45.40:895][  0]LogConfig: Setting CVar [[r.Streaming.PoolSize:1000]]
[2022.04.27-13.45.40:895][  0]LogConfig: Setting CVar [[r.Streaming.MaxEffectiveScreenSize:0]]
[2022.04.27-13.45.40:895][  0]LogConfig: Applying CVar settings from Section [EffectsQuality@3] File [E:/DEV Unreal/ShooterGame/ShooterGame/Shooter/Saved/Config/Windows/Scalability.ini]
[2022.04.27-13.45.40:895][  0]LogConfig: Setting CVar [[r.TranslucencyLightingVolumeDim:64]]
[2022.04.27-13.45.40:895][  0]LogConfig: Setting CVar [[r.RefractionQuality:2]]
[2022.04.27-13.45.40:895][  0]LogConfig: Setting CVar [[r.SSR.Quality:3]]
[2022.04.27-13.45.40:895][  0]LogConfig: Setting CVar [[r.SSR.HalfResSceneColor:0]]
[2022.04.27-13.45.40:895][  0]LogConfig: Setting CVar [[r.SceneColorFormat:4]]
[2022.04.27-13.45.40:895][  0]LogConfig: Setting CVar [[r.DetailMode:2]]
[2022.04.27-13.45.40:895][  0]LogConfig: Setting CVar [[r.TranslucencyVolumeBlur:1]]
[2022.04.27-13.45.40:895][  0]LogConfig: Setting CVar [[r.MaterialQualityLevel:1 ; High quality]]
[2022.04.27-13.45.40:895][  0]LogConfig: Setting CVar [[r.AnisotropicMaterials:1]]
[2022.04.27-13.45.40:895][  0]LogConfig: Setting CVar [[r.SSS.Scale:1]]
[2022.04.27-13.45.40:895][  0]LogConfig: Setting CVar [[r.SSS.SampleSet:2]]
[2022.04.27-13.45.40:895][  0]LogConfig: Setting CVar [[r.SSS.Quality:1]]
[2022.04.27-13.45.40:895][  0]LogConfig: Setting CVar [[r.SSS.HalfRes:0]]
[2022.04.27-13.45.40:895][  0]LogConfig: Setting CVar [[r.SSGI.Quality:3]]
[2022.04.27-13.45.40:895][  0]LogConfig: Setting CVar [[r.EmitterSpawnRateScale:1.0]]
[2022.04.27-13.45.40:895][  0]LogConfig: Setting CVar [[r.ParticleLightQuality:2]]
[2022.04.27-13.45.40:895][  0]LogConfig: Setting CVar [[r.SkyAtmosphere.AerialPerspectiveLUT.FastApplyOnOpaque:1 ; Always have FastSkyLUT 1 in this case to avoid wrong sky]]
[2022.04.27-13.45.40:896][  0]LogConfig: Setting CVar [[r.SkyAtmosphere.AerialPerspectiveLUT.SampleCountMaxPerSlice:4]]
[2022.04.27-13.45.40:896][  0]LogConfig: Setting CVar [[r.SkyAtmosphere.AerialPerspectiveLUT.DepthResolution:16.0]]
[2022.04.27-13.45.40:896][  0]LogConfig: Setting CVar [[r.SkyAtmosphere.FastSkyLUT:1]]
[2022.04.27-13.45.40:896][  0]LogConfig: Setting CVar [[r.SkyAtmosphere.FastSkyLUT.SampleCountMin:4.0]]
[2022.04.27-13.45.40:896][  0]LogConfig: Setting CVar [[r.SkyAtmosphere.FastSkyLUT.SampleCountMax:128.0]]
[2022.04.27-13.45.40:896][  0]LogConfig: Setting CVar [[r.SkyAtmosphere.SampleCountMin:4.0]]
[2022.04.27-13.45.40:896][  0]LogConfig: Setting CVar [[r.SkyAtmosphere.SampleCountMax:128.0]]
[2022.04.27-13.45.40:896][  0]LogConfig: Setting CVar [[r.SkyAtmosphere.TransmittanceLUT.UseSmallFormat:0]]
[2022.04.27-13.45.40:896][  0]LogConfig: Setting CVar [[r.SkyAtmosphere.TransmittanceLUT.SampleCount:10.0]]
[2022.04.27-13.45.40:896][  0]LogConfig: Setting CVar [[r.SkyAtmosphere.MultiScatteringLUT.SampleCount:15.0]]
[2022.04.27-13.45.40:896][  0]LogConfig: Setting CVar [[r.SkyLight.RealTimeReflectionCapture:1]]
[2022.04.27-13.45.40:896][  0]LogConfig: Applying CVar settings from Section [FoliageQuality@3] File [E:/DEV Unreal/ShooterGame/ShooterGame/Shooter/Saved/Config/Windows/Scalability.ini]
[2022.04.27-13.45.40:896][  0]LogConfig: Setting CVar [[foliage.DensityScale:1.0]]
[2022.04.27-13.45.40:896][  0]LogConfig: Setting CVar [[grass.DensityScale:1.0]]
[2022.04.27-13.45.40:896][  0]LogConfig: Applying CVar settings from Section [ShadingQuality@3] File [E:/DEV Unreal/ShooterGame/ShooterGame/Shooter/Saved/Config/Windows/Scalability.ini]
[2022.04.27-13.45.40:896][  0]LogConfig: Setting CVar [[r.HairStrands.SkyLighting.IntegrationType:2]]
[2022.04.27-13.45.40:896][  0]LogConfig: Setting CVar [[r.HairStrands.SkyAO.SampleCount:4]]
[2022.04.27-13.45.40:896][  0]LogConfig: Setting CVar [[r.HairStrands.Visibility.MSAA.SamplePerPixel:4]]
[2022.04.27-13.45.40:896][  0]LogInit: Selected Device Profile: [Windows]
[2022.04.27-13.45.40:896][  0]LogInit: Applying CVar settings loaded from the selected device profile: [Windows]
[2022.04.27-13.45.40:896][  0]LogHAL: Display: Platform has ~ 32 GB [34282221568 / 34359738368 / 32], which maps to Largest [LargestMinGB=32, LargerMinGB=12, DefaultMinGB=8, SmallerMinGB=6, SmallestMinGB=0)
[2022.04.27-13.45.40:896][  0]LogInit: Going up to parent DeviceProfile []
[2022.04.27-13.45.40:896][  0]LogConfig: Applying CVar settings from Section [ViewDistanceQuality@3] File [E:/DEV Unreal/ShooterGame/ShooterGame/Shooter/Saved/Config/Windows/Scalability.ini]
[2022.04.27-13.45.40:896][  0]LogConfig: Setting CVar [[r.SkeletalMeshLODBias:0]]
[2022.04.27-13.45.40:896][  0]LogConfig: Setting CVar [[r.ViewDistanceScale:1.0]]
[2022.04.27-13.45.40:896][  0]LogConfig: Applying CVar settings from Section [AntiAliasingQuality@3] File [E:/DEV Unreal/ShooterGame/ShooterGame/Shooter/Saved/Config/Windows/Scalability.ini]
[2022.04.27-13.45.40:896][  0]LogConfig: Setting CVar [[r.PostProcessAAQuality:4]]
[2022.04.27-13.45.40:896][  0]LogConfig: Applying CVar settings from Section [ShadowQuality@3] File [E:/DEV Unreal/ShooterGame/ShooterGame/Shooter/Saved/Config/Windows/Scalability.ini]
[2022.04.27-13.45.40:896][  0]LogConfig: Setting CVar [[r.LightFunctionQuality:1]]
[2022.04.27-13.45.40:896][  0]LogConfig: Setting CVar [[r.ShadowQuality:5]]
[2022.04.27-13.45.40:896][  0]LogConfig: Setting CVar [[r.Shadow.CSM.MaxCascades:10]]
[2022.04.27-13.45.40:896][  0]LogConfig: Setting CVar [[r.Shadow.MaxResolution:2048]]
[2022.04.27-13.45.40:896][  0]LogConfig: Setting CVar [[r.Shadow.MaxCSMResolution:2048]]
[2022.04.27-13.45.40:896][  0]LogConfig: Setting CVar [[r.Shadow.RadiusThreshold:0.01]]
[2022.04.27-13.45.40:896][  0]LogConfig: Setting CVar [[r.Shadow.DistanceScale:1.0]]
[2022.04.27-13.45.40:896][  0]LogConfig: Setting CVar [[r.Shadow.CSM.TransitionScale:1.0]]
[2022.04.27-13.45.40:896][  0]LogConfig: Setting CVar [[r.Shadow.PreShadowResolutionFactor:1.0]]
[2022.04.27-13.45.40:896][  0]LogConfig: Setting CVar [[r.DistanceFieldShadowing:1]]
[2022.04.27-13.45.40:896][  0]LogConfig: Setting CVar [[r.DistanceFieldAO:1]]
[2022.04.27-13.45.40:896][  0]LogConfig: Setting CVar [[r.AOQuality:2]]
[2022.04.27-13.45.40:896][  0]LogConfig: Setting CVar [[r.VolumetricFog:1]]
[2022.04.27-13.45.40:896][  0]LogConfig: Setting CVar [[r.VolumetricFog.GridPixelSize:8]]
[2022.04.27-13.45.40:896][  0]LogConfig: Setting CVar [[r.VolumetricFog.GridSizeZ:128]]
[2022.04.27-13.45.40:896][  0]LogConfig: Setting CVar [[r.VolumetricFog.HistoryMissSupersampleCount:4]]
[2022.04.27-13.45.40:896][  0]LogConfig: Setting CVar [[r.LightMaxDrawDistanceScale:1]]
[2022.04.27-13.45.40:896][  0]LogConfig: Setting CVar [[r.CapsuleShadows:1]]
[2022.04.27-13.45.40:896][  0]LogConfig: Applying CVar settings from Section [PostProcessQuality@3] File [E:/DEV Unreal/ShooterGame/ShooterGame/Shooter/Saved/Config/Windows/Scalability.ini]
[2022.04.27-13.45.40:896][  0]LogConfig: Setting CVar [[r.MotionBlurQuality:4]]
[2022.04.27-13.45.40:896][  0]LogConfig: Setting CVar [[r.AmbientOcclusionMipLevelFactor:0.4]]
[2022.04.27-13.45.40:896][  0]LogConfig: Setting CVar [[r.AmbientOcclusionMaxQuality:100]]
[2022.04.27-13.45.40:896][  0]LogConfig: Setting CVar [[r.AmbientOcclusionLevels:-1]]
[2022.04.27-13.45.40:896][  0]LogConfig: Setting CVar [[r.AmbientOcclusionRadiusScale:1.0]]
[2022.04.27-13.45.40:896][  0]LogConfig: Setting CVar [[r.DepthOfFieldQuality:2]]
[2022.04.27-13.45.40:896][  0]LogConfig: Setting CVar [[r.RenderTargetPoolMin:400]]
[2022.04.27-13.45.40:896][  0]LogConfig: Setting CVar [[r.LensFlareQuality:2]]
[2022.04.27-13.45.40:896][  0]LogConfig: Setting CVar [[r.SceneColorFringeQuality:1]]
[2022.04.27-13.45.40:896][  0]LogConfig: Setting CVar [[r.EyeAdaptationQuality:2]]
[2022.04.27-13.45.40:896][  0]LogConfig: Setting CVar [[r.BloomQuality:5]]
[2022.04.27-13.45.40:896][  0]LogConfig: Setting CVar [[r.FastBlurThreshold:100]]
[2022.04.27-13.45.40:896][  0]LogConfig: Setting CVar [[r.Upscale.Quality:3]]
[2022.04.27-13.45.40:896][  0]LogConfig: Setting CVar [[r.Tonemapper.GrainQuantization:1]]
[2022.04.27-13.45.40:896][  0]LogConfig: Setting CVar [[r.LightShaftQuality:1]]
[2022.04.27-13.45.40:896][  0]LogConfig: Setting CVar [[r.Filter.SizeScale:1]]
[2022.04.27-13.45.40:896][  0]LogConfig: Setting CVar [[r.Tonemapper.Quality:5]]
[2022.04.27-13.45.40:896][  0]LogConfig: Setting CVar [[r.DOF.Gather.AccumulatorQuality:1        ; higher gathering accumulator quality]]
[2022.04.27-13.45.40:896][  0]LogConfig: Setting CVar [[r.DOF.Gather.PostfilterMethod:1          ; Median3x3 postfilering method]]
[2022.04.27-13.45.40:897][  0]LogConfig: Setting CVar [[r.DOF.Gather.EnableBokehSettings:0       ; no bokeh simulation when gathering]]
[2022.04.27-13.45.40:897][  0]LogConfig: Setting CVar [[r.DOF.Gather.RingCount:4                 ; medium number of samples when gathering]]
[2022.04.27-13.45.40:897][  0]LogConfig: Setting CVar [[r.DOF.Scatter.ForegroundCompositing:1    ; additive foreground scattering]]
[2022.04.27-13.45.40:897][  0]LogConfig: Setting CVar [[r.DOF.Scatter.BackgroundCompositing:2    ; additive background scattering]]
[2022.04.27-13.45.40:897][  0]LogConfig: Setting CVar [[r.DOF.Scatter.EnableBokehSettings:1      ; bokeh simulation when scattering]]
[2022.04.27-13.45.40:897][  0]LogConfig: Setting CVar [[r.DOF.Scatter.MaxSpriteRatio:0.1         ; only a maximum of 10% of scattered bokeh]]
[2022.04.27-13.45.40:897][  0]LogConfig: Setting CVar [[r.DOF.Recombine.Quality:1                ; cheap slight out of focus]]
[2022.04.27-13.45.40:897][  0]LogConfig: Setting CVar [[r.DOF.Recombine.EnableBokehSettings:0    ; no bokeh simulation on slight out of focus]]
[2022.04.27-13.45.40:897][  0]LogConfig: Setting CVar [[r.DOF.TemporalAAQuality:1                ; more stable temporal accumulation]]
[2022.04.27-13.45.40:897][  0]LogConfig: Setting CVar [[r.DOF.Kernel.MaxForegroundRadius:0.025]]
[2022.04.27-13.45.40:897][  0]LogConfig: Setting CVar [[r.DOF.Kernel.MaxBackgroundRadius:0.025]]
[2022.04.27-13.45.40:897][  0]LogConfig: Applying CVar settings from Section [TextureQuality@3] File [E:/DEV Unreal/ShooterGame/ShooterGame/Shooter/Saved/Config/Windows/Scalability.ini]
[2022.04.27-13.45.40:897][  0]LogConfig: Setting CVar [[r.Streaming.MipBias:0]]
[2022.04.27-13.45.40:897][  0]LogConfig: Setting CVar [[r.Streaming.AmortizeCPUToGPUCopy:0]]
[2022.04.27-13.45.40:897][  0]LogConfig: Setting CVar [[r.Streaming.MaxNumTexturesToStreamPerFrame:0]]
[2022.04.27-13.45.40:897][  0]LogConfig: Setting CVar [[r.Streaming.Boost:1]]
[2022.04.27-13.45.40:897][  0]LogConfig: Setting CVar [[r.MaxAnisotropy:8]]
[2022.04.27-13.45.40:897][  0]LogConfig: Setting CVar [[r.VT.MaxAnisotropy:8]]
[2022.04.27-13.45.40:897][  0]LogConfig: Setting CVar [[r.Streaming.LimitPoolSizeToVRAM:0]]
[2022.04.27-13.45.40:897][  0]LogConfig: Setting CVar [[r.Streaming.PoolSize:1000]]
[2022.04.27-13.45.40:897][  0]LogConfig: Setting CVar [[r.Streaming.MaxEffectiveScreenSize:0]]
[2022.04.27-13.45.40:897][  0]LogConfig: Applying CVar settings from Section [EffectsQuality@3] File [E:/DEV Unreal/ShooterGame/ShooterGame/Shooter/Saved/Config/Windows/Scalability.ini]
[2022.04.27-13.45.40:897][  0]LogConfig: Setting CVar [[r.TranslucencyLightingVolumeDim:64]]
[2022.04.27-13.45.40:897][  0]LogConfig: Setting CVar [[r.RefractionQuality:2]]
[2022.04.27-13.45.40:897][  0]LogConfig: Setting CVar [[r.SSR.Quality:3]]
[2022.04.27-13.45.40:897][  0]LogConfig: Setting CVar [[r.SSR.HalfResSceneColor:0]]
[2022.04.27-13.45.40:897][  0]LogConfig: Setting CVar [[r.SceneColorFormat:4]]
[2022.04.27-13.45.40:897][  0]LogConfig: Setting CVar [[r.DetailMode:2]]
[2022.04.27-13.45.40:897][  0]LogConfig: Setting CVar [[r.TranslucencyVolumeBlur:1]]
[2022.04.27-13.45.40:897][  0]LogConfig: Setting CVar [[r.MaterialQualityLevel:1 ; High quality]]
[2022.04.27-13.45.40:897][  0]LogConfig: Setting CVar [[r.AnisotropicMaterials:1]]
[2022.04.27-13.45.40:897][  0]LogConfig: Setting CVar [[r.SSS.Scale:1]]
[2022.04.27-13.45.40:897][  0]LogConfig: Setting CVar [[r.SSS.SampleSet:2]]
[2022.04.27-13.45.40:897][  0]LogConfig: Setting CVar [[r.SSS.Quality:1]]
[2022.04.27-13.45.40:897][  0]LogConfig: Setting CVar [[r.SSS.HalfRes:0]]
[2022.04.27-13.45.40:897][  0]LogConfig: Setting CVar [[r.SSGI.Quality:3]]
[2022.04.27-13.45.40:897][  0]LogConfig: Setting CVar [[r.EmitterSpawnRateScale:1.0]]
[2022.04.27-13.45.40:897][  0]LogConfig: Setting CVar [[r.ParticleLightQuality:2]]
[2022.04.27-13.45.40:897][  0]LogConfig: Setting CVar [[r.SkyAtmosphere.AerialPerspectiveLUT.FastApplyOnOpaque:1 ; Always have FastSkyLUT 1 in this case to avoid wrong sky]]
[2022.04.27-13.45.40:897][  0]LogConfig: Setting CVar [[r.SkyAtmosphere.AerialPerspectiveLUT.SampleCountMaxPerSlice:4]]
[2022.04.27-13.45.40:897][  0]LogConfig: Setting CVar [[r.SkyAtmosphere.AerialPerspectiveLUT.DepthResolution:16.0]]
[2022.04.27-13.45.40:897][  0]LogConfig: Setting CVar [[r.SkyAtmosphere.FastSkyLUT:1]]
[2022.04.27-13.45.40:897][  0]LogConfig: Setting CVar [[r.SkyAtmosphere.FastSkyLUT.SampleCountMin:4.0]]
[2022.04.27-13.45.40:897][  0]LogConfig: Setting CVar [[r.SkyAtmosphere.FastSkyLUT.SampleCountMax:128.0]]
[2022.04.27-13.45.40:897][  0]LogConfig: Setting CVar [[r.SkyAtmosphere.SampleCountMin:4.0]]
[2022.04.27-13.45.40:897][  0]LogConfig: Setting CVar [[r.SkyAtmosphere.SampleCountMax:128.0]]
[2022.04.27-13.45.40:897][  0]LogConfig: Setting CVar [[r.SkyAtmosphere.TransmittanceLUT.UseSmallFormat:0]]
[2022.04.27-13.45.40:897][  0]LogConfig: Setting CVar [[r.SkyAtmosphere.TransmittanceLUT.SampleCount:10.0]]
[2022.04.27-13.45.40:897][  0]LogConfig: Setting CVar [[r.SkyAtmosphere.MultiScatteringLUT.SampleCount:15.0]]
[2022.04.27-13.45.40:897][  0]LogConfig: Setting CVar [[r.SkyLight.RealTimeReflectionCapture:1]]
[2022.04.27-13.45.40:897][  0]LogConfig: Applying CVar settings from Section [FoliageQuality@3] File [E:/DEV Unreal/ShooterGame/ShooterGame/Shooter/Saved/Config/Windows/Scalability.ini]
[2022.04.27-13.45.40:897][  0]LogConfig: Setting CVar [[foliage.DensityScale:1.0]]
[2022.04.27-13.45.40:897][  0]LogConfig: Setting CVar [[grass.DensityScale:1.0]]
[2022.04.27-13.45.40:897][  0]LogConfig: Applying CVar settings from Section [ShadingQuality@3] File [E:/DEV Unreal/ShooterGame/ShooterGame/Shooter/Saved/Config/Windows/Scalability.ini]
[2022.04.27-13.45.40:897][  0]LogConfig: Setting CVar [[r.HairStrands.SkyLighting.IntegrationType:2]]
[2022.04.27-13.45.40:897][  0]LogConfig: Setting CVar [[r.HairStrands.SkyAO.SampleCount:4]]
[2022.04.27-13.45.40:897][  0]LogConfig: Setting CVar [[r.HairStrands.Visibility.MSAA.SamplePerPixel:4]]
[2022.04.27-13.45.40:897][  0]LogConfig: Applying CVar settings from Section [Startup] File [../../../Engine/Config/ConsoleVariables.ini]
[2022.04.27-13.45.40:897][  0]LogConfig: Setting CVar [[net.UseAdaptiveNetUpdateFrequency:0]]
[2022.04.27-13.45.40:897][  0]LogConfig: Setting CVar [[p.chaos.AllowCreatePhysxBodies:1]]
[2022.04.27-13.45.40:897][  0]LogConfig: Setting CVar [[fx.SkipVectorVMBackendOptimizations:1]]
[2022.04.27-13.45.40:898][  0]LogConfig: Applying CVar settings from Section [ConsoleVariables] File [E:/DEV Unreal/ShooterGame/ShooterGame/Shooter/Saved/Config/Windows/Engine.ini]
[2022.04.27-13.45.40:898][  0]LogConfig: Applying CVar settings from Section [ConsoleVariables] File [E:/DEV Unreal/ShooterGame/ShooterGame/Shooter/Saved/Config/Windows/Editor.ini]
[2022.04.27-13.45.40:898][  0]LogInit: Computer: DESKTOP-PATULNA
[2022.04.27-13.45.40:898][  0]LogInit: User: Pablo
[2022.04.27-13.45.40:898][  0]LogInit: CPU Page size=4096, Cores=6
[2022.04.27-13.45.40:898][  0]LogInit: High frequency timer resolution =10.000000 MHz
[2022.04.27-13.45.40:898][  0]LogMemory: Memory total: Physical=31.9GB (32GB approx)
[2022.04.27-13.45.40:898][  0]LogMemory: Platform Memory Stats for Windows
[2022.04.27-13.45.40:898][  0]LogMemory: Process Physical Memory: 144.94 MB used, 144.95 MB peak
[2022.04.27-13.45.40:898][  0]LogMemory: Process Virtual Memory: 128.20 MB used, 128.20 MB peak
[2022.04.27-13.45.40:898][  0]LogMemory: Physical Memory: 13528.08 MB used,  19166.00 MB free, 32694.07 MB total
[2022.04.27-13.45.40:898][  0]LogMemory: Virtual Memory: 134197096.00 MB used,  20633.80 MB free, 134217728.00 MB total
[2022.04.27-13.45.40:905][  0]LogWindows: WindowsPlatformFeatures enabled
[2022.04.27-13.45.40:948][  0]LogInit: Physics initialised using underlying interface: PhysX
[2022.04.27-13.45.40:949][  0]LogInit: Overriding language with editor language configuration option (en-US).
[2022.04.27-13.45.40:949][  0]LogInit: Overriding language with editor locale configuration option (en).
[2022.04.27-13.45.40:951][  0]LogTextLocalizationManager: No specific localization for 'en-US' exists, so the 'en' localization will be used.
[2022.04.27-13.45.41:100][  0]LogInit: Setting process to per monitor DPI aware
[2022.04.27-13.45.41:112][  0]LogWindowsTextInputMethodSystem: Display: IME system deactivated.
[2022.04.27-13.45.41:125][  0]LogSlate: New Slate User Created.  User Index 0, Is Virtual User: 0
[2022.04.27-13.45.41:126][  0]LogSlate: Slate User Registered.  User Index 0, Is Virtual User: 0
[2022.04.27-13.45.41:241][  0]LogD3D11RHI: Loaded GFSDK_Aftermath_Lib.x64.dll
[2022.04.27-13.45.41:243][  0]LogHMD: Failed to initialize OpenVR with code 110
[2022.04.27-13.45.41:243][  0]LogD3D11RHI: D3D11 min allowed feature level: 11_0
[2022.04.27-13.45.41:243][  0]LogD3D11RHI: D3D11 max allowed feature level: 11_0
[2022.04.27-13.45.41:243][  0]LogD3D11RHI: D3D11 adapters:
[2022.04.27-13.45.41:335][  0]LogD3D11RHI:    0. 'NVIDIA GeForce GTX 1070 Ti' (Feature Level 11_0)
[2022.04.27-13.45.41:335][  0]LogD3D11RHI:       8079/0/16347 MB DedicatedVideo/DedicatedSystem/SharedSystem, Outputs:2, VendorId:0x10de
[2022.04.27-13.45.41:337][  0]LogD3D11RHI:    1. 'Microsoft Basic Render Driver' (Feature Level 11_0)
[2022.04.27-13.45.41:337][  0]LogD3D11RHI:       0/0/16347 MB DedicatedVideo/DedicatedSystem/SharedSystem, Outputs:0, VendorId:0x1414
[2022.04.27-13.45.41:337][  0]LogD3D11RHI: Chosen D3D11 Adapter:
[2022.04.27-13.45.41:337][  0]LogD3D11RHI:     Description : NVIDIA GeForce GTX 1070 Ti
[2022.04.27-13.45.41:337][  0]LogD3D11RHI:     VendorId    : 10de
[2022.04.27-13.45.41:337][  0]LogD3D11RHI:     DeviceId    : 1b82
[2022.04.27-13.45.41:337][  0]LogD3D11RHI:     SubSysId    : c3041462
[2022.04.27-13.45.41:337][  0]LogD3D11RHI:     Revision    : 00a1
[2022.04.27-13.45.41:337][  0]LogD3D11RHI:     DedicatedVideoMemory : 8471445504 bytes
[2022.04.27-13.45.41:337][  0]LogD3D11RHI:     DedicatedSystemMemory : 0 bytes
[2022.04.27-13.45.41:337][  0]LogD3D11RHI:     SharedSystemMemory : 17141110784 bytes
[2022.04.27-13.45.41:337][  0]LogD3D11RHI:     AdapterLuid : 0 53904
[2022.04.27-13.45.41:342][  0]LogD3D11RHI: Creating new Direct3DDevice
[2022.04.27-13.45.41:342][  0]LogD3D11RHI:     GPU DeviceId: 0x1b82 (for the marketing name, search the web for "GPU Device Id")
[2022.04.27-13.45.41:342][  0]LogWindows: EnumDisplayDevices:
[2022.04.27-13.45.41:342][  0]LogWindows:    0. 'NVIDIA GeForce GTX 1070 Ti' (P:0 D:1)
[2022.04.27-13.45.41:343][  0]LogWindows:    1. 'NVIDIA GeForce GTX 1070 Ti' (P:1 D:1)
[2022.04.27-13.45.41:343][  0]LogWindows:    2. 'NVIDIA GeForce GTX 1070 Ti' (P:0 D:0)
[2022.04.27-13.45.41:343][  0]LogWindows:    3. 'NVIDIA GeForce GTX 1070 Ti' (P:0 D:0)
[2022.04.27-13.45.41:343][  0]LogWindows: DebugString: FoundDriverCount:4 
[2022.04.27-13.45.41:343][  0]LogD3D11RHI:     Adapter Name: NVIDIA GeForce GTX 1070 Ti
[2022.04.27-13.45.41:343][  0]LogD3D11RHI:   Driver Version: 472.12 (internal:30.0.14.7212, unified:472.12)
[2022.04.27-13.45.41:343][  0]LogD3D11RHI:      Driver Date: 9-13-2021
[2022.04.27-13.45.41:343][  0]LogRHI: Texture pool is 5655 MB (70% of 8079 MB)
[2022.04.27-13.45.41:344][  0]LogD3D11RHI: Creating D3DDevice using adapter:
[2022.04.27-13.45.41:344][  0]LogD3D11RHI:     Description : NVIDIA GeForce GTX 1070 Ti
[2022.04.27-13.45.41:344][  0]LogD3D11RHI:     VendorId    : 10de
[2022.04.27-13.45.41:344][  0]LogD3D11RHI:     DeviceId    : 1b82
[2022.04.27-13.45.41:344][  0]LogD3D11RHI:     SubSysId    : c3041462
[2022.04.27-13.45.41:344][  0]LogD3D11RHI:     Revision    : 00a1
[2022.04.27-13.45.41:344][  0]LogD3D11RHI:     DedicatedVideoMemory : 8471445504 bytes
[2022.04.27-13.45.41:344][  0]LogD3D11RHI:     DedicatedSystemMemory : 0 bytes
[2022.04.27-13.45.41:344][  0]LogD3D11RHI:     SharedSystemMemory : 17141110784 bytes
[2022.04.27-13.45.41:344][  0]LogD3D11RHI:     AdapterLuid : 0 53904
[2022.04.27-13.45.41:409][  0]LogD3D11RHI: RHI has support for 64 bit atomics
[2022.04.27-13.45.41:409][  0]LogD3D11RHI: Async texture creation enabled
[2022.04.27-13.45.41:409][  0]LogD3D11RHI: Array index from any shader is supported
[2022.04.27-13.45.41:430][  0]LogD3D11RHI: GPU Timing Frequency: 1000.000000 (Debug: 2 1)
[2022.04.27-13.45.41:479][  0]LogRHI: GeForceNow SDK initialized: 1
[2022.04.27-13.45.41:728][  0]LogTargetPlatformManager: Display: Loaded TargetPlatform 'AllDesktop'
[2022.04.27-13.45.41:745][  0]LogTargetPlatformManager: Display: Loaded TargetPlatform 'Android'
[2022.04.27-13.45.41:745][  0]LogTargetPlatformManager: Display: Loaded TargetPlatform 'Android_ASTC'
[2022.04.27-13.45.41:745][  0]LogTargetPlatformManager: Display: Loaded TargetPlatform 'Android_DXT'
[2022.04.27-13.45.41:745][  0]LogTargetPlatformManager: Display: Loaded TargetPlatform 'Android_ETC2'
[2022.04.27-13.45.41:745][  0]LogTargetPlatformManager: Display: Loaded TargetPlatform 'AndroidClient'
[2022.04.27-13.45.41:745][  0]LogTargetPlatformManager: Display: Loaded TargetPlatform 'Android_ASTCClient'
[2022.04.27-13.45.41:745][  0]LogTargetPlatformManager: Display: Loaded TargetPlatform 'Android_DXTClient'
[2022.04.27-13.45.41:745][  0]LogTargetPlatformManager: Display: Loaded TargetPlatform 'Android_ETC2Client'
[2022.04.27-13.45.41:745][  0]LogTargetPlatformManager: Display: Loaded TargetPlatform 'Android_Multi'
[2022.04.27-13.45.41:745][  0]LogTargetPlatformManager: Display: Loaded TargetPlatform 'Android_MultiClient'
[2022.04.27-13.45.41:759][  0]LogTargetPlatformManager: Display: Loaded TargetPlatform 'IOSClient'
[2022.04.27-13.45.41:759][  0]LogTargetPlatformManager: Display: Loaded TargetPlatform 'IOS'
[2022.04.27-13.45.41:766][  0]LogTargetPlatformManager: Display: Loaded TargetPlatform 'Linux'
[2022.04.27-13.45.41:770][  0]LogTargetPlatformManager: Display: Loaded TargetPlatform 'LinuxNoEditor'
[2022.04.27-13.45.41:773][  0]LogTargetPlatformManager: Display: Loaded TargetPlatform 'LinuxClient'
[2022.04.27-13.45.41:777][  0]LogTargetPlatformManager: Display: Loaded TargetPlatform 'LinuxServer'
[2022.04.27-13.45.41:783][  0]LogTargetPlatformManager: Display: Loaded TargetPlatform 'LinuxAArch64NoEditor'
[2022.04.27-13.45.41:787][  0]LogTargetPlatformManager: Display: Loaded TargetPlatform 'LinuxAArch64Client'
[2022.04.27-13.45.41:790][  0]LogTargetPlatformManager: Display: Loaded TargetPlatform 'LinuxAArch64Server'
[2022.04.27-13.45.41:808][  0]LogTargetPlatformManager: Display: Loaded TargetPlatform 'Lumin'
[2022.04.27-13.45.41:808][  0]LogTargetPlatformManager: Display: Loaded TargetPlatform 'LuminClient'
[2022.04.27-13.45.41:814][  0]LogTargetPlatformManager: Display: Loaded TargetPlatform 'MacNoEditor'
[2022.04.27-13.45.41:817][  0]LogTargetPlatformManager: Display: Loaded TargetPlatform 'Mac'
[2022.04.27-13.45.41:821][  0]LogTargetPlatformManager: Display: Loaded TargetPlatform 'MacClient'
[2022.04.27-13.45.41:824][  0]LogTargetPlatformManager: Display: Loaded TargetPlatform 'MacServer'
[2022.04.27-13.45.41:831][  0]LogTargetPlatformManager: Display: Loaded TargetPlatform 'TVOSClient'
[2022.04.27-13.45.41:831][  0]LogTargetPlatformManager: Display: Loaded TargetPlatform 'TVOS'
[2022.04.27-13.45.41:838][  0]LogTargetPlatformManager: Display: Loaded TargetPlatform 'WindowsNoEditor'
[2022.04.27-13.45.41:842][  0]LogTargetPlatformManager: Display: Loaded TargetPlatform 'Windows'
[2022.04.27-13.45.41:845][  0]LogTargetPlatformManager: Display: Loaded TargetPlatform 'WindowsClient'
[2022.04.27-13.45.41:848][  0]LogTargetPlatformManager: Display: Loaded TargetPlatform 'WindowsServer'
[2022.04.27-13.45.41:848][  0]LogTargetPlatformManager: Display: Building Assets For Windows
[2022.04.27-13.45.41:854][  0]LogAudioDebug: Display: Lib vorbis DLL was dynamically loaded.
[2022.04.27-13.45.41:880][  0]LogTextureFormatOodle: Display: Oodle Texture 2.9.0 init RDO Off
[2022.04.27-13.45.41:906][  0]LogRendererCore: Ray tracing is disabled. Reason: r.RayTracing=0.
[2022.04.27-13.45.41:906][  0]LogShaderCompilers: Guid format shader working directory is -12 characters bigger than the processId version (../../../../../DEV Unreal/ShooterGame/ShooterGame/Shooter/Intermediate/Shaders/WorkingDirectory/12972/).
[2022.04.27-13.45.41:906][  0]LogShaderCompilers: Cleaned the shader compiler working directory 'C:/Users/Pablo/AppData/Local/Temp/UnrealShaderWorkingDir/8DE249E144CAFE048314FFA9A257FE3F/'.
[2022.04.27-13.45.41:906][  0]LogXGEController: Cannot use XGE Controller as Incredibuild is not installed on this machine.
[2022.04.27-13.45.41:906][  0]LogShaderCompilers: Cannot use XGE Shader Compiler as Incredibuild is not installed on this machine.
[2022.04.27-13.45.41:907][  0]LogShaderCompilers: Display: Using Local Shader Compiler.
[2022.04.27-13.45.42:528][  0]LogDerivedDataCache: Display: Max Cache Size: 512 MB
[2022.04.27-13.45.42:572][  0]LogDerivedDataCache: Loaded boot cache 0.04s 94MB C:/Users/Pablo/AppData/Local/UnrealEngine/4.27/DerivedDataCache/Boot.ddc.
[2022.04.27-13.45.42:573][  0]LogDerivedDataCache: Display: Loaded Boot cache: C:/Users/Pablo/AppData/Local/UnrealEngine/4.27/DerivedDataCache/Boot.ddc
[2022.04.27-13.45.42:573][  0]LogDerivedDataCache: FDerivedDataBackendGraph:  Pak pak cache file ../../../../../DEV Unreal/ShooterGame/ShooterGame/Shooter/DerivedDataCache/DDC.ddp not found, will not use a pak cache.
[2022.04.27-13.45.42:573][  0]LogDerivedDataCache: Unable to find inner node Pak for hierarchical cache Hierarchy.
[2022.04.27-13.45.42:573][  0]LogDerivedDataCache: FDerivedDataBackendGraph:  CompressedPak pak cache file ../../../../../DEV Unreal/ShooterGame/ShooterGame/Shooter/DerivedDataCache/Compressed.ddp not found, will not use a pak cache.
[2022.04.27-13.45.42:573][  0]LogDerivedDataCache: Unable to find inner node CompressedPak for hierarchical cache Hierarchy.
[2022.04.27-13.45.42:586][  0]LogDerivedDataCache: Display: Pak cache opened for reading ../../../Engine/DerivedDataCache/Compressed.ddp.
[2022.04.27-13.45.42:586][  0]LogDerivedDataCache: FDerivedDataBackendGraph:  EnterprisePak pak cache file ../../../Enterprise/DerivedDataCache/Compressed.ddp not found, will not use a pak cache.
[2022.04.27-13.45.42:586][  0]LogDerivedDataCache: Unable to find inner node EnterprisePak for hierarchical cache Hierarchy.
[2022.04.27-13.45.42:591][  0]LogDerivedDataCache: Speed tests for C:/Users/Pablo/AppData/Local/UnrealEngine/Common/DerivedDataCache took 0.00 seconds
[2022.04.27-13.45.42:591][  0]LogDerivedDataCache: Display: Performance to C:/Users/Pablo/AppData/Local/UnrealEngine/Common/DerivedDataCache: Latency=0.03ms. RandomReadSpeed=1031.84MBs, RandomWriteSpeed=320.75MBs. Assigned SpeedClass 'Local'
[2022.04.27-13.45.42:591][  0]LogDerivedDataCache: Using Local data cache path C:/Users/Pablo/AppData/Local/UnrealEngine/Common/DerivedDataCache: Writable
[2022.04.27-13.45.42:591][  0]LogDerivedDataCache: Shared data cache path not found in *engine.ini, will not use an Shared cache.
[2022.04.27-13.45.42:591][  0]LogDerivedDataCache: Unable to find inner node Shared for hierarchical cache Hierarchy.
[2022.04.27-13.45.42:629][  0]LogSlate: Using FreeType 2.10.0
[2022.04.27-13.45.42:630][  0]LogSlate: SlateFontServices - WITH_FREETYPE: 1, WITH_HARFBUZZ: 1
[2022.04.27-13.45.42:650][  0]LogAssetRegistry: FAssetRegistry took 0.0025 seconds to start up
[2022.04.27-13.45.42:830][  0]LogInit: Selected Device Profile: [Windows]
[2022.04.27-13.45.42:830][  0]LogInit: Active device profile: [000001D6B0B80900][000001D6ADC63540 49] Windows
[2022.04.27-13.45.42:830][  0]LogInit: Profiles: [000001D6B0B80900][000001D6ADC63540 49] Windows, [000001D6B0B47700][000001D6ADC6B6C0 49] WindowsNoEditor, [000001D6B0B83500][000001D6ADC6F840 49] WindowsServer, [000001D6B0B44E00][000001D6ADC739C0 49] WindowsClient, [000001D6B0B83800][000001D6ADC77B40 49] IOS, [000001D6B0B46700][000001D6ADC7A140 49] iPadAir, [000001D6B0B82000][000001D6ADC7E2C0 49] iPadAir2, [000001D6B0AE4A00][000001D6ADC86580 49] IPadPro, [000001D6B0AE4B00][000001D6ADC825C0 49] iPadAir3, [000001D6B0B45800][000001D6ADC8A740 49] iPadAir4, [000001D6B0AE7400][000001D6ADC66880 49] iPadMini2, [000001D6B0B46900][000001D6ADCA49C0 49] iPadMini3, [000001D6B0AE5700][000001D6ADD14B00 49] iPadMini4, [000001D6B0B81100][000001D6ADD1CC80 49] iPadMini5, [000001D6B0B10300][000001D6AE766F40 49] iPhone6, [000001D6B0B10400][000001D6AE6D4F80 49] iPodTouch6, [000001D6B098FF00][000001D6AE825240 49] iPhone7, [000001D6B098FE00][000001D6AE821280 49] iPodTouch7, [000001D6B0B46400][000001D6AE8DD400 49] iPhone5S, [000001D6B098DA00][000001D6AE8E5580 49] iPhone6Plus, [000001D6B0B10200][000001D6A6297700 49] iPhone6S, [000001D6B098C600][000001D6A62B3880 49] iPhone6SPlus, [000001D6B0B12900][000001D6A62BBA00 49] iPhone7Plus, [000001D6B098F100][000001D6A62BFB80 49] iPhoneSE, [000001D6B0B12200][000001D6A62D6180 49] iPhone8, [000001D6B098FB00][000001D6A62DA300 49] iPhone8Plus, [000001D6B0B10800][000001D6A62E6480 49] iPhoneX, [000001D6B098D600][000001D6AE91C600 49] iPhoneXS, [000001D6B0B13C00][000001D6AE920780 49] iPhoneXSMax, [000001D6B098C700][000001D6AE924900 49] iPhoneXR, [000001D6B0B11300][000001D6ADD18A40 49] iPhone11, [000001D6B098E700][000001D6AE928B80 49] iPhone11Pro, [000001D6B0B11000][000001D6AE92CCC0 49] iPhone11ProMax, [000001D6B098EA00][000001D6AE93CE40 49] iPhoneSE2, [000001D6B0B11400][000001D6AE940FC0 49] iPhone12Mini, [000001D6B098E400][000001D6AE945140 49] iPhone12, [000001D6B0B10D00][000001D6AE9492C0 49] iPhone12Pro, [000001D6B098EB00][000001D6AE371440 49] iPhone12ProMax, [000001D6B0B13000][000001D6ADCCF5C0 49] iPadPro105, [000001D6B098C200][000001D6ADD09740 49] iPadPro129, [000001D6B0B12B00][000001D6AE94D8C0 49] iPadPro97, [000001D6B098E600][000001D6ADD0DA40 49] iPadPro2_129, [000001D6B0B13B00][000001D6ADD11BC0 49] iPad5, [000001D6B098E200][000001D6AE7481C0 49] iPad6, [000001D6B0B10F00][000001D6AE74C340 49] iPad7, [000001D6B098DD00][000001D6AE7504C0 49] iPad8, [000001D6B0B10900][000001D6AE754640 49] iPadPro11, [000001D6B098CF00][000001D6AE5387C0 49] iPadPro2_11, [000001D6B0B13200][000001D6AE53C940 49] iPadPro3_129, [000001D6B098FC00][000001D6AE758AC0 49] iPadPro4_129, [000001D6B0B10C00][000001D6AE938C00 49] AppleTV, [000001D6B098E100][000001D6AE75CD40 49] AppleTV4K, [000001D6B0B13100][000001D6AE760E80 49] TVOS, [000001D6B098F400][000001D6AE6C8FC0 49] Mac, [000001D6B0B13800][000001D6AE20F140 49] MacClient, [000001D6B098DE00][000001D6AE2132C0 49] MacNoEditor, [000001D6B0B13F00][000001D6AE21B440 49] MacServer, [000001D6B098EE00][000001D6AE2235C0 49] Linux, [000001D6B0B10B00][000001D6AE227740 49] LinuxAArch64, [000001D6B098DF00][000001D6AE22B8C0 49] LinuxNoEditor, [000001D6B0B11B00][000001D6AE257A40 49] LinuxAArch64NoEditor, [000001D6B098F900][000001D6AE25BBC0 49] LinuxClient, [000001D6B0B13500][000001D6AE25E1C0 49] LinuxAArch64Client, [000001D6B098E300][000001D6AE262340 49] LinuxServer, [000001D6B0B10500][000001D6AE2664C0 49] LinuxAArch64Server, [000001D6B098CD00][000001D6AE26A640 49] Android, [000001D6B0B11900][000001D6AE26E7C0 49] Android_Low, [000001D6B098F600][000001D6AE652940 49] Android_Mid, [000001D6B0B12D00][000001D6AE656AC0 49] Android_High, [000001D6B098F800][000001D6AE65AC40 49] Android_Default, [000001D6B0B12100][000001D6AE6CCD80 49] Android_Adreno4xx, [000001D6B098C900][000001D6AE65EEC0 49] Android_Adreno5xx_Low, [000001D6B0AE7600][000001D6AE8C9000 49] Android_Adreno5xx, [000001D6B0B44900][000001D6AE66D140 49] Android_Adreno6xx, [000001D6B0AE5800][000001D6AE67F2C0 49] Android_Adreno6xx_Vulkan, [000001D6B0B44F00][000001D6AE683440 49] Android_Mali_T6xx, [000001D6B0AE5200][000001D6AE6875C0 49] Android_Mali_T7xx, [000001D6B0B47800][000001D6A239B740 49] Android_Mali_T8xx, [000001D6B0AE5E00][000001D6AE36D8C0 49] Android_Mali_G71, [000001D6B0B44500][000001D6A239FA40 49] Android_Mali_G72, [000001D6B0AE4600][000001D6A23A3BC0 49] Android_Mali_G72_Vulkan, [000001D6B0B45100][000001D6A23A61C0 49] Android_Mali_G76, [000001D6B0AE4100][000001D6AE208340 49] Android_Mali_G76_Vulkan, [000001D6B0B45E00][000001D6A23AA4C0 49] Android_Mali_G77, [000001D6B0AE4C00][000001D6A23AE640 49] Android_Mali_G77_Vulkan, [000001D6B0B44A00][000001D6A23B27C0 49] Android_Mali_G78, [000001D6B0AE6C00][000001D6AE118940 49] Android_Mali_G78_Vulkan, [000001D6B0B47500][000001D6AE124AC0 49] Android_Mali_G710, [000001D6B0AE6400][000001D6AE128C40 49] Android_Mali_G710_Vulkan, [000001D6B0B46600][000001D6AE12CDC0 49] Android_Vulkan_SM5, [000001D6B0AE7B00][000001D6AE7E6F40 49] Android_PowerVR_G6xxx, [000001D6B0B47300][000001D6AE67B080 49] Android_PowerVR_GT7xxx, [000001D6B0AE6300][000001D6AE21F1C0 49] Android_PowerVR_GE8xxx, [000001D6B0B46D00][000001D6AE7EB300 49] Android_PowerVR_GM9xxx, [000001D6B0AE7F00][000001D6AE745480 49] Android_PowerVR_GM9xxx_Vulkan, [000001D6B0B45500][000001D6AE4E7600 49] Android_TegraK1, [000001D6B0AE4400][000001D6AE4EB780 49] Android_Unknown_Vulkan, [000001D6B0B46C00][000001D6AE4EF900 49] Lumin, [000001D6B0AE4500][000001D6AE73DA80 49] Lumin_Desktop, [000001D6B0B44D00][000001D6AE217C00 49] HoloLens, 
[2022.04.27-13.45.42:935][  0]LogMeshReduction: Using QuadricMeshReduction for automatic static mesh reduction
[2022.04.27-13.45.42:935][  0]LogMeshReduction: Using SimplygonMeshReduction for automatic skeletal mesh reduction
[2022.04.27-13.45.42:935][  0]LogMeshReduction: Using ProxyLODMeshReduction for automatic mesh merging
[2022.04.27-13.45.42:935][  0]LogMeshReduction: No distributed automatic mesh merging module available
[2022.04.27-13.45.42:935][  0]LogMeshMerging: No distributed automatic mesh merging module available
[2022.04.27-13.45.42:949][  0]LogNetVersion: Shooter 1.0.0, NetCL: 17155196, EngineNetVer: 17, GameNetVer: 0 (Checksum: 1849318458)
[2022.04.27-13.45.43:260][  0]LogTexture: Default maximum texture size for cubemaps generated from long-lat sources has been changed from 512 to unlimited. In order to preserve old behaiour for '/Engine/MapTemplates/Sky/DaylightAmbientCubemap.DaylightAmbientCubemap', its maximum texture size has been explicitly set to 512.
[2022.04.27-13.45.43:307][  0]LogHMD: PokeAHoleMaterial loaded successfully
[2022.04.27-13.45.43:312][  0]LogUObjectArray: 17178 objects as part of root set at end of initial load.
[2022.04.27-13.45.43:312][  0]LogUObjectAllocator: 4302048 out of 0 bytes used by permanent object pool.
[2022.04.27-13.45.43:312][  0]LogUObjectArray: CloseDisregardForGC: 0/0 objects in disregard for GC pool
[2022.04.27-13.45.43:534][  0]LogNiagaraDebuggerClient: Niagara Debugger Client Initialized | Session: 6E037F8747F8496BAE9C5991244431C4 | Instance: 60EB41724AC2894276B1368E0C503922 (DESKTOP-PATULNA-12972).
[2022.04.27-13.45.43:560][  0]LogPython: Using Python 3.7.7
[2022.04.27-13.45.43:972][  0]LogTcpMessaging: Initializing TcpMessaging bridge
[2022.04.27-13.45.43:976][  0]LogUdpMessaging: Initializing bridge on interface 0.0.0.0:0 to multicast group 230.0.0.1:6666.
[2022.04.27-13.45.44:191][  0]SourceControl: Source control is disabled
[2022.04.27-13.45.44:191][  0]SourceControl: Source control is disabled
[2022.04.27-13.45.44:193][  0]SourceControl: Source control is disabled
[2022.04.27-13.45.44:200][  0]SourceControl: Source control is disabled
[2022.04.27-13.45.44:207][  0]SourceControl: Source control is disabled
[2022.04.27-13.45.44:212][  0]LogUProjectInfo: Found projects:
[2022.04.27-13.45.44:367][  0]LogOpenImageDenoise: OIDN starting up
[2022.04.27-13.45.44:412][  0]LogAndroidPermission: UAndroidPermissionCallbackProxy::GetInstance
[2022.04.27-13.45.44:431][  0]LogAudioCaptureCore: Display: No Audio Capture implementations found. Audio input will be silent.
[2022.04.27-13.45.44:431][  0]LogAudioCaptureCore: Display: No Audio Capture implementations found. Audio input will be silent.
[2022.04.27-13.45.44:527][  0]LogCollectionManager: Loaded 0 collections in 0.000569 seconds
[2022.04.27-13.45.44:546][  0]LogFileCache: Scanning file cache for directory 'E:/DEV Unreal/ShooterGame/ShooterGame/Shooter/Saved/Collections/' took 0.00s
[2022.04.27-13.45.44:546][  0]LogFileCache: Scanning file cache for directory 'E:/DEV Unreal/ShooterGame/ShooterGame/Shooter/Content/Developers/Pablo/Collections/' took 0.00s
[2022.04.27-13.45.44:546][  0]LogFileCache: Scanning file cache for directory 'E:/DEV Unreal/ShooterGame/ShooterGame/Shooter/Content/Collections/' took 0.00s
[2022.04.27-13.45.44:546][  0]LogOcInput: OculusInput pre-init called
[2022.04.27-13.45.44:745][  0]LogEngine: Initializing Engine...
[2022.04.27-13.45.44:747][  0]LogHMD: Failed to enumerate extensions. Please check that you have a valid OpenXR runtime installed.
[2022.04.27-13.45.44:747][  0]LogHMD: Failed to initialize OpenVR with code 110
[2022.04.27-13.45.44:747][  0]LogMagicLeap: Warning: VR disabled because ZI is not enabled.  To enable, in the editor, Edit -> Project Settings -> Plugins -> Magic Leap Plugin -> Enable Zero Iteration
[2022.04.27-13.45.44:748][  0]LogStats: UGameplayTagsManager::InitializeManager -  0.000 s
[2022.04.27-13.45.44:849][  0]LogInit: Initializing FReadOnlyCVARCache
[2022.04.27-13.45.44:855][  0]LogAIModule: Creating AISystem for world Untitled
[2022.04.27-13.45.44:855][  0]LogAudio: Display: Initializing Audio Device Manager...
[2022.04.27-13.45.44:858][  0]LogAudio: Display: Loading Default Audio Settings Objects...
[2022.04.27-13.45.44:858][  0]LogAudio: Display: No default SoundConcurrencyObject specified (or failed to load).
[2022.04.27-13.45.44:859][  0]LogAudio: Display: Audio Device Manager Initialized
[2022.04.27-13.45.44:859][  0]LogAudio: Display: Creating Audio Device:                 Id: 1, Scope: Shared, Realtime: True
[2022.04.27-13.45.44:859][  0]LogAudioMixer: Display: Audio Mixer Platform Settings:
[2022.04.27-13.45.44:859][  0]LogAudioMixer: Display: 	Sample Rate:						  48000
[2022.04.27-13.45.44:859][  0]LogAudioMixer: Display: 	Callback Buffer Frame Size Requested: 1024
[2022.04.27-13.45.44:859][  0]LogAudioMixer: Display: 	Callback Buffer Frame Size To Use:	  1024
[2022.04.27-13.45.44:859][  0]LogAudioMixer: Display: 	Number of buffers to queue:			  2
[2022.04.27-13.45.44:859][  0]LogAudioMixer: Display: 	Max Channels (voices):				  32
[2022.04.27-13.45.44:859][  0]LogAudioMixer: Display: 	Number of Async Source Workers:		  0
[2022.04.27-13.45.44:859][  0]LogAudio: Display: AudioDevice MaxSources: 32
[2022.04.27-13.45.44:859][  0]LogAudio: Display: Audio Spatialization Plugin: None (built-in).
[2022.04.27-13.45.44:859][  0]LogAudio: Display: Audio Reverb Plugin: None (built-in).
[2022.04.27-13.45.44:859][  0]LogAudio: Display: Audio Occlusion Plugin: None (built-in).
[2022.04.27-13.45.44:859][  0]LogAudioMixer: Display: Initializing audio mixer.
[2022.04.27-13.45.44:872][  0]LogAudioMixer: Display: 0: FrontLeft
[2022.04.27-13.45.44:872][  0]LogAudioMixer: Display: 1: FrontRight
[2022.04.27-13.45.44:905][  0]LogAudioMixer: Display: Using Audio Device Altavoces (Realtek High Definition Audio)
[2022.04.27-13.45.44:910][  0]LogAudioMixer: Display: Initializing Sound Submixes...
[2022.04.27-13.45.44:911][  0]LogAudioMixer: Display: Creating Master Submix 'MasterSubmixDefault'
[2022.04.27-13.45.44:911][  0]LogAudioMixer: Display: Creating Master Submix 'MasterReverbSubmixDefault'
[2022.04.27-13.45.44:912][  0]LogAudioMixer: Display: Creating Master Submix 'MasterEQSubmixDefault'
[2022.04.27-13.45.44:912][  0]LogAudioMixer: FMixerPlatformXAudio2::StartAudioStream() called
[2022.04.27-13.45.44:912][  0]LogAudioMixer: Display: Output buffers initialized: Frames=1024, Channels=2, Samples=2048
[2022.04.27-13.45.44:913][  0]LogAudioMixer: Display: Starting AudioMixerPlatformInterface::RunInternal()
[2022.04.27-13.45.44:913][  0]LogAudioMixer: Display: FMixerPlatformXAudio2::SubmitBuffer() called for the first time
[2022.04.27-13.45.44:913][  0]LogInit: FAudioDevice initialized.
[2022.04.27-13.45.44:913][  0]LogAudio: Display: Audio Device (ID: 1) registered with world 'Untitled'.
[2022.04.27-13.45.44:913][  0]LogNetVersion: Set ProjectVersion to 1.0.0.0. Version Checksum will be recalculated on next use.
[2022.04.27-13.45.44:988][  0]LogDerivedDataCache: Saved boot cache 0.07s 94MB C:/Users/Pablo/AppData/Local/UnrealEngine/4.27/DerivedDataCache/Boot.ddc.
[2022.04.27-13.45.44:990][  0]LogInit: Texture streaming: Enabled
[2022.04.27-13.45.44:999][  0]LogAnalytics: Display: [UEEditor.Rocket.Release] APIServer = https://datarouter.ol.epicgames.com/. AppVersion = 4.27.2-18319896+++UE4+Release-4.27
[2022.04.27-13.45.45:006][  0]LogEngineSessionManager: EngineSessionManager initialized
[2022.04.27-13.45.45:006][  0]LogEngineSessionManager: EngineSessionManager sent abnormal shutdown report. Type=AbnormalShutdown, SessionId={A2F40F4F-4727-3572-8E96-7A9AF5426928}
[2022.04.27-13.45.45:006][  0]LogEditorSessionSummary: Verbose: Initializing EditorSessionSummaryWriter for editor session tracking
[2022.04.27-13.45.45:017][  0]LogEditorSessionSummary: EditorSessionSummaryWriter initialized
[2022.04.27-13.45.45:037][  0]LogInit: Transaction tracking system initialized
[2022.04.27-13.45.45:053][  0]BlueprintLog: New page: Editor Load
[2022.04.27-13.45.45:096][  0]LocalizationService: Localization service is disabled
[2022.04.27-13.45.45:113][  0]TimingProfiler: Initialize
[2022.04.27-13.45.45:113][  0]TimingProfiler: OnSessionChanged
[2022.04.27-13.45.45:113][  0]LoadingProfiler: Initialize
[2022.04.27-13.45.45:113][  0]LoadingProfiler: OnSessionChanged
[2022.04.27-13.45.45:113][  0]NetworkingProfiler: Initialize
[2022.04.27-13.45.45:113][  0]NetworkingProfiler: OnSessionChanged
[2022.04.27-13.45.45:113][  0]MemoryProfiler: Initialize
[2022.04.27-13.45.45:113][  0]MemoryProfiler: OnSessionChanged
[2022.04.27-13.45.45:225][  0]LogCook: Display: CookSettings for Memory: MemoryMaxUsedVirtual 0MiB, MemoryMaxUsedPhysical 16384MiB, MemoryMinFreeVirtual 0MiB, MemoryMinFreePhysical 1024MiB
[2022.04.27-13.45.45:225][  0]LogCook: Display: Mobile HDR setting 1
[2022.04.27-13.45.45:391][  0]LogFileCache: Scanning file cache for directory 'E:/DEV Unreal/ShooterGame/ShooterGame/Shooter/Content/' took 0.01s
[2022.04.27-13.45.45:548][  0]LogInit: Display: Engine is initialized. Leaving FEngineLoop::Init()
[2022.04.27-13.45.45:555][  0]SourceControl: Source control is disabled
[2022.04.27-13.45.45:555][  0]LogUnrealEdMisc: Loading editor; pre map load, took 5.394
[2022.04.27-13.45.45:555][  0]Cmd: MAP LOAD FILE="../../../../../DEV Unreal/ShooterGame/ShooterGame/Shooter/Content/_Game/Maps/DefaultMap.umap" TEMPLATE=0 SHOWPROGRESS=1 FEATURELEVEL=3
[2022.04.27-13.45.45:555][  0]LightingResults: New page: Lighting Build
[2022.04.27-13.45.45:556][  0]LogWorld: UWorld::CleanupWorld for Untitled, bSessionEnded=true, bCleanupResources=true
[2022.04.27-13.45.45:557][  0]LogSlate: InvalidateAllWidgets triggered.  All widgets were invalidated
[2022.04.27-13.45.45:557][  0]MapCheck: New page: Map Check
[2022.04.27-13.45.45:557][  0]LightingResults: New page: Lighting Build
[2022.04.27-13.45.45:560][  0]LogAudio: Display: Audio Device unregistered from world 'None'.
[2022.04.27-13.45.45:563][  0]LogUObjectHash: Compacting FUObjectHashTables data took   0.67ms
[2022.04.27-13.45.45:744][  0]LogTexture: Default maximum texture size for cubemaps generated from long-lat sources has been changed from 512 to unlimited. In order to preserve old behaiour for '/Game/ParagonLtBelica/Characters/Global/Eyes/Textures/T_EpicQuadPanorama_CC.T_EpicQuadPanorama_CC', its maximum texture size has been explicitly set to 512.
[2022.04.27-13.45.45:935][  0]LogSkeletalMesh: Display: [AssetLog] E:\DEV Unreal\ShooterGame\ShooterGame\Shooter\Content\ParagonLtBelica\Characters\Heroes\Belica\Meshes\Belica.uasset: Find and fix some bad tangent! please re-import this skeletal mesh asset to fix the issue. The shading of the skeletal mesh will be bad and faceted.
[2022.04.27-13.45.45:981][  0]LogAudio: Display: Audio Device (ID: 1) registered with world 'DefaultMap'.
[2022.04.27-13.45.45:983][  0]LogAIModule: Creating AISystem for world DefaultMap
[2022.04.27-13.45.45:986][  0]LogEditorServer: Finished looking for orphan Actors (0.000 secs)
[2022.04.27-13.45.45:992][  0]LogUObjectHash: Compacting FUObjectHashTables data took   0.79ms
[2022.04.27-13.45.45:994][  0]Cmd: MAP CHECKDEP NOCLEARLOG
[2022.04.27-13.45.45:994][  0]MapCheck: Map check complete: 0 Error(s), 0 Warning(s), took 0.074ms to complete.
[2022.04.27-13.45.45:994][  0]LogFileHelpers: Loading map 'DefaultMap' took 0.439
[2022.04.27-13.45.45:996][  0]LogUnrealEdMisc: Total Editor Startup Time, took 5.836
[2022.04.27-13.45.46:136][  0]LogSlate: Updating window title bar state: overlay mode, drag disabled, window buttons hidden, title bar hidden
[2022.04.27-13.45.46:143][  0]LogSlate: Updating window title bar state: overlay mode, drag disabled, window buttons hidden, title bar hidden
[2022.04.27-13.45.46:149][  0]LogSlate: Updating window title bar state: overlay mode, drag disabled, window buttons hidden, title bar hidden
[2022.04.27-13.45.46:154][  0]LogSlate: Updating window title bar state: overlay mode, drag disabled, window buttons hidden, title bar hidden
[2022.04.27-13.45.46:170][  0]LogNativeClassHierarchy: Verbose: Native class hierarchy populated in 0.0079 seconds. Added 3825 classes and 930 folders.
[2022.04.27-13.45.46:172][  0]LogNativeClassHierarchy: Verbose: Native class hierarchy updated for 'WidgetCarousel' in 0.0002 seconds. Added 0 classes and 0 folders.
[2022.04.27-13.45.46:173][  0]LogPakFile: PakFile PrimaryIndexSize=187
[2022.04.27-13.45.46:173][  0]LogPakFile: PakFile PathHashIndexSize=101
[2022.04.27-13.45.46:173][  0]LogPakFile: PakFile FullDirectoryIndexSize=148
[2022.04.27-13.45.46:173][  0]LogShaderLibrary: Display: ShaderCodeLibraryPakFileMountedCallback: PakFile 'E:/Unreal/UE_4.27/FeaturePacks/FP_FirstPerson.upack' (chunk index -1, root 'root:/') mounted
[2022.04.27-13.45.46:173][  0]LogShaderLibrary: Display: ShaderCodeLibraryPakFileMountedCallback: pending pak file info (ChunkID:-1 Root:root:/ File:E:/Unreal/UE_4.27/FeaturePacks/FP_FirstPerson.upack)
[2022.04.27-13.45.46:173][  0]LogPakFile: OnPakFileMounted2Time == 0.000057
[2022.04.27-13.45.46:173][  0]LogPakFile: PakFile PrimaryIndexSize=189
[2022.04.27-13.45.46:174][  0]LogPakFile: PakFile PathHashIndexSize=101
[2022.04.27-13.45.46:174][  0]LogPakFile: PakFile FullDirectoryIndexSize=152
[2022.04.27-13.45.46:174][  0]LogShaderLibrary: Display: ShaderCodeLibraryPakFileMountedCallback: PakFile 'E:/Unreal/UE_4.27/FeaturePacks/FP_FirstPersonBP.upack' (chunk index -1, root 'root:/') mounted
[2022.04.27-13.45.46:174][  0]LogShaderLibrary: Display: ShaderCodeLibraryPakFileMountedCallback: pending pak file info (ChunkID:-1 Root:root:/ File:E:/Unreal/UE_4.27/FeaturePacks/FP_FirstPersonBP.upack)
[2022.04.27-13.45.46:174][  0]LogPakFile: OnPakFileMounted2Time == 0.000047
[2022.04.27-13.45.46:174][  0]LogPakFile: PakFile PrimaryIndexSize=191
[2022.04.27-13.45.46:174][  0]LogPakFile: PakFile PathHashIndexSize=101
[2022.04.27-13.45.46:174][  0]LogPakFile: PakFile FullDirectoryIndexSize=160
[2022.04.27-13.45.46:174][  0]LogShaderLibrary: Display: ShaderCodeLibraryPakFileMountedCallback: PakFile 'E:/Unreal/UE_4.27/FeaturePacks/MobileStarterContent.upack' (chunk index -1, root 'root:/') mounted
[2022.04.27-13.45.46:174][  0]LogShaderLibrary: Display: ShaderCodeLibraryPakFileMountedCallback: pending pak file info (ChunkID:-1 Root:root:/ File:E:/Unreal/UE_4.27/FeaturePacks/MobileStarterContent.upack)
[2022.04.27-13.45.46:174][  0]LogPakFile: OnPakFileMounted2Time == 0.000039
[2022.04.27-13.45.46:175][  0]LogPakFile: PakFile PrimaryIndexSize=185
[2022.04.27-13.45.46:175][  0]LogPakFile: PakFile PathHashIndexSize=101
[2022.04.27-13.45.46:175][  0]LogPakFile: PakFile FullDirectoryIndexSize=148
[2022.04.27-13.45.46:175][  0]LogShaderLibrary: Display: ShaderCodeLibraryPakFileMountedCallback: PakFile 'E:/Unreal/UE_4.27/FeaturePacks/StarterContent.upack' (chunk index -1, root 'root:/') mounted
[2022.04.27-13.45.46:175][  0]LogShaderLibrary: Display: ShaderCodeLibraryPakFileMountedCallback: pending pak file info (ChunkID:-1 Root:root:/ File:E:/Unreal/UE_4.27/FeaturePacks/StarterContent.upack)
[2022.04.27-13.45.46:175][  0]LogPakFile: OnPakFileMounted2Time == 0.000041
[2022.04.27-13.45.46:175][  0]LogPakFile: PakFile PrimaryIndexSize=190
[2022.04.27-13.45.46:175][  0]LogPakFile: PakFile PathHashIndexSize=101
[2022.04.27-13.45.46:175][  0]LogPakFile: PakFile FullDirectoryIndexSize=154
[2022.04.27-13.45.46:175][  0]LogShaderLibrary: Display: ShaderCodeLibraryPakFileMountedCallback: PakFile 'E:/Unreal/UE_4.27/FeaturePacks/TP_2DSideScroller.upack' (chunk index -1, root 'root:/') mounted
[2022.04.27-13.45.46:175][  0]LogShaderLibrary: Display: ShaderCodeLibraryPakFileMountedCallback: pending pak file info (ChunkID:-1 Root:root:/ File:E:/Unreal/UE_4.27/FeaturePacks/TP_2DSideScroller.upack)
[2022.04.27-13.45.46:175][  0]LogPakFile: OnPakFileMounted2Time == 0.000067
[2022.04.27-13.45.46:176][  0]LogPakFile: PakFile PrimaryIndexSize=192
[2022.04.27-13.45.46:176][  0]LogPakFile: PakFile PathHashIndexSize=101
[2022.04.27-13.45.46:176][  0]LogPakFile: PakFile FullDirectoryIndexSize=158
[2022.04.27-13.45.46:176][  0]LogShaderLibrary: Display: ShaderCodeLibraryPakFileMountedCallback: PakFile 'E:/Unreal/UE_4.27/FeaturePacks/TP_2DSideScrollerBP.upack' (chunk index -1, root 'root:/') mounted
[2022.04.27-13.45.46:176][  0]LogShaderLibrary: Display: ShaderCodeLibraryPakFileMountedCallback: pending pak file info (ChunkID:-1 Root:root:/ File:E:/Unreal/UE_4.27/FeaturePacks/TP_2DSideScrollerBP.upack)
[2022.04.27-13.45.46:176][  0]LogPakFile: OnPakFileMounted2Time == 0.000044
[2022.04.27-13.45.46:176][  0]LogPakFile: PakFile PrimaryIndexSize=182
[2022.04.27-13.45.46:176][  0]LogPakFile: PakFile PathHashIndexSize=101
[2022.04.27-13.45.46:176][  0]LogPakFile: PakFile FullDirectoryIndexSize=138
[2022.04.27-13.45.46:176][  0]LogShaderLibrary: Display: ShaderCodeLibraryPakFileMountedCallback: PakFile 'E:/Unreal/UE_4.27/FeaturePacks/TP_Flying.upack' (chunk index -1, root 'root:/') mounted
[2022.04.27-13.45.46:176][  0]LogShaderLibrary: Display: ShaderCodeLibraryPakFileMountedCallback: pending pak file info (ChunkID:-1 Root:root:/ File:E:/Unreal/UE_4.27/FeaturePacks/TP_Flying.upack)
[2022.04.27-13.45.46:177][  0]LogPakFile: OnPakFileMounted2Time == 0.000040
[2022.04.27-13.45.46:177][  0]LogPakFile: PakFile PrimaryIndexSize=184
[2022.04.27-13.45.46:177][  0]LogPakFile: PakFile PathHashIndexSize=101
[2022.04.27-13.45.46:177][  0]LogPakFile: PakFile FullDirectoryIndexSize=142
[2022.04.27-13.45.46:177][  0]LogShaderLibrary: Display: ShaderCodeLibraryPakFileMountedCallback: PakFile 'E:/Unreal/UE_4.27/FeaturePacks/TP_FlyingBP.upack' (chunk index -1, root 'root:/') mounted
[2022.04.27-13.45.46:177][  0]LogShaderLibrary: Display: ShaderCodeLibraryPakFileMountedCallback: pending pak file info (ChunkID:-1 Root:root:/ File:E:/Unreal/UE_4.27/FeaturePacks/TP_FlyingBP.upack)
[2022.04.27-13.45.46:177][  0]LogPakFile: OnPakFileMounted2Time == 0.000041
[2022.04.27-13.45.46:177][  0]LogPakFile: PakFile PrimaryIndexSize=188
[2022.04.27-13.45.46:177][  0]LogPakFile: PakFile PathHashIndexSize=101
[2022.04.27-13.45.46:177][  0]LogPakFile: PakFile FullDirectoryIndexSize=150
[2022.04.27-13.45.46:177][  0]LogShaderLibrary: Display: ShaderCodeLibraryPakFileMountedCallback: PakFile 'E:/Unreal/UE_4.27/FeaturePacks/TP_HandheldARBP.upack' (chunk index -1, root 'root:/') mounted
[2022.04.27-13.45.46:178][  0]LogShaderLibrary: Display: ShaderCodeLibraryPakFileMountedCallback: pending pak file info (ChunkID:-1 Root:root:/ File:E:/Unreal/UE_4.27/FeaturePacks/TP_HandheldARBP.upack)
[2022.04.27-13.45.46:178][  0]LogPakFile: OnPakFileMounted2Time == 0.000040
[2022.04.27-13.45.46:178][  0]LogPakFile: PakFile PrimaryIndexSize=182
[2022.04.27-13.45.46:178][  0]LogPakFile: PakFile PathHashIndexSize=101
[2022.04.27-13.45.46:178][  0]LogPakFile: PakFile FullDirectoryIndexSize=138
[2022.04.27-13.45.46:178][  0]LogShaderLibrary: Display: ShaderCodeLibraryPakFileMountedCallback: PakFile 'E:/Unreal/UE_4.27/FeaturePacks/TP_Puzzle.upack' (chunk index -1, root 'root:/') mounted
[2022.04.27-13.45.46:178][  0]LogShaderLibrary: Display: ShaderCodeLibraryPakFileMountedCallback: pending pak file info (ChunkID:-1 Root:root:/ File:E:/Unreal/UE_4.27/FeaturePacks/TP_Puzzle.upack)
[2022.04.27-13.45.46:178][  0]LogPakFile: OnPakFileMounted2Time == 0.000039
[2022.04.27-13.45.46:179][  0]LogPakFile: PakFile PrimaryIndexSize=184
[2022.04.27-13.45.46:179][  0]LogPakFile: PakFile PathHashIndexSize=101
[2022.04.27-13.45.46:179][  0]LogPakFile: PakFile FullDirectoryIndexSize=142
[2022.04.27-13.45.46:179][  0]LogShaderLibrary: Display: ShaderCodeLibraryPakFileMountedCallback: PakFile 'E:/Unreal/UE_4.27/FeaturePacks/TP_PuzzleBP.upack' (chunk index -1, root 'root:/') mounted
[2022.04.27-13.45.46:179][  0]LogShaderLibrary: Display: ShaderCodeLibraryPakFileMountedCallback: pending pak file info (ChunkID:-1 Root:root:/ File:E:/Unreal/UE_4.27/FeaturePacks/TP_PuzzleBP.upack)
[2022.04.27-13.45.46:179][  0]LogPakFile: OnPakFileMounted2Time == 0.000039
[2022.04.27-13.45.46:179][  0]LogPakFile: PakFile PrimaryIndexSize=183
[2022.04.27-13.45.46:179][  0]LogPakFile: PakFile PathHashIndexSize=101
[2022.04.27-13.45.46:179][  0]LogPakFile: PakFile FullDirectoryIndexSize=140
[2022.04.27-13.45.46:179][  0]LogShaderLibrary: Display: ShaderCodeLibraryPakFileMountedCallback: PakFile 'E:/Unreal/UE_4.27/FeaturePacks/TP_Rolling.upack' (chunk index -1, root 'root:/') mounted
[2022.04.27-13.45.46:179][  0]LogShaderLibrary: Display: ShaderCodeLibraryPakFileMountedCallback: pending pak file info (ChunkID:-1 Root:root:/ File:E:/Unreal/UE_4.27/FeaturePacks/TP_Rolling.upack)
[2022.04.27-13.45.46:179][  0]LogPakFile: OnPakFileMounted2Time == 0.000041
[2022.04.27-13.45.46:180][  0]LogPakFile: PakFile PrimaryIndexSize=185
[2022.04.27-13.45.46:180][  0]LogPakFile: PakFile PathHashIndexSize=101
[2022.04.27-13.45.46:180][  0]LogPakFile: PakFile FullDirectoryIndexSize=144
[2022.04.27-13.45.46:180][  0]LogShaderLibrary: Display: ShaderCodeLibraryPakFileMountedCallback: PakFile 'E:/Unreal/UE_4.27/FeaturePacks/TP_RollingBP.upack' (chunk index -1, root 'root:/') mounted
[2022.04.27-13.45.46:180][  0]LogShaderLibrary: Display: ShaderCodeLibraryPakFileMountedCallback: pending pak file info (ChunkID:-1 Root:root:/ File:E:/Unreal/UE_4.27/FeaturePacks/TP_RollingBP.upack)
[2022.04.27-13.45.46:180][  0]LogPakFile: OnPakFileMounted2Time == 0.000039
[2022.04.27-13.45.46:180][  0]LogPakFile: PakFile PrimaryIndexSize=188
[2022.04.27-13.45.46:180][  0]LogPakFile: PakFile PathHashIndexSize=101
[2022.04.27-13.45.46:180][  0]LogPakFile: PakFile FullDirectoryIndexSize=150
[2022.04.27-13.45.46:180][  0]LogShaderLibrary: Display: ShaderCodeLibraryPakFileMountedCallback: PakFile 'E:/Unreal/UE_4.27/FeaturePacks/TP_SideScroller.upack' (chunk index -1, root 'root:/') mounted
[2022.04.27-13.45.46:180][  0]LogShaderLibrary: Display: ShaderCodeLibraryPakFileMountedCallback: pending pak file info (ChunkID:-1 Root:root:/ File:E:/Unreal/UE_4.27/FeaturePacks/TP_SideScroller.upack)
[2022.04.27-13.45.46:181][  0]LogPakFile: OnPakFileMounted2Time == 0.000041
[2022.04.27-13.45.46:181][  0]LogPakFile: PakFile PrimaryIndexSize=190
[2022.04.27-13.45.46:181][  0]LogPakFile: PakFile PathHashIndexSize=101
[2022.04.27-13.45.46:181][  0]LogPakFile: PakFile FullDirectoryIndexSize=154
[2022.04.27-13.45.46:181][  0]LogShaderLibrary: Display: ShaderCodeLibraryPakFileMountedCallback: PakFile 'E:/Unreal/UE_4.27/FeaturePacks/TP_SideScrollerBP.upack' (chunk index -1, root 'root:/') mounted
[2022.04.27-13.45.46:181][  0]LogShaderLibrary: Display: ShaderCodeLibraryPakFileMountedCallback: pending pak file info (ChunkID:-1 Root:root:/ File:E:/Unreal/UE_4.27/FeaturePacks/TP_SideScrollerBP.upack)
[2022.04.27-13.45.46:181][  0]LogPakFile: OnPakFileMounted2Time == 0.000044
[2022.04.27-13.45.46:182][  0]LogPakFile: PakFile PrimaryIndexSize=187
[2022.04.27-13.45.46:182][  0]LogPakFile: PakFile PathHashIndexSize=101
[2022.04.27-13.45.46:182][  0]LogPakFile: PakFile FullDirectoryIndexSize=148
[2022.04.27-13.45.46:182][  0]LogShaderLibrary: Display: ShaderCodeLibraryPakFileMountedCallback: PakFile 'E:/Unreal/UE_4.27/FeaturePacks/TP_ThirdPerson.upack' (chunk index -1, root 'root:/') mounted
[2022.04.27-13.45.46:182][  0]LogShaderLibrary: Display: ShaderCodeLibraryPakFileMountedCallback: pending pak file info (ChunkID:-1 Root:root:/ File:E:/Unreal/UE_4.27/FeaturePacks/TP_ThirdPerson.upack)
[2022.04.27-13.45.46:182][  0]LogPakFile: OnPakFileMounted2Time == 0.000039
[2022.04.27-13.45.46:182][  0]LogPakFile: PakFile PrimaryIndexSize=189
[2022.04.27-13.45.46:182][  0]LogPakFile: PakFile PathHashIndexSize=101
[2022.04.27-13.45.46:182][  0]LogPakFile: PakFile FullDirectoryIndexSize=152
[2022.04.27-13.45.46:182][  0]LogShaderLibrary: Display: ShaderCodeLibraryPakFileMountedCallback: PakFile 'E:/Unreal/UE_4.27/FeaturePacks/TP_ThirdPersonBP.upack' (chunk index -1, root 'root:/') mounted
[2022.04.27-13.45.46:182][  0]LogShaderLibrary: Display: ShaderCodeLibraryPakFileMountedCallback: pending pak file info (ChunkID:-1 Root:root:/ File:E:/Unreal/UE_4.27/FeaturePacks/TP_ThirdPersonBP.upack)
[2022.04.27-13.45.46:182][  0]LogPakFile: OnPakFileMounted2Time == 0.000042
[2022.04.27-13.45.46:183][  0]LogPakFile: PakFile PrimaryIndexSize=183
[2022.04.27-13.45.46:183][  0]LogPakFile: PakFile PathHashIndexSize=101
[2022.04.27-13.45.46:183][  0]LogPakFile: PakFile FullDirectoryIndexSize=140
[2022.04.27-13.45.46:183][  0]LogShaderLibrary: Display: ShaderCodeLibraryPakFileMountedCallback: PakFile 'E:/Unreal/UE_4.27/FeaturePacks/TP_TopDown.upack' (chunk index -1, root 'root:/') mounted
[2022.04.27-13.45.46:183][  0]LogShaderLibrary: Display: ShaderCodeLibraryPakFileMountedCallback: pending pak file info (ChunkID:-1 Root:root:/ File:E:/Unreal/UE_4.27/FeaturePacks/TP_TopDown.upack)
[2022.04.27-13.45.46:183][  0]LogPakFile: OnPakFileMounted2Time == 0.000045
[2022.04.27-13.45.46:183][  0]LogPakFile: PakFile PrimaryIndexSize=185
[2022.04.27-13.45.46:183][  0]LogPakFile: PakFile PathHashIndexSize=101
[2022.04.27-13.45.46:183][  0]LogPakFile: PakFile FullDirectoryIndexSize=144
[2022.04.27-13.45.46:183][  0]LogShaderLibrary: Display: ShaderCodeLibraryPakFileMountedCallback: PakFile 'E:/Unreal/UE_4.27/FeaturePacks/TP_TopDownBP.upack' (chunk index -1, root 'root:/') mounted
[2022.04.27-13.45.46:183][  0]LogShaderLibrary: Display: ShaderCodeLibraryPakFileMountedCallback: pending pak file info (ChunkID:-1 Root:root:/ File:E:/Unreal/UE_4.27/FeaturePacks/TP_TopDownBP.upack)
[2022.04.27-13.45.46:183][  0]LogPakFile: OnPakFileMounted2Time == 0.000039
[2022.04.27-13.45.46:184][  0]LogPakFile: PakFile PrimaryIndexSize=185
[2022.04.27-13.45.46:184][  0]LogPakFile: PakFile PathHashIndexSize=101
[2022.04.27-13.45.46:184][  0]LogPakFile: PakFile FullDirectoryIndexSize=144
[2022.04.27-13.45.46:184][  0]LogShaderLibrary: Display: ShaderCodeLibraryPakFileMountedCallback: PakFile 'E:/Unreal/UE_4.27/FeaturePacks/TP_TwinStick.upack' (chunk index -1, root 'root:/') mounted
[2022.04.27-13.45.46:184][  0]LogShaderLibrary: Display: ShaderCodeLibraryPakFileMountedCallback: pending pak file info (ChunkID:-1 Root:root:/ File:E:/Unreal/UE_4.27/FeaturePacks/TP_TwinStick.upack)
[2022.04.27-13.45.46:184][  0]LogPakFile: OnPakFileMounted2Time == 0.000051
[2022.04.27-13.45.46:184][  0]LogPakFile: PakFile PrimaryIndexSize=187
[2022.04.27-13.45.46:184][  0]LogPakFile: PakFile PathHashIndexSize=101
[2022.04.27-13.45.46:184][  0]LogPakFile: PakFile FullDirectoryIndexSize=148
[2022.04.27-13.45.46:184][  0]LogShaderLibrary: Display: ShaderCodeLibraryPakFileMountedCallback: PakFile 'E:/Unreal/UE_4.27/FeaturePacks/TP_TwinStickBP.upack' (chunk index -1, root 'root:/') mounted
[2022.04.27-13.45.46:185][  0]LogShaderLibrary: Display: ShaderCodeLibraryPakFileMountedCallback: pending pak file info (ChunkID:-1 Root:root:/ File:E:/Unreal/UE_4.27/FeaturePacks/TP_TwinStickBP.upack)
[2022.04.27-13.45.46:185][  0]LogPakFile: OnPakFileMounted2Time == 0.000047
[2022.04.27-13.45.46:185][  0]LogPakFile: PakFile PrimaryIndexSize=183
[2022.04.27-13.45.46:185][  0]LogPakFile: PakFile PathHashIndexSize=101
[2022.04.27-13.45.46:185][  0]LogPakFile: PakFile FullDirectoryIndexSize=140
[2022.04.27-13.45.46:185][  0]LogShaderLibrary: Display: ShaderCodeLibraryPakFileMountedCallback: PakFile 'E:/Unreal/UE_4.27/FeaturePacks/TP_Vehicle.upack' (chunk index -1, root 'root:/') mounted
[2022.04.27-13.45.46:185][  0]LogShaderLibrary: Display: ShaderCodeLibraryPakFileMountedCallback: pending pak file info (ChunkID:-1 Root:root:/ File:E:/Unreal/UE_4.27/FeaturePacks/TP_Vehicle.upack)
[2022.04.27-13.45.46:185][  0]LogPakFile: OnPakFileMounted2Time == 0.000044
[2022.04.27-13.45.46:186][  0]LogPakFile: PakFile PrimaryIndexSize=186
[2022.04.27-13.45.46:186][  0]LogPakFile: PakFile PathHashIndexSize=101
[2022.04.27-13.45.46:186][  0]LogPakFile: PakFile FullDirectoryIndexSize=146
[2022.04.27-13.45.46:186][  0]LogShaderLibrary: Display: ShaderCodeLibraryPakFileMountedCallback: PakFile 'E:/Unreal/UE_4.27/FeaturePacks/TP_VehicleAdv.upack' (chunk index -1, root 'root:/') mounted
[2022.04.27-13.45.46:186][  0]LogShaderLibrary: Display: ShaderCodeLibraryPakFileMountedCallback: pending pak file info (ChunkID:-1 Root:root:/ File:E:/Unreal/UE_4.27/FeaturePacks/TP_VehicleAdv.upack)
[2022.04.27-13.45.46:186][  0]LogPakFile: OnPakFileMounted2Time == 0.000041
[2022.04.27-13.45.46:186][  0]LogPakFile: PakFile PrimaryIndexSize=188
[2022.04.27-13.45.46:186][  0]LogPakFile: PakFile PathHashIndexSize=101
[2022.04.27-13.45.46:186][  0]LogPakFile: PakFile FullDirectoryIndexSize=150
[2022.04.27-13.45.46:186][  0]LogShaderLibrary: Display: ShaderCodeLibraryPakFileMountedCallback: PakFile 'E:/Unreal/UE_4.27/FeaturePacks/TP_VehicleAdvBP.upack' (chunk index -1, root 'root:/') mounted
[2022.04.27-13.45.46:186][  0]LogShaderLibrary: Display: ShaderCodeLibraryPakFileMountedCallback: pending pak file info (ChunkID:-1 Root:root:/ File:E:/Unreal/UE_4.27/FeaturePacks/TP_VehicleAdvBP.upack)
[2022.04.27-13.45.46:186][  0]LogPakFile: OnPakFileMounted2Time == 0.000041
[2022.04.27-13.45.46:187][  0]LogPakFile: PakFile PrimaryIndexSize=185
[2022.04.27-13.45.46:187][  0]LogPakFile: PakFile PathHashIndexSize=101
[2022.04.27-13.45.46:187][  0]LogPakFile: PakFile FullDirectoryIndexSize=144
[2022.04.27-13.45.46:187][  0]LogShaderLibrary: Display: ShaderCodeLibraryPakFileMountedCallback: PakFile 'E:/Unreal/UE_4.27/FeaturePacks/TP_VehicleBP.upack' (chunk index -1, root 'root:/') mounted
[2022.04.27-13.45.46:187][  0]LogShaderLibrary: Display: ShaderCodeLibraryPakFileMountedCallback: pending pak file info (ChunkID:-1 Root:root:/ File:E:/Unreal/UE_4.27/FeaturePacks/TP_VehicleBP.upack)
[2022.04.27-13.45.46:187][  0]LogPakFile: OnPakFileMounted2Time == 0.000039
[2022.04.27-13.45.46:187][  0]LogPakFile: PakFile PrimaryIndexSize=192
[2022.04.27-13.45.46:187][  0]LogPakFile: PakFile PathHashIndexSize=101
[2022.04.27-13.45.46:187][  0]LogPakFile: PakFile FullDirectoryIndexSize=158
[2022.04.27-13.45.46:187][  0]LogShaderLibrary: Display: ShaderCodeLibraryPakFileMountedCallback: PakFile 'E:/Unreal/UE_4.27/FeaturePacks/TP_VirtualRealityBP.upack' (chunk index -1, root 'root:/') mounted
[2022.04.27-13.45.46:187][  0]LogShaderLibrary: Display: ShaderCodeLibraryPakFileMountedCallback: pending pak file info (ChunkID:-1 Root:root:/ File:E:/Unreal/UE_4.27/FeaturePacks/TP_VirtualRealityBP.upack)
[2022.04.27-13.45.46:187][  0]LogPakFile: OnPakFileMounted2Time == 0.000039
[2022.04.27-13.45.46:222][  0]LogNativeClassHierarchy: Verbose: Native class hierarchy updated for 'AddContentDialog' in 0.0002 seconds. Added 0 classes and 0 folders.
[2022.04.27-13.45.46:226][  0]LogNativeClassHierarchy: Verbose: Native class hierarchy updated for 'SceneOutliner' in 0.0002 seconds. Added 2 classes and 0 folders.
[2022.04.27-13.45.46:555][  0]LogSlate: Only BGRA pngs, bmps or icos are supported in by External Image Picker
[2022.04.27-13.45.46:619][  0]LogSlate: Took 0.000188 seconds to synchronously load lazily loaded font '../../../Engine/Content/Slate/Fonts/Roboto-Regular.ttf' (155K)
[2022.04.27-13.45.46:620][  0]LogSlate: Took 0.000125 seconds to synchronously load lazily loaded font '../../../Engine/Content/Editor/Slate/Fonts/FontAwesome.ttf' (139K)
[2022.04.27-13.45.46:621][  0]LogSlate: Took 0.000127 seconds to synchronously load lazily loaded font '../../../Engine/Content/Slate/Fonts/Roboto-Bold.ttf' (160K)
[2022.04.27-13.45.46:693][  0]LogRenderer: Reallocating scene render targets to support 1124x500 Format 10 NumSamples 1 (Frame:1).
[2022.04.27-13.45.46:728][  0]LogSlate: Took 0.000130 seconds to synchronously load lazily loaded font '../../../Engine/Content/Slate/Fonts/Roboto-Light.ttf' (167K)
[2022.04.27-13.45.46:769][  0]LogNativeClassHierarchy: Verbose: Native class hierarchy updated for 'HierarchicalLODOutliner' in 0.0002 seconds. Added 0 classes and 0 folders.
[2022.04.27-13.45.46:769][  0]LogLoad: (Engine Initialization) Total time: 6.61 seconds
[2022.04.27-13.45.46:770][  0]LogLoad: (Engine Initialization) Total Blueprint compile time: 0.00 seconds
[2022.04.27-13.45.46:823][  0]LogAssetRegistry: Asset discovery search completed in 4.1736 seconds
[2022.04.27-13.45.46:827][  0]LogCollectionManager: Fixed up redirectors for 0 collections in 0.000003 seconds (updated 0 objects)
[2022.04.27-13.45.46:829][  0]LogContentStreaming: Texture pool size now 1000 MB
[2022.04.27-13.46.03:880][ 29]LogTemp: Repeating last play command: Selected Viewport
[2022.04.27-13.46.03:889][ 29]LogPlayLevel: PlayLevel: No blueprints needed recompiling
[2022.04.27-13.46.03:889][ 29]PIE: New page: PIE session: DefaultMap (Apr 27, 2022, 7:46:03 AM)
[2022.04.27-13.46.03:890][ 29]LogOnline: OSS: Creating online subsystem instance for: NULL
[2022.04.27-13.46.03:891][ 29]LogOnline: OSS: TryLoadSubsystemAndSetDefault: Loaded subsystem for module [NULL]
[2022.04.27-13.46.03:891][ 29]LogPlayLevel: Creating play world package: /Game/_Game/Maps/UEDPIE_0_DefaultMap
[2022.04.27-13.46.03:893][ 29]LogPlayLevel: PIE: StaticDuplicateObject took: (0.001891s)
[2022.04.27-13.46.03:894][ 29]LogAIModule: Creating AISystem for world DefaultMap
[2022.04.27-13.46.03:894][ 29]LogPlayLevel: PIE: World Init took: (0.000999s)
[2022.04.27-13.46.03:894][ 29]LogPlayLevel: PIE: Created PIE world by copying editor world from /Game/_Game/Maps/DefaultMap.DefaultMap to /Game/_Game/Maps/UEDPIE_0_DefaultMap.DefaultMap (0.003032s)
[2022.04.27-13.46.03:899][ 29]LogUObjectHash: Compacting FUObjectHashTables data took   0.52ms
[2022.04.27-13.46.03:900][ 29]LogAudio: Display: Creating Audio Device:                 Id: 2, Scope: Unique, Realtime: True
[2022.04.27-13.46.03:900][ 29]LogAudioMixer: Display: Audio Mixer Platform Settings:
[2022.04.27-13.46.03:900][ 29]LogAudioMixer: Display: 	Sample Rate:						  48000
[2022.04.27-13.46.03:900][ 29]LogAudioMixer: Display: 	Callback Buffer Frame Size Requested: 1024
[2022.04.27-13.46.03:900][ 29]LogAudioMixer: Display: 	Callback Buffer Frame Size To Use:	  1024
[2022.04.27-13.46.03:900][ 29]LogAudioMixer: Display: 	Number of buffers to queue:			  2
[2022.04.27-13.46.03:900][ 29]LogAudioMixer: Display: 	Max Channels (voices):				  32
[2022.04.27-13.46.03:900][ 29]LogAudioMixer: Display: 	Number of Async Source Workers:		  0
[2022.04.27-13.46.03:900][ 29]LogAudio: Display: AudioDevice MaxSources: 32
[2022.04.27-13.46.03:901][ 29]LogAudio: Display: Audio Spatialization Plugin: None (built-in).
[2022.04.27-13.46.03:901][ 29]LogAudio: Display: Audio Reverb Plugin: None (built-in).
[2022.04.27-13.46.03:901][ 29]LogAudio: Display: Audio Occlusion Plugin: None (built-in).
[2022.04.27-13.46.03:901][ 29]LogAudioMixer: Display: Initializing audio mixer.
[2022.04.27-13.46.03:906][ 29]LogAudioMixer: Display: 0: FrontLeft
[2022.04.27-13.46.03:906][ 29]LogAudioMixer: Display: 1: FrontRight
[2022.04.27-13.46.03:911][ 29]LogAudioMixer: Display: Using Audio Device Altavoces (Realtek High Definition Audio)
[2022.04.27-13.46.03:911][ 29]LogAudioMixer: Display: Initializing Sound Submixes...
[2022.04.27-13.46.03:911][ 29]LogAudioMixer: Display: Creating Master Submix 'MasterSubmixDefault'
[2022.04.27-13.46.03:911][ 29]LogAudioMixer: Display: Creating Master Submix 'MasterReverbSubmixDefault'
[2022.04.27-13.46.03:911][ 29]LogAudioMixer: Display: Creating Master Submix 'MasterEQSubmixDefault'
[2022.04.27-13.46.03:911][ 29]LogAudioMixer: FMixerPlatformXAudio2::StartAudioStream() called
[2022.04.27-13.46.03:911][ 29]LogAudioMixer: Display: Output buffers initialized: Frames=1024, Channels=2, Samples=2048
[2022.04.27-13.46.03:912][ 29]LogAudioMixer: Display: Starting AudioMixerPlatformInterface::RunInternal()
[2022.04.27-13.46.03:912][ 29]LogAudioMixer: Display: FMixerPlatformXAudio2::SubmitBuffer() called for the first time
[2022.04.27-13.46.03:913][ 29]LogInit: FAudioDevice initialized.
[2022.04.27-13.46.03:913][ 29]LogAudio: Display: Audio Device (ID: 2) registered with world 'DefaultMap'.
[2022.04.27-13.46.03:926][ 29]LogLoad: Game class is 'BP_ShooterGameModeBase_C'
[2022.04.27-13.46.03:927][ 29]LogWorld: Bringing World /Game/_Game/Maps/UEDPIE_0_DefaultMap.DefaultMap up for play (max tick rate 0) at 2022.04.27-10.46.03
[2022.04.27-13.46.03:927][ 29]LogWorld: Bringing up level for play took: 0.000442
[2022.04.27-13.46.03:928][ 29]LogOnline: OSS: Creating online subsystem instance for: :Context_2
[2022.04.27-13.46.03:931][ 29]LogNativeClassHierarchy: Verbose: Native class hierarchy updated for 'MovieSceneCapture' in 0.0003 seconds. Added 20 classes and 0 folders.
[2022.04.27-13.46.03:932][ 29]PIE: Server logged in
[2022.04.27-13.46.03:934][ 29]PIE: Play in editor total start time 0.05 seconds.
[2022.04.27-13.46.11:596][942]LogSlate: Updating window title bar state: overlay mode, drag disabled, window buttons hidden, title bar hidden
[2022.04.27-13.46.11:596][942]LogWorld: BeginTearingDown for /Game/_Game/Maps/UEDPIE_0_DefaultMap
[2022.04.27-13.46.11:596][942]LogWorld: UWorld::CleanupWorld for DefaultMap, bSessionEnded=true, bCleanupResources=true
[2022.04.27-13.46.11:597][942]LogSlate: InvalidateAllWidgets triggered.  All widgets were invalidated
[2022.04.27-13.46.11:604][942]LogPlayLevel: Display: Shutting down PIE online subsystems
[2022.04.27-13.46.11:605][942]LogSlate: InvalidateAllWidgets triggered.  All widgets were invalidated
[2022.04.27-13.46.11:610][942]LogAudio: Display: Audio Device unregistered from world 'None'.
[2022.04.27-13.46.11:610][942]LogAudioMixer: FMixerPlatformXAudio2::StopAudioStream() called
[2022.04.27-13.46.11:611][942]LogAudioMixer: FMixerPlatformXAudio2::StopAudioStream() called
[2022.04.27-13.46.11:612][942]LogSlate: Updating window title bar state: overlay mode, drag disabled, window buttons hidden, title bar hidden
[2022.04.27-13.46.11:614][942]LogUObjectHash: Compacting FUObjectHashTables data took   0.58ms
[2022.04.27-13.46.11:672][947]LogPlayLevel: Display: Destroying online subsystem :Context_2
