Log file open, 04/30/22 16:10:24
LogWindows: Failed to load 'aqProf.dll' (GetLastError=126)
LogWindows: File 'aqProf.dll' does not exist
LogWindows: Failed to load 'VtuneApi.dll' (GetLastError=126)
LogWindows: File 'VtuneApi.dll' does not exist
LogWindows: Failed to load 'VtuneApi32e.dll' (GetLastError=126)
LogWindows: File 'VtuneApi32e.dll' does not exist
LogConsoleResponse: Display: Failed to find resolution value strings in scalability ini. Falling back to default.
LogConsoleResponse: Display: Failed to find resolution value strings in scalability ini. Falling back to default.
LogInit: Display: Running engine for game: Shooter
LogPlatformFile: Not using cached read wrapper
LogTaskGraph: Started task graph with 5 named threads and 35 total threads with 3 sets of task threads.
LogStats: Stats thread started at 0.227313
LogICUInternationalization: ICU TimeZone Detection - Raw Offset: -3:00, Platform Override: ''
LogInit: Display: Loading text-based GConfig....
LogPluginManager: Mounting plugin MeshPainting
LogPluginManager: Mounting plugin XGEController
LogPluginManager: Mounting plugin Paper2D
LogPluginManager: Mounting plugin AISupport
LogPluginManager: Mounting plugin EnvironmentQueryEditor
LogPluginManager: Mounting plugin LightPropagationVolume
LogPluginManager: Mounting plugin LiveLink
LogPluginManager: Mounting plugin OodleData
LogPluginManager: Mounting plugin CameraShakePreviewer
LogPluginManager: Mounting plugin GameplayCameras
LogPluginManager: Mounting plugin OodleNetwork
LogPluginManager: Mounting plugin AssetManagerEditor
LogPluginManager: Mounting plugin CryptoKeys
LogPluginManager: Mounting plugin CurveEditorTools
LogPluginManager: Mounting plugin DataValidation
LogPluginManager: Mounting plugin FacialAnimation
LogPluginManager: Mounting plugin GeometryMode
LogPluginManager: Mounting plugin GameplayTagsEditor
LogPluginManager: Mounting plugin MacGraphicsSwitching
LogPluginManager: Mounting plugin MaterialAnalyzer
LogPluginManager: Mounting plugin PluginBrowser
LogPluginManager: Mounting plugin MobileLauncherProfileWizard
LogPluginManager: Mounting plugin SpeedTreeImporter
LogPluginManager: Mounting plugin DatasmithContent
LogPluginManager: Mounting plugin VariantManagerContent
LogPluginManager: Mounting plugin Niagara
LogPluginManager: Mounting plugin AnimationSharing
LogPluginManager: Mounting plugin CLionSourceCodeAccess
LogPluginManager: Mounting plugin AutomationUtils
LogPluginManager: Mounting plugin AlembicImporter
LogPluginManager: Mounting plugin BackChannel
LogPluginManager: Mounting plugin ChaosCloth
LogPluginManager: Mounting plugin ChaosClothEditor
LogPluginManager: Mounting plugin ChaosEditor
LogPluginManager: Mounting plugin ChaosNiagara
LogPluginManager: Mounting plugin ChaosSolverPlugin
LogPluginManager: Mounting plugin LuminPlatformFeatures
LogPluginManager: Mounting plugin MagicLeap
LogPluginManager: Mounting plugin CharacterAI
LogPluginManager: Mounting plugin MagicLeapLightEstimation
LogPluginManager: Mounting plugin MagicLeapMedia
LogPluginManager: Mounting plugin GeometryCache
LogPluginManager: Mounting plugin MagicLeapPassableWorld
LogPluginManager: Mounting plugin GeometryCollectionPlugin
LogPluginManager: Mounting plugin GeometryProcessing
LogPluginManager: Mounting plugin MLSDK
LogPluginManager: Mounting plugin OpenImageDenoise
LogPluginManager: Mounting plugin MotoSynth
LogPluginManager: Mounting plugin PlanarCut
LogPluginManager: Mounting plugin PlatformCrypto
LogPluginManager: Mounting plugin ProxyLODPlugin
LogPluginManager: Mounting plugin PythonScriptPlugin
LogPluginManager: Mounting plugin SkeletalReduction
LogPluginManager: Mounting plugin CodeLiteSourceCodeAccess
LogPluginManager: Mounting plugin GitSourceControl
LogPluginManager: Mounting plugin KDevelopSourceCodeAccess
LogPluginManager: Mounting plugin NullSourceCodeAccess
LogPluginManager: Mounting plugin AndroidMedia
LogPluginManager: Mounting plugin PixWinPlugin
LogPluginManager: Mounting plugin PerforceSourceControl
LogPluginManager: Mounting plugin PlasticSourceControl
LogPluginManager: Mounting plugin PluginUtils
LogPluginManager: Mounting plugin PropertyAccessNode
LogPluginManager: Mounting plugin RiderLink
LogPluginManager: Mounting plugin RiderSourceCodeAccess
LogPluginManager: Mounting plugin SubversionSourceControl
LogPluginManager: Mounting plugin TextureFormatOodle
LogPluginManager: Mounting plugin UObjectPlugin
LogPluginManager: Mounting plugin VisualStudioCodeSourceCodeAccess
LogPluginManager: Mounting plugin VisualStudioSourceCodeAccess
LogPluginManager: Mounting plugin XCodeSourceCodeAccess
LogPluginManager: Mounting plugin AvfMedia
LogPluginManager: Mounting plugin ImgMedia
LogPluginManager: Mounting plugin MediaCompositing
LogPluginManager: Mounting plugin MediaPlayerEditor
LogPluginManager: Mounting plugin WebMMedia
LogPluginManager: Mounting plugin WmfMedia
LogPluginManager: Mounting plugin LevelSequenceEditor
LogPluginManager: Mounting plugin MatineeToLevelSequence
LogPluginManager: Mounting plugin ActorSequence
LogPluginManager: Mounting plugin TemplateSequence
LogPluginManager: Mounting plugin TcpMessaging
LogPluginManager: Mounting plugin UdpMessaging
LogPluginManager: Mounting plugin LauncherChunkInstaller
LogPluginManager: Mounting plugin OnlineSubsystem
LogPluginManager: Mounting plugin OnlineSubsystemNull
LogPluginManager: Mounting plugin OnlineSubsystemUtils
LogPluginManager: Mounting plugin ActorLayerUtilities
LogPluginManager: Mounting plugin AndroidDeviceProfileSelector
LogPluginManager: Mounting plugin AndroidMoviePlayer
LogPluginManager: Mounting plugin AppleImageUtils
LogPluginManager: Mounting plugin AppleMoviePlayer
LogPluginManager: Mounting plugin ArchVisCharacter
LogPluginManager: Mounting plugin AssetTags
LogPluginManager: Mounting plugin AndroidPermission
LogPluginManager: Mounting plugin AudioCapture
LogPluginManager: Mounting plugin AudioSynesthesia
LogPluginManager: Mounting plugin CableComponent
LogPluginManager: Mounting plugin ChunkDownloader
LogPluginManager: Mounting plugin CustomMeshComponent
LogPluginManager: Mounting plugin EditableMesh
LogPluginManager: Mounting plugin ExampleDeviceProfileSelector
LogPluginManager: Mounting plugin GoogleCloudMessaging
LogPluginManager: Mounting plugin GooglePAD
LogPluginManager: Mounting plugin IOSDeviceProfileSelector
LogPluginManager: Mounting plugin LinuxDeviceProfileSelector
LogPluginManager: Mounting plugin LocationServicesBPLibrary
LogPluginManager: Mounting plugin MobilePatchingUtils
LogPluginManager: Mounting plugin OpenXREyeTracker
LogPluginManager: Mounting plugin OpenXR
LogPluginManager: Mounting plugin OpenXRHandTracking
LogPluginManager: Mounting plugin PhysXVehicles
LogPluginManager: Mounting plugin PostSplashScreen
LogPluginManager: Mounting plugin Takes
LogPluginManager: Mounting plugin PropertyAccessEditor
LogPluginManager: Mounting plugin ProceduralMeshComponent
LogPluginManager: Mounting plugin RuntimePhysXCooking
LogPluginManager: Mounting plugin SignificanceManager
LogPluginManager: Mounting plugin SoundFields
LogPluginManager: Mounting plugin Synthesis
LogPluginManager: Mounting plugin ScreenshotTools
LogPluginManager: Mounting plugin WebMMoviePlayer
LogPluginManager: Mounting plugin WindowsMoviePlayer
LogPluginManager: Mounting plugin ContentBrowserAssetDataSource
LogPluginManager: Mounting plugin ContentBrowserClassDataSource
LogPluginManager: Mounting plugin ContentBrowserFileDataSource
LogPluginManager: Mounting plugin OnlineSubsystemGooglePlay
LogPluginManager: Mounting plugin OnlineSubsystemIOS
LogPluginManager: Mounting plugin OculusVR
LogPluginManager: Mounting plugin SteamVR
PixWinPlugin: PIX capture plugin failed to initialize! Check that the process is launched from PIX.
LogInit: Using libcurl 7.55.1-DEV
LogInit:  - built for x86_64-pc-win32
LogInit:  - supports SSL with OpenSSL/1.1.1
LogInit:  - supports HTTP deflate (compression) using libz 1.2.8
LogInit:  - other features:
LogInit:      CURL_VERSION_SSL
LogInit:      CURL_VERSION_LIBZ
LogInit:      CURL_VERSION_IPV6
LogInit:      CURL_VERSION_ASYNCHDNS
LogInit:      CURL_VERSION_LARGEFILE
LogInit:      CURL_VERSION_IDN
LogInit:  CurlRequestOptions (configurable via config and command line):
LogInit:  - bVerifyPeer = true  - Libcurl will verify peer certificate
LogInit:  - bUseHttpProxy = false  - Libcurl will NOT use HTTP proxy
LogInit:  - bDontReuseConnections = false  - Libcurl will reuse connections
LogInit:  - MaxHostConnections = 16  - Libcurl will limit the number of connections to a host
LogInit:  - LocalHostAddr = Default
LogInit:  - BufferSize = 65536
LogOnline: OSS: Creating online subsystem instance for: NULL
LogInit: WinSock: version 1.1 (2.2), MaxSocks=32767, MaxUdp=65467
LogOnline: OSS: TryLoadSubsystemAndSetDefault: Loaded subsystem for module [NULL]
LogOculusPluginWrapper: OculusPlugin initialized successfully
LogHMD: Failed initializing OVRPlugin 1.59.0
LogInit: Build: ++UE4+Release-4.27-CL-18319896
LogInit: Engine Version: 4.27.2-18319896+++UE4+Release-4.27
LogInit: Compatible Engine Version: 4.27.0-17155196+++UE4+Release-4.27
LogInit: Net CL: 17155196
LogInit: OS: Windows 10 (Release 2009) (), CPU: Intel(R) Core(TM) i7-8700 CPU @ 3.20GHz, GPU: NVIDIA GeForce GTX 1070 Ti
LogInit: Compiled (64-bit): Nov 30 2021 07:12:08
LogInit: Compiled with Visual C++: 19.24.28315.00
LogInit: Build Configuration: Development
LogInit: Branch Name: ++UE4+Release-4.27
LogInit: Command Line:  -skipcompile
LogInit: Base Directory: E:/Unreal/UE_4.27/Engine/Binaries/Win64/
LogInit: Allocator: TBB
LogInit: Installed Engine Build: 1
LogDevObjectVersion: Number of dev versions registered: 29
LogDevObjectVersion:   Dev-Blueprints (B0D832E4-1F89-4F0D-ACCF-7EB736FD4AA2): 10
LogDevObjectVersion:   Dev-Build (E1C64328-A22C-4D53-A36C-8E866417BD8C): 0
LogDevObjectVersion:   Dev-Core (375EC13C-06E4-48FB-B500-84F0262A717E): 4
LogDevObjectVersion:   Dev-Editor (E4B068ED-F494-42E9-A231-DA0B2E46BB41): 40
LogDevObjectVersion:   Dev-Framework (CFFC743F-43B0-4480-9391-14DF171D2073): 37
LogDevObjectVersion:   Dev-Mobile (B02B49B5-BB20-44E9-A304-32B752E40360): 3
LogDevObjectVersion:   Dev-Networking (A4E4105C-59A1-49B5-A7C5-40C4547EDFEE): 0
LogDevObjectVersion:   Dev-Online (39C831C9-5AE6-47DC-9A44-9C173E1C8E7C): 0
LogDevObjectVersion:   Dev-Physics (78F01B33-EBEA-4F98-B9B4-84EACCB95AA2): 14
LogDevObjectVersion:   Dev-Platform (6631380F-2D4D-43E0-8009-CF276956A95A): 0
LogDevObjectVersion:   Dev-Rendering (12F88B9F-8875-4AFC-A67C-D90C383ABD29): 45
LogDevObjectVersion:   Dev-Sequencer (7B5AE74C-D270-4C10-A958-57980B212A5A): 13
LogDevObjectVersion:   Dev-VR (D7296918-1DD6-4BDD-9DE2-64A83CC13884): 3
LogDevObjectVersion:   Dev-LoadTimes (C2A15278-BFE7-4AFE-6C17-90FF531DF755): 1
LogDevObjectVersion:   Private-Geometry (6EACA3D4-40EC-4CC1-B786-8BED09428FC5): 3
LogDevObjectVersion:   Dev-AnimPhys (29E575DD-E0A3-4627-9D10-D276232CDCEA): 17
LogDevObjectVersion:   Dev-Anim (AF43A65D-7FD3-4947-9873-3E8ED9C1BB05): 15
LogDevObjectVersion:   Dev-ReflectionCapture (6B266CEC-1EC7-4B8F-A30B-E4D90942FC07): 1
LogDevObjectVersion:   Dev-Automation (0DF73D61-A23F-47EA-B727-89E90C41499A): 1
LogDevObjectVersion:   FortniteMain (601D1886-AC64-4F84-AA16-D3DE0DEAC7D6): 47
LogDevObjectVersion:   FortniteRelease (E7086368-6B23-4C58-8439-1B7016265E91): 1
LogDevObjectVersion:   Dev-Enterprise (9DFFBCD6-494F-0158-E221-12823C92A888): 10
LogDevObjectVersion:   Dev-Niagara (F2AED0AC-9AFE-416F-8664-AA7FFA26D6FC): 1
LogDevObjectVersion:   Dev-Destruction (174F1F0B-B4C6-45A5-B13F-2EE8D0FB917D): 10
LogDevObjectVersion:   Dev-Physics-Ext (35F94A83-E258-406C-A318-09F59610247C): 41
LogDevObjectVersion:   Dev-PhysicsMaterial-Chaos (B68FC16E-8B1B-42E2-B453-215C058844FE): 1
LogDevObjectVersion:   Dev-CineCamera (B2E18506-4273-CFC2-A54E-F4BB758BBA07): 1
LogDevObjectVersion:   Dev-VirtualProduction (64F58936-FD1B-42BA-BA96-7289D5D0FA4E): 1
LogDevObjectVersion:   Dev-MediaFramework (6F0ED827-A609-4895-9C91-998D90180EA4): 2
LogInit: Presizing for max 25165824 objects, including 0 objects not considered by GC, pre-allocating 0 bytes for permanent pool.
LogConfig: Applying CVar settings from Section [/Script/Engine.StreamingSettings] File [E:/DEV Unreal/ShooterGame/ShooterGame/Shooter/Saved/Config/Windows/Engine.ini]
LogConfig: Setting CVar [[s.MinBulkDataSizeForAsyncLoading:131072]]
LogConfig: Setting CVar [[s.AsyncLoadingThreadEnabled:0]]
LogConfig: Setting CVar [[s.EventDrivenLoaderEnabled:1]]
LogConfig: Setting CVar [[s.WarnIfTimeLimitExceeded:0]]
LogConfig: Setting CVar [[s.TimeLimitExceededMultiplier:1.5]]
LogConfig: Setting CVar [[s.TimeLimitExceededMinTime:0.005]]
LogConfig: Setting CVar [[s.UseBackgroundLevelStreaming:1]]
LogConfig: Setting CVar [[s.PriorityAsyncLoadingExtraTime:15.0]]
LogConfig: Setting CVar [[s.LevelStreamingActorsUpdateTimeLimit:5.0]]
LogConfig: Setting CVar [[s.PriorityLevelStreamingActorsUpdateExtraTime:5.0]]
LogConfig: Setting CVar [[s.LevelStreamingComponentsRegistrationGranularity:10]]
LogConfig: Setting CVar [[s.UnregisterComponentsTimeLimit:1.0]]
LogConfig: Setting CVar [[s.LevelStreamingComponentsUnregistrationGranularity:5]]
LogConfig: Setting CVar [[s.FlushStreamingOnExit:1]]
LogInit: Object subsystem initialized
LogConfig: Setting CVar [[con.DebugEarlyDefault:1]]
LogConfig: Setting CVar [[r.setres:1280x720]]
[2022.04.30-19.10.25:263][  0]LogConfig: Setting CVar [[r.VSync:0]]
[2022.04.30-19.10.25:263][  0]LogConfig: Setting CVar [[r.RHICmdBypass:0]]
[2022.04.30-19.10.25:263][  0]LogConfig: Applying CVar settings from Section [/Script/Engine.RendererSettings] File [E:/DEV Unreal/ShooterGame/ShooterGame/Shooter/Saved/Config/Windows/Engine.ini]
[2022.04.30-19.10.25:263][  0]LogConfig: Setting CVar [[r.GPUCrashDebugging:0]]
[2022.04.30-19.10.25:264][  0]LogConfig: Applying CVar settings from Section [/Script/Engine.RendererOverrideSettings] File [E:/DEV Unreal/ShooterGame/ShooterGame/Shooter/Saved/Config/Windows/Engine.ini]
[2022.04.30-19.10.25:264][  0]LogConfig: Applying CVar settings from Section [/Script/Engine.StreamingSettings] File [E:/DEV Unreal/ShooterGame/ShooterGame/Shooter/Saved/Config/Windows/Engine.ini]
[2022.04.30-19.10.25:264][  0]LogConfig: Setting CVar [[s.MinBulkDataSizeForAsyncLoading:131072]]
[2022.04.30-19.10.25:264][  0]LogConfig: Setting CVar [[s.AsyncLoadingThreadEnabled:0]]
[2022.04.30-19.10.25:264][  0]LogConfig: Setting CVar [[s.EventDrivenLoaderEnabled:1]]
[2022.04.30-19.10.25:264][  0]LogConfig: Setting CVar [[s.WarnIfTimeLimitExceeded:0]]
[2022.04.30-19.10.25:264][  0]LogConfig: Setting CVar [[s.TimeLimitExceededMultiplier:1.5]]
[2022.04.30-19.10.25:264][  0]LogConfig: Setting CVar [[s.TimeLimitExceededMinTime:0.005]]
[2022.04.30-19.10.25:264][  0]LogConfig: Setting CVar [[s.UseBackgroundLevelStreaming:1]]
[2022.04.30-19.10.25:264][  0]LogConfig: Setting CVar [[s.PriorityAsyncLoadingExtraTime:15.0]]
[2022.04.30-19.10.25:264][  0]LogConfig: Setting CVar [[s.LevelStreamingActorsUpdateTimeLimit:5.0]]
[2022.04.30-19.10.25:264][  0]LogConfig: Setting CVar [[s.PriorityLevelStreamingActorsUpdateExtraTime:5.0]]
[2022.04.30-19.10.25:264][  0]LogConfig: Setting CVar [[s.LevelStreamingComponentsRegistrationGranularity:10]]
[2022.04.30-19.10.25:264][  0]LogConfig: Setting CVar [[s.UnregisterComponentsTimeLimit:1.0]]
[2022.04.30-19.10.25:264][  0]LogConfig: Setting CVar [[s.LevelStreamingComponentsUnregistrationGranularity:5]]
[2022.04.30-19.10.25:264][  0]LogConfig: Setting CVar [[s.FlushStreamingOnExit:1]]
[2022.04.30-19.10.25:264][  0]LogConfig: Applying CVar settings from Section [/Script/Engine.GarbageCollectionSettings] File [E:/DEV Unreal/ShooterGame/ShooterGame/Shooter/Saved/Config/Windows/Engine.ini]
[2022.04.30-19.10.25:264][  0]LogConfig: Setting CVar [[gc.MaxObjectsNotConsideredByGC:1]]
[2022.04.30-19.10.25:264][  0]LogConfig: Setting CVar [[gc.SizeOfPermanentObjectPool:0]]
[2022.04.30-19.10.25:264][  0]LogConfig: Setting CVar [[gc.FlushStreamingOnGC:0]]
[2022.04.30-19.10.25:264][  0]LogConfig: Setting CVar [[gc.NumRetriesBeforeForcingGC:10]]
[2022.04.30-19.10.25:264][  0]LogConfig: Setting CVar [[gc.AllowParallelGC:1]]
[2022.04.30-19.10.25:264][  0]LogConfig: Setting CVar [[gc.TimeBetweenPurgingPendingKillObjects:61.1]]
[2022.04.30-19.10.25:264][  0]LogConfig: Setting CVar [[gc.MaxObjectsInEditor:25165824]]
[2022.04.30-19.10.25:264][  0]LogConfig: Setting CVar [[gc.IncrementalBeginDestroyEnabled:1]]
[2022.04.30-19.10.25:264][  0]LogConfig: Setting CVar [[gc.CreateGCClusters:1]]
[2022.04.30-19.10.25:264][  0]LogConfig: Setting CVar [[gc.MinGCClusterSize:5]]
[2022.04.30-19.10.25:264][  0]LogConfig: Setting CVar [[gc.ActorClusteringEnabled:0]]
[2022.04.30-19.10.25:264][  0]LogConfig: Setting CVar [[gc.BlueprintClusteringEnabled:0]]
[2022.04.30-19.10.25:264][  0]LogConfig: Setting CVar [[gc.UseDisregardForGCOnDedicatedServers:0]]
[2022.04.30-19.10.25:264][  0]LogConfig: Setting CVar [[gc.MultithreadedDestructionEnabled:1]]
[2022.04.30-19.10.25:264][  0]LogConfig: Applying CVar settings from Section [/Script/Engine.NetworkSettings] File [E:/DEV Unreal/ShooterGame/ShooterGame/Shooter/Saved/Config/Windows/Engine.ini]
[2022.04.30-19.10.25:264][  0]LogConfig: Applying CVar settings from Section [/Script/UnrealEd.CookerSettings] File [E:/DEV Unreal/ShooterGame/ShooterGame/Shooter/Saved/Config/Windows/Engine.ini]
[2022.04.30-19.10.25:289][  0]LogConfig: Applying CVar settings from Section [ViewDistanceQuality@3] File [E:/DEV Unreal/ShooterGame/ShooterGame/Shooter/Saved/Config/Windows/Scalability.ini]
[2022.04.30-19.10.25:289][  0]LogConfig: Setting CVar [[r.SkeletalMeshLODBias:0]]
[2022.04.30-19.10.25:289][  0]LogConfig: Setting CVar [[r.ViewDistanceScale:1.0]]
[2022.04.30-19.10.25:289][  0]LogConfig: Applying CVar settings from Section [AntiAliasingQuality@3] File [E:/DEV Unreal/ShooterGame/ShooterGame/Shooter/Saved/Config/Windows/Scalability.ini]
[2022.04.30-19.10.25:289][  0]LogConfig: Setting CVar [[r.PostProcessAAQuality:4]]
[2022.04.30-19.10.25:289][  0]LogConfig: Applying CVar settings from Section [ShadowQuality@3] File [E:/DEV Unreal/ShooterGame/ShooterGame/Shooter/Saved/Config/Windows/Scalability.ini]
[2022.04.30-19.10.25:290][  0]LogConfig: Setting CVar [[r.LightFunctionQuality:1]]
[2022.04.30-19.10.25:290][  0]LogConfig: Setting CVar [[r.ShadowQuality:5]]
[2022.04.30-19.10.25:290][  0]LogConfig: Setting CVar [[r.Shadow.CSM.MaxCascades:10]]
[2022.04.30-19.10.25:290][  0]LogConfig: Setting CVar [[r.Shadow.MaxResolution:2048]]
[2022.04.30-19.10.25:290][  0]LogConfig: Setting CVar [[r.Shadow.MaxCSMResolution:2048]]
[2022.04.30-19.10.25:290][  0]LogConfig: Setting CVar [[r.Shadow.RadiusThreshold:0.01]]
[2022.04.30-19.10.25:290][  0]LogConfig: Setting CVar [[r.Shadow.DistanceScale:1.0]]
[2022.04.30-19.10.25:290][  0]LogConfig: Setting CVar [[r.Shadow.CSM.TransitionScale:1.0]]
[2022.04.30-19.10.25:290][  0]LogConfig: Setting CVar [[r.Shadow.PreShadowResolutionFactor:1.0]]
[2022.04.30-19.10.25:290][  0]LogConfig: Setting CVar [[r.DistanceFieldShadowing:1]]
[2022.04.30-19.10.25:290][  0]LogConfig: Setting CVar [[r.DistanceFieldAO:1]]
[2022.04.30-19.10.25:290][  0]LogConfig: Setting CVar [[r.AOQuality:2]]
[2022.04.30-19.10.25:290][  0]LogConfig: Setting CVar [[r.VolumetricFog:1]]
[2022.04.30-19.10.25:290][  0]LogConfig: Setting CVar [[r.VolumetricFog.GridPixelSize:8]]
[2022.04.30-19.10.25:290][  0]LogConfig: Setting CVar [[r.VolumetricFog.GridSizeZ:128]]
[2022.04.30-19.10.25:290][  0]LogConfig: Setting CVar [[r.VolumetricFog.HistoryMissSupersampleCount:4]]
[2022.04.30-19.10.25:290][  0]LogConfig: Setting CVar [[r.LightMaxDrawDistanceScale:1]]
[2022.04.30-19.10.25:290][  0]LogConfig: Setting CVar [[r.CapsuleShadows:1]]
[2022.04.30-19.10.25:290][  0]LogConfig: Applying CVar settings from Section [PostProcessQuality@3] File [E:/DEV Unreal/ShooterGame/ShooterGame/Shooter/Saved/Config/Windows/Scalability.ini]
[2022.04.30-19.10.25:290][  0]LogConfig: Setting CVar [[r.MotionBlurQuality:4]]
[2022.04.30-19.10.25:290][  0]LogConfig: Setting CVar [[r.AmbientOcclusionMipLevelFactor:0.4]]
[2022.04.30-19.10.25:290][  0]LogConfig: Setting CVar [[r.AmbientOcclusionMaxQuality:100]]
[2022.04.30-19.10.25:290][  0]LogConfig: Setting CVar [[r.AmbientOcclusionLevels:-1]]
[2022.04.30-19.10.25:290][  0]LogConfig: Setting CVar [[r.AmbientOcclusionRadiusScale:1.0]]
[2022.04.30-19.10.25:290][  0]LogConfig: Setting CVar [[r.DepthOfFieldQuality:2]]
[2022.04.30-19.10.25:290][  0]LogConfig: Setting CVar [[r.RenderTargetPoolMin:400]]
[2022.04.30-19.10.25:290][  0]LogConfig: Setting CVar [[r.LensFlareQuality:2]]
[2022.04.30-19.10.25:290][  0]LogConfig: Setting CVar [[r.SceneColorFringeQuality:1]]
[2022.04.30-19.10.25:290][  0]LogConfig: Setting CVar [[r.EyeAdaptationQuality:2]]
[2022.04.30-19.10.25:290][  0]LogConfig: Setting CVar [[r.BloomQuality:5]]
[2022.04.30-19.10.25:290][  0]LogConfig: Setting CVar [[r.FastBlurThreshold:100]]
[2022.04.30-19.10.25:290][  0]LogConfig: Setting CVar [[r.Upscale.Quality:3]]
[2022.04.30-19.10.25:290][  0]LogConfig: Setting CVar [[r.Tonemapper.GrainQuantization:1]]
[2022.04.30-19.10.25:290][  0]LogConfig: Setting CVar [[r.LightShaftQuality:1]]
[2022.04.30-19.10.25:290][  0]LogConfig: Setting CVar [[r.Filter.SizeScale:1]]
[2022.04.30-19.10.25:290][  0]LogConfig: Setting CVar [[r.Tonemapper.Quality:5]]
[2022.04.30-19.10.25:290][  0]LogConfig: Setting CVar [[r.DOF.Gather.AccumulatorQuality:1        ; higher gathering accumulator quality]]
[2022.04.30-19.10.25:290][  0]LogConfig: Setting CVar [[r.DOF.Gather.PostfilterMethod:1          ; Median3x3 postfilering method]]
[2022.04.30-19.10.25:290][  0]LogConfig: Setting CVar [[r.DOF.Gather.EnableBokehSettings:0       ; no bokeh simulation when gathering]]
[2022.04.30-19.10.25:290][  0]LogConfig: Setting CVar [[r.DOF.Gather.RingCount:4                 ; medium number of samples when gathering]]
[2022.04.30-19.10.25:290][  0]LogConfig: Setting CVar [[r.DOF.Scatter.ForegroundCompositing:1    ; additive foreground scattering]]
[2022.04.30-19.10.25:290][  0]LogConfig: Setting CVar [[r.DOF.Scatter.BackgroundCompositing:2    ; additive background scattering]]
[2022.04.30-19.10.25:290][  0]LogConfig: Setting CVar [[r.DOF.Scatter.EnableBokehSettings:1      ; bokeh simulation when scattering]]
[2022.04.30-19.10.25:290][  0]LogConfig: Setting CVar [[r.DOF.Scatter.MaxSpriteRatio:0.1         ; only a maximum of 10% of scattered bokeh]]
[2022.04.30-19.10.25:290][  0]LogConfig: Setting CVar [[r.DOF.Recombine.Quality:1                ; cheap slight out of focus]]
[2022.04.30-19.10.25:290][  0]LogConfig: Setting CVar [[r.DOF.Recombine.EnableBokehSettings:0    ; no bokeh simulation on slight out of focus]]
[2022.04.30-19.10.25:290][  0]LogConfig: Setting CVar [[r.DOF.TemporalAAQuality:1                ; more stable temporal accumulation]]
[2022.04.30-19.10.25:290][  0]LogConfig: Setting CVar [[r.DOF.Kernel.MaxForegroundRadius:0.025]]
[2022.04.30-19.10.25:290][  0]LogConfig: Setting CVar [[r.DOF.Kernel.MaxBackgroundRadius:0.025]]
[2022.04.30-19.10.25:290][  0]LogConfig: Applying CVar settings from Section [TextureQuality@3] File [E:/DEV Unreal/ShooterGame/ShooterGame/Shooter/Saved/Config/Windows/Scalability.ini]
[2022.04.30-19.10.25:290][  0]LogConfig: Setting CVar [[r.Streaming.MipBias:0]]
[2022.04.30-19.10.25:290][  0]LogConfig: Setting CVar [[r.Streaming.AmortizeCPUToGPUCopy:0]]
[2022.04.30-19.10.25:290][  0]LogConfig: Setting CVar [[r.Streaming.MaxNumTexturesToStreamPerFrame:0]]
[2022.04.30-19.10.25:290][  0]LogConfig: Setting CVar [[r.Streaming.Boost:1]]
[2022.04.30-19.10.25:290][  0]LogConfig: Setting CVar [[r.MaxAnisotropy:8]]
[2022.04.30-19.10.25:290][  0]LogConfig: Setting CVar [[r.VT.MaxAnisotropy:8]]
[2022.04.30-19.10.25:290][  0]LogConfig: Setting CVar [[r.Streaming.LimitPoolSizeToVRAM:0]]
[2022.04.30-19.10.25:290][  0]LogConfig: Setting CVar [[r.Streaming.PoolSize:1000]]
[2022.04.30-19.10.25:290][  0]LogConfig: Setting CVar [[r.Streaming.MaxEffectiveScreenSize:0]]
[2022.04.30-19.10.25:290][  0]LogConfig: Applying CVar settings from Section [EffectsQuality@3] File [E:/DEV Unreal/ShooterGame/ShooterGame/Shooter/Saved/Config/Windows/Scalability.ini]
[2022.04.30-19.10.25:290][  0]LogConfig: Setting CVar [[r.TranslucencyLightingVolumeDim:64]]
[2022.04.30-19.10.25:290][  0]LogConfig: Setting CVar [[r.RefractionQuality:2]]
[2022.04.30-19.10.25:290][  0]LogConfig: Setting CVar [[r.SSR.Quality:3]]
[2022.04.30-19.10.25:290][  0]LogConfig: Setting CVar [[r.SSR.HalfResSceneColor:0]]
[2022.04.30-19.10.25:290][  0]LogConfig: Setting CVar [[r.SceneColorFormat:4]]
[2022.04.30-19.10.25:290][  0]LogConfig: Setting CVar [[r.DetailMode:2]]
[2022.04.30-19.10.25:290][  0]LogConfig: Setting CVar [[r.TranslucencyVolumeBlur:1]]
[2022.04.30-19.10.25:290][  0]LogConfig: Setting CVar [[r.MaterialQualityLevel:1 ; High quality]]
[2022.04.30-19.10.25:290][  0]LogConfig: Setting CVar [[r.AnisotropicMaterials:1]]
[2022.04.30-19.10.25:290][  0]LogConfig: Setting CVar [[r.SSS.Scale:1]]
[2022.04.30-19.10.25:291][  0]LogConfig: Setting CVar [[r.SSS.SampleSet:2]]
[2022.04.30-19.10.25:291][  0]LogConfig: Setting CVar [[r.SSS.Quality:1]]
[2022.04.30-19.10.25:291][  0]LogConfig: Setting CVar [[r.SSS.HalfRes:0]]
[2022.04.30-19.10.25:291][  0]LogConfig: Setting CVar [[r.SSGI.Quality:3]]
[2022.04.30-19.10.25:291][  0]LogConfig: Setting CVar [[r.EmitterSpawnRateScale:1.0]]
[2022.04.30-19.10.25:291][  0]LogConfig: Setting CVar [[r.ParticleLightQuality:2]]
[2022.04.30-19.10.25:291][  0]LogConfig: Setting CVar [[r.SkyAtmosphere.AerialPerspectiveLUT.FastApplyOnOpaque:1 ; Always have FastSkyLUT 1 in this case to avoid wrong sky]]
[2022.04.30-19.10.25:291][  0]LogConfig: Setting CVar [[r.SkyAtmosphere.AerialPerspectiveLUT.SampleCountMaxPerSlice:4]]
[2022.04.30-19.10.25:291][  0]LogConfig: Setting CVar [[r.SkyAtmosphere.AerialPerspectiveLUT.DepthResolution:16.0]]
[2022.04.30-19.10.25:291][  0]LogConfig: Setting CVar [[r.SkyAtmosphere.FastSkyLUT:1]]
[2022.04.30-19.10.25:291][  0]LogConfig: Setting CVar [[r.SkyAtmosphere.FastSkyLUT.SampleCountMin:4.0]]
[2022.04.30-19.10.25:291][  0]LogConfig: Setting CVar [[r.SkyAtmosphere.FastSkyLUT.SampleCountMax:128.0]]
[2022.04.30-19.10.25:291][  0]LogConfig: Setting CVar [[r.SkyAtmosphere.SampleCountMin:4.0]]
[2022.04.30-19.10.25:291][  0]LogConfig: Setting CVar [[r.SkyAtmosphere.SampleCountMax:128.0]]
[2022.04.30-19.10.25:291][  0]LogConfig: Setting CVar [[r.SkyAtmosphere.TransmittanceLUT.UseSmallFormat:0]]
[2022.04.30-19.10.25:291][  0]LogConfig: Setting CVar [[r.SkyAtmosphere.TransmittanceLUT.SampleCount:10.0]]
[2022.04.30-19.10.25:291][  0]LogConfig: Setting CVar [[r.SkyAtmosphere.MultiScatteringLUT.SampleCount:15.0]]
[2022.04.30-19.10.25:291][  0]LogConfig: Setting CVar [[r.SkyLight.RealTimeReflectionCapture:1]]
[2022.04.30-19.10.25:291][  0]LogConfig: Applying CVar settings from Section [FoliageQuality@3] File [E:/DEV Unreal/ShooterGame/ShooterGame/Shooter/Saved/Config/Windows/Scalability.ini]
[2022.04.30-19.10.25:291][  0]LogConfig: Setting CVar [[foliage.DensityScale:1.0]]
[2022.04.30-19.10.25:291][  0]LogConfig: Setting CVar [[grass.DensityScale:1.0]]
[2022.04.30-19.10.25:291][  0]LogConfig: Applying CVar settings from Section [ShadingQuality@3] File [E:/DEV Unreal/ShooterGame/ShooterGame/Shooter/Saved/Config/Windows/Scalability.ini]
[2022.04.30-19.10.25:291][  0]LogConfig: Setting CVar [[r.HairStrands.SkyLighting.IntegrationType:2]]
[2022.04.30-19.10.25:291][  0]LogConfig: Setting CVar [[r.HairStrands.SkyAO.SampleCount:4]]
[2022.04.30-19.10.25:291][  0]LogConfig: Setting CVar [[r.HairStrands.Visibility.MSAA.SamplePerPixel:4]]
[2022.04.30-19.10.25:291][  0]LogInit: Selected Device Profile: [Windows]
[2022.04.30-19.10.25:291][  0]LogInit: Applying CVar settings loaded from the selected device profile: [Windows]
[2022.04.30-19.10.25:291][  0]LogHAL: Display: Platform has ~ 32 GB [34282221568 / 34359738368 / 32], which maps to Largest [LargestMinGB=32, LargerMinGB=12, DefaultMinGB=8, SmallerMinGB=6, SmallestMinGB=0)
[2022.04.30-19.10.25:291][  0]LogInit: Going up to parent DeviceProfile []
[2022.04.30-19.10.25:291][  0]LogConfig: Applying CVar settings from Section [ViewDistanceQuality@3] File [E:/DEV Unreal/ShooterGame/ShooterGame/Shooter/Saved/Config/Windows/Scalability.ini]
[2022.04.30-19.10.25:291][  0]LogConfig: Setting CVar [[r.SkeletalMeshLODBias:0]]
[2022.04.30-19.10.25:291][  0]LogConfig: Setting CVar [[r.ViewDistanceScale:1.0]]
[2022.04.30-19.10.25:291][  0]LogConfig: Applying CVar settings from Section [AntiAliasingQuality@3] File [E:/DEV Unreal/ShooterGame/ShooterGame/Shooter/Saved/Config/Windows/Scalability.ini]
[2022.04.30-19.10.25:291][  0]LogConfig: Setting CVar [[r.PostProcessAAQuality:4]]
[2022.04.30-19.10.25:291][  0]LogConfig: Applying CVar settings from Section [ShadowQuality@3] File [E:/DEV Unreal/ShooterGame/ShooterGame/Shooter/Saved/Config/Windows/Scalability.ini]
[2022.04.30-19.10.25:291][  0]LogConfig: Setting CVar [[r.LightFunctionQuality:1]]
[2022.04.30-19.10.25:291][  0]LogConfig: Setting CVar [[r.ShadowQuality:5]]
[2022.04.30-19.10.25:291][  0]LogConfig: Setting CVar [[r.Shadow.CSM.MaxCascades:10]]
[2022.04.30-19.10.25:291][  0]LogConfig: Setting CVar [[r.Shadow.MaxResolution:2048]]
[2022.04.30-19.10.25:291][  0]LogConfig: Setting CVar [[r.Shadow.MaxCSMResolution:2048]]
[2022.04.30-19.10.25:291][  0]LogConfig: Setting CVar [[r.Shadow.RadiusThreshold:0.01]]
[2022.04.30-19.10.25:291][  0]LogConfig: Setting CVar [[r.Shadow.DistanceScale:1.0]]
[2022.04.30-19.10.25:291][  0]LogConfig: Setting CVar [[r.Shadow.CSM.TransitionScale:1.0]]
[2022.04.30-19.10.25:291][  0]LogConfig: Setting CVar [[r.Shadow.PreShadowResolutionFactor:1.0]]
[2022.04.30-19.10.25:291][  0]LogConfig: Setting CVar [[r.DistanceFieldShadowing:1]]
[2022.04.30-19.10.25:291][  0]LogConfig: Setting CVar [[r.DistanceFieldAO:1]]
[2022.04.30-19.10.25:291][  0]LogConfig: Setting CVar [[r.AOQuality:2]]
[2022.04.30-19.10.25:291][  0]LogConfig: Setting CVar [[r.VolumetricFog:1]]
[2022.04.30-19.10.25:291][  0]LogConfig: Setting CVar [[r.VolumetricFog.GridPixelSize:8]]
[2022.04.30-19.10.25:291][  0]LogConfig: Setting CVar [[r.VolumetricFog.GridSizeZ:128]]
[2022.04.30-19.10.25:291][  0]LogConfig: Setting CVar [[r.VolumetricFog.HistoryMissSupersampleCount:4]]
[2022.04.30-19.10.25:291][  0]LogConfig: Setting CVar [[r.LightMaxDrawDistanceScale:1]]
[2022.04.30-19.10.25:291][  0]LogConfig: Setting CVar [[r.CapsuleShadows:1]]
[2022.04.30-19.10.25:291][  0]LogConfig: Applying CVar settings from Section [PostProcessQuality@3] File [E:/DEV Unreal/ShooterGame/ShooterGame/Shooter/Saved/Config/Windows/Scalability.ini]
[2022.04.30-19.10.25:291][  0]LogConfig: Setting CVar [[r.MotionBlurQuality:4]]
[2022.04.30-19.10.25:291][  0]LogConfig: Setting CVar [[r.AmbientOcclusionMipLevelFactor:0.4]]
[2022.04.30-19.10.25:291][  0]LogConfig: Setting CVar [[r.AmbientOcclusionMaxQuality:100]]
[2022.04.30-19.10.25:291][  0]LogConfig: Setting CVar [[r.AmbientOcclusionLevels:-1]]
[2022.04.30-19.10.25:291][  0]LogConfig: Setting CVar [[r.AmbientOcclusionRadiusScale:1.0]]
[2022.04.30-19.10.25:291][  0]LogConfig: Setting CVar [[r.DepthOfFieldQuality:2]]
[2022.04.30-19.10.25:291][  0]LogConfig: Setting CVar [[r.RenderTargetPoolMin:400]]
[2022.04.30-19.10.25:291][  0]LogConfig: Setting CVar [[r.LensFlareQuality:2]]
[2022.04.30-19.10.25:291][  0]LogConfig: Setting CVar [[r.SceneColorFringeQuality:1]]
[2022.04.30-19.10.25:291][  0]LogConfig: Setting CVar [[r.EyeAdaptationQuality:2]]
[2022.04.30-19.10.25:292][  0]LogConfig: Setting CVar [[r.BloomQuality:5]]
[2022.04.30-19.10.25:292][  0]LogConfig: Setting CVar [[r.FastBlurThreshold:100]]
[2022.04.30-19.10.25:292][  0]LogConfig: Setting CVar [[r.Upscale.Quality:3]]
[2022.04.30-19.10.25:292][  0]LogConfig: Setting CVar [[r.Tonemapper.GrainQuantization:1]]
[2022.04.30-19.10.25:292][  0]LogConfig: Setting CVar [[r.LightShaftQuality:1]]
[2022.04.30-19.10.25:292][  0]LogConfig: Setting CVar [[r.Filter.SizeScale:1]]
[2022.04.30-19.10.25:292][  0]LogConfig: Setting CVar [[r.Tonemapper.Quality:5]]
[2022.04.30-19.10.25:292][  0]LogConfig: Setting CVar [[r.DOF.Gather.AccumulatorQuality:1        ; higher gathering accumulator quality]]
[2022.04.30-19.10.25:292][  0]LogConfig: Setting CVar [[r.DOF.Gather.PostfilterMethod:1          ; Median3x3 postfilering method]]
[2022.04.30-19.10.25:292][  0]LogConfig: Setting CVar [[r.DOF.Gather.EnableBokehSettings:0       ; no bokeh simulation when gathering]]
[2022.04.30-19.10.25:292][  0]LogConfig: Setting CVar [[r.DOF.Gather.RingCount:4                 ; medium number of samples when gathering]]
[2022.04.30-19.10.25:292][  0]LogConfig: Setting CVar [[r.DOF.Scatter.ForegroundCompositing:1    ; additive foreground scattering]]
[2022.04.30-19.10.25:292][  0]LogConfig: Setting CVar [[r.DOF.Scatter.BackgroundCompositing:2    ; additive background scattering]]
[2022.04.30-19.10.25:292][  0]LogConfig: Setting CVar [[r.DOF.Scatter.EnableBokehSettings:1      ; bokeh simulation when scattering]]
[2022.04.30-19.10.25:292][  0]LogConfig: Setting CVar [[r.DOF.Scatter.MaxSpriteRatio:0.1         ; only a maximum of 10% of scattered bokeh]]
[2022.04.30-19.10.25:292][  0]LogConfig: Setting CVar [[r.DOF.Recombine.Quality:1                ; cheap slight out of focus]]
[2022.04.30-19.10.25:292][  0]LogConfig: Setting CVar [[r.DOF.Recombine.EnableBokehSettings:0    ; no bokeh simulation on slight out of focus]]
[2022.04.30-19.10.25:292][  0]LogConfig: Setting CVar [[r.DOF.TemporalAAQuality:1                ; more stable temporal accumulation]]
[2022.04.30-19.10.25:292][  0]LogConfig: Setting CVar [[r.DOF.Kernel.MaxForegroundRadius:0.025]]
[2022.04.30-19.10.25:292][  0]LogConfig: Setting CVar [[r.DOF.Kernel.MaxBackgroundRadius:0.025]]
[2022.04.30-19.10.25:292][  0]LogConfig: Applying CVar settings from Section [TextureQuality@3] File [E:/DEV Unreal/ShooterGame/ShooterGame/Shooter/Saved/Config/Windows/Scalability.ini]
[2022.04.30-19.10.25:292][  0]LogConfig: Setting CVar [[r.Streaming.MipBias:0]]
[2022.04.30-19.10.25:292][  0]LogConfig: Setting CVar [[r.Streaming.AmortizeCPUToGPUCopy:0]]
[2022.04.30-19.10.25:292][  0]LogConfig: Setting CVar [[r.Streaming.MaxNumTexturesToStreamPerFrame:0]]
[2022.04.30-19.10.25:292][  0]LogConfig: Setting CVar [[r.Streaming.Boost:1]]
[2022.04.30-19.10.25:292][  0]LogConfig: Setting CVar [[r.MaxAnisotropy:8]]
[2022.04.30-19.10.25:292][  0]LogConfig: Setting CVar [[r.VT.MaxAnisotropy:8]]
[2022.04.30-19.10.25:292][  0]LogConfig: Setting CVar [[r.Streaming.LimitPoolSizeToVRAM:0]]
[2022.04.30-19.10.25:292][  0]LogConfig: Setting CVar [[r.Streaming.PoolSize:1000]]
[2022.04.30-19.10.25:292][  0]LogConfig: Setting CVar [[r.Streaming.MaxEffectiveScreenSize:0]]
[2022.04.30-19.10.25:292][  0]LogConfig: Applying CVar settings from Section [EffectsQuality@3] File [E:/DEV Unreal/ShooterGame/ShooterGame/Shooter/Saved/Config/Windows/Scalability.ini]
[2022.04.30-19.10.25:292][  0]LogConfig: Setting CVar [[r.TranslucencyLightingVolumeDim:64]]
[2022.04.30-19.10.25:292][  0]LogConfig: Setting CVar [[r.RefractionQuality:2]]
[2022.04.30-19.10.25:292][  0]LogConfig: Setting CVar [[r.SSR.Quality:3]]
[2022.04.30-19.10.25:292][  0]LogConfig: Setting CVar [[r.SSR.HalfResSceneColor:0]]
[2022.04.30-19.10.25:292][  0]LogConfig: Setting CVar [[r.SceneColorFormat:4]]
[2022.04.30-19.10.25:292][  0]LogConfig: Setting CVar [[r.DetailMode:2]]
[2022.04.30-19.10.25:292][  0]LogConfig: Setting CVar [[r.TranslucencyVolumeBlur:1]]
[2022.04.30-19.10.25:292][  0]LogConfig: Setting CVar [[r.MaterialQualityLevel:1 ; High quality]]
[2022.04.30-19.10.25:292][  0]LogConfig: Setting CVar [[r.AnisotropicMaterials:1]]
[2022.04.30-19.10.25:292][  0]LogConfig: Setting CVar [[r.SSS.Scale:1]]
[2022.04.30-19.10.25:292][  0]LogConfig: Setting CVar [[r.SSS.SampleSet:2]]
[2022.04.30-19.10.25:292][  0]LogConfig: Setting CVar [[r.SSS.Quality:1]]
[2022.04.30-19.10.25:292][  0]LogConfig: Setting CVar [[r.SSS.HalfRes:0]]
[2022.04.30-19.10.25:292][  0]LogConfig: Setting CVar [[r.SSGI.Quality:3]]
[2022.04.30-19.10.25:292][  0]LogConfig: Setting CVar [[r.EmitterSpawnRateScale:1.0]]
[2022.04.30-19.10.25:292][  0]LogConfig: Setting CVar [[r.ParticleLightQuality:2]]
[2022.04.30-19.10.25:292][  0]LogConfig: Setting CVar [[r.SkyAtmosphere.AerialPerspectiveLUT.FastApplyOnOpaque:1 ; Always have FastSkyLUT 1 in this case to avoid wrong sky]]
[2022.04.30-19.10.25:292][  0]LogConfig: Setting CVar [[r.SkyAtmosphere.AerialPerspectiveLUT.SampleCountMaxPerSlice:4]]
[2022.04.30-19.10.25:292][  0]LogConfig: Setting CVar [[r.SkyAtmosphere.AerialPerspectiveLUT.DepthResolution:16.0]]
[2022.04.30-19.10.25:292][  0]LogConfig: Setting CVar [[r.SkyAtmosphere.FastSkyLUT:1]]
[2022.04.30-19.10.25:292][  0]LogConfig: Setting CVar [[r.SkyAtmosphere.FastSkyLUT.SampleCountMin:4.0]]
[2022.04.30-19.10.25:292][  0]LogConfig: Setting CVar [[r.SkyAtmosphere.FastSkyLUT.SampleCountMax:128.0]]
[2022.04.30-19.10.25:292][  0]LogConfig: Setting CVar [[r.SkyAtmosphere.SampleCountMin:4.0]]
[2022.04.30-19.10.25:292][  0]LogConfig: Setting CVar [[r.SkyAtmosphere.SampleCountMax:128.0]]
[2022.04.30-19.10.25:292][  0]LogConfig: Setting CVar [[r.SkyAtmosphere.TransmittanceLUT.UseSmallFormat:0]]
[2022.04.30-19.10.25:292][  0]LogConfig: Setting CVar [[r.SkyAtmosphere.TransmittanceLUT.SampleCount:10.0]]
[2022.04.30-19.10.25:292][  0]LogConfig: Setting CVar [[r.SkyAtmosphere.MultiScatteringLUT.SampleCount:15.0]]
[2022.04.30-19.10.25:292][  0]LogConfig: Setting CVar [[r.SkyLight.RealTimeReflectionCapture:1]]
[2022.04.30-19.10.25:292][  0]LogConfig: Applying CVar settings from Section [FoliageQuality@3] File [E:/DEV Unreal/ShooterGame/ShooterGame/Shooter/Saved/Config/Windows/Scalability.ini]
[2022.04.30-19.10.25:292][  0]LogConfig: Setting CVar [[foliage.DensityScale:1.0]]
[2022.04.30-19.10.25:292][  0]LogConfig: Setting CVar [[grass.DensityScale:1.0]]
[2022.04.30-19.10.25:292][  0]LogConfig: Applying CVar settings from Section [ShadingQuality@3] File [E:/DEV Unreal/ShooterGame/ShooterGame/Shooter/Saved/Config/Windows/Scalability.ini]
[2022.04.30-19.10.25:292][  0]LogConfig: Setting CVar [[r.HairStrands.SkyLighting.IntegrationType:2]]
[2022.04.30-19.10.25:292][  0]LogConfig: Setting CVar [[r.HairStrands.SkyAO.SampleCount:4]]
[2022.04.30-19.10.25:292][  0]LogConfig: Setting CVar [[r.HairStrands.Visibility.MSAA.SamplePerPixel:4]]
[2022.04.30-19.10.25:292][  0]LogConfig: Applying CVar settings from Section [Startup] File [../../../Engine/Config/ConsoleVariables.ini]
[2022.04.30-19.10.25:293][  0]LogConfig: Setting CVar [[net.UseAdaptiveNetUpdateFrequency:0]]
[2022.04.30-19.10.25:293][  0]LogConfig: Setting CVar [[p.chaos.AllowCreatePhysxBodies:1]]
[2022.04.30-19.10.25:293][  0]LogConfig: Setting CVar [[fx.SkipVectorVMBackendOptimizations:1]]
[2022.04.30-19.10.25:293][  0]LogConfig: Applying CVar settings from Section [ConsoleVariables] File [E:/DEV Unreal/ShooterGame/ShooterGame/Shooter/Saved/Config/Windows/Engine.ini]
[2022.04.30-19.10.25:293][  0]LogConfig: Applying CVar settings from Section [ConsoleVariables] File [E:/DEV Unreal/ShooterGame/ShooterGame/Shooter/Saved/Config/Windows/Editor.ini]
[2022.04.30-19.10.25:293][  0]LogInit: Computer: DESKTOP-PATULNA
[2022.04.30-19.10.25:293][  0]LogInit: User: Pablo
[2022.04.30-19.10.25:293][  0]LogInit: CPU Page size=4096, Cores=6
[2022.04.30-19.10.25:293][  0]LogInit: High frequency timer resolution =10.000000 MHz
[2022.04.30-19.10.25:293][  0]LogMemory: Memory total: Physical=31.9GB (32GB approx)
[2022.04.30-19.10.25:293][  0]LogMemory: Platform Memory Stats for Windows
[2022.04.30-19.10.25:293][  0]LogMemory: Process Physical Memory: 143.75 MB used, 143.75 MB peak
[2022.04.30-19.10.25:293][  0]LogMemory: Process Virtual Memory: 124.09 MB used, 124.09 MB peak
[2022.04.30-19.10.25:293][  0]LogMemory: Physical Memory: 12817.59 MB used,  19876.48 MB free, 32694.07 MB total
[2022.04.30-19.10.25:293][  0]LogMemory: Virtual Memory: 134196744.00 MB used,  20983.11 MB free, 134217728.00 MB total
[2022.04.30-19.10.25:300][  0]LogWindows: WindowsPlatformFeatures enabled
[2022.04.30-19.10.25:346][  0]LogInit: Physics initialised using underlying interface: PhysX
[2022.04.30-19.10.25:346][  0]LogInit: Overriding language with editor language configuration option (en-US).
[2022.04.30-19.10.25:346][  0]LogInit: Overriding language with editor locale configuration option (en).
[2022.04.30-19.10.25:348][  0]LogTextLocalizationManager: No specific localization for 'en-US' exists, so the 'en' localization will be used.
[2022.04.30-19.10.25:497][  0]LogInit: Setting process to per monitor DPI aware
[2022.04.30-19.10.25:511][  0]LogWindowsTextInputMethodSystem: Display: IME system deactivated.
[2022.04.30-19.10.25:527][  0]LogSlate: New Slate User Created.  User Index 0, Is Virtual User: 0
[2022.04.30-19.10.25:527][  0]LogSlate: Slate User Registered.  User Index 0, Is Virtual User: 0
[2022.04.30-19.10.25:635][  0]LogD3D11RHI: Loaded GFSDK_Aftermath_Lib.x64.dll
[2022.04.30-19.10.25:638][  0]LogHMD: Failed to initialize OpenVR with code 110
[2022.04.30-19.10.25:638][  0]LogD3D11RHI: D3D11 min allowed feature level: 11_0
[2022.04.30-19.10.25:638][  0]LogD3D11RHI: D3D11 max allowed feature level: 11_0
[2022.04.30-19.10.25:638][  0]LogD3D11RHI: D3D11 adapters:
[2022.04.30-19.10.25:730][  0]LogD3D11RHI:    0. 'NVIDIA GeForce GTX 1070 Ti' (Feature Level 11_0)
[2022.04.30-19.10.25:730][  0]LogD3D11RHI:       8079/0/16347 MB DedicatedVideo/DedicatedSystem/SharedSystem, Outputs:2, VendorId:0x10de
[2022.04.30-19.10.25:733][  0]LogD3D11RHI:    1. 'Microsoft Basic Render Driver' (Feature Level 11_0)
[2022.04.30-19.10.25:733][  0]LogD3D11RHI:       0/0/16347 MB DedicatedVideo/DedicatedSystem/SharedSystem, Outputs:0, VendorId:0x1414
[2022.04.30-19.10.25:733][  0]LogD3D11RHI: Chosen D3D11 Adapter:
[2022.04.30-19.10.25:733][  0]LogD3D11RHI:     Description : NVIDIA GeForce GTX 1070 Ti
[2022.04.30-19.10.25:733][  0]LogD3D11RHI:     VendorId    : 10de
[2022.04.30-19.10.25:733][  0]LogD3D11RHI:     DeviceId    : 1b82
[2022.04.30-19.10.25:733][  0]LogD3D11RHI:     SubSysId    : c3041462
[2022.04.30-19.10.25:733][  0]LogD3D11RHI:     Revision    : 00a1
[2022.04.30-19.10.25:733][  0]LogD3D11RHI:     DedicatedVideoMemory : 8471445504 bytes
[2022.04.30-19.10.25:733][  0]LogD3D11RHI:     DedicatedSystemMemory : 0 bytes
[2022.04.30-19.10.25:733][  0]LogD3D11RHI:     SharedSystemMemory : 17141110784 bytes
[2022.04.30-19.10.25:733][  0]LogD3D11RHI:     AdapterLuid : 0 53058
[2022.04.30-19.10.25:738][  0]LogD3D11RHI: Creating new Direct3DDevice
[2022.04.30-19.10.25:738][  0]LogD3D11RHI:     GPU DeviceId: 0x1b82 (for the marketing name, search the web for "GPU Device Id")
[2022.04.30-19.10.25:738][  0]LogWindows: EnumDisplayDevices:
[2022.04.30-19.10.25:738][  0]LogWindows:    0. 'NVIDIA GeForce GTX 1070 Ti' (P:0 D:1)
[2022.04.30-19.10.25:739][  0]LogWindows:    1. 'NVIDIA GeForce GTX 1070 Ti' (P:1 D:1)
[2022.04.30-19.10.25:739][  0]LogWindows:    2. 'NVIDIA GeForce GTX 1070 Ti' (P:0 D:0)
[2022.04.30-19.10.25:739][  0]LogWindows:    3. 'NVIDIA GeForce GTX 1070 Ti' (P:0 D:0)
[2022.04.30-19.10.25:739][  0]LogWindows: DebugString: FoundDriverCount:4 
[2022.04.30-19.10.25:739][  0]LogD3D11RHI:     Adapter Name: NVIDIA GeForce GTX 1070 Ti
[2022.04.30-19.10.25:739][  0]LogD3D11RHI:   Driver Version: 472.12 (internal:30.0.14.7212, unified:472.12)
[2022.04.30-19.10.25:739][  0]LogD3D11RHI:      Driver Date: 9-13-2021
[2022.04.30-19.10.25:739][  0]LogRHI: Texture pool is 5655 MB (70% of 8079 MB)
[2022.04.30-19.10.25:739][  0]LogD3D11RHI: Creating D3DDevice using adapter:
[2022.04.30-19.10.25:739][  0]LogD3D11RHI:     Description : NVIDIA GeForce GTX 1070 Ti
[2022.04.30-19.10.25:739][  0]LogD3D11RHI:     VendorId    : 10de
[2022.04.30-19.10.25:739][  0]LogD3D11RHI:     DeviceId    : 1b82
[2022.04.30-19.10.25:739][  0]LogD3D11RHI:     SubSysId    : c3041462
[2022.04.30-19.10.25:739][  0]LogD3D11RHI:     Revision    : 00a1
[2022.04.30-19.10.25:739][  0]LogD3D11RHI:     DedicatedVideoMemory : 8471445504 bytes
[2022.04.30-19.10.25:739][  0]LogD3D11RHI:     DedicatedSystemMemory : 0 bytes
[2022.04.30-19.10.25:739][  0]LogD3D11RHI:     SharedSystemMemory : 17141110784 bytes
[2022.04.30-19.10.25:739][  0]LogD3D11RHI:     AdapterLuid : 0 53058
[2022.04.30-19.10.25:808][  0]LogD3D11RHI: RHI has support for 64 bit atomics
[2022.04.30-19.10.25:808][  0]LogD3D11RHI: Async texture creation enabled
[2022.04.30-19.10.25:808][  0]LogD3D11RHI: Array index from any shader is supported
[2022.04.30-19.10.25:828][  0]LogD3D11RHI: GPU Timing Frequency: 1000.000000 (Debug: 2 1)
[2022.04.30-19.10.25:876][  0]LogRHI: GeForceNow SDK initialized: 1
[2022.04.30-19.10.26:181][  0]LogTargetPlatformManager: Display: Loaded TargetPlatform 'AllDesktop'
[2022.04.30-19.10.26:198][  0]LogTargetPlatformManager: Display: Loaded TargetPlatform 'Android'
[2022.04.30-19.10.26:198][  0]LogTargetPlatformManager: Display: Loaded TargetPlatform 'Android_ASTC'
[2022.04.30-19.10.26:198][  0]LogTargetPlatformManager: Display: Loaded TargetPlatform 'Android_DXT'
[2022.04.30-19.10.26:198][  0]LogTargetPlatformManager: Display: Loaded TargetPlatform 'Android_ETC2'
[2022.04.30-19.10.26:198][  0]LogTargetPlatformManager: Display: Loaded TargetPlatform 'AndroidClient'
[2022.04.30-19.10.26:198][  0]LogTargetPlatformManager: Display: Loaded TargetPlatform 'Android_ASTCClient'
[2022.04.30-19.10.26:198][  0]LogTargetPlatformManager: Display: Loaded TargetPlatform 'Android_DXTClient'
[2022.04.30-19.10.26:198][  0]LogTargetPlatformManager: Display: Loaded TargetPlatform 'Android_ETC2Client'
[2022.04.30-19.10.26:198][  0]LogTargetPlatformManager: Display: Loaded TargetPlatform 'Android_Multi'
[2022.04.30-19.10.26:198][  0]LogTargetPlatformManager: Display: Loaded TargetPlatform 'Android_MultiClient'
[2022.04.30-19.10.26:212][  0]LogTargetPlatformManager: Display: Loaded TargetPlatform 'IOSClient'
[2022.04.30-19.10.26:212][  0]LogTargetPlatformManager: Display: Loaded TargetPlatform 'IOS'
[2022.04.30-19.10.26:220][  0]LogTargetPlatformManager: Display: Loaded TargetPlatform 'Linux'
[2022.04.30-19.10.26:225][  0]LogTargetPlatformManager: Display: Loaded TargetPlatform 'LinuxNoEditor'
[2022.04.30-19.10.26:229][  0]LogTargetPlatformManager: Display: Loaded TargetPlatform 'LinuxClient'
[2022.04.30-19.10.26:233][  0]LogTargetPlatformManager: Display: Loaded TargetPlatform 'LinuxServer'
[2022.04.30-19.10.26:241][  0]LogTargetPlatformManager: Display: Loaded TargetPlatform 'LinuxAArch64NoEditor'
[2022.04.30-19.10.26:245][  0]LogTargetPlatformManager: Display: Loaded TargetPlatform 'LinuxAArch64Client'
[2022.04.30-19.10.26:249][  0]LogTargetPlatformManager: Display: Loaded TargetPlatform 'LinuxAArch64Server'
[2022.04.30-19.10.26:267][  0]LogTargetPlatformManager: Display: Loaded TargetPlatform 'Lumin'
[2022.04.30-19.10.26:267][  0]LogTargetPlatformManager: Display: Loaded TargetPlatform 'LuminClient'
[2022.04.30-19.10.26:274][  0]LogTargetPlatformManager: Display: Loaded TargetPlatform 'MacNoEditor'
[2022.04.30-19.10.26:278][  0]LogTargetPlatformManager: Display: Loaded TargetPlatform 'Mac'
[2022.04.30-19.10.26:281][  0]LogTargetPlatformManager: Display: Loaded TargetPlatform 'MacClient'
[2022.04.30-19.10.26:285][  0]LogTargetPlatformManager: Display: Loaded TargetPlatform 'MacServer'
[2022.04.30-19.10.26:292][  0]LogTargetPlatformManager: Display: Loaded TargetPlatform 'TVOSClient'
[2022.04.30-19.10.26:293][  0]LogTargetPlatformManager: Display: Loaded TargetPlatform 'TVOS'
[2022.04.30-19.10.26:300][  0]LogTargetPlatformManager: Display: Loaded TargetPlatform 'WindowsNoEditor'
[2022.04.30-19.10.26:304][  0]LogTargetPlatformManager: Display: Loaded TargetPlatform 'Windows'
[2022.04.30-19.10.26:307][  0]LogTargetPlatformManager: Display: Loaded TargetPlatform 'WindowsClient'
[2022.04.30-19.10.26:311][  0]LogTargetPlatformManager: Display: Loaded TargetPlatform 'WindowsServer'
[2022.04.30-19.10.26:311][  0]LogTargetPlatformManager: Display: Building Assets For Windows
[2022.04.30-19.10.26:318][  0]LogAudioDebug: Display: Lib vorbis DLL was dynamically loaded.
[2022.04.30-19.10.26:343][  0]LogTextureFormatOodle: Display: Oodle Texture 2.9.0 init RDO Off
[2022.04.30-19.10.26:372][  0]LogRendererCore: Ray tracing is disabled. Reason: r.RayTracing=0.
[2022.04.30-19.10.26:372][  0]LogShaderCompilers: Guid format shader working directory is -12 characters bigger than the processId version (../../../../../DEV Unreal/ShooterGame/ShooterGame/Shooter/Intermediate/Shaders/WorkingDirectory/22200/).
[2022.04.30-19.10.26:372][  0]LogShaderCompilers: Cleaned the shader compiler working directory 'C:/Users/Pablo/AppData/Local/Temp/UnrealShaderWorkingDir/CA6322124A629B5A249B67AC6B7D1E61/'.
[2022.04.30-19.10.26:372][  0]LogXGEController: Cannot use XGE Controller as Incredibuild is not installed on this machine.
[2022.04.30-19.10.26:373][  0]LogShaderCompilers: Cannot use XGE Shader Compiler as Incredibuild is not installed on this machine.
[2022.04.30-19.10.26:373][  0]LogShaderCompilers: Display: Using Local Shader Compiler.
[2022.04.30-19.10.26:987][  0]LogDerivedDataCache: Display: Max Cache Size: 512 MB
[2022.04.30-19.10.27:053][  0]LogDerivedDataCache: Loaded boot cache 0.07s 140MB C:/Users/Pablo/AppData/Local/UnrealEngine/4.27/DerivedDataCache/Boot.ddc.
[2022.04.30-19.10.27:054][  0]LogDerivedDataCache: Display: Loaded Boot cache: C:/Users/Pablo/AppData/Local/UnrealEngine/4.27/DerivedDataCache/Boot.ddc
[2022.04.30-19.10.27:054][  0]LogDerivedDataCache: FDerivedDataBackendGraph:  Pak pak cache file ../../../../../DEV Unreal/ShooterGame/ShooterGame/Shooter/DerivedDataCache/DDC.ddp not found, will not use a pak cache.
[2022.04.30-19.10.27:054][  0]LogDerivedDataCache: Unable to find inner node Pak for hierarchical cache Hierarchy.
[2022.04.30-19.10.27:054][  0]LogDerivedDataCache: FDerivedDataBackendGraph:  CompressedPak pak cache file ../../../../../DEV Unreal/ShooterGame/ShooterGame/Shooter/DerivedDataCache/Compressed.ddp not found, will not use a pak cache.
[2022.04.30-19.10.27:054][  0]LogDerivedDataCache: Unable to find inner node CompressedPak for hierarchical cache Hierarchy.
[2022.04.30-19.10.27:067][  0]LogDerivedDataCache: Display: Pak cache opened for reading ../../../Engine/DerivedDataCache/Compressed.ddp.
[2022.04.30-19.10.27:067][  0]LogDerivedDataCache: FDerivedDataBackendGraph:  EnterprisePak pak cache file ../../../Enterprise/DerivedDataCache/Compressed.ddp not found, will not use a pak cache.
[2022.04.30-19.10.27:067][  0]LogDerivedDataCache: Unable to find inner node EnterprisePak for hierarchical cache Hierarchy.
[2022.04.30-19.10.27:076][  0]LogDerivedDataCache: Speed tests for C:/Users/Pablo/AppData/Local/UnrealEngine/Common/DerivedDataCache took 0.01 seconds
[2022.04.30-19.10.27:076][  0]LogDerivedDataCache: Display: Performance to C:/Users/Pablo/AppData/Local/UnrealEngine/Common/DerivedDataCache: Latency=0.03ms. RandomReadSpeed=1153.03MBs, RandomWriteSpeed=126.65MBs. Assigned SpeedClass 'Local'
[2022.04.30-19.10.27:077][  0]LogDerivedDataCache: Using Local data cache path C:/Users/Pablo/AppData/Local/UnrealEngine/Common/DerivedDataCache: Writable
[2022.04.30-19.10.27:077][  0]LogDerivedDataCache: Shared data cache path not found in *engine.ini, will not use an Shared cache.
[2022.04.30-19.10.27:077][  0]LogDerivedDataCache: Unable to find inner node Shared for hierarchical cache Hierarchy.
[2022.04.30-19.10.27:116][  0]LogSlate: Using FreeType 2.10.0
[2022.04.30-19.10.27:117][  0]LogSlate: SlateFontServices - WITH_FREETYPE: 1, WITH_HARFBUZZ: 1
[2022.04.30-19.10.27:136][  0]LogAssetRegistry: FAssetRegistry took 0.0023 seconds to start up
[2022.04.30-19.10.27:321][  0]LogInit: Selected Device Profile: [Windows]
[2022.04.30-19.10.27:321][  0]LogInit: Active device profile: [000002B69B3EED00][000002B6947A7500 49] Windows
[2022.04.30-19.10.27:321][  0]LogInit: Profiles: [000002B69B3EED00][000002B6947A7500 49] Windows, [000002B69B3FEF00][000002B699743680 49] WindowsNoEditor, [000002B69B3EF600][000002B699747800 49] WindowsServer, [000002B69B3FCB00][000002B69974B980 49] WindowsClient, [000002B69B3ECB00][000002B69974FB00 49] IOS, [000002B69B3FF800][000002B699752100 49] iPadAir, [000002B69B3EFC00][000002B699756280 49] iPadAir2, [000002B69B39E700][000002B69975E540 49] IPadPro, [000002B69B39E800][000002B69975A580 49] iPadAir3, [000002B69B3EC400][000002B699762700 49] iPadAir4, [000002B69B39F600][000002B699766880 49] iPadMini2, [000002B69B3EC100][000002B69976AA00 49] iPadMini3, [000002B69B39D300][000002B69B890B80 49] iPadMini4, [000002B69B3ED800][000002B69B894D00 49] iPadMini5, [000002B69B3EA000][000002B69B898F40 49] iPhone6, [000002B69B3EA100][000002B69973EF80 49] iPodTouch6, [000002B69B39EA00][000002B69B8A11C0 49] iPhone7, [000002B69B39CE00][000002B69B89D200 49] iPodTouch7, [000002B69B3EAE00][000002B69B8A9380 49] iPhone5S, [000002B69B39C800][000002B69B8AD500 49] iPhone6Plus, [000002B69B3E8B00][000002B69B8B1680 49] iPhone6S, [000002B69B39D500][000002B69B8B5800 49] iPhone6SPlus, [000002B69B3E9000][000002B69B8B9980 49] iPhone7Plus, [000002B69B39D900][000002B69B8BDB00 49] iPhoneSE, [000002B69B3EB700][000002B69B8D6100 49] iPhone8, [000002B69B39D800][000002B69B946280 49] iPhone8Plus, [000002B69B3EB800][000002B69B94A400 49] iPhoneX, [000002B69B39C500][000002B69B9CC580 49] iPhoneXS, [000002B69B3EB300][000002B69BA62700 49] iPhoneXSMax, [000002B69B39CA00][000002B69BA7E880 49] iPhoneXR, [000002B69B3EA300][000002B69BB20A00 49] iPhone11, [000002B69B39EC00][000002B69BBD4B80 49] iPhone11Pro, [000002B69B3E9C00][000002B69BBE0D00 49] iPhone11ProMax, [000002B69B39D100][000002B68DE54E80 49] iPhoneSE2, [000002B69B3EAD00][000002B69B8A4FC0 49] iPhone12Mini, [000002B69B39EB00][000002B68DEA9100 49] iPhone12, [000002B69B3EBF00][000002B68DEAD240 49] iPhone12Pro, [000002B69B39FB00][000002B68DEC1380 49] iPhone12ProMax, [000002B69B3E9900][000002B68DECD500 49] iPadPro105, [000002B69B39FD00][000002B68DED9680 49] iPadPro129, [000002B69B3E9B00][000002B69B907800 49] iPadPro97, [000002B69B39C600][000002B69B90B980 49] iPadPro2_129, [000002B69B3E9F00][000002B69B90FB00 49] iPad5, [000002B69B39F800][000002B69B912100 49] iPad6, [000002B69B3E8500][000002B69B916280 49] iPad7, [000002B69B39EE00][000002B69B91A400 49] iPad8, [000002B69B3E8E00][000002B69B922580 49] iPadPro11, [000002B69B39E000][000002B69B92A700 49] iPadPro2_11, [000002B69B3FC100][000002B69B92E880 49] iPadPro3_129, [000002B69B46DF00][000002B69B932A00 49] iPadPro4_129, [000002B69B3FED00][000002B69B93AB80 49] AppleTV, [000002B69B46CA00][000002B69C084D00 49] AppleTV4K, [000002B69B3FC400][000002B69C098E80 49] TVOS, [000002B69B46D300][000002B69B937000 49] Mac, [000002B69B3FFB00][000002B68DEC9140 49] MacClient, [000002B69B46DD00][000002B69C09D280 49] MacNoEditor, [000002B69B3FEC00][000002B69BA5F3C0 49] MacServer, [000002B69B46D800][000002B69BA83500 49] Linux, [000002B69B3FDF00][000002B69BAF9680 49] LinuxAArch64, [000002B69B46D600][000002B69BAFD800 49] LinuxNoEditor, [000002B69B3FE500][000002B69BB01980 49] LinuxAArch64NoEditor, [000002B69B46D500][000002B69C8B9B00 49] LinuxClient, [000002B69B3FFA00][000002B69C8BC100 49] LinuxAArch64Client, [000002B69B46C300][000002B69BB04280 49] LinuxServer, [000002B69B3FC300][000002B69BB08400 49] LinuxAArch64Server, [000002B69B46DC00][000002B69BB0C580 49] Android, [000002B69B39D200][000002B69BB10700 49] Android_Low, [000002B69B3E9200][000002B69BB14880 49] Android_Mid, [000002B69B39F500][000002B69BB18A00 49] Android_High, [000002B69B3EAC00][000002B69BB1CB80 49] Android_Default, [000002B69B39FC00][000002B69BC60D00 49] Android_Adreno4xx, [000002B69B3E9800][000002B69BC64E80 49] Android_Adreno5xx_Low, [000002B69B39F000][000002B69BC69000 49] Android_Adreno5xx, [000002B69B3EAB00][000002B69BC6D180 49] Android_Adreno6xx, [000002B69B39E500][000002B69BC71300 49] Android_Adreno6xx_Vulkan, [000002B69B3E9300][000002B69BAF5440 49] Android_Mali_T6xx, [000002B69B39CB00][000002B69BC75580 49] Android_Mali_T7xx, [000002B69B46E100][000002B69BC796C0 49] Android_Mali_T8xx, [000002B69B39ED00][000002B69BC81840 49] Android_Mali_G71, [000002B69B46DE00][000002B69BC859C0 49] Android_Mali_G72, [000002B69B39F700][000002B69BC89B40 49] Android_Mali_G72_Vulkan, [000002B69B46C200][000002B69BC8C140 49] Android_Mali_G76, [000002B69B39F400][000002B69BB942C0 49] Android_Mali_G76_Vulkan, [000002B69B46C600][000002B69BB98440 49] Android_Mali_G77, [000002B69B39C100][000002B69BB9C5C0 49] Android_Mali_G77_Vulkan, [000002B69B46CC00][000002B69BBCE740 49] Android_Mali_G78, [000002B69B39C900][000002B69BA308C0 49] Android_Mali_G78_Vulkan, [000002B69B3E8C00][000002B69BA34A40 49] Android_Mali_G710, [000002B69B39C200][000002B69BA38BC0 49] Android_Mali_G710_Vulkan, [000002B69B3EBA00][000002B69BA3CD40 49] Android_Vulkan_SM5, [000002B69B39C300][000002B69B93EEC0 49] Android_PowerVR_G6xxx, [000002B69B3E9400][000002B69BA41040 49] Android_PowerVR_GT7xxx, [000002B69B39FE00][000002B69BA451C0 49] Android_PowerVR_GE8xxx, [000002B69B3E8100][000002B69BA49340 49] Android_PowerVR_GM9xxx, [000002B69B39CF00][000002B69BA4D4C0 49] Android_PowerVR_GM9xxx_Vulkan, [000002B69B3EAF00][000002B69BC7D600 49] Android_TegraK1, [000002B69B39F300][000002B69BA51740 49] Android_Unknown_Vulkan, [000002B69B3EB900][000002B69BA55880 49] Lumin, [000002B69B39E300][000002B69BA599C0 49] Lumin_Desktop, [000002B69B3EBD00][000002B69C6FFB40 49] HoloLens, 
[2022.04.30-19.10.27:423][  0]LogMeshReduction: Using QuadricMeshReduction for automatic static mesh reduction
[2022.04.30-19.10.27:423][  0]LogMeshReduction: Using SimplygonMeshReduction for automatic skeletal mesh reduction
[2022.04.30-19.10.27:423][  0]LogMeshReduction: Using ProxyLODMeshReduction for automatic mesh merging
[2022.04.30-19.10.27:423][  0]LogMeshReduction: No distributed automatic mesh merging module available
[2022.04.30-19.10.27:423][  0]LogMeshMerging: No distributed automatic mesh merging module available
[2022.04.30-19.10.27:437][  0]LogNetVersion: Shooter 1.0.0, NetCL: 17155196, EngineNetVer: 17, GameNetVer: 0 (Checksum: 1849318458)
[2022.04.30-19.10.27:753][  0]LogTexture: Default maximum texture size for cubemaps generated from long-lat sources has been changed from 512 to unlimited. In order to preserve old behaiour for '/Engine/MapTemplates/Sky/DaylightAmbientCubemap.DaylightAmbientCubemap', its maximum texture size has been explicitly set to 512.
[2022.04.30-19.10.27:805][  0]LogHMD: PokeAHoleMaterial loaded successfully
[2022.04.30-19.10.27:810][  0]LogUObjectArray: 17178 objects as part of root set at end of initial load.
[2022.04.30-19.10.27:810][  0]LogUObjectAllocator: 4302048 out of 0 bytes used by permanent object pool.
[2022.04.30-19.10.27:810][  0]LogUObjectArray: CloseDisregardForGC: 0/0 objects in disregard for GC pool
[2022.04.30-19.10.28:009][  0]LogNiagaraDebuggerClient: Niagara Debugger Client Initialized | Session: 48A48C044C69982FD8E724A2B3906374 | Instance: 3AC96217408D0F8AD53715A21A4AB98F (DESKTOP-PATULNA-22200).
[2022.04.30-19.10.28:105][  0]LogPython: Using Python 3.7.7
[2022.04.30-19.10.28:552][  0]LogTcpMessaging: Initializing TcpMessaging bridge
[2022.04.30-19.10.28:556][  0]LogUdpMessaging: Initializing bridge on interface 0.0.0.0:0 to multicast group 230.0.0.1:6666.
[2022.04.30-19.10.28:838][  0]LogOpenImageDenoise: OIDN starting up
[2022.04.30-19.10.28:849][  0]SourceControl: Source control is disabled
[2022.04.30-19.10.28:850][  0]SourceControl: Source control is disabled
[2022.04.30-19.10.28:852][  0]SourceControl: Source control is disabled
[2022.04.30-19.10.28:855][  0]SourceControl: Source control is disabled
[2022.04.30-19.10.28:865][  0]SourceControl: Source control is disabled
[2022.04.30-19.10.28:869][  0]LogUProjectInfo: Found projects:
[2022.04.30-19.10.28:912][  0]LogAndroidPermission: UAndroidPermissionCallbackProxy::GetInstance
[2022.04.30-19.10.28:917][  0]LogAudioCaptureCore: Display: No Audio Capture implementations found. Audio input will be silent.
[2022.04.30-19.10.28:917][  0]LogAudioCaptureCore: Display: No Audio Capture implementations found. Audio input will be silent.
[2022.04.30-19.10.29:013][  0]LogCollectionManager: Loaded 0 collections in 0.000573 seconds
[2022.04.30-19.10.29:030][  0]LogFileCache: Scanning file cache for directory 'E:/DEV Unreal/ShooterGame/ShooterGame/Shooter/Saved/Collections/' took 0.00s
[2022.04.30-19.10.29:030][  0]LogFileCache: Scanning file cache for directory 'E:/DEV Unreal/ShooterGame/ShooterGame/Shooter/Content/Developers/Pablo/Collections/' took 0.00s
[2022.04.30-19.10.29:030][  0]LogFileCache: Scanning file cache for directory 'E:/DEV Unreal/ShooterGame/ShooterGame/Shooter/Content/Collections/' took 0.00s
[2022.04.30-19.10.29:030][  0]LogOcInput: OculusInput pre-init called
[2022.04.30-19.10.29:234][  0]LogEngine: Initializing Engine...
[2022.04.30-19.10.29:236][  0]LogHMD: Failed to enumerate extensions. Please check that you have a valid OpenXR runtime installed.
[2022.04.30-19.10.29:237][  0]LogHMD: Failed to initialize OpenVR with code 110
[2022.04.30-19.10.29:237][  0]LogMagicLeap: Warning: VR disabled because ZI is not enabled.  To enable, in the editor, Edit -> Project Settings -> Plugins -> Magic Leap Plugin -> Enable Zero Iteration
[2022.04.30-19.10.29:238][  0]LogStats: UGameplayTagsManager::InitializeManager -  0.000 s
[2022.04.30-19.10.29:333][  0]LogInit: Initializing FReadOnlyCVARCache
[2022.04.30-19.10.29:339][  0]LogAIModule: Creating AISystem for world Untitled
[2022.04.30-19.10.29:350][  0]LogAudio: Display: Initializing Audio Device Manager...
[2022.04.30-19.10.29:353][  0]LogAudio: Display: Loading Default Audio Settings Objects...
[2022.04.30-19.10.29:353][  0]LogAudio: Display: No default SoundConcurrencyObject specified (or failed to load).
[2022.04.30-19.10.29:353][  0]LogAudio: Display: Audio Device Manager Initialized
[2022.04.30-19.10.29:353][  0]LogAudio: Display: Creating Audio Device:                 Id: 1, Scope: Shared, Realtime: True
[2022.04.30-19.10.29:354][  0]LogAudioMixer: Display: Audio Mixer Platform Settings:
[2022.04.30-19.10.29:354][  0]LogAudioMixer: Display: 	Sample Rate:						  48000
[2022.04.30-19.10.29:354][  0]LogAudioMixer: Display: 	Callback Buffer Frame Size Requested: 1024
[2022.04.30-19.10.29:354][  0]LogAudioMixer: Display: 	Callback Buffer Frame Size To Use:	  1024
[2022.04.30-19.10.29:354][  0]LogAudioMixer: Display: 	Number of buffers to queue:			  2
[2022.04.30-19.10.29:354][  0]LogAudioMixer: Display: 	Max Channels (voices):				  32
[2022.04.30-19.10.29:354][  0]LogAudioMixer: Display: 	Number of Async Source Workers:		  0
[2022.04.30-19.10.29:354][  0]LogAudio: Display: AudioDevice MaxSources: 32
[2022.04.30-19.10.29:354][  0]LogAudio: Display: Audio Spatialization Plugin: None (built-in).
[2022.04.30-19.10.29:354][  0]LogAudio: Display: Audio Reverb Plugin: None (built-in).
[2022.04.30-19.10.29:354][  0]LogAudio: Display: Audio Occlusion Plugin: None (built-in).
[2022.04.30-19.10.29:354][  0]LogAudioMixer: Display: Initializing audio mixer.
[2022.04.30-19.10.29:367][  0]LogAudioMixer: Display: 0: FrontLeft
[2022.04.30-19.10.29:367][  0]LogAudioMixer: Display: 1: FrontRight
[2022.04.30-19.10.29:402][  0]LogAudioMixer: Display: Using Audio Device Altavoces (Realtek High Definition Audio)
[2022.04.30-19.10.29:404][  0]LogAudioMixer: Display: Initializing Sound Submixes...
[2022.04.30-19.10.29:406][  0]LogAudioMixer: Display: Creating Master Submix 'MasterSubmixDefault'
[2022.04.30-19.10.29:406][  0]LogAudioMixer: Display: Creating Master Submix 'MasterReverbSubmixDefault'
[2022.04.30-19.10.29:407][  0]LogAudioMixer: Display: Creating Master Submix 'MasterEQSubmixDefault'
[2022.04.30-19.10.29:407][  0]LogAudioMixer: FMixerPlatformXAudio2::StartAudioStream() called
[2022.04.30-19.10.29:407][  0]LogAudioMixer: Display: Output buffers initialized: Frames=1024, Channels=2, Samples=2048
[2022.04.30-19.10.29:408][  0]LogAudioMixer: Display: Starting AudioMixerPlatformInterface::RunInternal()
[2022.04.30-19.10.29:408][  0]LogAudioMixer: Display: FMixerPlatformXAudio2::SubmitBuffer() called for the first time
[2022.04.30-19.10.29:408][  0]LogInit: FAudioDevice initialized.
[2022.04.30-19.10.29:408][  0]LogAudio: Display: Audio Device (ID: 1) registered with world 'Untitled'.
[2022.04.30-19.10.29:408][  0]LogNetVersion: Set ProjectVersion to 1.0.0.0. Version Checksum will be recalculated on next use.
[2022.04.30-19.10.29:497][  0]LogDerivedDataCache: Saved boot cache 0.09s 140MB C:/Users/Pablo/AppData/Local/UnrealEngine/4.27/DerivedDataCache/Boot.ddc.
[2022.04.30-19.10.29:501][  0]LogInit: Texture streaming: Enabled
[2022.04.30-19.10.29:510][  0]LogAnalytics: Display: [UEEditor.Rocket.Release] APIServer = https://datarouter.ol.epicgames.com/. AppVersion = 4.27.2-18319896+++UE4+Release-4.27
[2022.04.30-19.10.29:515][  0]LogEngineSessionManager: EngineSessionManager initialized
[2022.04.30-19.10.29:515][  0]LogEditorSessionSummary: Verbose: Initializing EditorSessionSummaryWriter for editor session tracking
[2022.04.30-19.10.29:526][  0]LogEditorSessionSummary: EditorSessionSummaryWriter initialized
[2022.04.30-19.10.29:546][  0]LogInit: Transaction tracking system initialized
[2022.04.30-19.10.29:563][  0]BlueprintLog: New page: Editor Load
[2022.04.30-19.10.29:607][  0]LocalizationService: Localization service is disabled
[2022.04.30-19.10.29:623][  0]TimingProfiler: Initialize
[2022.04.30-19.10.29:623][  0]TimingProfiler: OnSessionChanged
[2022.04.30-19.10.29:623][  0]LoadingProfiler: Initialize
[2022.04.30-19.10.29:624][  0]LoadingProfiler: OnSessionChanged
[2022.04.30-19.10.29:624][  0]NetworkingProfiler: Initialize
[2022.04.30-19.10.29:624][  0]NetworkingProfiler: OnSessionChanged
[2022.04.30-19.10.29:624][  0]MemoryProfiler: Initialize
[2022.04.30-19.10.29:624][  0]MemoryProfiler: OnSessionChanged
[2022.04.30-19.10.29:722][  0]LogCook: Display: CookSettings for Memory: MemoryMaxUsedVirtual 0MiB, MemoryMaxUsedPhysical 16384MiB, MemoryMinFreeVirtual 0MiB, MemoryMinFreePhysical 1024MiB
[2022.04.30-19.10.29:722][  0]LogCook: Display: Mobile HDR setting 1
[2022.04.30-19.10.29:870][  0]LogFileCache: Scanning file cache for directory 'E:/DEV Unreal/ShooterGame/ShooterGame/Shooter/Content/' took 0.01s
[2022.04.30-19.10.30:021][  0]LogInit: Display: Engine is initialized. Leaving FEngineLoop::Init()
[2022.04.30-19.10.30:027][  0]SourceControl: Source control is disabled
[2022.04.30-19.10.30:027][  0]LogUnrealEdMisc: Loading editor; pre map load, took 5.519
[2022.04.30-19.10.30:027][  0]Cmd: MAP LOAD FILE="../../../../../DEV Unreal/ShooterGame/ShooterGame/Shooter/Content/_Game/Maps/DefaultMap.umap" TEMPLATE=0 SHOWPROGRESS=1 FEATURELEVEL=3
[2022.04.30-19.10.30:028][  0]LightingResults: New page: Lighting Build
[2022.04.30-19.10.30:029][  0]LogWorld: UWorld::CleanupWorld for Untitled, bSessionEnded=true, bCleanupResources=true
[2022.04.30-19.10.30:029][  0]LogSlate: InvalidateAllWidgets triggered.  All widgets were invalidated
[2022.04.30-19.10.30:029][  0]MapCheck: New page: Map Check
[2022.04.30-19.10.30:029][  0]LightingResults: New page: Lighting Build
[2022.04.30-19.10.30:032][  0]LogAudio: Display: Audio Device unregistered from world 'None'.
[2022.04.30-19.10.30:035][  0]LogUObjectHash: Compacting FUObjectHashTables data took   0.69ms
[2022.04.30-19.10.30:215][  0]LogTexture: Default maximum texture size for cubemaps generated from long-lat sources has been changed from 512 to unlimited. In order to preserve old behaiour for '/Game/ParagonLtBelica/Characters/Global/Eyes/Textures/T_EpicQuadPanorama_CC.T_EpicQuadPanorama_CC', its maximum texture size has been explicitly set to 512.
[2022.04.30-19.10.30:414][  0]LogSkeletalMesh: Display: [AssetLog] E:\DEV Unreal\ShooterGame\ShooterGame\Shooter\Content\ParagonLtBelica\Characters\Heroes\Belica\Meshes\Belica.uasset: Find and fix some bad tangent! please re-import this skeletal mesh asset to fix the issue. The shading of the skeletal mesh will be bad and faceted.
[2022.04.30-19.10.30:462][  0]LogAudio: Display: Audio Device (ID: 1) registered with world 'DefaultMap'.
[2022.04.30-19.10.30:463][  0]LogAIModule: Creating AISystem for world DefaultMap
[2022.04.30-19.10.30:466][  0]LogEditorServer: Finished looking for orphan Actors (0.000 secs)
[2022.04.30-19.10.30:472][  0]LogUObjectHash: Compacting FUObjectHashTables data took   0.78ms
[2022.04.30-19.10.30:473][  0]Cmd: MAP CHECKDEP NOCLEARLOG
[2022.04.30-19.10.30:473][  0]MapCheck: Map check complete: 0 Error(s), 0 Warning(s), took 0.079ms to complete.
[2022.04.30-19.10.30:473][  0]LogFileHelpers: Loading map 'DefaultMap' took 0.446
[2022.04.30-19.10.30:475][  0]LogUnrealEdMisc: Total Editor Startup Time, took 5.966
[2022.04.30-19.10.30:615][  0]LogSlate: Updating window title bar state: overlay mode, drag disabled, window buttons hidden, title bar hidden
[2022.04.30-19.10.30:623][  0]LogSlate: Updating window title bar state: overlay mode, drag disabled, window buttons hidden, title bar hidden
[2022.04.30-19.10.30:629][  0]LogSlate: Updating window title bar state: overlay mode, drag disabled, window buttons hidden, title bar hidden
[2022.04.30-19.10.30:634][  0]LogSlate: Updating window title bar state: overlay mode, drag disabled, window buttons hidden, title bar hidden
[2022.04.30-19.10.30:650][  0]LogNativeClassHierarchy: Verbose: Native class hierarchy populated in 0.0094 seconds. Added 3825 classes and 930 folders.
[2022.04.30-19.10.30:653][  0]LogNativeClassHierarchy: Verbose: Native class hierarchy updated for 'WidgetCarousel' in 0.0002 seconds. Added 0 classes and 0 folders.
[2022.04.30-19.10.30:653][  0]LogPakFile: PakFile PrimaryIndexSize=187
[2022.04.30-19.10.30:653][  0]LogPakFile: PakFile PathHashIndexSize=101
[2022.04.30-19.10.30:653][  0]LogPakFile: PakFile FullDirectoryIndexSize=148
[2022.04.30-19.10.30:653][  0]LogShaderLibrary: Display: ShaderCodeLibraryPakFileMountedCallback: PakFile 'E:/Unreal/UE_4.27/FeaturePacks/FP_FirstPerson.upack' (chunk index -1, root 'root:/') mounted
[2022.04.30-19.10.30:653][  0]LogShaderLibrary: Display: ShaderCodeLibraryPakFileMountedCallback: pending pak file info (ChunkID:-1 Root:root:/ File:E:/Unreal/UE_4.27/FeaturePacks/FP_FirstPerson.upack)
[2022.04.30-19.10.30:653][  0]LogPakFile: OnPakFileMounted2Time == 0.000064
[2022.04.30-19.10.30:654][  0]LogPakFile: PakFile PrimaryIndexSize=189
[2022.04.30-19.10.30:654][  0]LogPakFile: PakFile PathHashIndexSize=101
[2022.04.30-19.10.30:654][  0]LogPakFile: PakFile FullDirectoryIndexSize=152
[2022.04.30-19.10.30:654][  0]LogShaderLibrary: Display: ShaderCodeLibraryPakFileMountedCallback: PakFile 'E:/Unreal/UE_4.27/FeaturePacks/FP_FirstPersonBP.upack' (chunk index -1, root 'root:/') mounted
[2022.04.30-19.10.30:654][  0]LogShaderLibrary: Display: ShaderCodeLibraryPakFileMountedCallback: pending pak file info (ChunkID:-1 Root:root:/ File:E:/Unreal/UE_4.27/FeaturePacks/FP_FirstPersonBP.upack)
[2022.04.30-19.10.30:654][  0]LogPakFile: OnPakFileMounted2Time == 0.000046
[2022.04.30-19.10.30:655][  0]LogPakFile: PakFile PrimaryIndexSize=191
[2022.04.30-19.10.30:655][  0]LogPakFile: PakFile PathHashIndexSize=101
[2022.04.30-19.10.30:655][  0]LogPakFile: PakFile FullDirectoryIndexSize=160
[2022.04.30-19.10.30:655][  0]LogShaderLibrary: Display: ShaderCodeLibraryPakFileMountedCallback: PakFile 'E:/Unreal/UE_4.27/FeaturePacks/MobileStarterContent.upack' (chunk index -1, root 'root:/') mounted
[2022.04.30-19.10.30:655][  0]LogShaderLibrary: Display: ShaderCodeLibraryPakFileMountedCallback: pending pak file info (ChunkID:-1 Root:root:/ File:E:/Unreal/UE_4.27/FeaturePacks/MobileStarterContent.upack)
[2022.04.30-19.10.30:655][  0]LogPakFile: OnPakFileMounted2Time == 0.000066
[2022.04.30-19.10.30:655][  0]LogPakFile: PakFile PrimaryIndexSize=185
[2022.04.30-19.10.30:655][  0]LogPakFile: PakFile PathHashIndexSize=101
[2022.04.30-19.10.30:655][  0]LogPakFile: PakFile FullDirectoryIndexSize=148
[2022.04.30-19.10.30:655][  0]LogShaderLibrary: Display: ShaderCodeLibraryPakFileMountedCallback: PakFile 'E:/Unreal/UE_4.27/FeaturePacks/StarterContent.upack' (chunk index -1, root 'root:/') mounted
[2022.04.30-19.10.30:655][  0]LogShaderLibrary: Display: ShaderCodeLibraryPakFileMountedCallback: pending pak file info (ChunkID:-1 Root:root:/ File:E:/Unreal/UE_4.27/FeaturePacks/StarterContent.upack)
[2022.04.30-19.10.30:655][  0]LogPakFile: OnPakFileMounted2Time == 0.000043
[2022.04.30-19.10.30:656][  0]LogPakFile: PakFile PrimaryIndexSize=190
[2022.04.30-19.10.30:656][  0]LogPakFile: PakFile PathHashIndexSize=101
[2022.04.30-19.10.30:656][  0]LogPakFile: PakFile FullDirectoryIndexSize=154
[2022.04.30-19.10.30:656][  0]LogShaderLibrary: Display: ShaderCodeLibraryPakFileMountedCallback: PakFile 'E:/Unreal/UE_4.27/FeaturePacks/TP_2DSideScroller.upack' (chunk index -1, root 'root:/') mounted
[2022.04.30-19.10.30:656][  0]LogShaderLibrary: Display: ShaderCodeLibraryPakFileMountedCallback: pending pak file info (ChunkID:-1 Root:root:/ File:E:/Unreal/UE_4.27/FeaturePacks/TP_2DSideScroller.upack)
[2022.04.30-19.10.30:656][  0]LogPakFile: OnPakFileMounted2Time == 0.000042
[2022.04.30-19.10.30:657][  0]LogPakFile: PakFile PrimaryIndexSize=192
[2022.04.30-19.10.30:657][  0]LogPakFile: PakFile PathHashIndexSize=101
[2022.04.30-19.10.30:657][  0]LogPakFile: PakFile FullDirectoryIndexSize=158
[2022.04.30-19.10.30:657][  0]LogShaderLibrary: Display: ShaderCodeLibraryPakFileMountedCallback: PakFile 'E:/Unreal/UE_4.27/FeaturePacks/TP_2DSideScrollerBP.upack' (chunk index -1, root 'root:/') mounted
[2022.04.30-19.10.30:657][  0]LogShaderLibrary: Display: ShaderCodeLibraryPakFileMountedCallback: pending pak file info (ChunkID:-1 Root:root:/ File:E:/Unreal/UE_4.27/FeaturePacks/TP_2DSideScrollerBP.upack)
[2022.04.30-19.10.30:657][  0]LogPakFile: OnPakFileMounted2Time == 0.000088
[2022.04.30-19.10.30:657][  0]LogPakFile: PakFile PrimaryIndexSize=182
[2022.04.30-19.10.30:657][  0]LogPakFile: PakFile PathHashIndexSize=101
[2022.04.30-19.10.30:657][  0]LogPakFile: PakFile FullDirectoryIndexSize=138
[2022.04.30-19.10.30:657][  0]LogShaderLibrary: Display: ShaderCodeLibraryPakFileMountedCallback: PakFile 'E:/Unreal/UE_4.27/FeaturePacks/TP_Flying.upack' (chunk index -1, root 'root:/') mounted
[2022.04.30-19.10.30:657][  0]LogShaderLibrary: Display: ShaderCodeLibraryPakFileMountedCallback: pending pak file info (ChunkID:-1 Root:root:/ File:E:/Unreal/UE_4.27/FeaturePacks/TP_Flying.upack)
[2022.04.30-19.10.30:657][  0]LogPakFile: OnPakFileMounted2Time == 0.000090
[2022.04.30-19.10.30:658][  0]LogPakFile: PakFile PrimaryIndexSize=184
[2022.04.30-19.10.30:658][  0]LogPakFile: PakFile PathHashIndexSize=101
[2022.04.30-19.10.30:658][  0]LogPakFile: PakFile FullDirectoryIndexSize=142
[2022.04.30-19.10.30:658][  0]LogShaderLibrary: Display: ShaderCodeLibraryPakFileMountedCallback: PakFile 'E:/Unreal/UE_4.27/FeaturePacks/TP_FlyingBP.upack' (chunk index -1, root 'root:/') mounted
[2022.04.30-19.10.30:658][  0]LogShaderLibrary: Display: ShaderCodeLibraryPakFileMountedCallback: pending pak file info (ChunkID:-1 Root:root:/ File:E:/Unreal/UE_4.27/FeaturePacks/TP_FlyingBP.upack)
[2022.04.30-19.10.30:658][  0]LogPakFile: OnPakFileMounted2Time == 0.000058
[2022.04.30-19.10.30:659][  0]LogPakFile: PakFile PrimaryIndexSize=188
[2022.04.30-19.10.30:659][  0]LogPakFile: PakFile PathHashIndexSize=101
[2022.04.30-19.10.30:659][  0]LogPakFile: PakFile FullDirectoryIndexSize=150
[2022.04.30-19.10.30:659][  0]LogShaderLibrary: Display: ShaderCodeLibraryPakFileMountedCallback: PakFile 'E:/Unreal/UE_4.27/FeaturePacks/TP_HandheldARBP.upack' (chunk index -1, root 'root:/') mounted
[2022.04.30-19.10.30:659][  0]LogShaderLibrary: Display: ShaderCodeLibraryPakFileMountedCallback: pending pak file info (ChunkID:-1 Root:root:/ File:E:/Unreal/UE_4.27/FeaturePacks/TP_HandheldARBP.upack)
[2022.04.30-19.10.30:659][  0]LogPakFile: OnPakFileMounted2Time == 0.000061
[2022.04.30-19.10.30:659][  0]LogPakFile: PakFile PrimaryIndexSize=182
[2022.04.30-19.10.30:660][  0]LogPakFile: PakFile PathHashIndexSize=101
[2022.04.30-19.10.30:660][  0]LogPakFile: PakFile FullDirectoryIndexSize=138
[2022.04.30-19.10.30:660][  0]LogShaderLibrary: Display: ShaderCodeLibraryPakFileMountedCallback: PakFile 'E:/Unreal/UE_4.27/FeaturePacks/TP_Puzzle.upack' (chunk index -1, root 'root:/') mounted
[2022.04.30-19.10.30:660][  0]LogShaderLibrary: Display: ShaderCodeLibraryPakFileMountedCallback: pending pak file info (ChunkID:-1 Root:root:/ File:E:/Unreal/UE_4.27/FeaturePacks/TP_Puzzle.upack)
[2022.04.30-19.10.30:660][  0]LogPakFile: OnPakFileMounted2Time == 0.000046
[2022.04.30-19.10.30:660][  0]LogPakFile: PakFile PrimaryIndexSize=184
[2022.04.30-19.10.30:660][  0]LogPakFile: PakFile PathHashIndexSize=101
[2022.04.30-19.10.30:660][  0]LogPakFile: PakFile FullDirectoryIndexSize=142
[2022.04.30-19.10.30:660][  0]LogShaderLibrary: Display: ShaderCodeLibraryPakFileMountedCallback: PakFile 'E:/Unreal/UE_4.27/FeaturePacks/TP_PuzzleBP.upack' (chunk index -1, root 'root:/') mounted
[2022.04.30-19.10.30:660][  0]LogShaderLibrary: Display: ShaderCodeLibraryPakFileMountedCallback: pending pak file info (ChunkID:-1 Root:root:/ File:E:/Unreal/UE_4.27/FeaturePacks/TP_PuzzleBP.upack)
[2022.04.30-19.10.30:660][  0]LogPakFile: OnPakFileMounted2Time == 0.000050
[2022.04.30-19.10.30:661][  0]LogPakFile: PakFile PrimaryIndexSize=183
[2022.04.30-19.10.30:661][  0]LogPakFile: PakFile PathHashIndexSize=101
[2022.04.30-19.10.30:661][  0]LogPakFile: PakFile FullDirectoryIndexSize=140
[2022.04.30-19.10.30:661][  0]LogShaderLibrary: Display: ShaderCodeLibraryPakFileMountedCallback: PakFile 'E:/Unreal/UE_4.27/FeaturePacks/TP_Rolling.upack' (chunk index -1, root 'root:/') mounted
[2022.04.30-19.10.30:661][  0]LogShaderLibrary: Display: ShaderCodeLibraryPakFileMountedCallback: pending pak file info (ChunkID:-1 Root:root:/ File:E:/Unreal/UE_4.27/FeaturePacks/TP_Rolling.upack)
[2022.04.30-19.10.30:661][  0]LogPakFile: OnPakFileMounted2Time == 0.000090
[2022.04.30-19.10.30:661][  0]LogPakFile: PakFile PrimaryIndexSize=185
[2022.04.30-19.10.30:661][  0]LogPakFile: PakFile PathHashIndexSize=101
[2022.04.30-19.10.30:661][  0]LogPakFile: PakFile FullDirectoryIndexSize=144
[2022.04.30-19.10.30:661][  0]LogShaderLibrary: Display: ShaderCodeLibraryPakFileMountedCallback: PakFile 'E:/Unreal/UE_4.27/FeaturePacks/TP_RollingBP.upack' (chunk index -1, root 'root:/') mounted
[2022.04.30-19.10.30:661][  0]LogShaderLibrary: Display: ShaderCodeLibraryPakFileMountedCallback: pending pak file info (ChunkID:-1 Root:root:/ File:E:/Unreal/UE_4.27/FeaturePacks/TP_RollingBP.upack)
[2022.04.30-19.10.30:661][  0]LogPakFile: OnPakFileMounted2Time == 0.000087
[2022.04.30-19.10.30:662][  0]LogPakFile: PakFile PrimaryIndexSize=188
[2022.04.30-19.10.30:662][  0]LogPakFile: PakFile PathHashIndexSize=101
[2022.04.30-19.10.30:662][  0]LogPakFile: PakFile FullDirectoryIndexSize=150
[2022.04.30-19.10.30:662][  0]LogShaderLibrary: Display: ShaderCodeLibraryPakFileMountedCallback: PakFile 'E:/Unreal/UE_4.27/FeaturePacks/TP_SideScroller.upack' (chunk index -1, root 'root:/') mounted
[2022.04.30-19.10.30:662][  0]LogShaderLibrary: Display: ShaderCodeLibraryPakFileMountedCallback: pending pak file info (ChunkID:-1 Root:root:/ File:E:/Unreal/UE_4.27/FeaturePacks/TP_SideScroller.upack)
[2022.04.30-19.10.30:662][  0]LogPakFile: OnPakFileMounted2Time == 0.000044
[2022.04.30-19.10.30:663][  0]LogPakFile: PakFile PrimaryIndexSize=190
[2022.04.30-19.10.30:663][  0]LogPakFile: PakFile PathHashIndexSize=101
[2022.04.30-19.10.30:663][  0]LogPakFile: PakFile FullDirectoryIndexSize=154
[2022.04.30-19.10.30:663][  0]LogShaderLibrary: Display: ShaderCodeLibraryPakFileMountedCallback: PakFile 'E:/Unreal/UE_4.27/FeaturePacks/TP_SideScrollerBP.upack' (chunk index -1, root 'root:/') mounted
[2022.04.30-19.10.30:663][  0]LogShaderLibrary: Display: ShaderCodeLibraryPakFileMountedCallback: pending pak file info (ChunkID:-1 Root:root:/ File:E:/Unreal/UE_4.27/FeaturePacks/TP_SideScrollerBP.upack)
[2022.04.30-19.10.30:663][  0]LogPakFile: OnPakFileMounted2Time == 0.000087
[2022.04.30-19.10.30:663][  0]LogPakFile: PakFile PrimaryIndexSize=187
[2022.04.30-19.10.30:663][  0]LogPakFile: PakFile PathHashIndexSize=101
[2022.04.30-19.10.30:663][  0]LogPakFile: PakFile FullDirectoryIndexSize=148
[2022.04.30-19.10.30:663][  0]LogShaderLibrary: Display: ShaderCodeLibraryPakFileMountedCallback: PakFile 'E:/Unreal/UE_4.27/FeaturePacks/TP_ThirdPerson.upack' (chunk index -1, root 'root:/') mounted
[2022.04.30-19.10.30:663][  0]LogShaderLibrary: Display: ShaderCodeLibraryPakFileMountedCallback: pending pak file info (ChunkID:-1 Root:root:/ File:E:/Unreal/UE_4.27/FeaturePacks/TP_ThirdPerson.upack)
[2022.04.30-19.10.30:663][  0]LogPakFile: OnPakFileMounted2Time == 0.000065
[2022.04.30-19.10.30:664][  0]LogPakFile: PakFile PrimaryIndexSize=189
[2022.04.30-19.10.30:664][  0]LogPakFile: PakFile PathHashIndexSize=101
[2022.04.30-19.10.30:664][  0]LogPakFile: PakFile FullDirectoryIndexSize=152
[2022.04.30-19.10.30:664][  0]LogShaderLibrary: Display: ShaderCodeLibraryPakFileMountedCallback: PakFile 'E:/Unreal/UE_4.27/FeaturePacks/TP_ThirdPersonBP.upack' (chunk index -1, root 'root:/') mounted
[2022.04.30-19.10.30:664][  0]LogShaderLibrary: Display: ShaderCodeLibraryPakFileMountedCallback: pending pak file info (ChunkID:-1 Root:root:/ File:E:/Unreal/UE_4.27/FeaturePacks/TP_ThirdPersonBP.upack)
[2022.04.30-19.10.30:664][  0]LogPakFile: OnPakFileMounted2Time == 0.000048
[2022.04.30-19.10.30:665][  0]LogPakFile: PakFile PrimaryIndexSize=183
[2022.04.30-19.10.30:665][  0]LogPakFile: PakFile PathHashIndexSize=101
[2022.04.30-19.10.30:665][  0]LogPakFile: PakFile FullDirectoryIndexSize=140
[2022.04.30-19.10.30:665][  0]LogShaderLibrary: Display: ShaderCodeLibraryPakFileMountedCallback: PakFile 'E:/Unreal/UE_4.27/FeaturePacks/TP_TopDown.upack' (chunk index -1, root 'root:/') mounted
[2022.04.30-19.10.30:665][  0]LogShaderLibrary: Display: ShaderCodeLibraryPakFileMountedCallback: pending pak file info (ChunkID:-1 Root:root:/ File:E:/Unreal/UE_4.27/FeaturePacks/TP_TopDown.upack)
[2022.04.30-19.10.30:665][  0]LogPakFile: OnPakFileMounted2Time == 0.000098
[2022.04.30-19.10.30:665][  0]LogPakFile: PakFile PrimaryIndexSize=185
[2022.04.30-19.10.30:665][  0]LogPakFile: PakFile PathHashIndexSize=101
[2022.04.30-19.10.30:665][  0]LogPakFile: PakFile FullDirectoryIndexSize=144
[2022.04.30-19.10.30:665][  0]LogShaderLibrary: Display: ShaderCodeLibraryPakFileMountedCallback: PakFile 'E:/Unreal/UE_4.27/FeaturePacks/TP_TopDownBP.upack' (chunk index -1, root 'root:/') mounted
[2022.04.30-19.10.30:665][  0]LogShaderLibrary: Display: ShaderCodeLibraryPakFileMountedCallback: pending pak file info (ChunkID:-1 Root:root:/ File:E:/Unreal/UE_4.27/FeaturePacks/TP_TopDownBP.upack)
[2022.04.30-19.10.30:665][  0]LogPakFile: OnPakFileMounted2Time == 0.000048
[2022.04.30-19.10.30:666][  0]LogPakFile: PakFile PrimaryIndexSize=185
[2022.04.30-19.10.30:666][  0]LogPakFile: PakFile PathHashIndexSize=101
[2022.04.30-19.10.30:666][  0]LogPakFile: PakFile FullDirectoryIndexSize=144
[2022.04.30-19.10.30:666][  0]LogShaderLibrary: Display: ShaderCodeLibraryPakFileMountedCallback: PakFile 'E:/Unreal/UE_4.27/FeaturePacks/TP_TwinStick.upack' (chunk index -1, root 'root:/') mounted
[2022.04.30-19.10.30:666][  0]LogShaderLibrary: Display: ShaderCodeLibraryPakFileMountedCallback: pending pak file info (ChunkID:-1 Root:root:/ File:E:/Unreal/UE_4.27/FeaturePacks/TP_TwinStick.upack)
[2022.04.30-19.10.30:666][  0]LogPakFile: OnPakFileMounted2Time == 0.000051
[2022.04.30-19.10.30:666][  0]LogPakFile: PakFile PrimaryIndexSize=187
[2022.04.30-19.10.30:666][  0]LogPakFile: PakFile PathHashIndexSize=101
[2022.04.30-19.10.30:666][  0]LogPakFile: PakFile FullDirectoryIndexSize=148
[2022.04.30-19.10.30:667][  0]LogShaderLibrary: Display: ShaderCodeLibraryPakFileMountedCallback: PakFile 'E:/Unreal/UE_4.27/FeaturePacks/TP_TwinStickBP.upack' (chunk index -1, root 'root:/') mounted
[2022.04.30-19.10.30:667][  0]LogShaderLibrary: Display: ShaderCodeLibraryPakFileMountedCallback: pending pak file info (ChunkID:-1 Root:root:/ File:E:/Unreal/UE_4.27/FeaturePacks/TP_TwinStickBP.upack)
[2022.04.30-19.10.30:667][  0]LogPakFile: OnPakFileMounted2Time == 0.000077
[2022.04.30-19.10.30:667][  0]LogPakFile: PakFile PrimaryIndexSize=183
[2022.04.30-19.10.30:667][  0]LogPakFile: PakFile PathHashIndexSize=101
[2022.04.30-19.10.30:667][  0]LogPakFile: PakFile FullDirectoryIndexSize=140
[2022.04.30-19.10.30:667][  0]LogShaderLibrary: Display: ShaderCodeLibraryPakFileMountedCallback: PakFile 'E:/Unreal/UE_4.27/FeaturePacks/TP_Vehicle.upack' (chunk index -1, root 'root:/') mounted
[2022.04.30-19.10.30:667][  0]LogShaderLibrary: Display: ShaderCodeLibraryPakFileMountedCallback: pending pak file info (ChunkID:-1 Root:root:/ File:E:/Unreal/UE_4.27/FeaturePacks/TP_Vehicle.upack)
[2022.04.30-19.10.30:667][  0]LogPakFile: OnPakFileMounted2Time == 0.000046
[2022.04.30-19.10.30:668][  0]LogPakFile: PakFile PrimaryIndexSize=186
[2022.04.30-19.10.30:668][  0]LogPakFile: PakFile PathHashIndexSize=101
[2022.04.30-19.10.30:668][  0]LogPakFile: PakFile FullDirectoryIndexSize=146
[2022.04.30-19.10.30:668][  0]LogShaderLibrary: Display: ShaderCodeLibraryPakFileMountedCallback: PakFile 'E:/Unreal/UE_4.27/FeaturePacks/TP_VehicleAdv.upack' (chunk index -1, root 'root:/') mounted
[2022.04.30-19.10.30:668][  0]LogShaderLibrary: Display: ShaderCodeLibraryPakFileMountedCallback: pending pak file info (ChunkID:-1 Root:root:/ File:E:/Unreal/UE_4.27/FeaturePacks/TP_VehicleAdv.upack)
[2022.04.30-19.10.30:668][  0]LogPakFile: OnPakFileMounted2Time == 0.000061
[2022.04.30-19.10.30:668][  0]LogPakFile: PakFile PrimaryIndexSize=188
[2022.04.30-19.10.30:669][  0]LogPakFile: PakFile PathHashIndexSize=101
[2022.04.30-19.10.30:669][  0]LogPakFile: PakFile FullDirectoryIndexSize=150
[2022.04.30-19.10.30:669][  0]LogShaderLibrary: Display: ShaderCodeLibraryPakFileMountedCallback: PakFile 'E:/Unreal/UE_4.27/FeaturePacks/TP_VehicleAdvBP.upack' (chunk index -1, root 'root:/') mounted
[2022.04.30-19.10.30:669][  0]LogShaderLibrary: Display: ShaderCodeLibraryPakFileMountedCallback: pending pak file info (ChunkID:-1 Root:root:/ File:E:/Unreal/UE_4.27/FeaturePacks/TP_VehicleAdvBP.upack)
[2022.04.30-19.10.30:669][  0]LogPakFile: OnPakFileMounted2Time == 0.000068
[2022.04.30-19.10.30:669][  0]LogPakFile: PakFile PrimaryIndexSize=185
[2022.04.30-19.10.30:669][  0]LogPakFile: PakFile PathHashIndexSize=101
[2022.04.30-19.10.30:669][  0]LogPakFile: PakFile FullDirectoryIndexSize=144
[2022.04.30-19.10.30:669][  0]LogShaderLibrary: Display: ShaderCodeLibraryPakFileMountedCallback: PakFile 'E:/Unreal/UE_4.27/FeaturePacks/TP_VehicleBP.upack' (chunk index -1, root 'root:/') mounted
[2022.04.30-19.10.30:669][  0]LogShaderLibrary: Display: ShaderCodeLibraryPakFileMountedCallback: pending pak file info (ChunkID:-1 Root:root:/ File:E:/Unreal/UE_4.27/FeaturePacks/TP_VehicleBP.upack)
[2022.04.30-19.10.30:669][  0]LogPakFile: OnPakFileMounted2Time == 0.000065
[2022.04.30-19.10.30:670][  0]LogPakFile: PakFile PrimaryIndexSize=192
[2022.04.30-19.10.30:670][  0]LogPakFile: PakFile PathHashIndexSize=101
[2022.04.30-19.10.30:670][  0]LogPakFile: PakFile FullDirectoryIndexSize=158
[2022.04.30-19.10.30:670][  0]LogShaderLibrary: Display: ShaderCodeLibraryPakFileMountedCallback: PakFile 'E:/Unreal/UE_4.27/FeaturePacks/TP_VirtualRealityBP.upack' (chunk index -1, root 'root:/') mounted
[2022.04.30-19.10.30:670][  0]LogShaderLibrary: Display: ShaderCodeLibraryPakFileMountedCallback: pending pak file info (ChunkID:-1 Root:root:/ File:E:/Unreal/UE_4.27/FeaturePacks/TP_VirtualRealityBP.upack)
[2022.04.30-19.10.30:670][  0]LogPakFile: OnPakFileMounted2Time == 0.000059
[2022.04.30-19.10.30:705][  0]LogNativeClassHierarchy: Verbose: Native class hierarchy updated for 'AddContentDialog' in 0.0002 seconds. Added 0 classes and 0 folders.
[2022.04.30-19.10.30:709][  0]LogNativeClassHierarchy: Verbose: Native class hierarchy updated for 'SceneOutliner' in 0.0002 seconds. Added 2 classes and 0 folders.
[2022.04.30-19.10.30:805][  0]LogSlate: Took 0.000116 seconds to synchronously load lazily loaded font '../../../Engine/Content/Slate/Fonts/Roboto-Regular.ttf' (155K)
[2022.04.30-19.10.31:510][  0]LogSlate: Only BGRA pngs, bmps or icos are supported in by External Image Picker
[2022.04.30-19.10.31:581][  0]LogSlate: Took 0.000129 seconds to synchronously load lazily loaded font '../../../Engine/Content/Editor/Slate/Fonts/FontAwesome.ttf' (139K)
[2022.04.30-19.10.31:582][  0]LogSlate: Took 0.000098 seconds to synchronously load lazily loaded font '../../../Engine/Content/Slate/Fonts/Roboto-Bold.ttf' (160K)
[2022.04.30-19.10.31:656][  0]LogRenderer: Reallocating scene render targets to support 1124x500 Format 10 NumSamples 1 (Frame:1).
[2022.04.30-19.10.31:692][  0]LogSlate: Took 0.000131 seconds to synchronously load lazily loaded font '../../../Engine/Content/Slate/Fonts/Roboto-Light.ttf' (167K)
[2022.04.30-19.10.31:731][  0]LogNativeClassHierarchy: Verbose: Native class hierarchy updated for 'HierarchicalLODOutliner' in 0.0002 seconds. Added 0 classes and 0 folders.
[2022.04.30-19.10.31:731][  0]LogLoad: (Engine Initialization) Total time: 7.22 seconds
[2022.04.30-19.10.31:731][  0]LogLoad: (Engine Initialization) Total Blueprint compile time: 0.00 seconds
[2022.04.30-19.10.31:786][  0]LogAssetRegistry: Asset discovery search completed in 4.6508 seconds
[2022.04.30-19.10.31:790][  0]LogCollectionManager: Fixed up redirectors for 0 collections in 0.000003 seconds (updated 0 objects)
[2022.04.30-19.10.31:792][  0]LogContentStreaming: Texture pool size now 1000 MB
