Log file open, 04/25/22 15:36:10
LogWindows: Failed to load 'aqProf.dll' (GetLastError=126)
LogWindows: File 'aqProf.dll' does not exist
LogWindows: Failed to load 'VtuneApi.dll' (GetLastError=126)
LogWindows: File 'VtuneApi.dll' does not exist
LogWindows: Failed to load 'VtuneApi32e.dll' (GetLastError=126)
LogWindows: File 'VtuneApi32e.dll' does not exist
LogConsoleResponse: Display: Failed to find resolution value strings in scalability ini. Falling back to default.
LogConsoleResponse: Display: Failed to find resolution value strings in scalability ini. Falling back to default.
LogInit: Display: Running engine for game: Shooter
LogPlatformFile: Not using cached read wrapper
LogTaskGraph: Started task graph with 5 named threads and 35 total threads with 3 sets of task threads.
LogStats: Stats thread started at 0.208092
LogICUInternationalization: ICU TimeZone Detection - Raw Offset: -3:00, Platform Override: ''
LogInit: Display: Loading text-based GConfig....
LogPluginManager: Mounting plugin MeshPainting
LogPluginManager: Mounting plugin XGEController
LogPluginManager: Mounting plugin Paper2D
LogPluginManager: Mounting plugin LiveLink
LogPluginManager: Mounting plugin AISupport
LogPluginManager: Mounting plugin EnvironmentQueryEditor
LogPluginManager: Mounting plugin CameraShakePreviewer
LogPluginManager: Mounting plugin LightPropagationVolume
LogPluginManager: Mounting plugin GameplayCameras
LogPluginManager: Mounting plugin AnimationSharing
LogPluginManager: Mounting plugin CLionSourceCodeAccess
LogPluginManager: Mounting plugin CodeLiteSourceCodeAccess
LogPluginManager: Mounting plugin GitSourceControl
LogPluginManager: Mounting plugin NullSourceCodeAccess
LogPluginManager: Mounting plugin KDevelopSourceCodeAccess
LogPluginManager: Mounting plugin PixWinPlugin
LogPluginManager: Mounting plugin PlasticSourceControl
LogPluginManager: Mounting plugin PerforceSourceControl
LogPluginManager: Mounting plugin PluginUtils
LogPluginManager: Mounting plugin PropertyAccessNode
LogPluginManager: Mounting plugin RiderLink
LogPluginManager: Mounting plugin RiderSourceCodeAccess
LogPluginManager: Mounting plugin SubversionSourceControl
LogPluginManager: Mounting plugin TextureFormatOodle
LogPluginManager: Mounting plugin UObjectPlugin
LogPluginManager: Mounting plugin VisualStudioCodeSourceCodeAccess
LogPluginManager: Mounting plugin VisualStudioSourceCodeAccess
LogPluginManager: Mounting plugin OodleData
LogPluginManager: Mounting plugin XCodeSourceCodeAccess
LogPluginManager: Mounting plugin AssetManagerEditor
LogPluginManager: Mounting plugin CryptoKeys
LogPluginManager: Mounting plugin CurveEditorTools
LogPluginManager: Mounting plugin DataValidation
LogPluginManager: Mounting plugin FacialAnimation
LogPluginManager: Mounting plugin GameplayTagsEditor
LogPluginManager: Mounting plugin GeometryMode
LogPluginManager: Mounting plugin MacGraphicsSwitching
LogPluginManager: Mounting plugin MaterialAnalyzer
LogPluginManager: Mounting plugin MobileLauncherProfileWizard
LogPluginManager: Mounting plugin PluginBrowser
LogPluginManager: Mounting plugin DatasmithContent
LogPluginManager: Mounting plugin VariantManagerContent
LogPluginManager: Mounting plugin Niagara
LogPluginManager: Mounting plugin SpeedTreeImporter
LogPluginManager: Mounting plugin LuminPlatformFeatures
LogPluginManager: Mounting plugin OodleNetwork
LogPluginManager: Mounting plugin MagicLeap
LogPluginManager: Mounting plugin MagicLeapLightEstimation
LogPluginManager: Mounting plugin MagicLeapMedia
LogPluginManager: Mounting plugin MagicLeapPassableWorld
LogPluginManager: Mounting plugin MLSDK
LogPluginManager: Mounting plugin AlembicImporter
LogPluginManager: Mounting plugin AutomationUtils
LogPluginManager: Mounting plugin BackChannel
LogPluginManager: Mounting plugin ChaosCloth
LogPluginManager: Mounting plugin ChaosClothEditor
LogPluginManager: Mounting plugin ChaosEditor
LogPluginManager: Mounting plugin ChaosNiagara
LogPluginManager: Mounting plugin ChaosSolverPlugin
LogPluginManager: Mounting plugin AndroidMedia
LogPluginManager: Mounting plugin AvfMedia
LogPluginManager: Mounting plugin ImgMedia
LogPluginManager: Mounting plugin MediaCompositing
LogPluginManager: Mounting plugin MediaPlayerEditor
LogPluginManager: Mounting plugin WebMMedia
LogPluginManager: Mounting plugin WmfMedia
LogPluginManager: Mounting plugin CharacterAI
LogPluginManager: Mounting plugin GeometryCache
LogPluginManager: Mounting plugin GeometryCollectionPlugin
LogPluginManager: Mounting plugin GeometryProcessing
LogPluginManager: Mounting plugin UdpMessaging
LogPluginManager: Mounting plugin TcpMessaging
LogPluginManager: Mounting plugin MotoSynth
LogPluginManager: Mounting plugin OpenImageDenoise
LogPluginManager: Mounting plugin PlanarCut
LogPluginManager: Mounting plugin PlatformCrypto
LogPluginManager: Mounting plugin ProxyLODPlugin
LogPluginManager: Mounting plugin ActorSequence
LogPluginManager: Mounting plugin PythonScriptPlugin
LogPluginManager: Mounting plugin LevelSequenceEditor
LogPluginManager: Mounting plugin MatineeToLevelSequence
LogPluginManager: Mounting plugin TemplateSequence
LogPluginManager: Mounting plugin SkeletalReduction
LogPluginManager: Mounting plugin OnlineSubsystem
LogPluginManager: Mounting plugin OnlineSubsystemNull
LogPluginManager: Mounting plugin OnlineSubsystemUtils
LogPluginManager: Mounting plugin LauncherChunkInstaller
LogPluginManager: Mounting plugin AndroidPermission
LogPluginManager: Mounting plugin AndroidMoviePlayer
LogPluginManager: Mounting plugin AndroidDeviceProfileSelector
LogPluginManager: Mounting plugin AppleMoviePlayer
LogPluginManager: Mounting plugin AppleImageUtils
LogPluginManager: Mounting plugin ArchVisCharacter
LogPluginManager: Mounting plugin AssetTags
LogPluginManager: Mounting plugin AudioCapture
LogPluginManager: Mounting plugin AudioSynesthesia
LogPluginManager: Mounting plugin CableComponent
LogPluginManager: Mounting plugin ChunkDownloader
LogPluginManager: Mounting plugin EditableMesh
LogPluginManager: Mounting plugin ExampleDeviceProfileSelector
LogPluginManager: Mounting plugin GoogleCloudMessaging
LogPluginManager: Mounting plugin GooglePAD
LogPluginManager: Mounting plugin IOSDeviceProfileSelector
LogPluginManager: Mounting plugin LocationServicesBPLibrary
LogPluginManager: Mounting plugin CustomMeshComponent
LogPluginManager: Mounting plugin MobilePatchingUtils
LogPluginManager: Mounting plugin OpenXR
LogPluginManager: Mounting plugin ScreenshotTools
LogPluginManager: Mounting plugin OpenXREyeTracker
LogPluginManager: Mounting plugin Takes
LogPluginManager: Mounting plugin OpenXRHandTracking
LogPluginManager: Mounting plugin PhysXVehicles
LogPluginManager: Mounting plugin PostSplashScreen
LogPluginManager: Mounting plugin ProceduralMeshComponent
LogPluginManager: Mounting plugin PropertyAccessEditor
LogPluginManager: Mounting plugin SignificanceManager
LogPluginManager: Mounting plugin RuntimePhysXCooking
LogPluginManager: Mounting plugin SoundFields
LogPluginManager: Mounting plugin Synthesis
LogPluginManager: Mounting plugin WebMMoviePlayer
LogPluginManager: Mounting plugin WindowsMoviePlayer
LogPluginManager: Mounting plugin LinuxDeviceProfileSelector
LogPluginManager: Mounting plugin ActorLayerUtilities
LogPluginManager: Mounting plugin ContentBrowserAssetDataSource
LogPluginManager: Mounting plugin ContentBrowserClassDataSource
LogPluginManager: Mounting plugin ContentBrowserFileDataSource
LogPluginManager: Mounting plugin OnlineSubsystemGooglePlay
LogPluginManager: Mounting plugin OnlineSubsystemIOS
LogPluginManager: Mounting plugin OculusVR
LogPluginManager: Mounting plugin SteamVR
PixWinPlugin: PIX capture plugin failed to initialize! Check that the process is launched from PIX.
LogInit: Using libcurl 7.55.1-DEV
LogInit:  - built for x86_64-pc-win32
LogInit:  - supports SSL with OpenSSL/1.1.1
LogInit:  - supports HTTP deflate (compression) using libz 1.2.8
LogInit:  - other features:
LogInit:      CURL_VERSION_SSL
LogInit:      CURL_VERSION_LIBZ
LogInit:      CURL_VERSION_IPV6
LogInit:      CURL_VERSION_ASYNCHDNS
LogInit:      CURL_VERSION_LARGEFILE
LogInit:      CURL_VERSION_IDN
LogInit:  CurlRequestOptions (configurable via config and command line):
LogInit:  - bVerifyPeer = true  - Libcurl will verify peer certificate
LogInit:  - bUseHttpProxy = false  - Libcurl will NOT use HTTP proxy
LogInit:  - bDontReuseConnections = false  - Libcurl will reuse connections
LogInit:  - MaxHostConnections = 16  - Libcurl will limit the number of connections to a host
LogInit:  - LocalHostAddr = Default
LogInit:  - BufferSize = 65536
LogOnline: OSS: Creating online subsystem instance for: NULL
LogInit: WinSock: version 1.1 (2.2), MaxSocks=32767, MaxUdp=65467
LogOnline: OSS: TryLoadSubsystemAndSetDefault: Loaded subsystem for module [NULL]
LogOculusPluginWrapper: OculusPlugin initialized successfully
LogHMD: Failed initializing OVRPlugin 1.59.0
LogInit: Build: ++UE4+Release-4.27-CL-18319896
LogInit: Engine Version: 4.27.2-18319896+++UE4+Release-4.27
LogInit: Compatible Engine Version: 4.27.0-17155196+++UE4+Release-4.27
LogInit: Net CL: 17155196
LogInit: OS: Windows 10 (Release 2009) (), CPU: Intel(R) Core(TM) i7-8700 CPU @ 3.20GHz, GPU: NVIDIA GeForce GTX 1070 Ti
LogInit: Compiled (64-bit): Nov 30 2021 07:12:08
LogInit: Compiled with Visual C++: 19.24.28315.00
LogInit: Build Configuration: Development
LogInit: Branch Name: ++UE4+Release-4.27
LogInit: Command Line:  -skipcompile
LogInit: Base Directory: E:/Unreal/UE_4.27/Engine/Binaries/Win64/
LogInit: Allocator: TBB
LogInit: Installed Engine Build: 1
LogDevObjectVersion: Number of dev versions registered: 29
LogDevObjectVersion:   Dev-Blueprints (B0D832E4-1F89-4F0D-ACCF-7EB736FD4AA2): 10
LogDevObjectVersion:   Dev-Build (E1C64328-A22C-4D53-A36C-8E866417BD8C): 0
LogDevObjectVersion:   Dev-Core (375EC13C-06E4-48FB-B500-84F0262A717E): 4
LogDevObjectVersion:   Dev-Editor (E4B068ED-F494-42E9-A231-DA0B2E46BB41): 40
LogDevObjectVersion:   Dev-Framework (CFFC743F-43B0-4480-9391-14DF171D2073): 37
LogDevObjectVersion:   Dev-Mobile (B02B49B5-BB20-44E9-A304-32B752E40360): 3
LogDevObjectVersion:   Dev-Networking (A4E4105C-59A1-49B5-A7C5-40C4547EDFEE): 0
LogDevObjectVersion:   Dev-Online (39C831C9-5AE6-47DC-9A44-9C173E1C8E7C): 0
LogDevObjectVersion:   Dev-Physics (78F01B33-EBEA-4F98-B9B4-84EACCB95AA2): 14
LogDevObjectVersion:   Dev-Platform (6631380F-2D4D-43E0-8009-CF276956A95A): 0
LogDevObjectVersion:   Dev-Rendering (12F88B9F-8875-4AFC-A67C-D90C383ABD29): 45
LogDevObjectVersion:   Dev-Sequencer (7B5AE74C-D270-4C10-A958-57980B212A5A): 13
LogDevObjectVersion:   Dev-VR (D7296918-1DD6-4BDD-9DE2-64A83CC13884): 3
LogDevObjectVersion:   Dev-LoadTimes (C2A15278-BFE7-4AFE-6C17-90FF531DF755): 1
LogDevObjectVersion:   Private-Geometry (6EACA3D4-40EC-4CC1-B786-8BED09428FC5): 3
LogDevObjectVersion:   Dev-AnimPhys (29E575DD-E0A3-4627-9D10-D276232CDCEA): 17
LogDevObjectVersion:   Dev-Anim (AF43A65D-7FD3-4947-9873-3E8ED9C1BB05): 15
LogDevObjectVersion:   Dev-ReflectionCapture (6B266CEC-1EC7-4B8F-A30B-E4D90942FC07): 1
LogDevObjectVersion:   Dev-Automation (0DF73D61-A23F-47EA-B727-89E90C41499A): 1
LogDevObjectVersion:   FortniteMain (601D1886-AC64-4F84-AA16-D3DE0DEAC7D6): 47
LogDevObjectVersion:   FortniteRelease (E7086368-6B23-4C58-8439-1B7016265E91): 1
LogDevObjectVersion:   Dev-Enterprise (9DFFBCD6-494F-0158-E221-12823C92A888): 10
LogDevObjectVersion:   Dev-Niagara (F2AED0AC-9AFE-416F-8664-AA7FFA26D6FC): 1
LogDevObjectVersion:   Dev-Destruction (174F1F0B-B4C6-45A5-B13F-2EE8D0FB917D): 10
LogDevObjectVersion:   Dev-Physics-Ext (35F94A83-E258-406C-A318-09F59610247C): 41
LogDevObjectVersion:   Dev-PhysicsMaterial-Chaos (B68FC16E-8B1B-42E2-B453-215C058844FE): 1
LogDevObjectVersion:   Dev-CineCamera (B2E18506-4273-CFC2-A54E-F4BB758BBA07): 1
LogDevObjectVersion:   Dev-VirtualProduction (64F58936-FD1B-42BA-BA96-7289D5D0FA4E): 1
LogDevObjectVersion:   Dev-MediaFramework (6F0ED827-A609-4895-9C91-998D90180EA4): 2
LogInit: Presizing for max 25165824 objects, including 0 objects not considered by GC, pre-allocating 0 bytes for permanent pool.
LogConfig: Applying CVar settings from Section [/Script/Engine.StreamingSettings] File [E:/DEV Unreal/ShooterGame/ShooterGame/Shooter/Saved/Config/Windows/Engine.ini]
LogConfig: Setting CVar [[s.MinBulkDataSizeForAsyncLoading:131072]]
LogConfig: Setting CVar [[s.AsyncLoadingThreadEnabled:0]]
LogConfig: Setting CVar [[s.EventDrivenLoaderEnabled:1]]
LogConfig: Setting CVar [[s.WarnIfTimeLimitExceeded:0]]
LogConfig: Setting CVar [[s.TimeLimitExceededMultiplier:1.5]]
LogConfig: Setting CVar [[s.TimeLimitExceededMinTime:0.005]]
LogConfig: Setting CVar [[s.UseBackgroundLevelStreaming:1]]
LogConfig: Setting CVar [[s.PriorityAsyncLoadingExtraTime:15.0]]
LogConfig: Setting CVar [[s.LevelStreamingActorsUpdateTimeLimit:5.0]]
LogConfig: Setting CVar [[s.PriorityLevelStreamingActorsUpdateExtraTime:5.0]]
LogConfig: Setting CVar [[s.LevelStreamingComponentsRegistrationGranularity:10]]
LogConfig: Setting CVar [[s.UnregisterComponentsTimeLimit:1.0]]
LogConfig: Setting CVar [[s.LevelStreamingComponentsUnregistrationGranularity:5]]
LogConfig: Setting CVar [[s.FlushStreamingOnExit:1]]
LogInit: Object subsystem initialized
LogConfig: Setting CVar [[con.DebugEarlyDefault:1]]
LogConfig: Setting CVar [[r.setres:1280x720]]
[2022.04.25-18.36.11:344][  0]LogConfig: Setting CVar [[r.VSync:0]]
[2022.04.25-18.36.11:344][  0]LogConfig: Setting CVar [[r.RHICmdBypass:0]]
[2022.04.25-18.36.11:344][  0]LogConfig: Applying CVar settings from Section [/Script/Engine.RendererSettings] File [E:/DEV Unreal/ShooterGame/ShooterGame/Shooter/Saved/Config/Windows/Engine.ini]
[2022.04.25-18.36.11:344][  0]LogConfig: Setting CVar [[r.GPUCrashDebugging:0]]
[2022.04.25-18.36.11:344][  0]LogConfig: Applying CVar settings from Section [/Script/Engine.RendererOverrideSettings] File [E:/DEV Unreal/ShooterGame/ShooterGame/Shooter/Saved/Config/Windows/Engine.ini]
[2022.04.25-18.36.11:344][  0]LogConfig: Applying CVar settings from Section [/Script/Engine.StreamingSettings] File [E:/DEV Unreal/ShooterGame/ShooterGame/Shooter/Saved/Config/Windows/Engine.ini]
[2022.04.25-18.36.11:344][  0]LogConfig: Setting CVar [[s.MinBulkDataSizeForAsyncLoading:131072]]
[2022.04.25-18.36.11:344][  0]LogConfig: Setting CVar [[s.AsyncLoadingThreadEnabled:0]]
[2022.04.25-18.36.11:344][  0]LogConfig: Setting CVar [[s.EventDrivenLoaderEnabled:1]]
[2022.04.25-18.36.11:344][  0]LogConfig: Setting CVar [[s.WarnIfTimeLimitExceeded:0]]
[2022.04.25-18.36.11:344][  0]LogConfig: Setting CVar [[s.TimeLimitExceededMultiplier:1.5]]
[2022.04.25-18.36.11:344][  0]LogConfig: Setting CVar [[s.TimeLimitExceededMinTime:0.005]]
[2022.04.25-18.36.11:344][  0]LogConfig: Setting CVar [[s.UseBackgroundLevelStreaming:1]]
[2022.04.25-18.36.11:344][  0]LogConfig: Setting CVar [[s.PriorityAsyncLoadingExtraTime:15.0]]
[2022.04.25-18.36.11:344][  0]LogConfig: Setting CVar [[s.LevelStreamingActorsUpdateTimeLimit:5.0]]
[2022.04.25-18.36.11:344][  0]LogConfig: Setting CVar [[s.PriorityLevelStreamingActorsUpdateExtraTime:5.0]]
[2022.04.25-18.36.11:344][  0]LogConfig: Setting CVar [[s.LevelStreamingComponentsRegistrationGranularity:10]]
[2022.04.25-18.36.11:344][  0]LogConfig: Setting CVar [[s.UnregisterComponentsTimeLimit:1.0]]
[2022.04.25-18.36.11:345][  0]LogConfig: Setting CVar [[s.LevelStreamingComponentsUnregistrationGranularity:5]]
[2022.04.25-18.36.11:345][  0]LogConfig: Setting CVar [[s.FlushStreamingOnExit:1]]
[2022.04.25-18.36.11:345][  0]LogConfig: Applying CVar settings from Section [/Script/Engine.GarbageCollectionSettings] File [E:/DEV Unreal/ShooterGame/ShooterGame/Shooter/Saved/Config/Windows/Engine.ini]
[2022.04.25-18.36.11:345][  0]LogConfig: Setting CVar [[gc.MaxObjectsNotConsideredByGC:1]]
[2022.04.25-18.36.11:345][  0]LogConfig: Setting CVar [[gc.SizeOfPermanentObjectPool:0]]
[2022.04.25-18.36.11:345][  0]LogConfig: Setting CVar [[gc.FlushStreamingOnGC:0]]
[2022.04.25-18.36.11:345][  0]LogConfig: Setting CVar [[gc.NumRetriesBeforeForcingGC:10]]
[2022.04.25-18.36.11:345][  0]LogConfig: Setting CVar [[gc.AllowParallelGC:1]]
[2022.04.25-18.36.11:345][  0]LogConfig: Setting CVar [[gc.TimeBetweenPurgingPendingKillObjects:61.1]]
[2022.04.25-18.36.11:345][  0]LogConfig: Setting CVar [[gc.MaxObjectsInEditor:25165824]]
[2022.04.25-18.36.11:345][  0]LogConfig: Setting CVar [[gc.IncrementalBeginDestroyEnabled:1]]
[2022.04.25-18.36.11:345][  0]LogConfig: Setting CVar [[gc.CreateGCClusters:1]]
[2022.04.25-18.36.11:345][  0]LogConfig: Setting CVar [[gc.MinGCClusterSize:5]]
[2022.04.25-18.36.11:345][  0]LogConfig: Setting CVar [[gc.ActorClusteringEnabled:0]]
[2022.04.25-18.36.11:345][  0]LogConfig: Setting CVar [[gc.BlueprintClusteringEnabled:0]]
[2022.04.25-18.36.11:345][  0]LogConfig: Setting CVar [[gc.UseDisregardForGCOnDedicatedServers:0]]
[2022.04.25-18.36.11:345][  0]LogConfig: Setting CVar [[gc.MultithreadedDestructionEnabled:1]]
[2022.04.25-18.36.11:345][  0]LogConfig: Applying CVar settings from Section [/Script/Engine.NetworkSettings] File [E:/DEV Unreal/ShooterGame/ShooterGame/Shooter/Saved/Config/Windows/Engine.ini]
[2022.04.25-18.36.11:345][  0]LogConfig: Applying CVar settings from Section [/Script/UnrealEd.CookerSettings] File [E:/DEV Unreal/ShooterGame/ShooterGame/Shooter/Saved/Config/Windows/Engine.ini]
[2022.04.25-18.36.11:368][  0]LogConfig: Applying CVar settings from Section [ViewDistanceQuality@3] File [E:/DEV Unreal/ShooterGame/ShooterGame/Shooter/Saved/Config/Windows/Scalability.ini]
[2022.04.25-18.36.11:368][  0]LogConfig: Setting CVar [[r.SkeletalMeshLODBias:0]]
[2022.04.25-18.36.11:368][  0]LogConfig: Setting CVar [[r.ViewDistanceScale:1.0]]
[2022.04.25-18.36.11:368][  0]LogConfig: Applying CVar settings from Section [AntiAliasingQuality@3] File [E:/DEV Unreal/ShooterGame/ShooterGame/Shooter/Saved/Config/Windows/Scalability.ini]
[2022.04.25-18.36.11:368][  0]LogConfig: Setting CVar [[r.PostProcessAAQuality:4]]
[2022.04.25-18.36.11:368][  0]LogConfig: Applying CVar settings from Section [ShadowQuality@3] File [E:/DEV Unreal/ShooterGame/ShooterGame/Shooter/Saved/Config/Windows/Scalability.ini]
[2022.04.25-18.36.11:368][  0]LogConfig: Setting CVar [[r.LightFunctionQuality:1]]
[2022.04.25-18.36.11:368][  0]LogConfig: Setting CVar [[r.ShadowQuality:5]]
[2022.04.25-18.36.11:368][  0]LogConfig: Setting CVar [[r.Shadow.CSM.MaxCascades:10]]
[2022.04.25-18.36.11:368][  0]LogConfig: Setting CVar [[r.Shadow.MaxResolution:2048]]
[2022.04.25-18.36.11:368][  0]LogConfig: Setting CVar [[r.Shadow.MaxCSMResolution:2048]]
[2022.04.25-18.36.11:368][  0]LogConfig: Setting CVar [[r.Shadow.RadiusThreshold:0.01]]
[2022.04.25-18.36.11:368][  0]LogConfig: Setting CVar [[r.Shadow.DistanceScale:1.0]]
[2022.04.25-18.36.11:368][  0]LogConfig: Setting CVar [[r.Shadow.CSM.TransitionScale:1.0]]
[2022.04.25-18.36.11:368][  0]LogConfig: Setting CVar [[r.Shadow.PreShadowResolutionFactor:1.0]]
[2022.04.25-18.36.11:368][  0]LogConfig: Setting CVar [[r.DistanceFieldShadowing:1]]
[2022.04.25-18.36.11:368][  0]LogConfig: Setting CVar [[r.DistanceFieldAO:1]]
[2022.04.25-18.36.11:368][  0]LogConfig: Setting CVar [[r.AOQuality:2]]
[2022.04.25-18.36.11:368][  0]LogConfig: Setting CVar [[r.VolumetricFog:1]]
[2022.04.25-18.36.11:368][  0]LogConfig: Setting CVar [[r.VolumetricFog.GridPixelSize:8]]
[2022.04.25-18.36.11:368][  0]LogConfig: Setting CVar [[r.VolumetricFog.GridSizeZ:128]]
[2022.04.25-18.36.11:368][  0]LogConfig: Setting CVar [[r.VolumetricFog.HistoryMissSupersampleCount:4]]
[2022.04.25-18.36.11:368][  0]LogConfig: Setting CVar [[r.LightMaxDrawDistanceScale:1]]
[2022.04.25-18.36.11:368][  0]LogConfig: Setting CVar [[r.CapsuleShadows:1]]
[2022.04.25-18.36.11:368][  0]LogConfig: Applying CVar settings from Section [PostProcessQuality@3] File [E:/DEV Unreal/ShooterGame/ShooterGame/Shooter/Saved/Config/Windows/Scalability.ini]
[2022.04.25-18.36.11:368][  0]LogConfig: Setting CVar [[r.MotionBlurQuality:4]]
[2022.04.25-18.36.11:368][  0]LogConfig: Setting CVar [[r.AmbientOcclusionMipLevelFactor:0.4]]
[2022.04.25-18.36.11:368][  0]LogConfig: Setting CVar [[r.AmbientOcclusionMaxQuality:100]]
[2022.04.25-18.36.11:369][  0]LogConfig: Setting CVar [[r.AmbientOcclusionLevels:-1]]
[2022.04.25-18.36.11:369][  0]LogConfig: Setting CVar [[r.AmbientOcclusionRadiusScale:1.0]]
[2022.04.25-18.36.11:369][  0]LogConfig: Setting CVar [[r.DepthOfFieldQuality:2]]
[2022.04.25-18.36.11:369][  0]LogConfig: Setting CVar [[r.RenderTargetPoolMin:400]]
[2022.04.25-18.36.11:369][  0]LogConfig: Setting CVar [[r.LensFlareQuality:2]]
[2022.04.25-18.36.11:369][  0]LogConfig: Setting CVar [[r.SceneColorFringeQuality:1]]
[2022.04.25-18.36.11:369][  0]LogConfig: Setting CVar [[r.EyeAdaptationQuality:2]]
[2022.04.25-18.36.11:369][  0]LogConfig: Setting CVar [[r.BloomQuality:5]]
[2022.04.25-18.36.11:369][  0]LogConfig: Setting CVar [[r.FastBlurThreshold:100]]
[2022.04.25-18.36.11:369][  0]LogConfig: Setting CVar [[r.Upscale.Quality:3]]
[2022.04.25-18.36.11:369][  0]LogConfig: Setting CVar [[r.Tonemapper.GrainQuantization:1]]
[2022.04.25-18.36.11:369][  0]LogConfig: Setting CVar [[r.LightShaftQuality:1]]
[2022.04.25-18.36.11:369][  0]LogConfig: Setting CVar [[r.Filter.SizeScale:1]]
[2022.04.25-18.36.11:369][  0]LogConfig: Setting CVar [[r.Tonemapper.Quality:5]]
[2022.04.25-18.36.11:369][  0]LogConfig: Setting CVar [[r.DOF.Gather.AccumulatorQuality:1        ; higher gathering accumulator quality]]
[2022.04.25-18.36.11:369][  0]LogConfig: Setting CVar [[r.DOF.Gather.PostfilterMethod:1          ; Median3x3 postfilering method]]
[2022.04.25-18.36.11:369][  0]LogConfig: Setting CVar [[r.DOF.Gather.EnableBokehSettings:0       ; no bokeh simulation when gathering]]
[2022.04.25-18.36.11:369][  0]LogConfig: Setting CVar [[r.DOF.Gather.RingCount:4                 ; medium number of samples when gathering]]
[2022.04.25-18.36.11:369][  0]LogConfig: Setting CVar [[r.DOF.Scatter.ForegroundCompositing:1    ; additive foreground scattering]]
[2022.04.25-18.36.11:369][  0]LogConfig: Setting CVar [[r.DOF.Scatter.BackgroundCompositing:2    ; additive background scattering]]
[2022.04.25-18.36.11:369][  0]LogConfig: Setting CVar [[r.DOF.Scatter.EnableBokehSettings:1      ; bokeh simulation when scattering]]
[2022.04.25-18.36.11:369][  0]LogConfig: Setting CVar [[r.DOF.Scatter.MaxSpriteRatio:0.1         ; only a maximum of 10% of scattered bokeh]]
[2022.04.25-18.36.11:369][  0]LogConfig: Setting CVar [[r.DOF.Recombine.Quality:1                ; cheap slight out of focus]]
[2022.04.25-18.36.11:369][  0]LogConfig: Setting CVar [[r.DOF.Recombine.EnableBokehSettings:0    ; no bokeh simulation on slight out of focus]]
[2022.04.25-18.36.11:369][  0]LogConfig: Setting CVar [[r.DOF.TemporalAAQuality:1                ; more stable temporal accumulation]]
[2022.04.25-18.36.11:369][  0]LogConfig: Setting CVar [[r.DOF.Kernel.MaxForegroundRadius:0.025]]
[2022.04.25-18.36.11:369][  0]LogConfig: Setting CVar [[r.DOF.Kernel.MaxBackgroundRadius:0.025]]
[2022.04.25-18.36.11:369][  0]LogConfig: Applying CVar settings from Section [TextureQuality@3] File [E:/DEV Unreal/ShooterGame/ShooterGame/Shooter/Saved/Config/Windows/Scalability.ini]
[2022.04.25-18.36.11:369][  0]LogConfig: Setting CVar [[r.Streaming.MipBias:0]]
[2022.04.25-18.36.11:369][  0]LogConfig: Setting CVar [[r.Streaming.AmortizeCPUToGPUCopy:0]]
[2022.04.25-18.36.11:369][  0]LogConfig: Setting CVar [[r.Streaming.MaxNumTexturesToStreamPerFrame:0]]
[2022.04.25-18.36.11:369][  0]LogConfig: Setting CVar [[r.Streaming.Boost:1]]
[2022.04.25-18.36.11:369][  0]LogConfig: Setting CVar [[r.MaxAnisotropy:8]]
[2022.04.25-18.36.11:369][  0]LogConfig: Setting CVar [[r.VT.MaxAnisotropy:8]]
[2022.04.25-18.36.11:369][  0]LogConfig: Setting CVar [[r.Streaming.LimitPoolSizeToVRAM:0]]
[2022.04.25-18.36.11:369][  0]LogConfig: Setting CVar [[r.Streaming.PoolSize:1000]]
[2022.04.25-18.36.11:369][  0]LogConfig: Setting CVar [[r.Streaming.MaxEffectiveScreenSize:0]]
[2022.04.25-18.36.11:369][  0]LogConfig: Applying CVar settings from Section [EffectsQuality@3] File [E:/DEV Unreal/ShooterGame/ShooterGame/Shooter/Saved/Config/Windows/Scalability.ini]
[2022.04.25-18.36.11:369][  0]LogConfig: Setting CVar [[r.TranslucencyLightingVolumeDim:64]]
[2022.04.25-18.36.11:369][  0]LogConfig: Setting CVar [[r.RefractionQuality:2]]
[2022.04.25-18.36.11:369][  0]LogConfig: Setting CVar [[r.SSR.Quality:3]]
[2022.04.25-18.36.11:369][  0]LogConfig: Setting CVar [[r.SSR.HalfResSceneColor:0]]
[2022.04.25-18.36.11:369][  0]LogConfig: Setting CVar [[r.SceneColorFormat:4]]
[2022.04.25-18.36.11:369][  0]LogConfig: Setting CVar [[r.DetailMode:2]]
[2022.04.25-18.36.11:369][  0]LogConfig: Setting CVar [[r.TranslucencyVolumeBlur:1]]
[2022.04.25-18.36.11:369][  0]LogConfig: Setting CVar [[r.MaterialQualityLevel:1 ; High quality]]
[2022.04.25-18.36.11:369][  0]LogConfig: Setting CVar [[r.AnisotropicMaterials:1]]
[2022.04.25-18.36.11:369][  0]LogConfig: Setting CVar [[r.SSS.Scale:1]]
[2022.04.25-18.36.11:369][  0]LogConfig: Setting CVar [[r.SSS.SampleSet:2]]
[2022.04.25-18.36.11:369][  0]LogConfig: Setting CVar [[r.SSS.Quality:1]]
[2022.04.25-18.36.11:369][  0]LogConfig: Setting CVar [[r.SSS.HalfRes:0]]
[2022.04.25-18.36.11:369][  0]LogConfig: Setting CVar [[r.SSGI.Quality:3]]
[2022.04.25-18.36.11:369][  0]LogConfig: Setting CVar [[r.EmitterSpawnRateScale:1.0]]
[2022.04.25-18.36.11:369][  0]LogConfig: Setting CVar [[r.ParticleLightQuality:2]]
[2022.04.25-18.36.11:369][  0]LogConfig: Setting CVar [[r.SkyAtmosphere.AerialPerspectiveLUT.FastApplyOnOpaque:1 ; Always have FastSkyLUT 1 in this case to avoid wrong sky]]
[2022.04.25-18.36.11:369][  0]LogConfig: Setting CVar [[r.SkyAtmosphere.AerialPerspectiveLUT.SampleCountMaxPerSlice:4]]
[2022.04.25-18.36.11:369][  0]LogConfig: Setting CVar [[r.SkyAtmosphere.AerialPerspectiveLUT.DepthResolution:16.0]]
[2022.04.25-18.36.11:369][  0]LogConfig: Setting CVar [[r.SkyAtmosphere.FastSkyLUT:1]]
[2022.04.25-18.36.11:369][  0]LogConfig: Setting CVar [[r.SkyAtmosphere.FastSkyLUT.SampleCountMin:4.0]]
[2022.04.25-18.36.11:369][  0]LogConfig: Setting CVar [[r.SkyAtmosphere.FastSkyLUT.SampleCountMax:128.0]]
[2022.04.25-18.36.11:369][  0]LogConfig: Setting CVar [[r.SkyAtmosphere.SampleCountMin:4.0]]
[2022.04.25-18.36.11:369][  0]LogConfig: Setting CVar [[r.SkyAtmosphere.SampleCountMax:128.0]]
[2022.04.25-18.36.11:369][  0]LogConfig: Setting CVar [[r.SkyAtmosphere.TransmittanceLUT.UseSmallFormat:0]]
[2022.04.25-18.36.11:369][  0]LogConfig: Setting CVar [[r.SkyAtmosphere.TransmittanceLUT.SampleCount:10.0]]
[2022.04.25-18.36.11:369][  0]LogConfig: Setting CVar [[r.SkyAtmosphere.MultiScatteringLUT.SampleCount:15.0]]
[2022.04.25-18.36.11:369][  0]LogConfig: Setting CVar [[r.SkyLight.RealTimeReflectionCapture:1]]
[2022.04.25-18.36.11:369][  0]LogConfig: Applying CVar settings from Section [FoliageQuality@3] File [E:/DEV Unreal/ShooterGame/ShooterGame/Shooter/Saved/Config/Windows/Scalability.ini]
[2022.04.25-18.36.11:369][  0]LogConfig: Setting CVar [[foliage.DensityScale:1.0]]
[2022.04.25-18.36.11:369][  0]LogConfig: Setting CVar [[grass.DensityScale:1.0]]
[2022.04.25-18.36.11:369][  0]LogConfig: Applying CVar settings from Section [ShadingQuality@3] File [E:/DEV Unreal/ShooterGame/ShooterGame/Shooter/Saved/Config/Windows/Scalability.ini]
[2022.04.25-18.36.11:369][  0]LogConfig: Setting CVar [[r.HairStrands.SkyLighting.IntegrationType:2]]
[2022.04.25-18.36.11:369][  0]LogConfig: Setting CVar [[r.HairStrands.SkyAO.SampleCount:4]]
[2022.04.25-18.36.11:369][  0]LogConfig: Setting CVar [[r.HairStrands.Visibility.MSAA.SamplePerPixel:4]]
[2022.04.25-18.36.11:370][  0]LogInit: Selected Device Profile: [Windows]
[2022.04.25-18.36.11:370][  0]LogInit: Applying CVar settings loaded from the selected device profile: [Windows]
[2022.04.25-18.36.11:370][  0]LogHAL: Display: Platform has ~ 32 GB [34282221568 / 34359738368 / 32], which maps to Largest [LargestMinGB=32, LargerMinGB=12, DefaultMinGB=8, SmallerMinGB=6, SmallestMinGB=0)
[2022.04.25-18.36.11:370][  0]LogInit: Going up to parent DeviceProfile []
[2022.04.25-18.36.11:370][  0]LogConfig: Applying CVar settings from Section [ViewDistanceQuality@3] File [E:/DEV Unreal/ShooterGame/ShooterGame/Shooter/Saved/Config/Windows/Scalability.ini]
[2022.04.25-18.36.11:370][  0]LogConfig: Setting CVar [[r.SkeletalMeshLODBias:0]]
[2022.04.25-18.36.11:370][  0]LogConfig: Setting CVar [[r.ViewDistanceScale:1.0]]
[2022.04.25-18.36.11:370][  0]LogConfig: Applying CVar settings from Section [AntiAliasingQuality@3] File [E:/DEV Unreal/ShooterGame/ShooterGame/Shooter/Saved/Config/Windows/Scalability.ini]
[2022.04.25-18.36.11:370][  0]LogConfig: Setting CVar [[r.PostProcessAAQuality:4]]
[2022.04.25-18.36.11:370][  0]LogConfig: Applying CVar settings from Section [ShadowQuality@3] File [E:/DEV Unreal/ShooterGame/ShooterGame/Shooter/Saved/Config/Windows/Scalability.ini]
[2022.04.25-18.36.11:370][  0]LogConfig: Setting CVar [[r.LightFunctionQuality:1]]
[2022.04.25-18.36.11:370][  0]LogConfig: Setting CVar [[r.ShadowQuality:5]]
[2022.04.25-18.36.11:370][  0]LogConfig: Setting CVar [[r.Shadow.CSM.MaxCascades:10]]
[2022.04.25-18.36.11:370][  0]LogConfig: Setting CVar [[r.Shadow.MaxResolution:2048]]
[2022.04.25-18.36.11:370][  0]LogConfig: Setting CVar [[r.Shadow.MaxCSMResolution:2048]]
[2022.04.25-18.36.11:370][  0]LogConfig: Setting CVar [[r.Shadow.RadiusThreshold:0.01]]
[2022.04.25-18.36.11:370][  0]LogConfig: Setting CVar [[r.Shadow.DistanceScale:1.0]]
[2022.04.25-18.36.11:370][  0]LogConfig: Setting CVar [[r.Shadow.CSM.TransitionScale:1.0]]
[2022.04.25-18.36.11:370][  0]LogConfig: Setting CVar [[r.Shadow.PreShadowResolutionFactor:1.0]]
[2022.04.25-18.36.11:370][  0]LogConfig: Setting CVar [[r.DistanceFieldShadowing:1]]
[2022.04.25-18.36.11:370][  0]LogConfig: Setting CVar [[r.DistanceFieldAO:1]]
[2022.04.25-18.36.11:370][  0]LogConfig: Setting CVar [[r.AOQuality:2]]
[2022.04.25-18.36.11:370][  0]LogConfig: Setting CVar [[r.VolumetricFog:1]]
[2022.04.25-18.36.11:370][  0]LogConfig: Setting CVar [[r.VolumetricFog.GridPixelSize:8]]
[2022.04.25-18.36.11:370][  0]LogConfig: Setting CVar [[r.VolumetricFog.GridSizeZ:128]]
[2022.04.25-18.36.11:370][  0]LogConfig: Setting CVar [[r.VolumetricFog.HistoryMissSupersampleCount:4]]
[2022.04.25-18.36.11:370][  0]LogConfig: Setting CVar [[r.LightMaxDrawDistanceScale:1]]
[2022.04.25-18.36.11:370][  0]LogConfig: Setting CVar [[r.CapsuleShadows:1]]
[2022.04.25-18.36.11:370][  0]LogConfig: Applying CVar settings from Section [PostProcessQuality@3] File [E:/DEV Unreal/ShooterGame/ShooterGame/Shooter/Saved/Config/Windows/Scalability.ini]
[2022.04.25-18.36.11:370][  0]LogConfig: Setting CVar [[r.MotionBlurQuality:4]]
[2022.04.25-18.36.11:370][  0]LogConfig: Setting CVar [[r.AmbientOcclusionMipLevelFactor:0.4]]
[2022.04.25-18.36.11:370][  0]LogConfig: Setting CVar [[r.AmbientOcclusionMaxQuality:100]]
[2022.04.25-18.36.11:370][  0]LogConfig: Setting CVar [[r.AmbientOcclusionLevels:-1]]
[2022.04.25-18.36.11:370][  0]LogConfig: Setting CVar [[r.AmbientOcclusionRadiusScale:1.0]]
[2022.04.25-18.36.11:370][  0]LogConfig: Setting CVar [[r.DepthOfFieldQuality:2]]
[2022.04.25-18.36.11:370][  0]LogConfig: Setting CVar [[r.RenderTargetPoolMin:400]]
[2022.04.25-18.36.11:370][  0]LogConfig: Setting CVar [[r.LensFlareQuality:2]]
[2022.04.25-18.36.11:370][  0]LogConfig: Setting CVar [[r.SceneColorFringeQuality:1]]
[2022.04.25-18.36.11:370][  0]LogConfig: Setting CVar [[r.EyeAdaptationQuality:2]]
[2022.04.25-18.36.11:370][  0]LogConfig: Setting CVar [[r.BloomQuality:5]]
[2022.04.25-18.36.11:370][  0]LogConfig: Setting CVar [[r.FastBlurThreshold:100]]
[2022.04.25-18.36.11:370][  0]LogConfig: Setting CVar [[r.Upscale.Quality:3]]
[2022.04.25-18.36.11:370][  0]LogConfig: Setting CVar [[r.Tonemapper.GrainQuantization:1]]
[2022.04.25-18.36.11:370][  0]LogConfig: Setting CVar [[r.LightShaftQuality:1]]
[2022.04.25-18.36.11:370][  0]LogConfig: Setting CVar [[r.Filter.SizeScale:1]]
[2022.04.25-18.36.11:370][  0]LogConfig: Setting CVar [[r.Tonemapper.Quality:5]]
[2022.04.25-18.36.11:370][  0]LogConfig: Setting CVar [[r.DOF.Gather.AccumulatorQuality:1        ; higher gathering accumulator quality]]
[2022.04.25-18.36.11:370][  0]LogConfig: Setting CVar [[r.DOF.Gather.PostfilterMethod:1          ; Median3x3 postfilering method]]
[2022.04.25-18.36.11:370][  0]LogConfig: Setting CVar [[r.DOF.Gather.EnableBokehSettings:0       ; no bokeh simulation when gathering]]
[2022.04.25-18.36.11:370][  0]LogConfig: Setting CVar [[r.DOF.Gather.RingCount:4                 ; medium number of samples when gathering]]
[2022.04.25-18.36.11:370][  0]LogConfig: Setting CVar [[r.DOF.Scatter.ForegroundCompositing:1    ; additive foreground scattering]]
[2022.04.25-18.36.11:370][  0]LogConfig: Setting CVar [[r.DOF.Scatter.BackgroundCompositing:2    ; additive background scattering]]
[2022.04.25-18.36.11:370][  0]LogConfig: Setting CVar [[r.DOF.Scatter.EnableBokehSettings:1      ; bokeh simulation when scattering]]
[2022.04.25-18.36.11:370][  0]LogConfig: Setting CVar [[r.DOF.Scatter.MaxSpriteRatio:0.1         ; only a maximum of 10% of scattered bokeh]]
[2022.04.25-18.36.11:370][  0]LogConfig: Setting CVar [[r.DOF.Recombine.Quality:1                ; cheap slight out of focus]]
[2022.04.25-18.36.11:370][  0]LogConfig: Setting CVar [[r.DOF.Recombine.EnableBokehSettings:0    ; no bokeh simulation on slight out of focus]]
[2022.04.25-18.36.11:370][  0]LogConfig: Setting CVar [[r.DOF.TemporalAAQuality:1                ; more stable temporal accumulation]]
[2022.04.25-18.36.11:370][  0]LogConfig: Setting CVar [[r.DOF.Kernel.MaxForegroundRadius:0.025]]
[2022.04.25-18.36.11:370][  0]LogConfig: Setting CVar [[r.DOF.Kernel.MaxBackgroundRadius:0.025]]
[2022.04.25-18.36.11:370][  0]LogConfig: Applying CVar settings from Section [TextureQuality@3] File [E:/DEV Unreal/ShooterGame/ShooterGame/Shooter/Saved/Config/Windows/Scalability.ini]
[2022.04.25-18.36.11:370][  0]LogConfig: Setting CVar [[r.Streaming.MipBias:0]]
[2022.04.25-18.36.11:370][  0]LogConfig: Setting CVar [[r.Streaming.AmortizeCPUToGPUCopy:0]]
[2022.04.25-18.36.11:370][  0]LogConfig: Setting CVar [[r.Streaming.MaxNumTexturesToStreamPerFrame:0]]
[2022.04.25-18.36.11:370][  0]LogConfig: Setting CVar [[r.Streaming.Boost:1]]
[2022.04.25-18.36.11:370][  0]LogConfig: Setting CVar [[r.MaxAnisotropy:8]]
[2022.04.25-18.36.11:370][  0]LogConfig: Setting CVar [[r.VT.MaxAnisotropy:8]]
[2022.04.25-18.36.11:370][  0]LogConfig: Setting CVar [[r.Streaming.LimitPoolSizeToVRAM:0]]
[2022.04.25-18.36.11:371][  0]LogConfig: Setting CVar [[r.Streaming.PoolSize:1000]]
[2022.04.25-18.36.11:371][  0]LogConfig: Setting CVar [[r.Streaming.MaxEffectiveScreenSize:0]]
[2022.04.25-18.36.11:371][  0]LogConfig: Applying CVar settings from Section [EffectsQuality@3] File [E:/DEV Unreal/ShooterGame/ShooterGame/Shooter/Saved/Config/Windows/Scalability.ini]
[2022.04.25-18.36.11:371][  0]LogConfig: Setting CVar [[r.TranslucencyLightingVolumeDim:64]]
[2022.04.25-18.36.11:371][  0]LogConfig: Setting CVar [[r.RefractionQuality:2]]
[2022.04.25-18.36.11:371][  0]LogConfig: Setting CVar [[r.SSR.Quality:3]]
[2022.04.25-18.36.11:371][  0]LogConfig: Setting CVar [[r.SSR.HalfResSceneColor:0]]
[2022.04.25-18.36.11:371][  0]LogConfig: Setting CVar [[r.SceneColorFormat:4]]
[2022.04.25-18.36.11:371][  0]LogConfig: Setting CVar [[r.DetailMode:2]]
[2022.04.25-18.36.11:371][  0]LogConfig: Setting CVar [[r.TranslucencyVolumeBlur:1]]
[2022.04.25-18.36.11:371][  0]LogConfig: Setting CVar [[r.MaterialQualityLevel:1 ; High quality]]
[2022.04.25-18.36.11:371][  0]LogConfig: Setting CVar [[r.AnisotropicMaterials:1]]
[2022.04.25-18.36.11:371][  0]LogConfig: Setting CVar [[r.SSS.Scale:1]]
[2022.04.25-18.36.11:371][  0]LogConfig: Setting CVar [[r.SSS.SampleSet:2]]
[2022.04.25-18.36.11:371][  0]LogConfig: Setting CVar [[r.SSS.Quality:1]]
[2022.04.25-18.36.11:371][  0]LogConfig: Setting CVar [[r.SSS.HalfRes:0]]
[2022.04.25-18.36.11:371][  0]LogConfig: Setting CVar [[r.SSGI.Quality:3]]
[2022.04.25-18.36.11:371][  0]LogConfig: Setting CVar [[r.EmitterSpawnRateScale:1.0]]
[2022.04.25-18.36.11:371][  0]LogConfig: Setting CVar [[r.ParticleLightQuality:2]]
[2022.04.25-18.36.11:371][  0]LogConfig: Setting CVar [[r.SkyAtmosphere.AerialPerspectiveLUT.FastApplyOnOpaque:1 ; Always have FastSkyLUT 1 in this case to avoid wrong sky]]
[2022.04.25-18.36.11:371][  0]LogConfig: Setting CVar [[r.SkyAtmosphere.AerialPerspectiveLUT.SampleCountMaxPerSlice:4]]
[2022.04.25-18.36.11:371][  0]LogConfig: Setting CVar [[r.SkyAtmosphere.AerialPerspectiveLUT.DepthResolution:16.0]]
[2022.04.25-18.36.11:371][  0]LogConfig: Setting CVar [[r.SkyAtmosphere.FastSkyLUT:1]]
[2022.04.25-18.36.11:371][  0]LogConfig: Setting CVar [[r.SkyAtmosphere.FastSkyLUT.SampleCountMin:4.0]]
[2022.04.25-18.36.11:371][  0]LogConfig: Setting CVar [[r.SkyAtmosphere.FastSkyLUT.SampleCountMax:128.0]]
[2022.04.25-18.36.11:371][  0]LogConfig: Setting CVar [[r.SkyAtmosphere.SampleCountMin:4.0]]
[2022.04.25-18.36.11:371][  0]LogConfig: Setting CVar [[r.SkyAtmosphere.SampleCountMax:128.0]]
[2022.04.25-18.36.11:371][  0]LogConfig: Setting CVar [[r.SkyAtmosphere.TransmittanceLUT.UseSmallFormat:0]]
[2022.04.25-18.36.11:371][  0]LogConfig: Setting CVar [[r.SkyAtmosphere.TransmittanceLUT.SampleCount:10.0]]
[2022.04.25-18.36.11:371][  0]LogConfig: Setting CVar [[r.SkyAtmosphere.MultiScatteringLUT.SampleCount:15.0]]
[2022.04.25-18.36.11:371][  0]LogConfig: Setting CVar [[r.SkyLight.RealTimeReflectionCapture:1]]
[2022.04.25-18.36.11:371][  0]LogConfig: Applying CVar settings from Section [FoliageQuality@3] File [E:/DEV Unreal/ShooterGame/ShooterGame/Shooter/Saved/Config/Windows/Scalability.ini]
[2022.04.25-18.36.11:371][  0]LogConfig: Setting CVar [[foliage.DensityScale:1.0]]
[2022.04.25-18.36.11:371][  0]LogConfig: Setting CVar [[grass.DensityScale:1.0]]
[2022.04.25-18.36.11:371][  0]LogConfig: Applying CVar settings from Section [ShadingQuality@3] File [E:/DEV Unreal/ShooterGame/ShooterGame/Shooter/Saved/Config/Windows/Scalability.ini]
[2022.04.25-18.36.11:371][  0]LogConfig: Setting CVar [[r.HairStrands.SkyLighting.IntegrationType:2]]
[2022.04.25-18.36.11:371][  0]LogConfig: Setting CVar [[r.HairStrands.SkyAO.SampleCount:4]]
[2022.04.25-18.36.11:371][  0]LogConfig: Setting CVar [[r.HairStrands.Visibility.MSAA.SamplePerPixel:4]]
[2022.04.25-18.36.11:371][  0]LogConfig: Applying CVar settings from Section [Startup] File [../../../Engine/Config/ConsoleVariables.ini]
[2022.04.25-18.36.11:371][  0]LogConfig: Setting CVar [[net.UseAdaptiveNetUpdateFrequency:0]]
[2022.04.25-18.36.11:371][  0]LogConfig: Setting CVar [[p.chaos.AllowCreatePhysxBodies:1]]
[2022.04.25-18.36.11:371][  0]LogConfig: Setting CVar [[fx.SkipVectorVMBackendOptimizations:1]]
[2022.04.25-18.36.11:371][  0]LogConfig: Applying CVar settings from Section [ConsoleVariables] File [E:/DEV Unreal/ShooterGame/ShooterGame/Shooter/Saved/Config/Windows/Engine.ini]
[2022.04.25-18.36.11:371][  0]LogConfig: Applying CVar settings from Section [ConsoleVariables] File [E:/DEV Unreal/ShooterGame/ShooterGame/Shooter/Saved/Config/Windows/Editor.ini]
[2022.04.25-18.36.11:371][  0]LogInit: Computer: DESKTOP-PATULNA
[2022.04.25-18.36.11:371][  0]LogInit: User: Pablo
[2022.04.25-18.36.11:371][  0]LogInit: CPU Page size=4096, Cores=6
[2022.04.25-18.36.11:371][  0]LogInit: High frequency timer resolution =10.000000 MHz
[2022.04.25-18.36.11:371][  0]LogMemory: Memory total: Physical=31.9GB (32GB approx)
[2022.04.25-18.36.11:371][  0]LogMemory: Platform Memory Stats for Windows
[2022.04.25-18.36.11:371][  0]LogMemory: Process Physical Memory: 142.02 MB used, 142.02 MB peak
[2022.04.25-18.36.11:371][  0]LogMemory: Process Virtual Memory: 121.03 MB used, 121.03 MB peak
[2022.04.25-18.36.11:371][  0]LogMemory: Physical Memory: 13791.43 MB used,  18902.65 MB free, 32694.07 MB total
[2022.04.25-18.36.11:371][  0]LogMemory: Virtual Memory: 134197384.00 MB used,  20343.31 MB free, 134217728.00 MB total
[2022.04.25-18.36.11:379][  0]LogWindows: WindowsPlatformFeatures enabled
[2022.04.25-18.36.11:423][  0]LogInit: Physics initialised using underlying interface: PhysX
[2022.04.25-18.36.11:424][  0]LogInit: Overriding language with editor language configuration option (en-US).
[2022.04.25-18.36.11:424][  0]LogInit: Overriding language with editor locale configuration option (en).
[2022.04.25-18.36.11:425][  0]LogTextLocalizationManager: No specific localization for 'en-US' exists, so the 'en' localization will be used.
[2022.04.25-18.36.11:580][  0]LogInit: Setting process to per monitor DPI aware
[2022.04.25-18.36.11:593][  0]LogWindowsTextInputMethodSystem: Display: IME system deactivated.
[2022.04.25-18.36.11:606][  0]LogSlate: New Slate User Created.  User Index 0, Is Virtual User: 0
[2022.04.25-18.36.11:606][  0]LogSlate: Slate User Registered.  User Index 0, Is Virtual User: 0
[2022.04.25-18.36.11:717][  0]LogD3D11RHI: Loaded GFSDK_Aftermath_Lib.x64.dll
[2022.04.25-18.36.11:720][  0]LogHMD: Failed to initialize OpenVR with code 110
[2022.04.25-18.36.11:720][  0]LogD3D11RHI: D3D11 min allowed feature level: 11_0
[2022.04.25-18.36.11:720][  0]LogD3D11RHI: D3D11 max allowed feature level: 11_0
[2022.04.25-18.36.11:720][  0]LogD3D11RHI: D3D11 adapters:
[2022.04.25-18.36.11:831][  0]LogD3D11RHI:    0. 'NVIDIA GeForce GTX 1070 Ti' (Feature Level 11_0)
[2022.04.25-18.36.11:831][  0]LogD3D11RHI:       8079/0/16347 MB DedicatedVideo/DedicatedSystem/SharedSystem, Outputs:2, VendorId:0x10de
[2022.04.25-18.36.11:833][  0]LogD3D11RHI:    1. 'Microsoft Basic Render Driver' (Feature Level 11_0)
[2022.04.25-18.36.11:833][  0]LogD3D11RHI:       0/0/16347 MB DedicatedVideo/DedicatedSystem/SharedSystem, Outputs:0, VendorId:0x1414
[2022.04.25-18.36.11:833][  0]LogD3D11RHI: Chosen D3D11 Adapter:
[2022.04.25-18.36.11:833][  0]LogD3D11RHI:     Description : NVIDIA GeForce GTX 1070 Ti
[2022.04.25-18.36.11:833][  0]LogD3D11RHI:     VendorId    : 10de
[2022.04.25-18.36.11:833][  0]LogD3D11RHI:     DeviceId    : 1b82
[2022.04.25-18.36.11:833][  0]LogD3D11RHI:     SubSysId    : c3041462
[2022.04.25-18.36.11:833][  0]LogD3D11RHI:     Revision    : 00a1
[2022.04.25-18.36.11:833][  0]LogD3D11RHI:     DedicatedVideoMemory : 8471445504 bytes
[2022.04.25-18.36.11:833][  0]LogD3D11RHI:     DedicatedSystemMemory : 0 bytes
[2022.04.25-18.36.11:833][  0]LogD3D11RHI:     SharedSystemMemory : 17141110784 bytes
[2022.04.25-18.36.11:833][  0]LogD3D11RHI:     AdapterLuid : 0 55462
[2022.04.25-18.36.11:838][  0]LogD3D11RHI: Creating new Direct3DDevice
[2022.04.25-18.36.11:838][  0]LogD3D11RHI:     GPU DeviceId: 0x1b82 (for the marketing name, search the web for "GPU Device Id")
[2022.04.25-18.36.11:838][  0]LogWindows: EnumDisplayDevices:
[2022.04.25-18.36.11:838][  0]LogWindows:    0. 'NVIDIA GeForce GTX 1070 Ti' (P:0 D:1)
[2022.04.25-18.36.11:839][  0]LogWindows:    1. 'NVIDIA GeForce GTX 1070 Ti' (P:1 D:1)
[2022.04.25-18.36.11:839][  0]LogWindows:    2. 'NVIDIA GeForce GTX 1070 Ti' (P:0 D:0)
[2022.04.25-18.36.11:839][  0]LogWindows:    3. 'NVIDIA GeForce GTX 1070 Ti' (P:0 D:0)
[2022.04.25-18.36.11:839][  0]LogWindows: DebugString: FoundDriverCount:4 
[2022.04.25-18.36.11:839][  0]LogD3D11RHI:     Adapter Name: NVIDIA GeForce GTX 1070 Ti
[2022.04.25-18.36.11:839][  0]LogD3D11RHI:   Driver Version: 472.12 (internal:30.0.14.7212, unified:472.12)
[2022.04.25-18.36.11:839][  0]LogD3D11RHI:      Driver Date: 9-13-2021
[2022.04.25-18.36.11:839][  0]LogRHI: Texture pool is 5655 MB (70% of 8079 MB)
[2022.04.25-18.36.11:840][  0]LogD3D11RHI: Creating D3DDevice using adapter:
[2022.04.25-18.36.11:840][  0]LogD3D11RHI:     Description : NVIDIA GeForce GTX 1070 Ti
[2022.04.25-18.36.11:840][  0]LogD3D11RHI:     VendorId    : 10de
[2022.04.25-18.36.11:840][  0]LogD3D11RHI:     DeviceId    : 1b82
[2022.04.25-18.36.11:840][  0]LogD3D11RHI:     SubSysId    : c3041462
[2022.04.25-18.36.11:840][  0]LogD3D11RHI:     Revision    : 00a1
[2022.04.25-18.36.11:840][  0]LogD3D11RHI:     DedicatedVideoMemory : 8471445504 bytes
[2022.04.25-18.36.11:840][  0]LogD3D11RHI:     DedicatedSystemMemory : 0 bytes
[2022.04.25-18.36.11:840][  0]LogD3D11RHI:     SharedSystemMemory : 17141110784 bytes
[2022.04.25-18.36.11:840][  0]LogD3D11RHI:     AdapterLuid : 0 55462
[2022.04.25-18.36.11:908][  0]LogD3D11RHI: RHI has support for 64 bit atomics
[2022.04.25-18.36.11:908][  0]LogD3D11RHI: Async texture creation enabled
[2022.04.25-18.36.11:908][  0]LogD3D11RHI: Array index from any shader is supported
[2022.04.25-18.36.11:930][  0]LogD3D11RHI: GPU Timing Frequency: 1000.000000 (Debug: 2 1)
[2022.04.25-18.36.11:983][  0]LogRHI: GeForceNow SDK initialized: 1
[2022.04.25-18.36.12:243][  0]LogTargetPlatformManager: Display: Loaded TargetPlatform 'AllDesktop'
[2022.04.25-18.36.12:259][  0]LogTargetPlatformManager: Display: Loaded TargetPlatform 'Android'
[2022.04.25-18.36.12:259][  0]LogTargetPlatformManager: Display: Loaded TargetPlatform 'Android_ASTC'
[2022.04.25-18.36.12:259][  0]LogTargetPlatformManager: Display: Loaded TargetPlatform 'Android_DXT'
[2022.04.25-18.36.12:259][  0]LogTargetPlatformManager: Display: Loaded TargetPlatform 'Android_ETC2'
[2022.04.25-18.36.12:259][  0]LogTargetPlatformManager: Display: Loaded TargetPlatform 'AndroidClient'
[2022.04.25-18.36.12:259][  0]LogTargetPlatformManager: Display: Loaded TargetPlatform 'Android_ASTCClient'
[2022.04.25-18.36.12:259][  0]LogTargetPlatformManager: Display: Loaded TargetPlatform 'Android_DXTClient'
[2022.04.25-18.36.12:259][  0]LogTargetPlatformManager: Display: Loaded TargetPlatform 'Android_ETC2Client'
[2022.04.25-18.36.12:259][  0]LogTargetPlatformManager: Display: Loaded TargetPlatform 'Android_Multi'
[2022.04.25-18.36.12:259][  0]LogTargetPlatformManager: Display: Loaded TargetPlatform 'Android_MultiClient'
[2022.04.25-18.36.12:273][  0]LogTargetPlatformManager: Display: Loaded TargetPlatform 'IOSClient'
[2022.04.25-18.36.12:273][  0]LogTargetPlatformManager: Display: Loaded TargetPlatform 'IOS'
[2022.04.25-18.36.12:280][  0]LogTargetPlatformManager: Display: Loaded TargetPlatform 'Linux'
[2022.04.25-18.36.12:284][  0]LogTargetPlatformManager: Display: Loaded TargetPlatform 'LinuxNoEditor'
[2022.04.25-18.36.12:287][  0]LogTargetPlatformManager: Display: Loaded TargetPlatform 'LinuxClient'
[2022.04.25-18.36.12:291][  0]LogTargetPlatformManager: Display: Loaded TargetPlatform 'LinuxServer'
[2022.04.25-18.36.12:298][  0]LogTargetPlatformManager: Display: Loaded TargetPlatform 'LinuxAArch64NoEditor'
[2022.04.25-18.36.12:301][  0]LogTargetPlatformManager: Display: Loaded TargetPlatform 'LinuxAArch64Client'
[2022.04.25-18.36.12:305][  0]LogTargetPlatformManager: Display: Loaded TargetPlatform 'LinuxAArch64Server'
[2022.04.25-18.36.12:322][  0]LogTargetPlatformManager: Display: Loaded TargetPlatform 'Lumin'
[2022.04.25-18.36.12:322][  0]LogTargetPlatformManager: Display: Loaded TargetPlatform 'LuminClient'
[2022.04.25-18.36.12:329][  0]LogTargetPlatformManager: Display: Loaded TargetPlatform 'MacNoEditor'
[2022.04.25-18.36.12:332][  0]LogTargetPlatformManager: Display: Loaded TargetPlatform 'Mac'
[2022.04.25-18.36.12:336][  0]LogTargetPlatformManager: Display: Loaded TargetPlatform 'MacClient'
[2022.04.25-18.36.12:339][  0]LogTargetPlatformManager: Display: Loaded TargetPlatform 'MacServer'
[2022.04.25-18.36.12:346][  0]LogTargetPlatformManager: Display: Loaded TargetPlatform 'TVOSClient'
[2022.04.25-18.36.12:347][  0]LogTargetPlatformManager: Display: Loaded TargetPlatform 'TVOS'
[2022.04.25-18.36.12:354][  0]LogTargetPlatformManager: Display: Loaded TargetPlatform 'WindowsNoEditor'
[2022.04.25-18.36.12:357][  0]LogTargetPlatformManager: Display: Loaded TargetPlatform 'Windows'
[2022.04.25-18.36.12:361][  0]LogTargetPlatformManager: Display: Loaded TargetPlatform 'WindowsClient'
[2022.04.25-18.36.12:364][  0]LogTargetPlatformManager: Display: Loaded TargetPlatform 'WindowsServer'
[2022.04.25-18.36.12:364][  0]LogTargetPlatformManager: Display: Building Assets For Windows
[2022.04.25-18.36.12:370][  0]LogAudioDebug: Display: Lib vorbis DLL was dynamically loaded.
[2022.04.25-18.36.12:393][  0]LogTextureFormatOodle: Display: Oodle Texture 2.9.0 init RDO Off
[2022.04.25-18.36.12:420][  0]LogRendererCore: Ray tracing is disabled. Reason: r.RayTracing=0.
[2022.04.25-18.36.12:420][  0]LogShaderCompilers: Guid format shader working directory is -12 characters bigger than the processId version (../../../../../DEV Unreal/ShooterGame/ShooterGame/Shooter/Intermediate/Shaders/WorkingDirectory/24032/).
[2022.04.25-18.36.12:420][  0]LogShaderCompilers: Cleaned the shader compiler working directory 'C:/Users/Pablo/AppData/Local/Temp/UnrealShaderWorkingDir/AB6423C34DA3279D745E14A603421095/'.
[2022.04.25-18.36.12:420][  0]LogXGEController: Cannot use XGE Controller as Incredibuild is not installed on this machine.
[2022.04.25-18.36.12:420][  0]LogShaderCompilers: Cannot use XGE Shader Compiler as Incredibuild is not installed on this machine.
[2022.04.25-18.36.12:420][  0]LogShaderCompilers: Display: Using Local Shader Compiler.
[2022.04.25-18.36.13:046][  0]LogDerivedDataCache: Display: Max Cache Size: 512 MB
[2022.04.25-18.36.13:093][  0]LogDerivedDataCache: Loaded boot cache 0.05s 94MB C:/Users/Pablo/AppData/Local/UnrealEngine/4.27/DerivedDataCache/Boot.ddc.
[2022.04.25-18.36.13:093][  0]LogDerivedDataCache: Display: Loaded Boot cache: C:/Users/Pablo/AppData/Local/UnrealEngine/4.27/DerivedDataCache/Boot.ddc
[2022.04.25-18.36.13:093][  0]LogDerivedDataCache: FDerivedDataBackendGraph:  Pak pak cache file ../../../../../DEV Unreal/ShooterGame/ShooterGame/Shooter/DerivedDataCache/DDC.ddp not found, will not use a pak cache.
[2022.04.25-18.36.13:093][  0]LogDerivedDataCache: Unable to find inner node Pak for hierarchical cache Hierarchy.
[2022.04.25-18.36.13:093][  0]LogDerivedDataCache: FDerivedDataBackendGraph:  CompressedPak pak cache file ../../../../../DEV Unreal/ShooterGame/ShooterGame/Shooter/DerivedDataCache/Compressed.ddp not found, will not use a pak cache.
[2022.04.25-18.36.13:093][  0]LogDerivedDataCache: Unable to find inner node CompressedPak for hierarchical cache Hierarchy.
[2022.04.25-18.36.13:107][  0]LogDerivedDataCache: Display: Pak cache opened for reading ../../../Engine/DerivedDataCache/Compressed.ddp.
[2022.04.25-18.36.13:107][  0]LogDerivedDataCache: FDerivedDataBackendGraph:  EnterprisePak pak cache file ../../../Enterprise/DerivedDataCache/Compressed.ddp not found, will not use a pak cache.
[2022.04.25-18.36.13:107][  0]LogDerivedDataCache: Unable to find inner node EnterprisePak for hierarchical cache Hierarchy.
[2022.04.25-18.36.13:116][  0]LogDerivedDataCache: Speed tests for C:/Users/Pablo/AppData/Local/UnrealEngine/Common/DerivedDataCache took 0.01 seconds
[2022.04.25-18.36.13:116][  0]LogDerivedDataCache: Display: Performance to C:/Users/Pablo/AppData/Local/UnrealEngine/Common/DerivedDataCache: Latency=0.03ms. RandomReadSpeed=1067.38MBs, RandomWriteSpeed=123.57MBs. Assigned SpeedClass 'Local'
[2022.04.25-18.36.13:117][  0]LogDerivedDataCache: Using Local data cache path C:/Users/Pablo/AppData/Local/UnrealEngine/Common/DerivedDataCache: Writable
[2022.04.25-18.36.13:117][  0]LogDerivedDataCache: Shared data cache path not found in *engine.ini, will not use an Shared cache.
[2022.04.25-18.36.13:117][  0]LogDerivedDataCache: Unable to find inner node Shared for hierarchical cache Hierarchy.
[2022.04.25-18.36.13:155][  0]LogSlate: Using FreeType 2.10.0
[2022.04.25-18.36.13:155][  0]LogSlate: SlateFontServices - WITH_FREETYPE: 1, WITH_HARFBUZZ: 1
[2022.04.25-18.36.13:177][  0]LogAssetRegistry: FAssetRegistry took 0.0023 seconds to start up
[2022.04.25-18.36.13:357][  0]LogInit: Selected Device Profile: [Windows]
[2022.04.25-18.36.13:357][  0]LogInit: Active device profile: [0000025AAFC0C900][0000025AAC3051C0 49] Windows
[2022.04.25-18.36.13:357][  0]LogInit: Profiles: [0000025AAFC0C900][0000025AAC3051C0 49] Windows, [0000025AAFBAF700][0000025AAEBE3340 49] WindowsNoEditor, [0000025AAFC0F500][0000025AAEC1F4C0 49] WindowsServer, [0000025AAFBACE00][0000025AABB45640 49] WindowsClient, [0000025AAFC0F800][0000025AABB497C0 49] IOS, [0000025AAFBAE700][0000025AABB4D940 49] iPadAir, [0000025AAFC0E000][0000025AABB51AC0 49] iPadAir2, [0000025AB08B4A00][0000025AABB60200 49] IPadPro, [0000025AB08B4B00][0000025AABB58240 49] iPadAir3, [0000025AAFBAD800][0000025AABB643C0 49] iPadAir4, [0000025AB08B7400][0000025AABB68540 49] iPadMini2, [0000025AAFBAE900][0000025AABB926C0 49] iPadMini3, [0000025AB08B5700][0000025AAEACC800 49] iPadMini4, [0000025AAFC0D100][0000025AAF9D2940 49] iPadMini5, [0000025AB08D4300][0000025AAED98B80 49] iPhone6, [0000025AB08D4400][0000025AAED7EBC0 49] iPodTouch6, [0000025AB08A7F00][0000025AAEDA4E80 49] iPhone7, [0000025AB08A7E00][0000025AAEDA0EC0 49] iPodTouch7, [0000025AAFBAE400][0000025AAEDA9040 49] iPhone5S, [0000025AB08A5A00][0000025AAEDAD1C0 49] iPhone6Plus, [0000025AB08D4200][0000025AAEBB3340 49] iPhone6S, [0000025AB08A4600][0000025AAEBB74C0 49] iPhone6SPlus, [0000025AB08D6900][0000025AAEBBB640 49] iPhone7Plus, [0000025AB08A7100][0000025AAEBBF7C0 49] iPhoneSE, [0000025AB08D6200][0000025AAEDB1940 49] iPhone8, [0000025AB08A7B00][0000025AAEDB5AC0 49] iPhone8Plus, [0000025AB08D4800][0000025AAEDB80C0 49] iPhoneX, [0000025AB08A5600][0000025AAEDBC240 49] iPhoneXS, [0000025AB08D7C00][0000025AAC4743C0 49] iPhoneXSMax, [0000025AB08A4700][0000025AAC484540 49] iPhoneXR, [0000025AB08D5300][0000025AAC4886C0 49] iPhone11, [0000025AB08A6700][0000025AAEB30840 49] iPhone11Pro, [0000025AB08D5000][0000025AAED9C980 49] iPhone11ProMax, [0000025AB08A6A00][0000025AAEB34AC0 49] iPhoneSE2, [0000025AB08D5400][0000025AAEB3CC00 49] iPhone12Mini, [0000025AB08A6400][0000025AAED36D40 49] iPhone12, [0000025AB08D4D00][0000025AAED3EEC0 49] iPhone12Pro, [0000025AB08A6B00][0000025AAED43040 49] iPhone12ProMax, [0000025AB08D7000][0000025AAED471C0 49] iPadPro105, [0000025AB08A4200][0000025AAED4B340 49] iPadPro129, [0000025AB08D6B00][0000025AAF72F4C0 49] iPadPro97, [0000025AB08A6600][0000025AAF733640 49] iPadPro2_129, [0000025AB08D7B00][0000025AAF74B7C0 49] iPad5, [0000025AB08A6200][0000025AAF75B940 49] iPad6, [0000025AB08D4F00][0000025AABC8FAC0 49] iPad7, [0000025AB08A5D00][0000025AAEBA60C0 49] iPad8, [0000025AB08D4900][0000025AAEBAA240 49] iPadPro11, [0000025AB08A4F00][0000025AABC963C0 49] iPadPro2_11, [0000025AB08D7200][0000025AABC9A540 49] iPadPro3_129, [0000025AB08A7C00][0000025AABC9E6C0 49] iPadPro4_129, [0000025AB08D4C00][0000025AABCA2840 49] AppleTV, [0000025AB08A6100][0000025AABCA69C0 49] AppleTV4K, [0000025AB08D7100][0000025AAC442B40 49] TVOS, [0000025AB08A7400][0000025AAED3AC80 49] Mac, [0000025AB08D7800][0000025AAC446DC0 49] MacClient, [0000025AB08A5E00][0000025AAC44AF00 49] MacNoEditor, [0000025AB08D7F00][0000025AAC453080 49] MacServer, [0000025AB08A6E00][0000025AAC457200 49] Linux, [0000025AB08D4B00][0000025AAEBAF380 49] LinuxAArch64, [0000025AB08A5F00][0000025AABC93500 49] LinuxNoEditor, [0000025AB08D5B00][0000025AAC45B680 49] LinuxAArch64NoEditor, [0000025AB08A7900][0000025AAC45F800 49] LinuxClient, [0000025AB08D7500][0000025AAF757980 49] LinuxAArch64Client, [0000025AB08A6300][0000025AAC463B00 49] LinuxServer, [0000025AB08D4500][0000025AAC466100 49] LinuxAArch64Server, [0000025AB08A4D00][0000025AAC46A280 49] Android, [0000025AB08D5900][0000025AAC46E400 49] Android_Low, [0000025AB08A7600][0000025AABAA2580 49] Android_Mid, [0000025AB08D6D00][0000025AABAA6700 49] Android_High, [0000025AB08A7800][0000025AABAAA880 49] Android_Default, [0000025AB08D6100][0000025AABAAEA00 49] Android_Adreno4xx, [0000025AB08A4900][0000025AABAB2B80 49] Android_Adreno5xx_Low, [0000025AB08B7600][0000025AABAB6D00 49] Android_Adreno5xx, [0000025AAFBAC900][0000025AAC44EE40 49] Android_Adreno6xx, [0000025AB08B5800][0000025AABABAF80 49] Android_Adreno6xx_Vulkan, [0000025AAFBACF00][0000025AABABF0C0 49] Android_Mali_T6xx, [0000025AB08B5200][0000025AABAC7240 49] Android_Mali_T7xx, [0000025AAFBAF800][0000025AABACB3C0 49] Android_Mali_T8xx, [0000025AB08B5E00][0000025AABACF540 49] Android_Mali_G71, [0000025AAFBAC500][0000025AABAD36C0 49] Android_Mali_G72, [0000025AB08B4600][0000025AABAD7840 49] Android_Mali_G72_Vulkan, [0000025AAFBAD100][0000025AABADB9C0 49] Android_Mali_G76, [0000025AB08B4100][0000025AABADFB40 49] Android_Mali_G76_Vulkan, [0000025AAFBADE00][0000025AABAE2140 49] Android_Mali_G77, [0000025AB08B4C00][0000025AABAE62C0 49] Android_Mali_G77_Vulkan, [0000025AAFBACA00][0000025AABAEA440 49] Android_Mali_G78, [0000025AB08B6C00][0000025AABAEE5C0 49] Android_Mali_G78_Vulkan, [0000025AAFBAF500][0000025AABAF2740 49] Android_Mali_G710, [0000025AB08B6400][0000025AABAF68C0 49] Android_Mali_G710_Vulkan, [0000025AAFBAE600][0000025AABAFAA40 49] Android_Vulkan_SM5, [0000025AB08B7B00][0000025AABAFEBC0 49] Android_PowerVR_G6xxx, [0000025AAFBAF300][0000025AABB02D40 49] Android_PowerVR_GT7xxx, [0000025AB08B6300][0000025AABB06EC0 49] Android_PowerVR_GE8xxx, [0000025AAFBAED00][0000025AABAC3000 49] Android_PowerVR_GM9xxx, [0000025AB08B7F00][0000025AABB0B140 49] Android_PowerVR_GM9xxx_Vulkan, [0000025AAFBAD500][0000025AABB0F280 49] Android_TegraK1, [0000025AB08B4400][0000025AABB133C0 49] Android_Unknown_Vulkan, [0000025AAFBAEC00][0000025AABB1B540 49] Lumin, [0000025AB08B4500][0000025AABB1F6C0 49] Lumin_Desktop, [0000025AAFBACD00][0000025AABB23840 49] HoloLens, 
[2022.04.25-18.36.13:460][  0]LogMeshReduction: Using QuadricMeshReduction for automatic static mesh reduction
[2022.04.25-18.36.13:460][  0]LogMeshReduction: Using SimplygonMeshReduction for automatic skeletal mesh reduction
[2022.04.25-18.36.13:460][  0]LogMeshReduction: Using ProxyLODMeshReduction for automatic mesh merging
[2022.04.25-18.36.13:460][  0]LogMeshReduction: No distributed automatic mesh merging module available
[2022.04.25-18.36.13:460][  0]LogMeshMerging: No distributed automatic mesh merging module available
[2022.04.25-18.36.13:474][  0]LogNetVersion: Shooter 1.0.0, NetCL: 17155196, EngineNetVer: 17, GameNetVer: 0 (Checksum: 1849318458)
[2022.04.25-18.36.13:776][  0]LogTexture: Default maximum texture size for cubemaps generated from long-lat sources has been changed from 512 to unlimited. In order to preserve old behaiour for '/Engine/MapTemplates/Sky/DaylightAmbientCubemap.DaylightAmbientCubemap', its maximum texture size has been explicitly set to 512.
[2022.04.25-18.36.13:819][  0]LogHMD: PokeAHoleMaterial loaded successfully
[2022.04.25-18.36.13:824][  0]LogUObjectArray: 17178 objects as part of root set at end of initial load.
[2022.04.25-18.36.13:824][  0]LogUObjectAllocator: 4302048 out of 0 bytes used by permanent object pool.
[2022.04.25-18.36.13:824][  0]LogUObjectArray: CloseDisregardForGC: 0/0 objects in disregard for GC pool
[2022.04.25-18.36.14:044][  0]LogNiagaraDebuggerClient: Niagara Debugger Client Initialized | Session: 230ADA26409EFE08D465059711947FE9 | Instance: 58EABC16438F0E028C4A34A39AF10239 (DESKTOP-PATULNA-24032).
[2022.04.25-18.36.14:137][  0]LogUdpMessaging: Initializing bridge on interface 0.0.0.0:0 to multicast group 230.0.0.1:6666.
[2022.04.25-18.36.14:143][  0]LogTcpMessaging: Initializing TcpMessaging bridge
[2022.04.25-18.36.14:154][  0]LogPython: Using Python 3.7.7
[2022.04.25-18.36.14:700][  0]SourceControl: Source control is disabled
[2022.04.25-18.36.14:700][  0]SourceControl: Source control is disabled
[2022.04.25-18.36.14:702][  0]SourceControl: Source control is disabled
[2022.04.25-18.36.14:705][  0]SourceControl: Source control is disabled
[2022.04.25-18.36.14:716][  0]SourceControl: Source control is disabled
[2022.04.25-18.36.14:721][  0]LogUProjectInfo: Found projects:
[2022.04.25-18.36.14:905][  0]LogOpenImageDenoise: OIDN starting up
[2022.04.25-18.36.14:908][  0]LogAndroidPermission: UAndroidPermissionCallbackProxy::GetInstance
[2022.04.25-18.36.14:927][  0]LogAudioCaptureCore: Display: No Audio Capture implementations found. Audio input will be silent.
[2022.04.25-18.36.14:927][  0]LogAudioCaptureCore: Display: No Audio Capture implementations found. Audio input will be silent.
[2022.04.25-18.36.15:028][  0]LogCollectionManager: Loaded 0 collections in 0.000569 seconds
[2022.04.25-18.36.15:046][  0]LogFileCache: Scanning file cache for directory 'E:/DEV Unreal/ShooterGame/ShooterGame/Shooter/Saved/Collections/' took 0.00s
[2022.04.25-18.36.15:046][  0]LogFileCache: Scanning file cache for directory 'E:/DEV Unreal/ShooterGame/ShooterGame/Shooter/Content/Developers/Pablo/Collections/' took 0.00s
[2022.04.25-18.36.15:046][  0]LogFileCache: Scanning file cache for directory 'E:/DEV Unreal/ShooterGame/ShooterGame/Shooter/Content/Collections/' took 0.00s
[2022.04.25-18.36.15:046][  0]LogOcInput: OculusInput pre-init called
[2022.04.25-18.36.15:251][  0]LogEngine: Initializing Engine...
[2022.04.25-18.36.15:253][  0]LogHMD: Failed to enumerate extensions. Please check that you have a valid OpenXR runtime installed.
[2022.04.25-18.36.15:254][  0]LogHMD: Failed to initialize OpenVR with code 110
[2022.04.25-18.36.15:254][  0]LogMagicLeap: Warning: VR disabled because ZI is not enabled.  To enable, in the editor, Edit -> Project Settings -> Plugins -> Magic Leap Plugin -> Enable Zero Iteration
[2022.04.25-18.36.15:254][  0]LogStats: UGameplayTagsManager::InitializeManager -  0.000 s
[2022.04.25-18.36.15:342][  0]LogInit: Initializing FReadOnlyCVARCache
[2022.04.25-18.36.15:348][  0]LogAIModule: Creating AISystem for world Untitled
[2022.04.25-18.36.15:358][  0]LogAudio: Display: Initializing Audio Device Manager...
[2022.04.25-18.36.15:360][  0]LogAudio: Display: Loading Default Audio Settings Objects...
[2022.04.25-18.36.15:361][  0]LogAudio: Display: No default SoundConcurrencyObject specified (or failed to load).
[2022.04.25-18.36.15:361][  0]LogAudio: Display: Audio Device Manager Initialized
[2022.04.25-18.36.15:361][  0]LogAudio: Display: Creating Audio Device:                 Id: 1, Scope: Shared, Realtime: True
[2022.04.25-18.36.15:361][  0]LogAudioMixer: Display: Audio Mixer Platform Settings:
[2022.04.25-18.36.15:361][  0]LogAudioMixer: Display: 	Sample Rate:						  48000
[2022.04.25-18.36.15:361][  0]LogAudioMixer: Display: 	Callback Buffer Frame Size Requested: 1024
[2022.04.25-18.36.15:361][  0]LogAudioMixer: Display: 	Callback Buffer Frame Size To Use:	  1024
[2022.04.25-18.36.15:361][  0]LogAudioMixer: Display: 	Number of buffers to queue:			  2
[2022.04.25-18.36.15:361][  0]LogAudioMixer: Display: 	Max Channels (voices):				  32
[2022.04.25-18.36.15:361][  0]LogAudioMixer: Display: 	Number of Async Source Workers:		  0
[2022.04.25-18.36.15:361][  0]LogAudio: Display: AudioDevice MaxSources: 32
[2022.04.25-18.36.15:362][  0]LogAudio: Display: Audio Spatialization Plugin: None (built-in).
[2022.04.25-18.36.15:362][  0]LogAudio: Display: Audio Reverb Plugin: None (built-in).
[2022.04.25-18.36.15:362][  0]LogAudio: Display: Audio Occlusion Plugin: None (built-in).
[2022.04.25-18.36.15:362][  0]LogAudioMixer: Display: Initializing audio mixer.
[2022.04.25-18.36.15:373][  0]LogAudioMixer: Display: 0: FrontLeft
[2022.04.25-18.36.15:373][  0]LogAudioMixer: Display: 1: FrontRight
[2022.04.25-18.36.15:387][  0]LogAudioMixer: Display: Using Audio Device Altavoces (Realtek High Definition Audio)
[2022.04.25-18.36.15:389][  0]LogAudioMixer: Display: Initializing Sound Submixes...
[2022.04.25-18.36.15:391][  0]LogAudioMixer: Display: Creating Master Submix 'MasterSubmixDefault'
[2022.04.25-18.36.15:391][  0]LogAudioMixer: Display: Creating Master Submix 'MasterReverbSubmixDefault'
[2022.04.25-18.36.15:391][  0]LogAudioMixer: Display: Creating Master Submix 'MasterEQSubmixDefault'
[2022.04.25-18.36.15:391][  0]LogAudioMixer: FMixerPlatformXAudio2::StartAudioStream() called
[2022.04.25-18.36.15:391][  0]LogAudioMixer: Display: Output buffers initialized: Frames=1024, Channels=2, Samples=2048
[2022.04.25-18.36.15:392][  0]LogAudioMixer: Display: Starting AudioMixerPlatformInterface::RunInternal()
[2022.04.25-18.36.15:392][  0]LogAudioMixer: Display: FMixerPlatformXAudio2::SubmitBuffer() called for the first time
[2022.04.25-18.36.15:392][  0]LogInit: FAudioDevice initialized.
[2022.04.25-18.36.15:393][  0]LogAudio: Display: Audio Device (ID: 1) registered with world 'Untitled'.
[2022.04.25-18.36.15:393][  0]LogNetVersion: Set ProjectVersion to 1.0.0.0. Version Checksum will be recalculated on next use.
[2022.04.25-18.36.15:467][  0]LogDerivedDataCache: Saved boot cache 0.07s 94MB C:/Users/Pablo/AppData/Local/UnrealEngine/4.27/DerivedDataCache/Boot.ddc.
[2022.04.25-18.36.15:470][  0]LogInit: Texture streaming: Enabled
[2022.04.25-18.36.15:479][  0]LogAnalytics: Display: [UEEditor.Rocket.Release] APIServer = https://datarouter.ol.epicgames.com/. AppVersion = 4.27.2-18319896+++UE4+Release-4.27
[2022.04.25-18.36.15:485][  0]LogEngineSessionManager: EngineSessionManager initialized
[2022.04.25-18.36.15:485][  0]LogEditorSessionSummary: Verbose: Initializing EditorSessionSummaryWriter for editor session tracking
[2022.04.25-18.36.15:495][  0]LogEditorSessionSummary: EditorSessionSummaryWriter initialized
[2022.04.25-18.36.15:516][  0]LogInit: Transaction tracking system initialized
[2022.04.25-18.36.15:532][  0]BlueprintLog: New page: Editor Load
[2022.04.25-18.36.15:585][  0]LocalizationService: Localization service is disabled
[2022.04.25-18.36.15:603][  0]TimingProfiler: Initialize
[2022.04.25-18.36.15:603][  0]TimingProfiler: OnSessionChanged
[2022.04.25-18.36.15:603][  0]LoadingProfiler: Initialize
[2022.04.25-18.36.15:603][  0]LoadingProfiler: OnSessionChanged
[2022.04.25-18.36.15:603][  0]NetworkingProfiler: Initialize
[2022.04.25-18.36.15:603][  0]NetworkingProfiler: OnSessionChanged
[2022.04.25-18.36.15:603][  0]MemoryProfiler: Initialize
[2022.04.25-18.36.15:603][  0]MemoryProfiler: OnSessionChanged
[2022.04.25-18.36.15:705][  0]LogCook: Display: CookSettings for Memory: MemoryMaxUsedVirtual 0MiB, MemoryMaxUsedPhysical 16384MiB, MemoryMinFreeVirtual 0MiB, MemoryMinFreePhysical 1024MiB
[2022.04.25-18.36.15:705][  0]LogCook: Display: Mobile HDR setting 1
[2022.04.25-18.36.15:851][  0]LogFileCache: Scanning file cache for directory 'E:/DEV Unreal/ShooterGame/ShooterGame/Shooter/Content/' took 0.00s
[2022.04.25-18.36.16:007][  0]LogInit: Display: Engine is initialized. Leaving FEngineLoop::Init()
[2022.04.25-18.36.16:013][  0]SourceControl: Source control is disabled
[2022.04.25-18.36.16:013][  0]LogUnrealEdMisc: Loading editor; pre map load, took 5.411
[2022.04.25-18.36.16:013][  0]Cmd: MAP LOAD FILE="../../../../../DEV Unreal/ShooterGame/ShooterGame/Shooter/Content/_Game/Maps/DefaultMap.umap" TEMPLATE=0 SHOWPROGRESS=1 FEATURELEVEL=3
[2022.04.25-18.36.16:014][  0]LightingResults: New page: Lighting Build
[2022.04.25-18.36.16:015][  0]LogWorld: UWorld::CleanupWorld for Untitled, bSessionEnded=true, bCleanupResources=true
[2022.04.25-18.36.16:015][  0]LogSlate: InvalidateAllWidgets triggered.  All widgets were invalidated
[2022.04.25-18.36.16:015][  0]MapCheck: New page: Map Check
[2022.04.25-18.36.16:015][  0]LightingResults: New page: Lighting Build
[2022.04.25-18.36.16:019][  0]LogAudio: Display: Audio Device unregistered from world 'None'.
[2022.04.25-18.36.16:021][  0]LogUObjectHash: Compacting FUObjectHashTables data took   0.61ms
[2022.04.25-18.36.16:067][  0]LogAudio: Display: Audio Device (ID: 1) registered with world 'DefaultMap'.
[2022.04.25-18.36.16:068][  0]LogAIModule: Creating AISystem for world DefaultMap
[2022.04.25-18.36.16:074][  0]LogEditorServer: Finished looking for orphan Actors (0.000 secs)
[2022.04.25-18.36.16:079][  0]LogUObjectHash: Compacting FUObjectHashTables data took   0.71ms
[2022.04.25-18.36.16:079][  0]Cmd: MAP CHECKDEP NOCLEARLOG
[2022.04.25-18.36.16:079][  0]MapCheck: Map check complete: 0 Error(s), 0 Warning(s), took 0.075ms to complete.
[2022.04.25-18.36.16:080][  0]LogFileHelpers: Loading map 'DefaultMap' took 0.066
[2022.04.25-18.36.16:081][  0]LogUnrealEdMisc: Total Editor Startup Time, took 5.479
[2022.04.25-18.36.16:218][  0]LogSlate: Updating window title bar state: overlay mode, drag disabled, window buttons hidden, title bar hidden
[2022.04.25-18.36.16:226][  0]LogSlate: Updating window title bar state: overlay mode, drag disabled, window buttons hidden, title bar hidden
[2022.04.25-18.36.16:231][  0]LogSlate: Updating window title bar state: overlay mode, drag disabled, window buttons hidden, title bar hidden
[2022.04.25-18.36.16:236][  0]LogSlate: Updating window title bar state: overlay mode, drag disabled, window buttons hidden, title bar hidden
[2022.04.25-18.36.16:252][  0]LogNativeClassHierarchy: Verbose: Native class hierarchy populated in 0.0079 seconds. Added 3824 classes and 930 folders.
[2022.04.25-18.36.16:254][  0]LogNativeClassHierarchy: Verbose: Native class hierarchy updated for 'WidgetCarousel' in 0.0002 seconds. Added 0 classes and 0 folders.
[2022.04.25-18.36.16:255][  0]LogPakFile: PakFile PrimaryIndexSize=187
[2022.04.25-18.36.16:255][  0]LogPakFile: PakFile PathHashIndexSize=101
[2022.04.25-18.36.16:255][  0]LogPakFile: PakFile FullDirectoryIndexSize=148
[2022.04.25-18.36.16:255][  0]LogShaderLibrary: Display: ShaderCodeLibraryPakFileMountedCallback: PakFile 'E:/Unreal/UE_4.27/FeaturePacks/FP_FirstPerson.upack' (chunk index -1, root 'root:/') mounted
[2022.04.25-18.36.16:255][  0]LogShaderLibrary: Display: ShaderCodeLibraryPakFileMountedCallback: pending pak file info (ChunkID:-1 Root:root:/ File:E:/Unreal/UE_4.27/FeaturePacks/FP_FirstPerson.upack)
[2022.04.25-18.36.16:255][  0]LogPakFile: OnPakFileMounted2Time == 0.000072
[2022.04.25-18.36.16:256][  0]LogPakFile: PakFile PrimaryIndexSize=189
[2022.04.25-18.36.16:256][  0]LogPakFile: PakFile PathHashIndexSize=101
[2022.04.25-18.36.16:256][  0]LogPakFile: PakFile FullDirectoryIndexSize=152
[2022.04.25-18.36.16:256][  0]LogShaderLibrary: Display: ShaderCodeLibraryPakFileMountedCallback: PakFile 'E:/Unreal/UE_4.27/FeaturePacks/FP_FirstPersonBP.upack' (chunk index -1, root 'root:/') mounted
[2022.04.25-18.36.16:256][  0]LogShaderLibrary: Display: ShaderCodeLibraryPakFileMountedCallback: pending pak file info (ChunkID:-1 Root:root:/ File:E:/Unreal/UE_4.27/FeaturePacks/FP_FirstPersonBP.upack)
[2022.04.25-18.36.16:256][  0]LogPakFile: OnPakFileMounted2Time == 0.000048
[2022.04.25-18.36.16:257][  0]LogPakFile: PakFile PrimaryIndexSize=191
[2022.04.25-18.36.16:257][  0]LogPakFile: PakFile PathHashIndexSize=101
[2022.04.25-18.36.16:257][  0]LogPakFile: PakFile FullDirectoryIndexSize=160
[2022.04.25-18.36.16:257][  0]LogShaderLibrary: Display: ShaderCodeLibraryPakFileMountedCallback: PakFile 'E:/Unreal/UE_4.27/FeaturePacks/MobileStarterContent.upack' (chunk index -1, root 'root:/') mounted
[2022.04.25-18.36.16:257][  0]LogShaderLibrary: Display: ShaderCodeLibraryPakFileMountedCallback: pending pak file info (ChunkID:-1 Root:root:/ File:E:/Unreal/UE_4.27/FeaturePacks/MobileStarterContent.upack)
[2022.04.25-18.36.16:257][  0]LogPakFile: OnPakFileMounted2Time == 0.000044
[2022.04.25-18.36.16:257][  0]LogPakFile: PakFile PrimaryIndexSize=185
[2022.04.25-18.36.16:257][  0]LogPakFile: PakFile PathHashIndexSize=101
[2022.04.25-18.36.16:257][  0]LogPakFile: PakFile FullDirectoryIndexSize=148
[2022.04.25-18.36.16:257][  0]LogShaderLibrary: Display: ShaderCodeLibraryPakFileMountedCallback: PakFile 'E:/Unreal/UE_4.27/FeaturePacks/StarterContent.upack' (chunk index -1, root 'root:/') mounted
[2022.04.25-18.36.16:257][  0]LogShaderLibrary: Display: ShaderCodeLibraryPakFileMountedCallback: pending pak file info (ChunkID:-1 Root:root:/ File:E:/Unreal/UE_4.27/FeaturePacks/StarterContent.upack)
[2022.04.25-18.36.16:257][  0]LogPakFile: OnPakFileMounted2Time == 0.000048
[2022.04.25-18.36.16:258][  0]LogPakFile: PakFile PrimaryIndexSize=190
[2022.04.25-18.36.16:258][  0]LogPakFile: PakFile PathHashIndexSize=101
[2022.04.25-18.36.16:258][  0]LogPakFile: PakFile FullDirectoryIndexSize=154
[2022.04.25-18.36.16:258][  0]LogShaderLibrary: Display: ShaderCodeLibraryPakFileMountedCallback: PakFile 'E:/Unreal/UE_4.27/FeaturePacks/TP_2DSideScroller.upack' (chunk index -1, root 'root:/') mounted
[2022.04.25-18.36.16:258][  0]LogShaderLibrary: Display: ShaderCodeLibraryPakFileMountedCallback: pending pak file info (ChunkID:-1 Root:root:/ File:E:/Unreal/UE_4.27/FeaturePacks/TP_2DSideScroller.upack)
[2022.04.25-18.36.16:258][  0]LogPakFile: OnPakFileMounted2Time == 0.000039
[2022.04.25-18.36.16:258][  0]LogPakFile: PakFile PrimaryIndexSize=192
[2022.04.25-18.36.16:258][  0]LogPakFile: PakFile PathHashIndexSize=101
[2022.04.25-18.36.16:258][  0]LogPakFile: PakFile FullDirectoryIndexSize=158
[2022.04.25-18.36.16:258][  0]LogShaderLibrary: Display: ShaderCodeLibraryPakFileMountedCallback: PakFile 'E:/Unreal/UE_4.27/FeaturePacks/TP_2DSideScrollerBP.upack' (chunk index -1, root 'root:/') mounted
[2022.04.25-18.36.16:259][  0]LogShaderLibrary: Display: ShaderCodeLibraryPakFileMountedCallback: pending pak file info (ChunkID:-1 Root:root:/ File:E:/Unreal/UE_4.27/FeaturePacks/TP_2DSideScrollerBP.upack)
[2022.04.25-18.36.16:259][  0]LogPakFile: OnPakFileMounted2Time == 0.000082
[2022.04.25-18.36.16:259][  0]LogPakFile: PakFile PrimaryIndexSize=182
[2022.04.25-18.36.16:259][  0]LogPakFile: PakFile PathHashIndexSize=101
[2022.04.25-18.36.16:259][  0]LogPakFile: PakFile FullDirectoryIndexSize=138
[2022.04.25-18.36.16:259][  0]LogShaderLibrary: Display: ShaderCodeLibraryPakFileMountedCallback: PakFile 'E:/Unreal/UE_4.27/FeaturePacks/TP_Flying.upack' (chunk index -1, root 'root:/') mounted
[2022.04.25-18.36.16:259][  0]LogShaderLibrary: Display: ShaderCodeLibraryPakFileMountedCallback: pending pak file info (ChunkID:-1 Root:root:/ File:E:/Unreal/UE_4.27/FeaturePacks/TP_Flying.upack)
[2022.04.25-18.36.16:259][  0]LogPakFile: OnPakFileMounted2Time == 0.000039
[2022.04.25-18.36.16:260][  0]LogPakFile: PakFile PrimaryIndexSize=184
[2022.04.25-18.36.16:260][  0]LogPakFile: PakFile PathHashIndexSize=101
[2022.04.25-18.36.16:260][  0]LogPakFile: PakFile FullDirectoryIndexSize=142
[2022.04.25-18.36.16:260][  0]LogShaderLibrary: Display: ShaderCodeLibraryPakFileMountedCallback: PakFile 'E:/Unreal/UE_4.27/FeaturePacks/TP_FlyingBP.upack' (chunk index -1, root 'root:/') mounted
[2022.04.25-18.36.16:260][  0]LogShaderLibrary: Display: ShaderCodeLibraryPakFileMountedCallback: pending pak file info (ChunkID:-1 Root:root:/ File:E:/Unreal/UE_4.27/FeaturePacks/TP_FlyingBP.upack)
[2022.04.25-18.36.16:260][  0]LogPakFile: OnPakFileMounted2Time == 0.000044
[2022.04.25-18.36.16:260][  0]LogPakFile: PakFile PrimaryIndexSize=188
[2022.04.25-18.36.16:260][  0]LogPakFile: PakFile PathHashIndexSize=101
[2022.04.25-18.36.16:260][  0]LogPakFile: PakFile FullDirectoryIndexSize=150
[2022.04.25-18.36.16:260][  0]LogShaderLibrary: Display: ShaderCodeLibraryPakFileMountedCallback: PakFile 'E:/Unreal/UE_4.27/FeaturePacks/TP_HandheldARBP.upack' (chunk index -1, root 'root:/') mounted
[2022.04.25-18.36.16:260][  0]LogShaderLibrary: Display: ShaderCodeLibraryPakFileMountedCallback: pending pak file info (ChunkID:-1 Root:root:/ File:E:/Unreal/UE_4.27/FeaturePacks/TP_HandheldARBP.upack)
[2022.04.25-18.36.16:260][  0]LogPakFile: OnPakFileMounted2Time == 0.000039
[2022.04.25-18.36.16:261][  0]LogPakFile: PakFile PrimaryIndexSize=182
[2022.04.25-18.36.16:261][  0]LogPakFile: PakFile PathHashIndexSize=101
[2022.04.25-18.36.16:261][  0]LogPakFile: PakFile FullDirectoryIndexSize=138
[2022.04.25-18.36.16:261][  0]LogShaderLibrary: Display: ShaderCodeLibraryPakFileMountedCallback: PakFile 'E:/Unreal/UE_4.27/FeaturePacks/TP_Puzzle.upack' (chunk index -1, root 'root:/') mounted
[2022.04.25-18.36.16:261][  0]LogShaderLibrary: Display: ShaderCodeLibraryPakFileMountedCallback: pending pak file info (ChunkID:-1 Root:root:/ File:E:/Unreal/UE_4.27/FeaturePacks/TP_Puzzle.upack)
[2022.04.25-18.36.16:261][  0]LogPakFile: OnPakFileMounted2Time == 0.000042
[2022.04.25-18.36.16:262][  0]LogPakFile: PakFile PrimaryIndexSize=184
[2022.04.25-18.36.16:262][  0]LogPakFile: PakFile PathHashIndexSize=101
[2022.04.25-18.36.16:262][  0]LogPakFile: PakFile FullDirectoryIndexSize=142
[2022.04.25-18.36.16:262][  0]LogShaderLibrary: Display: ShaderCodeLibraryPakFileMountedCallback: PakFile 'E:/Unreal/UE_4.27/FeaturePacks/TP_PuzzleBP.upack' (chunk index -1, root 'root:/') mounted
[2022.04.25-18.36.16:262][  0]LogShaderLibrary: Display: ShaderCodeLibraryPakFileMountedCallback: pending pak file info (ChunkID:-1 Root:root:/ File:E:/Unreal/UE_4.27/FeaturePacks/TP_PuzzleBP.upack)
[2022.04.25-18.36.16:262][  0]LogPakFile: OnPakFileMounted2Time == 0.000044
[2022.04.25-18.36.16:262][  0]LogPakFile: PakFile PrimaryIndexSize=183
[2022.04.25-18.36.16:262][  0]LogPakFile: PakFile PathHashIndexSize=101
[2022.04.25-18.36.16:262][  0]LogPakFile: PakFile FullDirectoryIndexSize=140
[2022.04.25-18.36.16:262][  0]LogShaderLibrary: Display: ShaderCodeLibraryPakFileMountedCallback: PakFile 'E:/Unreal/UE_4.27/FeaturePacks/TP_Rolling.upack' (chunk index -1, root 'root:/') mounted
[2022.04.25-18.36.16:262][  0]LogShaderLibrary: Display: ShaderCodeLibraryPakFileMountedCallback: pending pak file info (ChunkID:-1 Root:root:/ File:E:/Unreal/UE_4.27/FeaturePacks/TP_Rolling.upack)
[2022.04.25-18.36.16:262][  0]LogPakFile: OnPakFileMounted2Time == 0.000071
[2022.04.25-18.36.16:263][  0]LogPakFile: PakFile PrimaryIndexSize=185
[2022.04.25-18.36.16:263][  0]LogPakFile: PakFile PathHashIndexSize=101
[2022.04.25-18.36.16:263][  0]LogPakFile: PakFile FullDirectoryIndexSize=144
[2022.04.25-18.36.16:263][  0]LogShaderLibrary: Display: ShaderCodeLibraryPakFileMountedCallback: PakFile 'E:/Unreal/UE_4.27/FeaturePacks/TP_RollingBP.upack' (chunk index -1, root 'root:/') mounted
[2022.04.25-18.36.16:263][  0]LogShaderLibrary: Display: ShaderCodeLibraryPakFileMountedCallback: pending pak file info (ChunkID:-1 Root:root:/ File:E:/Unreal/UE_4.27/FeaturePacks/TP_RollingBP.upack)
[2022.04.25-18.36.16:263][  0]LogPakFile: OnPakFileMounted2Time == 0.000040
[2022.04.25-18.36.16:263][  0]LogPakFile: PakFile PrimaryIndexSize=188
[2022.04.25-18.36.16:263][  0]LogPakFile: PakFile PathHashIndexSize=101
[2022.04.25-18.36.16:263][  0]LogPakFile: PakFile FullDirectoryIndexSize=150
[2022.04.25-18.36.16:263][  0]LogShaderLibrary: Display: ShaderCodeLibraryPakFileMountedCallback: PakFile 'E:/Unreal/UE_4.27/FeaturePacks/TP_SideScroller.upack' (chunk index -1, root 'root:/') mounted
[2022.04.25-18.36.16:263][  0]LogShaderLibrary: Display: ShaderCodeLibraryPakFileMountedCallback: pending pak file info (ChunkID:-1 Root:root:/ File:E:/Unreal/UE_4.27/FeaturePacks/TP_SideScroller.upack)
[2022.04.25-18.36.16:263][  0]LogPakFile: OnPakFileMounted2Time == 0.000042
[2022.04.25-18.36.16:264][  0]LogPakFile: PakFile PrimaryIndexSize=190
[2022.04.25-18.36.16:264][  0]LogPakFile: PakFile PathHashIndexSize=101
[2022.04.25-18.36.16:264][  0]LogPakFile: PakFile FullDirectoryIndexSize=154
[2022.04.25-18.36.16:264][  0]LogShaderLibrary: Display: ShaderCodeLibraryPakFileMountedCallback: PakFile 'E:/Unreal/UE_4.27/FeaturePacks/TP_SideScrollerBP.upack' (chunk index -1, root 'root:/') mounted
[2022.04.25-18.36.16:264][  0]LogShaderLibrary: Display: ShaderCodeLibraryPakFileMountedCallback: pending pak file info (ChunkID:-1 Root:root:/ File:E:/Unreal/UE_4.27/FeaturePacks/TP_SideScrollerBP.upack)
[2022.04.25-18.36.16:264][  0]LogPakFile: OnPakFileMounted2Time == 0.000040
[2022.04.25-18.36.16:264][  0]LogPakFile: PakFile PrimaryIndexSize=187
[2022.04.25-18.36.16:265][  0]LogPakFile: PakFile PathHashIndexSize=101
[2022.04.25-18.36.16:265][  0]LogPakFile: PakFile FullDirectoryIndexSize=148
[2022.04.25-18.36.16:265][  0]LogShaderLibrary: Display: ShaderCodeLibraryPakFileMountedCallback: PakFile 'E:/Unreal/UE_4.27/FeaturePacks/TP_ThirdPerson.upack' (chunk index -1, root 'root:/') mounted
[2022.04.25-18.36.16:265][  0]LogShaderLibrary: Display: ShaderCodeLibraryPakFileMountedCallback: pending pak file info (ChunkID:-1 Root:root:/ File:E:/Unreal/UE_4.27/FeaturePacks/TP_ThirdPerson.upack)
[2022.04.25-18.36.16:265][  0]LogPakFile: OnPakFileMounted2Time == 0.000040
[2022.04.25-18.36.16:265][  0]LogPakFile: PakFile PrimaryIndexSize=189
[2022.04.25-18.36.16:265][  0]LogPakFile: PakFile PathHashIndexSize=101
[2022.04.25-18.36.16:265][  0]LogPakFile: PakFile FullDirectoryIndexSize=152
[2022.04.25-18.36.16:265][  0]LogShaderLibrary: Display: ShaderCodeLibraryPakFileMountedCallback: PakFile 'E:/Unreal/UE_4.27/FeaturePacks/TP_ThirdPersonBP.upack' (chunk index -1, root 'root:/') mounted
[2022.04.25-18.36.16:265][  0]LogShaderLibrary: Display: ShaderCodeLibraryPakFileMountedCallback: pending pak file info (ChunkID:-1 Root:root:/ File:E:/Unreal/UE_4.27/FeaturePacks/TP_ThirdPersonBP.upack)
[2022.04.25-18.36.16:265][  0]LogPakFile: OnPakFileMounted2Time == 0.000056
[2022.04.25-18.36.16:266][  0]LogPakFile: PakFile PrimaryIndexSize=183
[2022.04.25-18.36.16:266][  0]LogPakFile: PakFile PathHashIndexSize=101
[2022.04.25-18.36.16:266][  0]LogPakFile: PakFile FullDirectoryIndexSize=140
[2022.04.25-18.36.16:266][  0]LogShaderLibrary: Display: ShaderCodeLibraryPakFileMountedCallback: PakFile 'E:/Unreal/UE_4.27/FeaturePacks/TP_TopDown.upack' (chunk index -1, root 'root:/') mounted
[2022.04.25-18.36.16:266][  0]LogShaderLibrary: Display: ShaderCodeLibraryPakFileMountedCallback: pending pak file info (ChunkID:-1 Root:root:/ File:E:/Unreal/UE_4.27/FeaturePacks/TP_TopDown.upack)
[2022.04.25-18.36.16:266][  0]LogPakFile: OnPakFileMounted2Time == 0.000089
[2022.04.25-18.36.16:267][  0]LogPakFile: PakFile PrimaryIndexSize=185
[2022.04.25-18.36.16:267][  0]LogPakFile: PakFile PathHashIndexSize=101
[2022.04.25-18.36.16:267][  0]LogPakFile: PakFile FullDirectoryIndexSize=144
[2022.04.25-18.36.16:267][  0]LogShaderLibrary: Display: ShaderCodeLibraryPakFileMountedCallback: PakFile 'E:/Unreal/UE_4.27/FeaturePacks/TP_TopDownBP.upack' (chunk index -1, root 'root:/') mounted
[2022.04.25-18.36.16:267][  0]LogShaderLibrary: Display: ShaderCodeLibraryPakFileMountedCallback: pending pak file info (ChunkID:-1 Root:root:/ File:E:/Unreal/UE_4.27/FeaturePacks/TP_TopDownBP.upack)
[2022.04.25-18.36.16:267][  0]LogPakFile: OnPakFileMounted2Time == 0.000045
[2022.04.25-18.36.16:267][  0]LogPakFile: PakFile PrimaryIndexSize=185
[2022.04.25-18.36.16:268][  0]LogPakFile: PakFile PathHashIndexSize=101
[2022.04.25-18.36.16:268][  0]LogPakFile: PakFile FullDirectoryIndexSize=144
[2022.04.25-18.36.16:268][  0]LogShaderLibrary: Display: ShaderCodeLibraryPakFileMountedCallback: PakFile 'E:/Unreal/UE_4.27/FeaturePacks/TP_TwinStick.upack' (chunk index -1, root 'root:/') mounted
[2022.04.25-18.36.16:268][  0]LogShaderLibrary: Display: ShaderCodeLibraryPakFileMountedCallback: pending pak file info (ChunkID:-1 Root:root:/ File:E:/Unreal/UE_4.27/FeaturePacks/TP_TwinStick.upack)
[2022.04.25-18.36.16:268][  0]LogPakFile: OnPakFileMounted2Time == 0.000067
[2022.04.25-18.36.16:268][  0]LogPakFile: PakFile PrimaryIndexSize=187
[2022.04.25-18.36.16:268][  0]LogPakFile: PakFile PathHashIndexSize=101
[2022.04.25-18.36.16:269][  0]LogPakFile: PakFile FullDirectoryIndexSize=148
[2022.04.25-18.36.16:269][  0]LogShaderLibrary: Display: ShaderCodeLibraryPakFileMountedCallback: PakFile 'E:/Unreal/UE_4.27/FeaturePacks/TP_TwinStickBP.upack' (chunk index -1, root 'root:/') mounted
[2022.04.25-18.36.16:269][  0]LogShaderLibrary: Display: ShaderCodeLibraryPakFileMountedCallback: pending pak file info (ChunkID:-1 Root:root:/ File:E:/Unreal/UE_4.27/FeaturePacks/TP_TwinStickBP.upack)
[2022.04.25-18.36.16:269][  0]LogPakFile: OnPakFileMounted2Time == 0.000071
[2022.04.25-18.36.16:269][  0]LogPakFile: PakFile PrimaryIndexSize=183
[2022.04.25-18.36.16:269][  0]LogPakFile: PakFile PathHashIndexSize=101
[2022.04.25-18.36.16:269][  0]LogPakFile: PakFile FullDirectoryIndexSize=140
[2022.04.25-18.36.16:269][  0]LogShaderLibrary: Display: ShaderCodeLibraryPakFileMountedCallback: PakFile 'E:/Unreal/UE_4.27/FeaturePacks/TP_Vehicle.upack' (chunk index -1, root 'root:/') mounted
[2022.04.25-18.36.16:269][  0]LogShaderLibrary: Display: ShaderCodeLibraryPakFileMountedCallback: pending pak file info (ChunkID:-1 Root:root:/ File:E:/Unreal/UE_4.27/FeaturePacks/TP_Vehicle.upack)
[2022.04.25-18.36.16:269][  0]LogPakFile: OnPakFileMounted2Time == 0.000049
[2022.04.25-18.36.16:270][  0]LogPakFile: PakFile PrimaryIndexSize=186
[2022.04.25-18.36.16:270][  0]LogPakFile: PakFile PathHashIndexSize=101
[2022.04.25-18.36.16:270][  0]LogPakFile: PakFile FullDirectoryIndexSize=146
[2022.04.25-18.36.16:270][  0]LogShaderLibrary: Display: ShaderCodeLibraryPakFileMountedCallback: PakFile 'E:/Unreal/UE_4.27/FeaturePacks/TP_VehicleAdv.upack' (chunk index -1, root 'root:/') mounted
[2022.04.25-18.36.16:270][  0]LogShaderLibrary: Display: ShaderCodeLibraryPakFileMountedCallback: pending pak file info (ChunkID:-1 Root:root:/ File:E:/Unreal/UE_4.27/FeaturePacks/TP_VehicleAdv.upack)
[2022.04.25-18.36.16:270][  0]LogPakFile: OnPakFileMounted2Time == 0.000048
[2022.04.25-18.36.16:271][  0]LogPakFile: PakFile PrimaryIndexSize=188
[2022.04.25-18.36.16:271][  0]LogPakFile: PakFile PathHashIndexSize=101
[2022.04.25-18.36.16:271][  0]LogPakFile: PakFile FullDirectoryIndexSize=150
[2022.04.25-18.36.16:271][  0]LogShaderLibrary: Display: ShaderCodeLibraryPakFileMountedCallback: PakFile 'E:/Unreal/UE_4.27/FeaturePacks/TP_VehicleAdvBP.upack' (chunk index -1, root 'root:/') mounted
[2022.04.25-18.36.16:271][  0]LogShaderLibrary: Display: ShaderCodeLibraryPakFileMountedCallback: pending pak file info (ChunkID:-1 Root:root:/ File:E:/Unreal/UE_4.27/FeaturePacks/TP_VehicleAdvBP.upack)
[2022.04.25-18.36.16:271][  0]LogPakFile: OnPakFileMounted2Time == 0.000065
[2022.04.25-18.36.16:272][  0]LogPakFile: PakFile PrimaryIndexSize=185
[2022.04.25-18.36.16:272][  0]LogPakFile: PakFile PathHashIndexSize=101
[2022.04.25-18.36.16:272][  0]LogPakFile: PakFile FullDirectoryIndexSize=144
[2022.04.25-18.36.16:272][  0]LogShaderLibrary: Display: ShaderCodeLibraryPakFileMountedCallback: PakFile 'E:/Unreal/UE_4.27/FeaturePacks/TP_VehicleBP.upack' (chunk index -1, root 'root:/') mounted
[2022.04.25-18.36.16:272][  0]LogShaderLibrary: Display: ShaderCodeLibraryPakFileMountedCallback: pending pak file info (ChunkID:-1 Root:root:/ File:E:/Unreal/UE_4.27/FeaturePacks/TP_VehicleBP.upack)
[2022.04.25-18.36.16:272][  0]LogPakFile: OnPakFileMounted2Time == 0.000049
[2022.04.25-18.36.16:272][  0]LogPakFile: PakFile PrimaryIndexSize=192
[2022.04.25-18.36.16:273][  0]LogPakFile: PakFile PathHashIndexSize=101
[2022.04.25-18.36.16:273][  0]LogPakFile: PakFile FullDirectoryIndexSize=158
[2022.04.25-18.36.16:273][  0]LogShaderLibrary: Display: ShaderCodeLibraryPakFileMountedCallback: PakFile 'E:/Unreal/UE_4.27/FeaturePacks/TP_VirtualRealityBP.upack' (chunk index -1, root 'root:/') mounted
[2022.04.25-18.36.16:273][  0]LogShaderLibrary: Display: ShaderCodeLibraryPakFileMountedCallback: pending pak file info (ChunkID:-1 Root:root:/ File:E:/Unreal/UE_4.27/FeaturePacks/TP_VirtualRealityBP.upack)
[2022.04.25-18.36.16:273][  0]LogPakFile: OnPakFileMounted2Time == 0.000044
[2022.04.25-18.36.16:306][  0]LogNativeClassHierarchy: Verbose: Native class hierarchy updated for 'AddContentDialog' in 0.0002 seconds. Added 0 classes and 0 folders.
[2022.04.25-18.36.16:310][  0]LogNativeClassHierarchy: Verbose: Native class hierarchy updated for 'SceneOutliner' in 0.0002 seconds. Added 2 classes and 0 folders.
[2022.04.25-18.36.16:606][  0]LogSlate: Only BGRA pngs, bmps or icos are supported in by External Image Picker
[2022.04.25-18.36.16:686][  0]LogSlate: Took 0.000155 seconds to synchronously load lazily loaded font '../../../Engine/Content/Slate/Fonts/Roboto-Regular.ttf' (155K)
[2022.04.25-18.36.16:687][  0]LogSlate: Took 0.000104 seconds to synchronously load lazily loaded font '../../../Engine/Content/Editor/Slate/Fonts/FontAwesome.ttf' (139K)
[2022.04.25-18.36.16:688][  0]LogSlate: Took 0.000095 seconds to synchronously load lazily loaded font '../../../Engine/Content/Slate/Fonts/Roboto-Bold.ttf' (160K)
[2022.04.25-18.36.16:691][  0]LogSlate: Took 0.000108 seconds to synchronously load lazily loaded font '../../../Engine/Content/Slate/Fonts/DroidSansMono.ttf' (77K)
[2022.04.25-18.36.16:809][  0]LogRenderer: Reallocating scene render targets to support 1124x524 Format 10 NumSamples 1 (Frame:1).
[2022.04.25-18.36.16:880][  0]LogNativeClassHierarchy: Verbose: Native class hierarchy updated for 'HierarchicalLODOutliner' in 0.0002 seconds. Added 0 classes and 0 folders.
[2022.04.25-18.36.16:880][  0]LogLoad: (Engine Initialization) Total time: 6.28 seconds
[2022.04.25-18.36.16:880][  0]LogLoad: (Engine Initialization) Total Blueprint compile time: 0.00 seconds
[2022.04.25-18.36.16:932][  0]LogAssetRegistry: Asset discovery search completed in 3.7559 seconds
[2022.04.25-18.36.16:936][  0]LogCollectionManager: Fixed up redirectors for 0 collections in 0.000003 seconds (updated 0 objects)
[2022.04.25-18.36.16:938][  0]LogContentStreaming: Texture pool size now 1000 MB
[2022.04.25-18.36.19:550][303]LogTemp: Repeating last play command: Selected Viewport
[2022.04.25-18.36.19:558][303]LogPlayLevel: PlayLevel: No blueprints needed recompiling
[2022.04.25-18.36.19:558][303]PIE: New page: PIE session: DefaultMap (Apr 25, 2022, 12:36:19 PM)
[2022.04.25-18.36.19:559][303]LogOnline: OSS: Creating online subsystem instance for: NULL
[2022.04.25-18.36.19:560][303]LogOnline: OSS: TryLoadSubsystemAndSetDefault: Loaded subsystem for module [NULL]
[2022.04.25-18.36.19:560][303]LogPlayLevel: Creating play world package: /Game/_Game/Maps/UEDPIE_0_DefaultMap
[2022.04.25-18.36.19:562][303]LogPlayLevel: PIE: StaticDuplicateObject took: (0.001673s)
[2022.04.25-18.36.19:563][303]LogAIModule: Creating AISystem for world DefaultMap
[2022.04.25-18.36.19:563][303]LogPlayLevel: PIE: World Init took: (0.000909s)
[2022.04.25-18.36.19:563][303]LogPlayLevel: PIE: Created PIE world by copying editor world from /Game/_Game/Maps/DefaultMap.DefaultMap to /Game/_Game/Maps/UEDPIE_0_DefaultMap.DefaultMap (0.002712s)
[2022.04.25-18.36.19:569][303]LogUObjectHash: Compacting FUObjectHashTables data took   0.47ms
[2022.04.25-18.36.19:570][303]LogAudio: Display: Creating Audio Device:                 Id: 2, Scope: Unique, Realtime: True
[2022.04.25-18.36.19:570][303]LogAudioMixer: Display: Audio Mixer Platform Settings:
[2022.04.25-18.36.19:570][303]LogAudioMixer: Display: 	Sample Rate:						  48000
[2022.04.25-18.36.19:570][303]LogAudioMixer: Display: 	Callback Buffer Frame Size Requested: 1024
[2022.04.25-18.36.19:570][303]LogAudioMixer: Display: 	Callback Buffer Frame Size To Use:	  1024
[2022.04.25-18.36.19:570][303]LogAudioMixer: Display: 	Number of buffers to queue:			  2
[2022.04.25-18.36.19:570][303]LogAudioMixer: Display: 	Max Channels (voices):				  32
[2022.04.25-18.36.19:570][303]LogAudioMixer: Display: 	Number of Async Source Workers:		  0
[2022.04.25-18.36.19:570][303]LogAudio: Display: AudioDevice MaxSources: 32
[2022.04.25-18.36.19:570][303]LogAudio: Display: Audio Spatialization Plugin: None (built-in).
[2022.04.25-18.36.19:570][303]LogAudio: Display: Audio Reverb Plugin: None (built-in).
[2022.04.25-18.36.19:570][303]LogAudio: Display: Audio Occlusion Plugin: None (built-in).
[2022.04.25-18.36.19:570][303]LogAudioMixer: Display: Initializing audio mixer.
[2022.04.25-18.36.19:575][303]LogAudioMixer: Display: 0: FrontLeft
[2022.04.25-18.36.19:575][303]LogAudioMixer: Display: 1: FrontRight
[2022.04.25-18.36.19:580][303]LogAudioMixer: Display: Using Audio Device Altavoces (Realtek High Definition Audio)
[2022.04.25-18.36.19:581][303]LogAudioMixer: Display: Initializing Sound Submixes...
[2022.04.25-18.36.19:581][303]LogAudioMixer: Display: Creating Master Submix 'MasterSubmixDefault'
[2022.04.25-18.36.19:581][303]LogAudioMixer: Display: Creating Master Submix 'MasterReverbSubmixDefault'
[2022.04.25-18.36.19:581][303]LogAudioMixer: Display: Creating Master Submix 'MasterEQSubmixDefault'
[2022.04.25-18.36.19:581][303]LogAudioMixer: FMixerPlatformXAudio2::StartAudioStream() called
[2022.04.25-18.36.19:581][303]LogAudioMixer: Display: Output buffers initialized: Frames=1024, Channels=2, Samples=2048
[2022.04.25-18.36.19:582][303]LogAudioMixer: Display: Starting AudioMixerPlatformInterface::RunInternal()
[2022.04.25-18.36.19:582][303]LogAudioMixer: Display: FMixerPlatformXAudio2::SubmitBuffer() called for the first time
[2022.04.25-18.36.19:582][303]LogInit: FAudioDevice initialized.
[2022.04.25-18.36.19:582][303]LogAudio: Display: Audio Device (ID: 2) registered with world 'DefaultMap'.
[2022.04.25-18.36.19:589][303]LogLoad: Game class is 'BP_ShooterGameModeBase_C'
[2022.04.25-18.36.19:590][303]LogWorld: Bringing World /Game/_Game/Maps/UEDPIE_0_DefaultMap.DefaultMap up for play (max tick rate 0) at 2022.04.25-15.36.19
[2022.04.25-18.36.19:590][303]LogWorld: Bringing up level for play took: 0.000369
[2022.04.25-18.36.19:591][303]LogOnline: OSS: Creating online subsystem instance for: :Context_2
[2022.04.25-18.36.19:594][303]LogNativeClassHierarchy: Verbose: Native class hierarchy updated for 'MovieSceneCapture' in 0.0003 seconds. Added 20 classes and 0 folders.
[2022.04.25-18.36.19:594][303]LogTemp: Warning: Character BeginPlay
[2022.04.25-18.36.19:594][303]LogTemp: Warning: MyInt: 42
[2022.04.25-18.36.19:594][303]LogTemp: Warning: MyFloat: 3.141590
[2022.04.25-18.36.19:594][303]LogTemp: Warning: MyDouble: 3.141593
[2022.04.25-18.36.19:594][303]LogTemp: Warning: MyChar: a
[2022.04.25-18.36.19:594][303]LogTemp: Warning: WideChar: G
[2022.04.25-18.36.19:594][303]LogTemp: Warning: MyBool: 1
[2022.04.25-18.36.19:594][303]PIE: Server logged in
[2022.04.25-18.36.19:596][303]PIE: Play in editor total start time 0.043 seconds.
